2021-09-13 15:05:15,799 - attenuator - INFO - started logger
2021-09-13 15:05:15,800 - attenuator - INFO - CAUTION USING NON SPECIFIC CONFIG FILES
2021-09-13 15:05:15,800 - attenuator - INFO - Using config file (/home/shivaraj/Desktop/SBN/Pyhton2_to_3/LCS-master/workspace/RunControl/devices/config/config_attenuator.json)
2021-09-13 15:05:15,800 - attenuator - INFO - CAUTION USING NON SPECIFIC CONFIG FILES
2021-09-13 15:05:15,800 - attenuator - INFO - Using config file (/home/shivaraj/Desktop/SBN/Pyhton2_to_3/LCS-master/workspace/RunControl/devices/config/com_ports.json)
2021-09-13 15:05:16,803 - attenuator - INFO - Com port (/dev/ttyUSB3) opened
2021-09-13 15:05:16,804 - attenuator - INFO - Motor on
2021-09-13 15:05:16,804 - attenuator - DEBUG - String sent: en 1
2021-09-13 15:05:16,807 - attenuator - DEBUG - String sent: p
2021-09-13 15:05:16,925 - attenuator - INFO - Set onoff=1 -> OK
2021-09-13 15:14:23,871 - attenuator - INFO - Moving absolute to: 0 steps
2021-09-13 15:14:24,862 - attenuator - DEBUG - String sent: g 0
2021-09-13 15:14:24,964 - attenuator - DEBUG - String sent: o
2021-09-13 15:14:25,066 - attenuator - DEBUG - String sent: o
2021-09-13 15:14:25,175 - attenuator - INFO - Position: 0.0
2021-09-13 15:14:25,175 - attenuator - DEBUG - String sent: o
2021-09-13 15:14:25,377 - attenuator - DEBUG - String sent: o
2021-09-13 15:14:25,494 - attenuator - INFO - Position: 0.0
2021-09-13 15:14:25,494 - attenuator - DEBUG - String sent: o
2021-09-13 15:14:25,697 - attenuator - DEBUG - String sent: o
2021-09-13 15:14:25,804 - attenuator - INFO - Position: 0.0
2021-09-13 15:14:25,804 - attenuator - DEBUG - String sent: o
2021-09-13 15:14:26,006 - attenuator - DEBUG - String sent: o
2021-09-13 15:14:26,123 - attenuator - INFO - Position: 0.0
2021-09-13 15:14:26,124 - attenuator - DEBUG - String sent: o
2021-09-13 15:14:26,326 - attenuator - DEBUG - String sent: o
2021-09-13 15:14:26,444 - attenuator - INFO - Position: 0.0
2021-09-13 15:14:26,444 - attenuator - DEBUG - String sent: o
2021-09-13 15:14:26,647 - attenuator - DEBUG - String sent: o
2021-09-13 15:14:26,765 - attenuator - INFO - Position: 0.0
2021-09-13 15:14:26,765 - attenuator - DEBUG - String sent: o
2021-09-13 15:14:26,967 - attenuator - DEBUG - String sent: o
2021-09-13 15:14:27,086 - attenuator - INFO - Position: 0.0
2021-09-13 15:14:27,087 - attenuator - DEBUG - String sent: o
2021-09-13 15:14:27,137 - attenuator - ERROR - Could not read to com port
