2021-09-13 14:56:56,517 - attenuator - INFO - started logger
2021-09-13 14:56:56,518 - attenuator - INFO - CAUTION USING NON SPECIFIC CONFIG FILES
2021-09-13 14:56:56,518 - attenuator - INFO - Using config file (/home/shivaraj/Desktop/SBN/Pyhton2_to_3/LCS-master/workspace/RunControl/devices/config/config_attenuator.json)
2021-09-13 14:56:56,518 - attenuator - INFO - CAUTION USING NON SPECIFIC CONFIG FILES
2021-09-13 14:56:56,518 - attenuator - INFO - Using config file (/home/shivaraj/Desktop/SBN/Pyhton2_to_3/LCS-master/workspace/RunControl/devices/config/com_ports.json)
2021-09-13 14:56:57,521 - attenuator - INFO - Com port (/dev/ttyUSB3) opened
2021-09-13 14:56:57,522 - attenuator - INFO - Motor on
2021-09-13 14:56:57,523 - attenuator - DEBUG - String sent: en 1
2021-09-13 14:56:57,525 - attenuator - DEBUG - String sent: p
2021-09-13 14:56:57,643 - attenuator - INFO - Set onoff=1 -> OK
2021-09-13 14:56:59,108 - attenuator - INFO - Moving absolute to: 0 steps
2021-09-13 14:56:59,108 - attenuator - DEBUG - String sent: g 0
2021-09-13 14:56:59,210 - attenuator - DEBUG - String sent: o
2021-09-13 14:56:59,312 - attenuator - DEBUG - String sent: o
2021-09-13 14:56:59,420 - attenuator - INFO - Position: 0.0
2021-09-13 14:56:59,420 - attenuator - DEBUG - String sent: o
2021-09-13 14:56:59,622 - attenuator - DEBUG - String sent: o
2021-09-13 14:56:59,734 - attenuator - INFO - Position: 0.0
2021-09-13 14:56:59,734 - attenuator - DEBUG - String sent: o
2021-09-13 14:56:59,936 - attenuator - DEBUG - String sent: o
2021-09-13 14:57:00,046 - attenuator - INFO - Position: 0.0
2021-09-13 14:57:00,046 - attenuator - DEBUG - String sent: o
2021-09-13 14:57:00,249 - attenuator - DEBUG - String sent: o
2021-09-13 14:57:00,364 - attenuator - INFO - Position: 0.0
2021-09-13 14:57:00,364 - attenuator - DEBUG - String sent: o
2021-09-13 14:57:00,566 - attenuator - DEBUG - String sent: o
2021-09-13 14:57:00,678 - attenuator - INFO - Position: 0.0
2021-09-13 14:57:00,679 - attenuator - DEBUG - String sent: o
2021-09-13 14:57:00,881 - attenuator - DEBUG - String sent: o
2021-09-13 14:57:00,994 - attenuator - INFO - Position: 0.0
2021-09-13 14:57:00,995 - attenuator - DEBUG - String sent: o
2021-09-13 14:57:01,197 - attenuator - DEBUG - String sent: o
2021-09-13 14:57:01,314 - attenuator - INFO - Position: 0.0
2021-09-13 14:57:01,314 - attenuator - DEBUG - String sent: o
2021-09-13 14:57:01,516 - attenuator - DEBUG - String sent: o
2021-09-13 14:57:01,632 - attenuator - INFO - Position: 0.0
2021-09-13 14:57:01,633 - attenuator - DEBUG - String sent: o
2021-09-13 14:57:01,835 - attenuator - DEBUG - String sent: o
2021-09-13 14:57:01,955 - attenuator - INFO - Position: 0.0
2021-09-13 14:57:01,956 - attenuator - DEBUG - String sent: o
2021-09-13 14:57:02,158 - attenuator - DEBUG - String sent: o
2021-09-13 14:57:02,267 - attenuator - INFO - Position: 0.0
2021-09-13 14:57:02,267 - attenuator - DEBUG - String sent: o
2021-09-13 14:57:02,469 - attenuator - DEBUG - String sent: o
2021-09-13 14:57:02,586 - attenuator - INFO - Position: 0.0
2021-09-13 14:57:02,587 - attenuator - DEBUG - String sent: o
2021-09-13 14:57:02,789 - attenuator - DEBUG - String sent: o
2021-09-13 14:57:02,904 - attenuator - INFO - Position: 0.0
2021-09-13 14:57:02,904 - attenuator - DEBUG - String sent: o
2021-09-13 14:57:03,113 - attenuator - DEBUG - String sent: o
2021-09-13 14:57:03,235 - attenuator - INFO - Position: 0.0
2021-09-13 14:57:03,236 - attenuator - DEBUG - String sent: o
2021-09-13 14:57:03,438 - attenuator - DEBUG - String sent: o
2021-09-13 14:57:03,456 - attenuator - ERROR - Could not read to com port
