2021-09-14 16:45:25,100 - linear_actuator - INFO - started logger
2021-09-14 16:45:25,101 - linear_actuator - INFO - CAUTION USING NON SPECIFIC CONFIG FILES
2021-09-14 16:45:25,101 - linear_actuator - INFO - Using config file (/home/shivaraj/Desktop/SBN/Pyhton2_to_3/LCS-master/workspace/RunControl/devices/config/config_linear_actuator.json)
2021-09-14 16:45:25,102 - linear_actuator - INFO - CAUTION USING NON SPECIFIC CONFIG FILES
2021-09-14 16:45:25,103 - linear_actuator - INFO - Using config file (/home/shivaraj/Desktop/SBN/Pyhton2_to_3/LCS-master/workspace/RunControl/devices/config/com_ports.json)
2021-09-14 16:45:26,104 - linear_actuator - INFO - Com port (/dev/ttyUSB0) opened
2021-09-14 16:45:27,730 - linear_actuator - INFO - ---------------- init axis -----------------
2021-09-14 16:45:27,731 - linear_actuator - DEBUG - String sent: 2MS=256

2021-09-14 16:45:27,731 - linear_actuator - DEBUG - String sent: 2PR MS

2021-09-14 16:45:27,832 - linear_actuator - INFO - Set MS=256 -> OK
2021-09-14 16:45:27,833 - linear_actuator - DEBUG - String sent: 2A=50000

2021-09-14 16:45:27,834 - linear_actuator - DEBUG - String sent: 2PR A

2021-09-14 16:45:27,934 - linear_actuator - INFO - Set A=50000 -> OK
2021-09-14 16:45:27,935 - linear_actuator - DEBUG - String sent: 2D=50000

2021-09-14 16:45:27,935 - linear_actuator - DEBUG - String sent: 2PR D

2021-09-14 16:45:28,036 - linear_actuator - INFO - Set D=50000 -> OK
2021-09-14 16:45:28,037 - linear_actuator - DEBUG - String sent: 2VI=1000

2021-09-14 16:45:28,037 - linear_actuator - DEBUG - String sent: 2PR VI

2021-09-14 16:45:28,138 - linear_actuator - INFO - Set VI=1000 -> OK
2021-09-14 16:45:28,139 - linear_actuator - DEBUG - String sent: 2VM=15000

2021-09-14 16:45:28,139 - linear_actuator - DEBUG - String sent: 2PR VM

2021-09-14 16:45:28,240 - linear_actuator - INFO - Set VM=15000 -> OK
2021-09-14 16:45:28,241 - linear_actuator - DEBUG - String sent: 2HC=10

2021-09-14 16:45:28,241 - linear_actuator - DEBUG - String sent: 2PR HC

2021-09-14 16:45:28,343 - linear_actuator - INFO - Set HC=10 -> OK
2021-09-14 16:45:28,343 - linear_actuator - DEBUG - String sent: 2RC=75

2021-09-14 16:45:28,344 - linear_actuator - DEBUG - String sent: 2PR RC

2021-09-14 16:45:28,445 - linear_actuator - INFO - Set RC=75 -> OK
2021-09-14 16:45:28,446 - linear_actuator - DEBUG - String sent: 2S3=0,0,0

2021-09-14 16:45:28,446 - linear_actuator - DEBUG - String sent: 2PR S3

2021-09-14 16:45:28,547 - linear_actuator - INFO - Set S3=0,0,0 -> OK
2021-09-14 16:45:28,548 - linear_actuator - DEBUG - String sent: 2S4=0,0,0

2021-09-14 16:45:28,548 - linear_actuator - DEBUG - String sent: 2PR S4

2021-09-14 16:45:28,649 - linear_actuator - INFO - Set S4=0,0,0 -> OK
2021-09-14 16:45:28,650 - linear_actuator - INFO - Set S1 and S2 as limit switches
2021-09-14 16:45:28,651 - linear_actuator - DEBUG - String sent: 2S1=2,1,0

2021-09-14 16:45:28,651 - linear_actuator - DEBUG - String sent: 2PR S1

2021-09-14 16:45:28,752 - linear_actuator - INFO - Set S1=2,1,0 -> OK
2021-09-14 16:45:28,753 - linear_actuator - DEBUG - String sent: 2S2=3,1,0

2021-09-14 16:45:28,753 - linear_actuator - DEBUG - String sent: 2PR S2

2021-09-14 16:45:28,854 - linear_actuator - INFO - Set S2=3,1,0 -> OK
