2021-10-04 10:08:01,910 - linear_actuator - INFO - started logger
2021-10-04 10:08:01,911 - linear_actuator - INFO - CAUTION USING NON SPECIFIC CONFIG FILES
2021-10-04 10:08:01,911 - linear_actuator - INFO - Using config file (/home/shivaraj/Desktop/SBN/Pyhton2_to_3/LCS-master/workspace/RunControl/devices/config/config_linear_actuator.json)
2021-10-04 10:08:01,911 - linear_actuator - INFO - CAUTION USING NON SPECIFIC CONFIG FILES
2021-10-04 10:08:01,911 - linear_actuator - INFO - Using config file (/home/shivaraj/Desktop/SBN/Pyhton2_to_3/LCS-master/workspace/RunControl/devices/config/com_ports.json)
2021-10-04 10:08:02,913 - linear_actuator - INFO - Com port (/dev/ttyUSB3) opened
2021-10-04 10:08:04,637 - linear_actuator - INFO - ---------------- init axis -----------------
2021-10-04 10:08:04,638 - linear_actuator - DEBUG - String sent: 2MS=256

2021-10-04 10:08:04,638 - linear_actuator - DEBUG - String sent: 2PR MS

2021-10-04 10:08:04,738 - linear_actuator - INFO - Set MS=256 -> OK
2021-10-04 10:08:04,739 - linear_actuator - DEBUG - String sent: 2A=50000

2021-10-04 10:08:04,739 - linear_actuator - DEBUG - String sent: 2PR A

2021-10-04 10:08:04,840 - linear_actuator - INFO - Set A=50000 -> OK
2021-10-04 10:08:04,841 - linear_actuator - DEBUG - String sent: 2D=50000

2021-10-04 10:08:04,841 - linear_actuator - DEBUG - String sent: 2PR D

2021-10-04 10:08:04,942 - linear_actuator - INFO - Set D=50000 -> OK
2021-10-04 10:08:04,943 - linear_actuator - DEBUG - String sent: 2VI=1000

2021-10-04 10:08:04,943 - linear_actuator - DEBUG - String sent: 2PR VI

2021-10-04 10:08:05,044 - linear_actuator - INFO - Set VI=1000 -> OK
2021-10-04 10:08:05,044 - linear_actuator - DEBUG - String sent: 2VM=15000

2021-10-04 10:08:05,045 - linear_actuator - DEBUG - String sent: 2PR VM

2021-10-04 10:08:05,145 - linear_actuator - INFO - Set VM=15000 -> OK
2021-10-04 10:08:05,146 - linear_actuator - DEBUG - String sent: 2HC=10

2021-10-04 10:08:05,146 - linear_actuator - DEBUG - String sent: 2PR HC

2021-10-04 10:08:05,247 - linear_actuator - INFO - Set HC=10 -> OK
2021-10-04 10:08:05,247 - linear_actuator - DEBUG - String sent: 2RC=75

2021-10-04 10:08:05,247 - linear_actuator - DEBUG - String sent: 2PR RC

2021-10-04 10:08:05,348 - linear_actuator - INFO - Set RC=75 -> OK
2021-10-04 10:08:05,349 - linear_actuator - DEBUG - String sent: 2EE=1

2021-10-04 10:08:05,349 - linear_actuator - DEBUG - String sent: 2PR EE

2021-10-04 10:08:05,450 - linear_actuator - INFO - Set EE=1 -> OK
2021-10-04 10:08:05,450 - linear_actuator - DEBUG - String sent: 2S3=0,0,0

2021-10-04 10:08:05,450 - linear_actuator - DEBUG - String sent: 2PR S3

2021-10-04 10:08:05,551 - linear_actuator - INFO - Set S3=0,0,0 -> OK
2021-10-04 10:08:05,552 - linear_actuator - DEBUG - String sent: 2S4=0,0,0

2021-10-04 10:08:05,552 - linear_actuator - DEBUG - String sent: 2PR S4

2021-10-04 10:08:05,653 - linear_actuator - INFO - Set S4=0,0,0 -> OK
2021-10-04 10:08:05,653 - linear_actuator - INFO - Set S1 and S2 as limit switches
2021-10-04 10:08:05,654 - linear_actuator - DEBUG - String sent: 2S1=2,0,0

2021-10-04 10:08:05,654 - linear_actuator - DEBUG - String sent: 2PR S1

2021-10-04 10:08:05,755 - linear_actuator - INFO - Set S1=2,0,0 -> OK
2021-10-04 10:08:05,755 - linear_actuator - DEBUG - String sent: 2S2=3,0,0

2021-10-04 10:08:05,756 - linear_actuator - DEBUG - String sent: 2PR S2

2021-10-04 10:08:05,857 - linear_actuator - INFO - Set S2=3,0,0 -> OK
2021-10-04 10:08:06,460 - linear_actuator - DEBUG - String sent: 2PR ALL

2021-10-04 10:08:06,561 - linear_actuator - INFO - Info: 2PR ALL
?
