2021-10-04 10:01:07,185 - linear_actuator - INFO - started logger
2021-10-04 10:01:07,185 - linear_actuator - INFO - CAUTION USING NON SPECIFIC CONFIG FILES
2021-10-04 10:01:07,185 - linear_actuator - INFO - Using config file (/home/shivaraj/Desktop/SBN/Pyhton2_to_3/LCS-master/workspace/RunControl/devices/config/config_linear_actuator.json)
2021-10-04 10:01:07,186 - linear_actuator - INFO - CAUTION USING NON SPECIFIC CONFIG FILES
2021-10-04 10:01:07,186 - linear_actuator - INFO - Using config file (/home/shivaraj/Desktop/SBN/Pyhton2_to_3/LCS-master/workspace/RunControl/devices/config/com_ports.json)
2021-10-04 10:01:08,189 - linear_actuator - INFO - Com port (/dev/ttyUSB3) opened
2021-10-04 10:01:09,809 - linear_actuator - INFO - ---------------- init axis -----------------
2021-10-04 10:01:09,810 - linear_actuator - DEBUG - String sent: 2MS=256

2021-10-04 10:01:09,811 - linear_actuator - DEBUG - String sent: 2PR MS

2021-10-04 10:01:09,912 - linear_actuator - INFO - Set MS=256 -> OK
2021-10-04 10:01:09,912 - linear_actuator - DEBUG - String sent: 2A=50000

2021-10-04 10:01:09,913 - linear_actuator - DEBUG - String sent: 2PR A

2021-10-04 10:01:10,014 - linear_actuator - INFO - Set A=50000 -> OK
2021-10-04 10:01:10,014 - linear_actuator - DEBUG - String sent: 2D=50000

2021-10-04 10:01:10,015 - linear_actuator - DEBUG - String sent: 2PR D

2021-10-04 10:01:10,115 - linear_actuator - INFO - Set D=50000 -> OK
2021-10-04 10:01:10,116 - linear_actuator - DEBUG - String sent: 2VI=1000

2021-10-04 10:01:10,116 - linear_actuator - DEBUG - String sent: 2PR VI

2021-10-04 10:01:10,217 - linear_actuator - INFO - Set VI=1000 -> OK
2021-10-04 10:01:10,218 - linear_actuator - DEBUG - String sent: 2VM=15000

2021-10-04 10:01:10,218 - linear_actuator - DEBUG - String sent: 2PR VM

2021-10-04 10:01:10,319 - linear_actuator - INFO - Set VM=15000 -> OK
2021-10-04 10:01:10,319 - linear_actuator - DEBUG - String sent: 2HC=10

2021-10-04 10:01:10,320 - linear_actuator - DEBUG - String sent: 2PR HC

2021-10-04 10:01:10,421 - linear_actuator - INFO - Set HC=10 -> OK
2021-10-04 10:01:10,421 - linear_actuator - DEBUG - String sent: 2RC=75

2021-10-04 10:01:10,422 - linear_actuator - DEBUG - String sent: 2PR RC

2021-10-04 10:01:10,522 - linear_actuator - INFO - Set RC=75 -> OK
2021-10-04 10:01:10,523 - linear_actuator - DEBUG - String sent: 2S3=0,0,0

2021-10-04 10:01:10,523 - linear_actuator - DEBUG - String sent: 2PR S3

2021-10-04 10:01:10,624 - linear_actuator - INFO - Set S3=0,0,0 -> OK
2021-10-04 10:01:10,624 - linear_actuator - DEBUG - String sent: 2S4=0,0,0

2021-10-04 10:01:10,625 - linear_actuator - DEBUG - String sent: 2PR S4

2021-10-04 10:01:10,726 - linear_actuator - INFO - Set S4=0,0,0 -> OK
2021-10-04 10:01:10,727 - linear_actuator - INFO - Set S1 and S2 as limit switches
2021-10-04 10:01:10,727 - linear_actuator - DEBUG - String sent: 2S1=2,1,0

2021-10-04 10:01:10,728 - linear_actuator - DEBUG - String sent: 2PR S1

2021-10-04 10:01:10,829 - linear_actuator - INFO - Set S1=2,1,0 -> OK
2021-10-04 10:01:10,830 - linear_actuator - DEBUG - String sent: 2S2=3,1,0

2021-10-04 10:01:10,830 - linear_actuator - DEBUG - String sent: 2PR S2

2021-10-04 10:01:10,931 - linear_actuator - INFO - Set S2=3,1,0 -> OK
2021-10-04 10:01:11,534 - linear_actuator - DEBUG - String sent: 2PR ALL

2021-10-04 10:01:11,641 - linear_actuator - INFO - Info: 2PR ALL
?
