2022-11-18 22:25:43,842 - linear_actuator - INFO - started logger
2022-11-18 22:25:43,842 - linear_actuator - INFO - CAUTION USING NON SPECIFIC CONFIG FILES
2022-11-18 22:25:43,842 - linear_actuator - INFO - Using config file (/home/shivaraj/Desktop/SBN/Pyhton2_to_3/SBND_laser_control/workspace/RunControl/devices/config/config_linear_actuator.json)
2022-11-18 22:25:45,093 - linear_actuator - INFO - CAUTION USING NON SPECIFIC CONFIG FILES
2022-11-18 22:25:45,093 - linear_actuator - INFO - Using config file (/home/shivaraj/Desktop/SBN/Pyhton2_to_3/SBND_laser_control/workspace/RunControl/devices/config/com_ports.json)
2022-11-18 22:25:46,097 - linear_actuator - INFO - Com port (/dev/ttyUSB0) opened
2022-11-18 22:25:48,821 - linear_actuator - INFO - ---------------- init axis -----------------
2022-11-18 22:25:48,821 - linear_actuator - DEBUG - String sent: 2MS=256

2022-11-18 22:25:48,829 - linear_actuator - DEBUG - String sent: 2PR MS

2022-11-18 22:25:48,930 - linear_actuator - INFO - Set MS=256[92m -> OK[0m
2022-11-18 22:25:48,931 - linear_actuator - DEBUG - String sent: 2A=50000

2022-11-18 22:25:48,931 - linear_actuator - DEBUG - String sent: 2PR A

2022-11-18 22:25:49,033 - linear_actuator - INFO - Set A=50000[92m -> OK[0m
2022-11-18 22:25:49,033 - linear_actuator - DEBUG - String sent: 2D=50000

2022-11-18 22:25:49,034 - linear_actuator - DEBUG - String sent: 2PR D

2022-11-18 22:25:49,135 - linear_actuator - INFO - Set D=50000[92m -> OK[0m
2022-11-18 22:25:49,136 - linear_actuator - DEBUG - String sent: 2VI=1000

2022-11-18 22:25:49,136 - linear_actuator - DEBUG - String sent: 2PR VI

2022-11-18 22:25:49,237 - linear_actuator - INFO - Set VI=1000[92m -> OK[0m
2022-11-18 22:25:49,238 - linear_actuator - DEBUG - String sent: 2VM=15000

2022-11-18 22:25:49,238 - linear_actuator - DEBUG - String sent: 2PR VM

2022-11-18 22:25:49,339 - linear_actuator - INFO - Set VM=15000[92m -> OK[0m
2022-11-18 22:25:49,340 - linear_actuator - DEBUG - String sent: 2HC=10

2022-11-18 22:25:49,340 - linear_actuator - DEBUG - String sent: 2PR HC

2022-11-18 22:25:49,441 - linear_actuator - INFO - Set HC=10[92m -> OK[0m
2022-11-18 22:25:49,442 - linear_actuator - DEBUG - String sent: 2RC=75

2022-11-18 22:25:49,442 - linear_actuator - DEBUG - String sent: 2PR RC

2022-11-18 22:25:49,544 - linear_actuator - INFO - Set RC=75[92m -> OK[0m
2022-11-18 22:25:49,544 - linear_actuator - DEBUG - String sent: 2EE=1

2022-11-18 22:25:49,545 - linear_actuator - DEBUG - String sent: 2PR EE

2022-11-18 22:25:49,646 - linear_actuator - INFO - Set EE=1[92m -> OK[0m
2022-11-18 22:25:49,647 - linear_actuator - DEBUG - String sent: 2S3=0,0,0

2022-11-18 22:25:49,647 - linear_actuator - DEBUG - String sent: 2PR S3

2022-11-18 22:25:49,748 - linear_actuator - INFO - Set S3=0,0,0[92m -> OK[0m
2022-11-18 22:25:49,749 - linear_actuator - DEBUG - String sent: 2S4=0,0,0

2022-11-18 22:25:49,749 - linear_actuator - DEBUG - String sent: 2PR S4

2022-11-18 22:25:49,850 - linear_actuator - INFO - Set S4=0,0,0[92m -> OK[0m
2022-11-18 22:25:49,850 - linear_actuator - INFO - Set S1 and S2 as limit switches
2022-11-18 22:25:49,850 - linear_actuator - DEBUG - String sent: 2S1=2,0,0

2022-11-18 22:25:49,850 - linear_actuator - DEBUG - String sent: 2PR S1

2022-11-18 22:25:49,951 - linear_actuator - INFO - Set S1=2,0,0[92m -> OK[0m
2022-11-18 22:25:49,951 - linear_actuator - DEBUG - String sent: 2S2=3,0,0

2022-11-18 22:25:49,952 - linear_actuator - DEBUG - String sent: 2PR S2

2022-11-18 22:25:50,053 - linear_actuator - INFO - Set S2=3,0,0[92m -> OK[0m
