2022-11-21 11:49:59,675 - linear_actuator - INFO - started logger
2022-11-21 11:49:59,675 - linear_actuator - INFO - CAUTION USING NON SPECIFIC CONFIG FILES
2022-11-21 11:49:59,675 - linear_actuator - INFO - Using config file (/home/shivaraj/Desktop/SBN/Pyhton2_to_3/SBND_laser_control/workspace/RunControl/devices/config/config_linear_actuator.json)
2022-11-21 11:50:02,094 - linear_actuator - INFO - CAUTION USING NON SPECIFIC CONFIG FILES
2022-11-21 11:50:02,095 - linear_actuator - INFO - Using config file (/home/shivaraj/Desktop/SBN/Pyhton2_to_3/SBND_laser_control/workspace/RunControl/devices/config/com_ports.json)
2022-11-21 11:50:03,100 - linear_actuator - INFO - Com port (/dev/ttyUSB0) opened
2022-11-21 11:50:05,826 - linear_actuator - INFO - ---------------- init axis -----------------
2022-11-21 11:50:05,827 - linear_actuator - DEBUG - String sent: 1MS=256

2022-11-21 11:50:05,827 - linear_actuator - DEBUG - String sent: 1PR MS

2022-11-21 11:50:05,928 - linear_actuator - INFO - Set MS=256[92m -> OK[0m
2022-11-21 11:50:05,929 - linear_actuator - DEBUG - String sent: 1A=400

2022-11-21 11:50:05,929 - linear_actuator - DEBUG - String sent: 1PR A

2022-11-21 11:50:06,030 - linear_actuator - INFO - Set A=400[92m -> OK[0m
2022-11-21 11:50:06,031 - linear_actuator - DEBUG - String sent: 1D=700

2022-11-21 11:50:06,031 - linear_actuator - DEBUG - String sent: 1PR D

2022-11-21 11:50:06,132 - linear_actuator - INFO - Set D=700[92m -> OK[0m
2022-11-21 11:50:06,133 - linear_actuator - DEBUG - String sent: 1VI=300

2022-11-21 11:50:06,133 - linear_actuator - DEBUG - String sent: 1PR VI

2022-11-21 11:50:06,234 - linear_actuator - INFO - Set VI=300[92m -> OK[0m
2022-11-21 11:50:06,235 - linear_actuator - DEBUG - String sent: 1VM=800

2022-11-21 11:50:06,235 - linear_actuator - DEBUG - String sent: 1PR VM

2022-11-21 11:50:06,336 - linear_actuator - INFO - Set VM=800[92m -> OK[0m
2022-11-21 11:50:06,337 - linear_actuator - DEBUG - String sent: 1HC=10

2022-11-21 11:50:06,337 - linear_actuator - DEBUG - String sent: 1PR HC

2022-11-21 11:50:06,439 - linear_actuator - INFO - Set HC=10[92m -> OK[0m
2022-11-21 11:50:06,439 - linear_actuator - DEBUG - String sent: 1RC=70

2022-11-21 11:50:06,440 - linear_actuator - DEBUG - String sent: 1PR RC

2022-11-21 11:50:06,541 - linear_actuator - INFO - Set RC=70[92m -> OK[0m
2022-11-21 11:50:06,541 - linear_actuator - DEBUG - String sent: 1EE=1

2022-11-21 11:50:06,542 - linear_actuator - DEBUG - String sent: 1PR EE

2022-11-21 11:50:06,643 - linear_actuator - INFO - Set EE=1[92m -> OK[0m
2022-11-21 11:50:06,644 - linear_actuator - DEBUG - String sent: 1S3=0,0,0

2022-11-21 11:50:06,644 - linear_actuator - DEBUG - String sent: 1PR S3

2022-11-21 11:50:06,745 - linear_actuator - INFO - Set S3=0,0,0[92m -> OK[0m
2022-11-21 11:50:06,745 - linear_actuator - DEBUG - String sent: 1S4=0,0,0

2022-11-21 11:50:06,745 - linear_actuator - DEBUG - String sent: 1PR S4

2022-11-21 11:50:06,846 - linear_actuator - INFO - Set S4=0,0,0[92m -> OK[0m
2022-11-21 11:50:06,846 - linear_actuator - INFO - Set S1 and S2 as limit switches for Linear Motor
2022-11-21 11:50:06,846 - linear_actuator - DEBUG - String sent: 1S1=2,1,0

2022-11-21 11:50:06,846 - linear_actuator - DEBUG - String sent: 1PR S1

2022-11-21 11:50:06,947 - linear_actuator - INFO - Set S1=2,1,0[92m -> OK[0m
2022-11-21 11:50:06,948 - linear_actuator - DEBUG - String sent: 1S2=3,1,0

2022-11-21 11:50:06,948 - linear_actuator - DEBUG - String sent: 1PR S2

2022-11-21 11:50:07,049 - linear_actuator - INFO - Set S2=3,1,0[92m -> OK[0m
2022-11-21 11:50:11,002 - linear_actuator - INFO - Moving 100 microsteps
2022-11-21 11:50:11,003 - linear_actuator - DEBUG - String sent: 1MR 100

2022-11-21 11:50:15,946 - linear_actuator - INFO - Moving -100 microsteps
2022-11-21 11:50:15,946 - linear_actuator - DEBUG - String sent: 1MR -100

