2022-11-18 23:07:06,224 - linear_actuator - INFO - started logger
2022-11-18 23:07:06,224 - linear_actuator - INFO - CAUTION USING NON SPECIFIC CONFIG FILES
2022-11-18 23:07:06,224 - linear_actuator - INFO - Using config file (/home/shivaraj/Desktop/SBN/Pyhton2_to_3/SBND_laser_control/workspace/RunControl/devices/config/config_linear_actuator.json)
2022-11-18 23:07:08,682 - linear_actuator - INFO - CAUTION USING NON SPECIFIC CONFIG FILES
2022-11-18 23:07:08,683 - linear_actuator - INFO - Using config file (/home/shivaraj/Desktop/SBN/Pyhton2_to_3/SBND_laser_control/workspace/RunControl/devices/config/com_ports.json)
2022-11-18 23:07:09,687 - linear_actuator - INFO - Com port (/dev/ttyUSB0) opened
2022-11-18 23:07:12,413 - linear_actuator - INFO - ---------------- init axis -----------------
2022-11-18 23:07:12,413 - linear_actuator - DEBUG - String sent: 2MS=256

2022-11-18 23:07:12,414 - linear_actuator - DEBUG - String sent: 2PR MS

2022-11-18 23:07:12,515 - linear_actuator - INFO - Set MS=256[92m -> OK[0m
2022-11-18 23:07:12,516 - linear_actuator - DEBUG - String sent: 2A=50000

2022-11-18 23:07:12,516 - linear_actuator - DEBUG - String sent: 2PR A

2022-11-18 23:07:12,617 - linear_actuator - INFO - Set A=50000[92m -> OK[0m
2022-11-18 23:07:12,617 - linear_actuator - DEBUG - String sent: 2D=50000

2022-11-18 23:07:12,618 - linear_actuator - DEBUG - String sent: 2PR D

2022-11-18 23:07:12,719 - linear_actuator - INFO - Set D=50000[92m -> OK[0m
2022-11-18 23:07:12,719 - linear_actuator - DEBUG - String sent: 2VI=1000

2022-11-18 23:07:12,719 - linear_actuator - DEBUG - String sent: 2PR VI

2022-11-18 23:07:12,820 - linear_actuator - INFO - Set VI=1000[92m -> OK[0m
2022-11-18 23:07:12,820 - linear_actuator - DEBUG - String sent: 2VM=15000

2022-11-18 23:07:12,820 - linear_actuator - DEBUG - String sent: 2PR VM

2022-11-18 23:07:12,921 - linear_actuator - INFO - Set VM=15000[92m -> OK[0m
2022-11-18 23:07:12,921 - linear_actuator - DEBUG - String sent: 2HC=10

2022-11-18 23:07:12,922 - linear_actuator - DEBUG - String sent: 2PR HC

2022-11-18 23:07:13,023 - linear_actuator - INFO - Set HC=10[92m -> OK[0m
2022-11-18 23:07:13,023 - linear_actuator - DEBUG - String sent: 2RC=75

2022-11-18 23:07:13,024 - linear_actuator - DEBUG - String sent: 2PR RC

2022-11-18 23:07:13,125 - linear_actuator - INFO - Set RC=75[92m -> OK[0m
2022-11-18 23:07:13,125 - linear_actuator - DEBUG - String sent: 2EE=1

2022-11-18 23:07:13,126 - linear_actuator - DEBUG - String sent: 2PR EE

2022-11-18 23:07:13,227 - linear_actuator - INFO - Set EE=1[92m -> OK[0m
2022-11-18 23:07:13,227 - linear_actuator - DEBUG - String sent: 2S3=0,0,0

2022-11-18 23:07:13,228 - linear_actuator - DEBUG - String sent: 2PR S3

2022-11-18 23:07:13,329 - linear_actuator - INFO - Set S3=0,0,0[92m -> OK[0m
2022-11-18 23:07:13,329 - linear_actuator - DEBUG - String sent: 2S4=0,0,0

2022-11-18 23:07:13,330 - linear_actuator - DEBUG - String sent: 2PR S4

2022-11-18 23:07:13,431 - linear_actuator - INFO - Set S4=0,0,0[92m -> OK[0m
2022-11-18 23:07:13,432 - linear_actuator - INFO - Set S1 and S2 as limit switches
2022-11-18 23:07:13,432 - linear_actuator - DEBUG - String sent: 2S1=2,0,0

2022-11-18 23:07:13,432 - linear_actuator - DEBUG - String sent: 2PR S1

2022-11-18 23:07:13,533 - linear_actuator - INFO - Set S1=2,0,0[92m -> OK[0m
2022-11-18 23:07:13,534 - linear_actuator - DEBUG - String sent: 2S2=3,0,0

2022-11-18 23:07:13,534 - linear_actuator - DEBUG - String sent: 2PR S2

2022-11-18 23:07:13,636 - linear_actuator - INFO - Set S2=3,0,0[92m -> OK[0m
2022-11-18 23:08:00,770 - linear_actuator - DEBUG - String sent: 2PR P

2022-11-18 23:08:07,797 - linear_actuator - INFO - Moving 100 microsteps
2022-11-18 23:08:07,797 - linear_actuator - DEBUG - String sent: 2MR 100

2022-11-18 23:08:13,854 - linear_actuator - DEBUG - String sent: 2PR P

