2022-11-21 11:42:07,448 - linear_actuator - INFO - started logger
2022-11-21 11:42:07,448 - linear_actuator - INFO - CAUTION USING NON SPECIFIC CONFIG FILES
2022-11-21 11:42:07,448 - linear_actuator - INFO - Using config file (/home/shivaraj/Desktop/SBN/Pyhton2_to_3/SBND_laser_control/workspace/RunControl/devices/config/config_linear_actuator.json)
2022-11-21 11:42:08,858 - linear_actuator - INFO - CAUTION USING NON SPECIFIC CONFIG FILES
2022-11-21 11:42:08,859 - linear_actuator - INFO - Using config file (/home/shivaraj/Desktop/SBN/Pyhton2_to_3/SBND_laser_control/workspace/RunControl/devices/config/com_ports.json)
2022-11-21 11:42:09,864 - linear_actuator - INFO - Com port (/dev/ttyUSB0) opened
2022-11-21 11:42:12,591 - linear_actuator - INFO - ---------------- init axis -----------------
2022-11-21 11:42:12,592 - linear_actuator - DEBUG - String sent: 1MS=256

2022-11-21 11:42:12,600 - linear_actuator - DEBUG - String sent: 1PR MS

2022-11-21 11:42:12,701 - linear_actuator - INFO - Set MS=256[92m -> OK[0m
2022-11-21 11:42:12,702 - linear_actuator - DEBUG - String sent: 1A=400

2022-11-21 11:42:12,702 - linear_actuator - DEBUG - String sent: 1PR A

2022-11-21 11:42:12,803 - linear_actuator - INFO - Set A=400[92m -> OK[0m
2022-11-21 11:42:12,804 - linear_actuator - DEBUG - String sent: 1D=700

2022-11-21 11:42:12,804 - linear_actuator - DEBUG - String sent: 1PR D

2022-11-21 11:42:12,905 - linear_actuator - INFO - Set D=700[92m -> OK[0m
2022-11-21 11:42:12,905 - linear_actuator - DEBUG - String sent: 1VI=300

2022-11-21 11:42:12,905 - linear_actuator - DEBUG - String sent: 1PR VI

2022-11-21 11:42:13,005 - linear_actuator - INFO - Set VI=300[92m -> OK[0m
2022-11-21 11:42:13,006 - linear_actuator - DEBUG - String sent: 1VM=800

2022-11-21 11:42:13,006 - linear_actuator - DEBUG - String sent: 1PR VM

2022-11-21 11:42:13,106 - linear_actuator - INFO - Set VM=800[92m -> OK[0m
2022-11-21 11:42:13,106 - linear_actuator - DEBUG - String sent: 1HC=10

2022-11-21 11:42:13,107 - linear_actuator - DEBUG - String sent: 1PR HC

2022-11-21 11:42:13,208 - linear_actuator - INFO - Set HC=10[92m -> OK[0m
2022-11-21 11:42:13,208 - linear_actuator - DEBUG - String sent: 1RC=70

2022-11-21 11:42:13,208 - linear_actuator - DEBUG - String sent: 1PR RC

2022-11-21 11:42:13,310 - linear_actuator - INFO - Set RC=70[92m -> OK[0m
2022-11-21 11:42:13,310 - linear_actuator - DEBUG - String sent: 1EE=1

2022-11-21 11:42:13,311 - linear_actuator - DEBUG - String sent: 1PR EE

2022-11-21 11:42:13,412 - linear_actuator - INFO - Set EE=1[92m -> OK[0m
2022-11-21 11:42:13,413 - linear_actuator - DEBUG - String sent: 1S3=0,0,0

2022-11-21 11:42:13,414 - linear_actuator - DEBUG - String sent: 1PR S3

2022-11-21 11:42:13,515 - linear_actuator - INFO - Set S3=0,0,0[92m -> OK[0m
2022-11-21 11:42:13,516 - linear_actuator - DEBUG - String sent: 1S4=0,0,0

2022-11-21 11:42:13,516 - linear_actuator - DEBUG - String sent: 1PR S4

2022-11-21 11:42:13,617 - linear_actuator - INFO - Set S4=0,0,0[92m -> OK[0m
2022-11-21 11:42:13,618 - linear_actuator - INFO - Set S1 and S2 as limit switches
2022-11-21 11:42:13,618 - linear_actuator - DEBUG - String sent: 1S1=2,0,0

2022-11-21 11:42:13,619 - linear_actuator - DEBUG - String sent: 1PR S1

2022-11-21 11:42:13,720 - linear_actuator - INFO - Set S1=2,0,0[92m -> OK[0m
2022-11-21 11:42:13,720 - linear_actuator - DEBUG - String sent: 1S2=3,0,0

2022-11-21 11:42:13,721 - linear_actuator - DEBUG - String sent: 1PR S2

2022-11-21 11:42:13,822 - linear_actuator - INFO - Set S2=3,0,0[92m -> OK[0m
2022-11-21 11:42:23,668 - linear_actuator - INFO - Moving 100 microsteps
2022-11-21 11:42:23,668 - linear_actuator - DEBUG - String sent: 1MR 100

2022-11-21 11:42:30,554 - linear_actuator - INFO - Moving 1000 microsteps
2022-11-21 11:42:30,554 - linear_actuator - DEBUG - String sent: 1MR 1000

2022-11-21 11:42:40,752 - linear_actuator - INFO - Moving -1000 microsteps
2022-11-21 11:42:40,753 - linear_actuator - DEBUG - String sent: 1MR -1000

2022-11-21 11:42:46,364 - linear_actuator - INFO - Moving -100 microsteps
2022-11-21 11:42:46,365 - linear_actuator - DEBUG - String sent: 1MR -100

2022-11-21 11:42:51,912 - linear_actuator - INFO - Moving 100 microsteps
2022-11-21 11:42:51,913 - linear_actuator - DEBUG - String sent: 1MR 100

2022-11-21 11:43:03,580 - linear_actuator - DEBUG - String sent: 1PR P

2022-11-21 11:43:45,938 - linear_actuator - INFO - Moving -1000 microsteps
2022-11-21 11:43:45,939 - linear_actuator - DEBUG - String sent: 1MR -1000

2022-11-21 11:44:14,978 - linear_actuator - INFO - Moving 100 microsteps
2022-11-21 11:44:14,979 - linear_actuator - DEBUG - String sent: 1MR 100

2022-11-21 11:44:20,729 - linear_actuator - INFO - Moving -100 microsteps
2022-11-21 11:44:20,730 - linear_actuator - DEBUG - String sent: 1MR -100

