2022-11-18 22:41:19,841 - linear_actuator - INFO - started logger
2022-11-18 22:41:19,841 - linear_actuator - INFO - CAUTION USING NON SPECIFIC CONFIG FILES
2022-11-18 22:41:19,841 - linear_actuator - INFO - Using config file (/home/shivaraj/Desktop/SBN/Pyhton2_to_3/SBND_laser_control/workspace/RunControl/devices/config/config_linear_actuator.json)
2022-11-18 22:41:21,105 - linear_actuator - INFO - CAUTION USING NON SPECIFIC CONFIG FILES
2022-11-18 22:41:21,106 - linear_actuator - INFO - Using config file (/home/shivaraj/Desktop/SBN/Pyhton2_to_3/SBND_laser_control/workspace/RunControl/devices/config/com_ports.json)
2022-11-18 22:41:22,111 - linear_actuator - INFO - Com port (/dev/ttyUSB0) opened
2022-11-18 22:41:24,842 - linear_actuator - INFO - ---------------- init axis -----------------
2022-11-18 22:41:24,842 - linear_actuator - DEBUG - String sent: 2MS=256

2022-11-18 22:41:24,842 - linear_actuator - DEBUG - String sent: 2PR MS

2022-11-18 22:41:24,943 - linear_actuator - INFO - Set MS=256[92m -> OK[0m
2022-11-18 22:41:24,944 - linear_actuator - DEBUG - String sent: 2A=50000

2022-11-18 22:41:24,944 - linear_actuator - DEBUG - String sent: 2PR A

2022-11-18 22:41:25,045 - linear_actuator - INFO - Set A=50000[92m -> OK[0m
2022-11-18 22:41:25,045 - linear_actuator - DEBUG - String sent: 2D=50000

2022-11-18 22:41:25,045 - linear_actuator - DEBUG - String sent: 2PR D

2022-11-18 22:41:25,146 - linear_actuator - INFO - Set D=50000[92m -> OK[0m
2022-11-18 22:41:25,147 - linear_actuator - DEBUG - String sent: 2VI=1000

2022-11-18 22:41:25,147 - linear_actuator - DEBUG - String sent: 2PR VI

2022-11-18 22:41:25,248 - linear_actuator - INFO - Set VI=1000[92m -> OK[0m
2022-11-18 22:41:25,249 - linear_actuator - DEBUG - String sent: 2VM=15000

2022-11-18 22:41:25,249 - linear_actuator - DEBUG - String sent: 2PR VM

2022-11-18 22:41:25,350 - linear_actuator - INFO - Set VM=15000[92m -> OK[0m
2022-11-18 22:41:25,351 - linear_actuator - DEBUG - String sent: 2HC=10

2022-11-18 22:41:25,351 - linear_actuator - DEBUG - String sent: 2PR HC

2022-11-18 22:41:25,452 - linear_actuator - INFO - Set HC=10[92m -> OK[0m
2022-11-18 22:41:25,453 - linear_actuator - DEBUG - String sent: 2RC=75

2022-11-18 22:41:25,453 - linear_actuator - DEBUG - String sent: 2PR RC

2022-11-18 22:41:25,554 - linear_actuator - INFO - Set RC=75[92m -> OK[0m
2022-11-18 22:41:25,555 - linear_actuator - DEBUG - String sent: 2EE=1

2022-11-18 22:41:25,555 - linear_actuator - DEBUG - String sent: 2PR EE

2022-11-18 22:41:25,656 - linear_actuator - INFO - Set EE=1[92m -> OK[0m
2022-11-18 22:41:25,657 - linear_actuator - DEBUG - String sent: 2S3=0,0,0

2022-11-18 22:41:25,657 - linear_actuator - DEBUG - String sent: 2PR S3

2022-11-18 22:41:25,758 - linear_actuator - INFO - Set S3=0,0,0[92m -> OK[0m
2022-11-18 22:41:25,759 - linear_actuator - DEBUG - String sent: 2S4=0,0,0

2022-11-18 22:41:25,759 - linear_actuator - DEBUG - String sent: 2PR S4

2022-11-18 22:41:25,860 - linear_actuator - INFO - Set S4=0,0,0[92m -> OK[0m
2022-11-18 22:41:25,861 - linear_actuator - INFO - Set S1 and S2 as limit switches
2022-11-18 22:41:25,861 - linear_actuator - DEBUG - String sent: 2S1=2,0,0

2022-11-18 22:41:25,861 - linear_actuator - DEBUG - String sent: 2PR S1

2022-11-18 22:41:25,962 - linear_actuator - INFO - Set S1=2,0,0[92m -> OK[0m
2022-11-18 22:41:25,962 - linear_actuator - DEBUG - String sent: 2S2=3,0,0

2022-11-18 22:41:25,962 - linear_actuator - DEBUG - String sent: 2PR S2

2022-11-18 22:41:26,063 - linear_actuator - INFO - Set S2=3,0,0[92m -> OK[0m
