2022-11-17 15:22:33,935 - linear_actuator - INFO - started logger
2022-11-17 15:22:33,935 - linear_actuator - INFO - CAUTION USING NON SPECIFIC CONFIG FILES
2022-11-17 15:22:33,935 - linear_actuator - INFO - Using config file (/home/shivaraj/Desktop/SBN/Pyhton2_to_3/SBND_laser_control/workspace/RunControl/devices/config/config_linear_actuator.json)
2022-11-17 15:23:02,563 - linear_actuator - INFO - CAUTION USING NON SPECIFIC CONFIG FILES
2022-11-17 15:23:02,564 - linear_actuator - INFO - Using config file (/home/shivaraj/Desktop/SBN/Pyhton2_to_3/SBND_laser_control/workspace/RunControl/devices/config/com_ports.json)
2022-11-17 15:23:03,576 - linear_actuator - INFO - Com port (/dev/ttyUSB0) opened
2022-11-17 15:23:06,299 - linear_actuator - INFO - ---------------- init axis -----------------
2022-11-17 15:23:06,299 - linear_actuator - DEBUG - String sent: 2MS=256

2022-11-17 15:23:06,299 - linear_actuator - DEBUG - String sent: 2PR MS

2022-11-17 15:23:06,400 - linear_actuator - INFO - Set MS=256[92m -> OK[0m
2022-11-17 15:23:06,400 - linear_actuator - DEBUG - String sent: 2A=50000

2022-11-17 15:23:06,400 - linear_actuator - DEBUG - String sent: 2PR A

2022-11-17 15:23:06,500 - linear_actuator - INFO - Set A=50000[92m -> OK[0m
2022-11-17 15:23:06,501 - linear_actuator - DEBUG - String sent: 2D=50000

2022-11-17 15:23:06,501 - linear_actuator - DEBUG - String sent: 2PR D

2022-11-17 15:23:06,601 - linear_actuator - INFO - Set D=50000[92m -> OK[0m
2022-11-17 15:23:06,602 - linear_actuator - DEBUG - String sent: 2VI=1000

2022-11-17 15:23:06,602 - linear_actuator - DEBUG - String sent: 2PR VI

2022-11-17 15:23:06,703 - linear_actuator - INFO - Set VI=1000[92m -> OK[0m
2022-11-17 15:23:06,704 - linear_actuator - DEBUG - String sent: 2VM=15000

2022-11-17 15:23:06,704 - linear_actuator - DEBUG - String sent: 2PR VM

2022-11-17 15:23:06,805 - linear_actuator - INFO - Set VM=15000[92m -> OK[0m
2022-11-17 15:23:06,805 - linear_actuator - DEBUG - String sent: 2HC=10

2022-11-17 15:23:06,806 - linear_actuator - DEBUG - String sent: 2PR HC

2022-11-17 15:23:06,906 - linear_actuator - INFO - Set HC=10[92m -> OK[0m
2022-11-17 15:23:06,907 - linear_actuator - DEBUG - String sent: 2RC=75

2022-11-17 15:23:06,907 - linear_actuator - DEBUG - String sent: 2PR RC

2022-11-17 15:23:07,008 - linear_actuator - INFO - Set RC=75[92m -> OK[0m
2022-11-17 15:23:07,008 - linear_actuator - DEBUG - String sent: 2EE=1

2022-11-17 15:23:07,009 - linear_actuator - DEBUG - String sent: 2PR EE

2022-11-17 15:23:07,109 - linear_actuator - INFO - Set EE=1[92m -> OK[0m
2022-11-17 15:23:07,110 - linear_actuator - DEBUG - String sent: 2S3=0,0,0

2022-11-17 15:23:07,110 - linear_actuator - DEBUG - String sent: 2PR S3

2022-11-17 15:23:07,211 - linear_actuator - INFO - Set S3=0,0,0[92m -> OK[0m
2022-11-17 15:23:07,211 - linear_actuator - DEBUG - String sent: 2S4=0,0,0

2022-11-17 15:23:07,211 - linear_actuator - DEBUG - String sent: 2PR S4

2022-11-17 15:23:07,312 - linear_actuator - INFO - Set S4=0,0,0[92m -> OK[0m
2022-11-17 15:23:07,312 - linear_actuator - INFO - Set S1 and S2 as limit switches
2022-11-17 15:23:07,313 - linear_actuator - DEBUG - String sent: 2S1=2,0,0

2022-11-17 15:23:07,313 - linear_actuator - DEBUG - String sent: 2PR S1

2022-11-17 15:23:07,414 - linear_actuator - INFO - Set S1=2,0,0[92m -> OK[0m
2022-11-17 15:23:07,414 - linear_actuator - DEBUG - String sent: 2S2=3,0,0

2022-11-17 15:23:07,414 - linear_actuator - DEBUG - String sent: 2PR S2

2022-11-17 15:23:07,515 - linear_actuator - INFO - Set S2=3,0,0[92m -> OK[0m
2022-11-17 15:23:11,211 - linear_actuator - INFO - CAUTION USING NON SPECIFIC CONFIG FILES
2022-11-17 15:23:11,211 - linear_actuator - INFO - Using config file (/home/shivaraj/Desktop/SBN/Pyhton2_to_3/SBND_laser_control/workspace/RunControl/devices/config/com_ports.json)
2022-11-17 15:23:12,214 - linear_actuator - INFO - Com port (/dev/ttyUSB0) opened
2022-11-17 15:23:14,936 - linear_actuator - INFO - ---------------- init axis -----------------
2022-11-17 15:23:14,937 - linear_actuator - DEBUG - String sent: 2MS=256

2022-11-17 15:23:14,937 - linear_actuator - DEBUG - String sent: 2PR MS

2022-11-17 15:23:15,037 - linear_actuator - INFO - Set MS=256[92m -> OK[0m
2022-11-17 15:23:15,038 - linear_actuator - DEBUG - String sent: 2A=50000

2022-11-17 15:23:15,038 - linear_actuator - DEBUG - String sent: 2PR A

2022-11-17 15:23:15,139 - linear_actuator - INFO - Set A=50000[92m -> OK[0m
2022-11-17 15:23:15,140 - linear_actuator - DEBUG - String sent: 2D=50000

2022-11-17 15:23:15,147 - linear_actuator - DEBUG - String sent: 2PR D

2022-11-17 15:23:15,248 - linear_actuator - INFO - Set D=50000[92m -> OK[0m
2022-11-17 15:23:15,249 - linear_actuator - DEBUG - String sent: 2VI=1000

2022-11-17 15:23:15,249 - linear_actuator - DEBUG - String sent: 2PR VI

2022-11-17 15:23:15,350 - linear_actuator - INFO - Set VI=1000[92m -> OK[0m
2022-11-17 15:23:15,351 - linear_actuator - DEBUG - String sent: 2VM=15000

2022-11-17 15:23:15,351 - linear_actuator - DEBUG - String sent: 2PR VM

2022-11-17 15:23:15,452 - linear_actuator - INFO - Set VM=15000[92m -> OK[0m
2022-11-17 15:23:15,452 - linear_actuator - DEBUG - String sent: 2HC=10

2022-11-17 15:23:15,453 - linear_actuator - DEBUG - String sent: 2PR HC

2022-11-17 15:23:15,553 - linear_actuator - INFO - Set HC=10[92m -> OK[0m
2022-11-17 15:23:15,554 - linear_actuator - DEBUG - String sent: 2RC=75

2022-11-17 15:23:15,554 - linear_actuator - DEBUG - String sent: 2PR RC

2022-11-17 15:23:15,655 - linear_actuator - INFO - Set RC=75[92m -> OK[0m
2022-11-17 15:23:15,656 - linear_actuator - DEBUG - String sent: 2EE=1

2022-11-17 15:23:15,656 - linear_actuator - DEBUG - String sent: 2PR EE

2022-11-17 15:23:15,757 - linear_actuator - INFO - Set EE=1[92m -> OK[0m
2022-11-17 15:23:15,757 - linear_actuator - DEBUG - String sent: 2S3=0,0,0

2022-11-17 15:23:15,758 - linear_actuator - DEBUG - String sent: 2PR S3

2022-11-17 15:23:15,858 - linear_actuator - INFO - Set S3=0,0,0[92m -> OK[0m
2022-11-17 15:23:15,859 - linear_actuator - DEBUG - String sent: 2S4=0,0,0

2022-11-17 15:23:15,859 - linear_actuator - DEBUG - String sent: 2PR S4

2022-11-17 15:23:15,959 - linear_actuator - INFO - Set S4=0,0,0[92m -> OK[0m
2022-11-17 15:23:15,959 - linear_actuator - INFO - Set S1 and S2 as limit switches
2022-11-17 15:23:15,960 - linear_actuator - DEBUG - String sent: 2S1=2,0,0

2022-11-17 15:23:15,960 - linear_actuator - DEBUG - String sent: 2PR S1

2022-11-17 15:23:16,060 - linear_actuator - INFO - Set S1=2,0,0[92m -> OK[0m
2022-11-17 15:23:16,061 - linear_actuator - DEBUG - String sent: 2S2=3,0,0

2022-11-17 15:23:16,061 - linear_actuator - DEBUG - String sent: 2PR S2

2022-11-17 15:23:16,162 - linear_actuator - INFO - Set S2=3,0,0[92m -> OK[0m
