2022-11-25 14:21:59,099 - linear_actuator - INFO - started logger
2022-11-25 14:21:59,099 - linear_actuator - INFO - CAUTION USING NON SPECIFIC CONFIG FILES
2022-11-25 14:21:59,099 - linear_actuator - INFO - Using config file (/home/shivaraj/Desktop/SBN/Pyhton2_to_3/SBND_laser_control/workspace/RunControl/devices/config/config_linear_actuator.json)
2022-11-25 14:22:00,596 - linear_actuator - INFO - CAUTION USING NON SPECIFIC CONFIG FILES
2022-11-25 14:22:00,596 - linear_actuator - INFO - Using config file (/home/shivaraj/Desktop/SBN/Pyhton2_to_3/SBND_laser_control/workspace/RunControl/devices/config/com_ports.json)
2022-11-25 14:22:01,608 - linear_actuator - INFO - Com port (/dev/ttyUSB0) opened
2022-11-25 14:22:04,334 - linear_actuator - INFO - ---------------- init axis -----------------
2022-11-25 14:22:04,335 - linear_actuator - DEBUG - String sent: 1MS=256

2022-11-25 14:22:04,335 - linear_actuator - DEBUG - String sent: 1PR MS

2022-11-25 14:22:04,436 - linear_actuator - INFO - Set MS=256[92m -> OK[0m
2022-11-25 14:22:04,437 - linear_actuator - DEBUG - String sent: 1A=400

2022-11-25 14:22:04,437 - linear_actuator - DEBUG - String sent: 1PR A

2022-11-25 14:22:04,538 - linear_actuator - INFO - Set A=400[92m -> OK[0m
2022-11-25 14:22:04,539 - linear_actuator - DEBUG - String sent: 1D=700

2022-11-25 14:22:04,539 - linear_actuator - DEBUG - String sent: 1PR D

2022-11-25 14:22:04,640 - linear_actuator - INFO - Set D=700[92m -> OK[0m
2022-11-25 14:22:04,641 - linear_actuator - DEBUG - String sent: 1VI=300

2022-11-25 14:22:04,641 - linear_actuator - DEBUG - String sent: 1PR VI

2022-11-25 14:22:04,742 - linear_actuator - INFO - Set VI=300[92m -> OK[0m
2022-11-25 14:22:04,743 - linear_actuator - DEBUG - String sent: 1VM=800

2022-11-25 14:22:04,743 - linear_actuator - DEBUG - String sent: 1PR VM

2022-11-25 14:22:04,844 - linear_actuator - INFO - Set VM=800[92m -> OK[0m
2022-11-25 14:22:04,845 - linear_actuator - DEBUG - String sent: 1HC=10

2022-11-25 14:22:04,845 - linear_actuator - DEBUG - String sent: 1PR HC

2022-11-25 14:22:04,946 - linear_actuator - INFO - Set HC=10[92m -> OK[0m
2022-11-25 14:22:04,947 - linear_actuator - DEBUG - String sent: 1RC=70

2022-11-25 14:22:04,947 - linear_actuator - DEBUG - String sent: 1PR RC

2022-11-25 14:22:05,048 - linear_actuator - INFO - Set RC=70[92m -> OK[0m
2022-11-25 14:22:05,049 - linear_actuator - DEBUG - String sent: 1EE=1

2022-11-25 14:22:05,049 - linear_actuator - DEBUG - String sent: 1PR EE

2022-11-25 14:22:05,150 - linear_actuator - INFO - Set EE=1[92m -> OK[0m
2022-11-25 14:22:05,151 - linear_actuator - DEBUG - String sent: 1S3=0,0,0

2022-11-25 14:22:05,151 - linear_actuator - DEBUG - String sent: 1PR S3

2022-11-25 14:22:05,252 - linear_actuator - INFO - Set S3=0,0,0[92m -> OK[0m
2022-11-25 14:22:05,252 - linear_actuator - DEBUG - String sent: 1S4=0,0,0

2022-11-25 14:22:05,252 - linear_actuator - DEBUG - String sent: 1PR S4

2022-11-25 14:22:05,353 - linear_actuator - INFO - Set S4=0,0,0[92m -> OK[0m
2022-11-25 14:22:05,353 - linear_actuator - INFO - Set S1 and S2 as limit switches for Linear Motor
2022-11-25 14:22:05,354 - linear_actuator - DEBUG - String sent: 1S1=2,1,0

2022-11-25 14:22:05,354 - linear_actuator - DEBUG - String sent: 1PR S1

2022-11-25 14:22:05,455 - linear_actuator - INFO - Set S1=2,1,0[92m -> OK[0m
2022-11-25 14:22:05,456 - linear_actuator - DEBUG - String sent: 1S2=3,1,0

2022-11-25 14:22:05,456 - linear_actuator - DEBUG - String sent: 1PR S2

2022-11-25 14:22:05,557 - linear_actuator - INFO - Set S2=3,1,0[92m -> OK[0m
