2022-11-25 15:31:54,764 - linear_actuator - INFO - started logger
2022-11-25 15:31:54,764 - linear_actuator - INFO - CAUTION USING NON SPECIFIC CONFIG FILES
2022-11-25 15:31:54,764 - linear_actuator - INFO - Using config file (/home/shivaraj/Desktop/SBN/Pyhton2_to_3/SBND_laser_control/workspace/RunControl/devices/config/config_linear_actuator.json)
2022-11-25 15:31:58,217 - linear_actuator - INFO - CAUTION USING NON SPECIFIC CONFIG FILES
2022-11-25 15:31:58,217 - linear_actuator - INFO - Using config file (/home/shivaraj/Desktop/SBN/Pyhton2_to_3/SBND_laser_control/workspace/RunControl/devices/config/com_ports.json)
2022-11-25 15:31:59,221 - linear_actuator - INFO - Com port (/dev/ttyUSB0) opened
2022-11-25 15:32:01,949 - linear_actuator - INFO - ---------------- init axis -----------------
2022-11-25 15:32:01,949 - linear_actuator - DEBUG - String sent: 1MS=256

2022-11-25 15:32:01,949 - linear_actuator - DEBUG - String sent: 1PR MS

2022-11-25 15:32:02,050 - linear_actuator - INFO - Set MS=256[92m -> OK[0m
2022-11-25 15:32:02,051 - linear_actuator - DEBUG - String sent: 1A=400

2022-11-25 15:32:02,051 - linear_actuator - DEBUG - String sent: 1PR A

2022-11-25 15:32:02,152 - linear_actuator - INFO - Set A=400[92m -> OK[0m
2022-11-25 15:32:02,153 - linear_actuator - DEBUG - String sent: 1D=700

2022-11-25 15:32:02,153 - linear_actuator - DEBUG - String sent: 1PR D

2022-11-25 15:32:02,254 - linear_actuator - INFO - Set D=700[92m -> OK[0m
2022-11-25 15:32:02,255 - linear_actuator - DEBUG - String sent: 1VI=300

2022-11-25 15:32:02,255 - linear_actuator - DEBUG - String sent: 1PR VI

2022-11-25 15:32:02,356 - linear_actuator - INFO - Set VI=300[92m -> OK[0m
2022-11-25 15:32:02,357 - linear_actuator - DEBUG - String sent: 1VM=800

2022-11-25 15:32:02,357 - linear_actuator - DEBUG - String sent: 1PR VM

2022-11-25 15:32:02,458 - linear_actuator - INFO - Set VM=800[92m -> OK[0m
2022-11-25 15:32:02,459 - linear_actuator - DEBUG - String sent: 1HC=10

2022-11-25 15:32:02,459 - linear_actuator - DEBUG - String sent: 1PR HC

2022-11-25 15:32:02,560 - linear_actuator - INFO - Set HC=10[92m -> OK[0m
2022-11-25 15:32:02,561 - linear_actuator - DEBUG - String sent: 1RC=70

2022-11-25 15:32:02,561 - linear_actuator - DEBUG - String sent: 1PR RC

2022-11-25 15:32:02,662 - linear_actuator - INFO - Set RC=70[92m -> OK[0m
2022-11-25 15:32:02,663 - linear_actuator - DEBUG - String sent: 1EE=1

2022-11-25 15:32:02,663 - linear_actuator - DEBUG - String sent: 1PR EE

2022-11-25 15:32:02,764 - linear_actuator - INFO - Set EE=1[92m -> OK[0m
2022-11-25 15:32:02,765 - linear_actuator - DEBUG - String sent: 1S3=0,0,0

2022-11-25 15:32:02,765 - linear_actuator - DEBUG - String sent: 1PR S3

2022-11-25 15:32:02,866 - linear_actuator - INFO - Set S3=0,0,0[92m -> OK[0m
2022-11-25 15:32:02,866 - linear_actuator - DEBUG - String sent: 1S4=0,0,0

2022-11-25 15:32:02,866 - linear_actuator - DEBUG - String sent: 1PR S4

2022-11-25 15:32:02,966 - linear_actuator - INFO - Set S4=0,0,0[92m -> OK[0m
2022-11-25 15:32:02,967 - linear_actuator - INFO - Set S1 and S2 as limit switches for Linear Motor
2022-11-25 15:32:02,967 - linear_actuator - DEBUG - String sent: 1S1=2,1,0

2022-11-25 15:32:02,967 - linear_actuator - DEBUG - String sent: 1PR S1

2022-11-25 15:32:03,068 - linear_actuator - INFO - Set S1=2,1,0[92m -> OK[0m
2022-11-25 15:32:03,068 - linear_actuator - DEBUG - String sent: 1S2=3,1,0

2022-11-25 15:32:03,069 - linear_actuator - DEBUG - String sent: 1PR S2

2022-11-25 15:32:03,170 - linear_actuator - INFO - Set S2=3,1,0[92m -> OK[0m
2022-11-25 15:32:06,259 - linear_actuator - INFO - Moving 100 microsteps
