2022-11-17 16:02:52,772 - linear_actuator - INFO - started logger
2022-11-17 16:02:52,772 - linear_actuator - INFO - CAUTION USING NON SPECIFIC CONFIG FILES
2022-11-17 16:02:52,772 - linear_actuator - INFO - Using config file (/home/shivaraj/Desktop/SBN/Pyhton2_to_3/SBND_laser_control/workspace/RunControl/devices/config/config_linear_actuator.json)
2022-11-17 16:02:55,517 - linear_actuator - INFO - CAUTION USING NON SPECIFIC CONFIG FILES
2022-11-17 16:02:55,517 - linear_actuator - INFO - Using config file (/home/shivaraj/Desktop/SBN/Pyhton2_to_3/SBND_laser_control/workspace/RunControl/devices/config/com_ports.json)
2022-11-17 16:02:56,522 - linear_actuator - INFO - Com port (/dev/ttyUSB0) opened
2022-11-17 16:02:59,244 - linear_actuator - INFO - ---------------- init axis -----------------
2022-11-17 16:02:59,244 - linear_actuator - DEBUG - String sent: 2MS=256

2022-11-17 16:02:59,245 - linear_actuator - DEBUG - String sent: 2PR MS

2022-11-17 16:02:59,345 - linear_actuator - INFO - Set MS=256[92m -> OK[0m
2022-11-17 16:02:59,346 - linear_actuator - DEBUG - String sent: 2A=50000

2022-11-17 16:02:59,346 - linear_actuator - DEBUG - String sent: 2PR A

2022-11-17 16:02:59,447 - linear_actuator - INFO - Set A=50000[92m -> OK[0m
2022-11-17 16:02:59,448 - linear_actuator - DEBUG - String sent: 2D=50000

2022-11-17 16:02:59,448 - linear_actuator - DEBUG - String sent: 2PR D

2022-11-17 16:02:59,549 - linear_actuator - INFO - Set D=50000[92m -> OK[0m
2022-11-17 16:02:59,549 - linear_actuator - DEBUG - String sent: 2VI=1000

2022-11-17 16:02:59,549 - linear_actuator - DEBUG - String sent: 2PR VI

2022-11-17 16:02:59,650 - linear_actuator - INFO - Set VI=1000[92m -> OK[0m
2022-11-17 16:02:59,650 - linear_actuator - DEBUG - String sent: 2VM=15000

2022-11-17 16:02:59,650 - linear_actuator - DEBUG - String sent: 2PR VM

2022-11-17 16:02:59,750 - linear_actuator - INFO - Set VM=15000[92m -> OK[0m
2022-11-17 16:02:59,751 - linear_actuator - DEBUG - String sent: 2HC=10

2022-11-17 16:02:59,751 - linear_actuator - DEBUG - String sent: 2PR HC

2022-11-17 16:02:59,852 - linear_actuator - INFO - Set HC=10[92m -> OK[0m
2022-11-17 16:02:59,853 - linear_actuator - DEBUG - String sent: 2RC=75

2022-11-17 16:02:59,853 - linear_actuator - DEBUG - String sent: 2PR RC

2022-11-17 16:02:59,954 - linear_actuator - INFO - Set RC=75[92m -> OK[0m
2022-11-17 16:02:59,954 - linear_actuator - DEBUG - String sent: 2EE=1

2022-11-17 16:02:59,955 - linear_actuator - DEBUG - String sent: 2PR EE

2022-11-17 16:03:00,056 - linear_actuator - INFO - Set EE=1[92m -> OK[0m
2022-11-17 16:03:00,056 - linear_actuator - DEBUG - String sent: 2S3=0,0,0

2022-11-17 16:03:00,057 - linear_actuator - DEBUG - String sent: 2PR S3

2022-11-17 16:03:00,157 - linear_actuator - INFO - Set S3=0,0,0[92m -> OK[0m
2022-11-17 16:03:00,158 - linear_actuator - DEBUG - String sent: 2S4=0,0,0

2022-11-17 16:03:00,159 - linear_actuator - DEBUG - String sent: 2PR S4

2022-11-17 16:03:00,259 - linear_actuator - INFO - Set S4=0,0,0[92m -> OK[0m
2022-11-17 16:03:00,260 - linear_actuator - INFO - Set S1 and S2 as limit switches
2022-11-17 16:03:00,260 - linear_actuator - DEBUG - String sent: 2S1=2,0,0

2022-11-17 16:03:00,261 - linear_actuator - DEBUG - String sent: 2PR S1

2022-11-17 16:03:00,362 - linear_actuator - INFO - Set S1=2,0,0[92m -> OK[0m
2022-11-17 16:03:00,362 - linear_actuator - DEBUG - String sent: 2S2=3,0,0

2022-11-17 16:03:00,362 - linear_actuator - DEBUG - String sent: 2PR S2

2022-11-17 16:03:00,463 - linear_actuator - INFO - Set S2=3,0,0[92m -> OK[0m
