2022-11-25 15:37:17,375 - linear_actuator - INFO - started logger
2022-11-25 15:37:17,375 - linear_actuator - INFO - CAUTION USING NON SPECIFIC CONFIG FILES
2022-11-25 15:37:17,375 - linear_actuator - INFO - Using config file (/home/shivaraj/Desktop/SBN/Pyhton2_to_3/SBND_laser_control/workspace/RunControl/devices/config/config_linear_actuator.json)
2022-11-25 15:37:18,352 - linear_actuator - INFO - CAUTION USING NON SPECIFIC CONFIG FILES
2022-11-25 15:37:18,353 - linear_actuator - INFO - Using config file (/home/shivaraj/Desktop/SBN/Pyhton2_to_3/SBND_laser_control/workspace/RunControl/devices/config/com_ports.json)
2022-11-25 15:37:19,357 - linear_actuator - INFO - Com port (/dev/ttyUSB0) opened
2022-11-25 15:37:22,081 - linear_actuator - INFO - ---------------- init axis -----------------
2022-11-25 15:37:22,081 - linear_actuator - DEBUG - String sent: 1MS=256

2022-11-25 15:37:22,082 - linear_actuator - DEBUG - String sent: 1PR MS

2022-11-25 15:37:22,183 - linear_actuator - INFO - Set MS=256[92m -> OK[0m
2022-11-25 15:37:22,183 - linear_actuator - DEBUG - String sent: 1A=400

2022-11-25 15:37:22,184 - linear_actuator - DEBUG - String sent: 1PR A

2022-11-25 15:37:22,285 - linear_actuator - INFO - Set A=400[92m -> OK[0m
2022-11-25 15:37:22,285 - linear_actuator - DEBUG - String sent: 1D=700

2022-11-25 15:37:22,286 - linear_actuator - DEBUG - String sent: 1PR D

2022-11-25 15:37:22,387 - linear_actuator - INFO - Set D=700[92m -> OK[0m
2022-11-25 15:37:22,388 - linear_actuator - DEBUG - String sent: 1VI=300

2022-11-25 15:37:22,388 - linear_actuator - DEBUG - String sent: 1PR VI

2022-11-25 15:37:22,489 - linear_actuator - INFO - Set VI=300[92m -> OK[0m
2022-11-25 15:37:22,490 - linear_actuator - DEBUG - String sent: 1VM=800

2022-11-25 15:37:22,490 - linear_actuator - DEBUG - String sent: 1PR VM

2022-11-25 15:37:22,591 - linear_actuator - INFO - Set VM=800[92m -> OK[0m
2022-11-25 15:37:22,592 - linear_actuator - DEBUG - String sent: 1HC=10

2022-11-25 15:37:22,592 - linear_actuator - DEBUG - String sent: 1PR HC

2022-11-25 15:37:22,693 - linear_actuator - INFO - Set HC=10[92m -> OK[0m
2022-11-25 15:37:22,693 - linear_actuator - DEBUG - String sent: 1RC=70

2022-11-25 15:37:22,693 - linear_actuator - DEBUG - String sent: 1PR RC

2022-11-25 15:37:22,794 - linear_actuator - INFO - Set RC=70[92m -> OK[0m
2022-11-25 15:37:22,795 - linear_actuator - DEBUG - String sent: 1EE=1

2022-11-25 15:37:22,795 - linear_actuator - DEBUG - String sent: 1PR EE

2022-11-25 15:37:22,896 - linear_actuator - INFO - Set EE=1[92m -> OK[0m
2022-11-25 15:37:22,896 - linear_actuator - DEBUG - String sent: 1S3=0,0,0

2022-11-25 15:37:22,897 - linear_actuator - DEBUG - String sent: 1PR S3

2022-11-25 15:37:22,998 - linear_actuator - INFO - Set S3=0,0,0[92m -> OK[0m
2022-11-25 15:37:22,999 - linear_actuator - DEBUG - String sent: 1S4=0,0,0

2022-11-25 15:37:22,999 - linear_actuator - DEBUG - String sent: 1PR S4

2022-11-25 15:37:23,100 - linear_actuator - INFO - Set S4=0,0,0[92m -> OK[0m
2022-11-25 15:37:23,100 - linear_actuator - INFO - Set S1 and S2 as limit switches for Linear Motor
2022-11-25 15:37:23,101 - linear_actuator - DEBUG - String sent: 1S1=2,1,0

2022-11-25 15:37:23,101 - linear_actuator - DEBUG - String sent: 1PR S1

2022-11-25 15:37:23,202 - linear_actuator - INFO - Set S1=2,1,0[92m -> OK[0m
2022-11-25 15:37:23,203 - linear_actuator - DEBUG - String sent: 1S2=3,1,0

2022-11-25 15:37:23,203 - linear_actuator - DEBUG - String sent: 1PR S2

2022-11-25 15:37:23,304 - linear_actuator - INFO - Set S2=3,1,0[92m -> OK[0m
2022-11-25 15:37:39,466 - linear_actuator - INFO - Moving 100 microsteps
2022-11-25 15:37:39,466 - linear_actuator - DEBUG - String sent: 1MR 100

2022-11-25 15:37:48,898 - linear_actuator - INFO - Moving -100 microsteps
2022-11-25 15:37:48,898 - linear_actuator - DEBUG - String sent: 1MR -100

