2022-11-21 11:12:33,785 - linear_actuator - INFO - started logger
2022-11-21 11:12:33,785 - linear_actuator - INFO - CAUTION USING NON SPECIFIC CONFIG FILES
2022-11-21 11:12:33,785 - linear_actuator - INFO - Using config file (/home/shivaraj/Desktop/SBN/Pyhton2_to_3/SBND_laser_control/workspace/RunControl/devices/config/config_linear_actuator.json)
2022-11-21 11:12:35,294 - linear_actuator - INFO - CAUTION USING NON SPECIFIC CONFIG FILES
2022-11-21 11:12:35,294 - linear_actuator - INFO - Using config file (/home/shivaraj/Desktop/SBN/Pyhton2_to_3/SBND_laser_control/workspace/RunControl/devices/config/com_ports.json)
2022-11-21 11:12:36,299 - linear_actuator - INFO - Com port (/dev/ttyUSB0) opened
2022-11-21 11:12:39,033 - linear_actuator - INFO - ---------------- init axis -----------------
2022-11-21 11:12:39,033 - linear_actuator - DEBUG - String sent: 2MS=256

2022-11-21 11:12:39,034 - linear_actuator - DEBUG - String sent: 2PR MS

2022-11-21 11:12:39,134 - linear_actuator - INFO - Set MS=256[92m -> OK[0m
2022-11-21 11:12:39,135 - linear_actuator - DEBUG - String sent: 2A=50000

2022-11-21 11:12:39,135 - linear_actuator - DEBUG - String sent: 2PR A

2022-11-21 11:12:39,236 - linear_actuator - INFO - Set A=50000[92m -> OK[0m
2022-11-21 11:12:39,236 - linear_actuator - DEBUG - String sent: 2D=50000

2022-11-21 11:12:39,237 - linear_actuator - DEBUG - String sent: 2PR D

2022-11-21 11:12:39,338 - linear_actuator - INFO - Set D=50000[92m -> OK[0m
2022-11-21 11:12:39,338 - linear_actuator - DEBUG - String sent: 2VI=1000

2022-11-21 11:12:39,339 - linear_actuator - DEBUG - String sent: 2PR VI

2022-11-21 11:12:39,440 - linear_actuator - INFO - Set VI=1000[92m -> OK[0m
2022-11-21 11:12:39,441 - linear_actuator - DEBUG - String sent: 2VM=15000

2022-11-21 11:12:39,441 - linear_actuator - DEBUG - String sent: 2PR VM

2022-11-21 11:12:39,542 - linear_actuator - INFO - Set VM=15000[92m -> OK[0m
2022-11-21 11:12:39,543 - linear_actuator - DEBUG - String sent: 2HC=10

2022-11-21 11:12:39,543 - linear_actuator - DEBUG - String sent: 2PR HC

2022-11-21 11:12:39,644 - linear_actuator - INFO - Set HC=10[92m -> OK[0m
2022-11-21 11:12:39,645 - linear_actuator - DEBUG - String sent: 2RC=75

2022-11-21 11:12:39,645 - linear_actuator - DEBUG - String sent: 2PR RC

2022-11-21 11:12:39,746 - linear_actuator - INFO - Set RC=75[92m -> OK[0m
2022-11-21 11:12:39,747 - linear_actuator - DEBUG - String sent: 2EE=1

2022-11-21 11:12:39,747 - linear_actuator - DEBUG - String sent: 2PR EE

2022-11-21 11:12:39,848 - linear_actuator - INFO - Set EE=1[92m -> OK[0m
2022-11-21 11:12:39,849 - linear_actuator - DEBUG - String sent: 2S3=0,0,0

2022-11-21 11:12:39,849 - linear_actuator - DEBUG - String sent: 2PR S3

2022-11-21 11:12:39,950 - linear_actuator - INFO - Set S3=0,0,0[92m -> OK[0m
2022-11-21 11:12:39,951 - linear_actuator - DEBUG - String sent: 2S4=0,0,0

2022-11-21 11:12:39,951 - linear_actuator - DEBUG - String sent: 2PR S4

2022-11-21 11:12:40,051 - linear_actuator - INFO - Set S4=0,0,0[92m -> OK[0m
2022-11-21 11:12:40,052 - linear_actuator - INFO - Set S1 and S2 as limit switches
2022-11-21 11:12:40,052 - linear_actuator - DEBUG - String sent: 2S1=2,0,0

2022-11-21 11:12:40,052 - linear_actuator - DEBUG - String sent: 2PR S1

2022-11-21 11:12:40,153 - linear_actuator - INFO - Set S1=2,0,0[92m -> OK[0m
2022-11-21 11:12:40,153 - linear_actuator - DEBUG - String sent: 2S2=3,0,0

2022-11-21 11:12:40,153 - linear_actuator - DEBUG - String sent: 2PR S2

2022-11-21 11:12:40,254 - linear_actuator - INFO - Set S2=3,0,0[92m -> OK[0m
2022-11-21 11:18:37,211 - linear_actuator - INFO - Moving 100 microsteps
2022-11-21 11:18:37,212 - linear_actuator - DEBUG - String sent: 2MR 100

2022-11-21 11:18:39,255 - linear_actuator - INFO - Moving 100 microsteps
2022-11-21 11:18:39,256 - linear_actuator - DEBUG - String sent: 2MR 100

