2023-02-07 10:27:02,060 - linear_actuator - INFO - started logger
2023-02-07 10:27:02,060 - linear_actuator - INFO - CAUTION USING NON SPECIFIC CONFIG FILES
2023-02-07 10:27:02,060 - linear_actuator - INFO - Using config file (/home/shivaraj/Desktop/SBN/Pyhton2_to_3/SBND_laser_control/workspace/RunControl/devices/config/config_linear_actuator.json)
2023-02-07 10:27:03,466 - linear_actuator - INFO - CAUTION USING NON SPECIFIC CONFIG FILES
2023-02-07 10:27:03,466 - linear_actuator - INFO - Using config file (/home/shivaraj/Desktop/SBN/Pyhton2_to_3/SBND_laser_control/workspace/RunControl/devices/config/com_ports.json)
2023-02-07 10:27:04,470 - linear_actuator - INFO - Com port (/dev/ttyUSB0) opened
2023-02-07 10:27:07,094 - linear_actuator - INFO - ---------------- init axis -----------------
2023-02-07 10:27:07,095 - linear_actuator - DEBUG - String sent: 1MS=256

2023-02-07 10:27:07,102 - linear_actuator - DEBUG - String sent: 1PR MS

2023-02-07 10:27:07,202 - linear_actuator - INFO - Set MS=256[92m -> OK[0m
2023-02-07 10:27:07,203 - linear_actuator - DEBUG - String sent: 1A=400

2023-02-07 10:27:07,203 - linear_actuator - DEBUG - String sent: 1PR A

2023-02-07 10:27:07,304 - linear_actuator - INFO - Set A=400[92m -> OK[0m
2023-02-07 10:27:07,304 - linear_actuator - DEBUG - String sent: 1D=700

2023-02-07 10:27:07,304 - linear_actuator - DEBUG - String sent: 1PR D

2023-02-07 10:27:07,405 - linear_actuator - INFO - Set D=700[92m -> OK[0m
2023-02-07 10:27:07,406 - linear_actuator - DEBUG - String sent: 1VI=300

2023-02-07 10:27:07,406 - linear_actuator - DEBUG - String sent: 1PR VI

2023-02-07 10:27:07,507 - linear_actuator - INFO - Set VI=300[92m -> OK[0m
2023-02-07 10:27:07,508 - linear_actuator - DEBUG - String sent: 1VM=800

2023-02-07 10:27:07,509 - linear_actuator - DEBUG - String sent: 1PR VM

2023-02-07 10:27:07,610 - linear_actuator - INFO - Set VM=800[92m -> OK[0m
2023-02-07 10:27:07,610 - linear_actuator - DEBUG - String sent: 1HC=10

2023-02-07 10:27:07,611 - linear_actuator - DEBUG - String sent: 1PR HC

2023-02-07 10:27:07,712 - linear_actuator - INFO - Set HC=10[92m -> OK[0m
2023-02-07 10:27:07,713 - linear_actuator - DEBUG - String sent: 1RC=70

2023-02-07 10:27:07,713 - linear_actuator - DEBUG - String sent: 1PR RC

2023-02-07 10:27:07,814 - linear_actuator - INFO - Set RC=70[92m -> OK[0m
2023-02-07 10:27:07,815 - linear_actuator - DEBUG - String sent: 1EE=1

2023-02-07 10:27:07,815 - linear_actuator - DEBUG - String sent: 1PR EE

2023-02-07 10:27:07,916 - linear_actuator - INFO - Set EE=1[92m -> OK[0m
2023-02-07 10:27:07,917 - linear_actuator - DEBUG - String sent: 1S4=0,0,0

2023-02-07 10:27:07,918 - linear_actuator - DEBUG - String sent: 1PR S4

2023-02-07 10:27:08,019 - linear_actuator - INFO - Set S4=0,0,0[92m -> OK[0m
2023-02-07 10:27:08,019 - linear_actuator - INFO - Set S1 and S2 as limit switches for Linear Motor
2023-02-07 10:27:08,020 - linear_actuator - DEBUG - String sent: 1S1=2,1,0

2023-02-07 10:27:08,020 - linear_actuator - DEBUG - String sent: 1PR S1

2023-02-07 10:27:08,121 - linear_actuator - INFO - Set S1=2,1,0[92m -> OK[0m
2023-02-07 10:27:08,122 - linear_actuator - DEBUG - String sent: 1S2=3,1,0

2023-02-07 10:27:08,122 - linear_actuator - DEBUG - String sent: 1PR S2

2023-02-07 10:27:08,223 - linear_actuator - INFO - Set S2=3,1,0[92m -> OK[0m
2023-02-07 10:27:08,724 - linear_actuator - INFO - Set trigger from Photodiode to Linear encoder.
2023-02-07 10:27:08,725 - linear_actuator - DEBUG - String sent: 1S3=0,1,0

2023-02-07 10:27:08,725 - linear_actuator - DEBUG - String sent: 1PR S3

2023-02-07 10:27:08,827 - linear_actuator - INFO - Set S3=0,1,0[92m -> OK[0m
2023-02-07 10:27:18,267 - linear_actuator - DEBUG - String sent: 1PR MV

2023-02-07 10:27:57,677 - linear_actuator - DEBUG - String sent: 1PR I3

2023-02-07 10:28:26,019 - linear_actuator - INFO - Moving -1000 microsteps
2023-02-07 10:28:26,020 - linear_actuator - DEBUG - String sent: 1MR -1000

2023-02-07 10:28:26,020 - linear_actuator - DEBUG - String sent: 1PR I3

2023-02-07 10:29:27,799 - linear_actuator - DEBUG - String sent: 1PR I3

2023-02-07 10:29:34,475 - linear_actuator - DEBUG - String sent: 1PR I3

2023-02-07 10:29:37,434 - linear_actuator - DEBUG - String sent: 1PR I3

2023-02-07 10:29:49,039 - linear_actuator - INFO - Moving -1000 microsteps
2023-02-07 10:29:49,047 - linear_actuator - DEBUG - String sent: 1MR -1000

2023-02-07 10:29:49,047 - linear_actuator - DEBUG - String sent: 1PR I3

2023-02-07 10:29:49,148 - linear_actuator - DEBUG - String sent: 1PR MV

2023-02-07 10:29:57,611 - linear_actuator - INFO - Moving 1000 microsteps
2023-02-07 10:29:57,612 - linear_actuator - DEBUG - String sent: 1MR 1000

2023-02-07 10:29:57,612 - linear_actuator - DEBUG - String sent: 1PR I3

2023-02-07 10:31:37,372 - linear_actuator - INFO - Moving 1000 microsteps
2023-02-07 10:31:37,379 - linear_actuator - DEBUG - String sent: 1MR 1000

2023-02-07 10:31:37,380 - linear_actuator - DEBUG - String sent: 1PR I3

2023-02-07 10:32:43,944 - linear_actuator - INFO - Moving 1000 microsteps
2023-02-07 10:32:43,945 - linear_actuator - DEBUG - String sent: 1MR 1000

2023-02-07 10:32:43,945 - linear_actuator - DEBUG - String sent: 1PR I3

