2023-04-27 11:10:07,992 - linear_actuator - INFO - started logger
2023-04-27 11:10:07,992 - linear_actuator - INFO - CAUTION USING NON SPECIFIC CONFIG FILES
2023-04-27 11:10:07,992 - linear_actuator - INFO - Using config file (/home/shivaraj/Desktop/SBN/Pyhton2_to_3/SBND_laser_control/workspace/RunControl/devices/config/config_linear_actuator.json)
2023-04-27 11:10:14,811 - linear_actuator - INFO - CAUTION USING NON SPECIFIC CONFIG FILES
2023-04-27 11:10:14,811 - linear_actuator - INFO - Using config file (/home/shivaraj/Desktop/SBN/Pyhton2_to_3/SBND_laser_control/workspace/RunControl/devices/config/com_ports.json)
2023-04-27 11:10:15,813 - linear_actuator - INFO - Com port (/dev/ttyUSB0) opened
2023-04-27 11:10:18,751 - linear_actuator - INFO - ---------------- init axis -----------------
2023-04-27 11:10:18,751 - linear_actuator - DEBUG - String sent: 1MS=256

2023-04-27 11:10:18,751 - linear_actuator - DEBUG - String sent: 1PR MS

2023-04-27 11:10:18,852 - linear_actuator - INFO - Set MS=256[92m -> OK[0m
2023-04-27 11:10:18,853 - linear_actuator - DEBUG - String sent: 1A=400

2023-04-27 11:10:18,854 - linear_actuator - DEBUG - String sent: 1PR A

2023-04-27 11:10:18,955 - linear_actuator - INFO - Set A=400[92m -> OK[0m
2023-04-27 11:10:18,955 - linear_actuator - DEBUG - String sent: 1D=1000

2023-04-27 11:10:18,956 - linear_actuator - DEBUG - String sent: 1PR D

2023-04-27 11:10:19,057 - linear_actuator - INFO - Set D=1000[92m -> OK[0m
2023-04-27 11:10:19,058 - linear_actuator - DEBUG - String sent: 1VI=300

2023-04-27 11:10:19,058 - linear_actuator - DEBUG - String sent: 1PR VI

2023-04-27 11:10:19,159 - linear_actuator - INFO - Set VI=300[92m -> OK[0m
2023-04-27 11:10:19,160 - linear_actuator - DEBUG - String sent: 1VM=1600

2023-04-27 11:10:19,160 - linear_actuator - DEBUG - String sent: 1PR VM

2023-04-27 11:10:19,261 - linear_actuator - INFO - Set VM=1600[92m -> OK[0m
2023-04-27 11:10:19,262 - linear_actuator - DEBUG - String sent: 1HC=10

2023-04-27 11:10:19,263 - linear_actuator - DEBUG - String sent: 1PR HC

2023-04-27 11:10:19,364 - linear_actuator - INFO - Set HC=10[92m -> OK[0m
2023-04-27 11:10:19,364 - linear_actuator - DEBUG - String sent: 1RC=70

2023-04-27 11:10:19,365 - linear_actuator - DEBUG - String sent: 1PR RC

2023-04-27 11:10:19,465 - linear_actuator - INFO - Set RC=70[92m -> OK[0m
2023-04-27 11:10:19,466 - linear_actuator - DEBUG - String sent: 1EE=1

2023-04-27 11:10:19,466 - linear_actuator - DEBUG - String sent: 1PR EE

2023-04-27 11:10:19,567 - linear_actuator - INFO - Set EE=1[92m -> OK[0m
2023-04-27 11:10:19,567 - linear_actuator - DEBUG - String sent: 1SM=1

2023-04-27 11:10:19,568 - linear_actuator - DEBUG - String sent: 1PR SM

2023-04-27 11:10:19,669 - linear_actuator - INFO - Set SM=1[92m -> OK[0m
2023-04-27 11:10:19,670 - linear_actuator - DEBUG - String sent: 1SF=20

2023-04-27 11:10:19,670 - linear_actuator - DEBUG - String sent: 1PR SF

2023-04-27 11:10:19,771 - linear_actuator - INFO - Set SF=20[92m -> OK[0m
2023-04-27 11:10:19,772 - linear_actuator - DEBUG - String sent: 1S3=0,0,0

2023-04-27 11:10:19,773 - linear_actuator - DEBUG - String sent: 1PR S3

2023-04-27 11:10:19,873 - linear_actuator - INFO - Set S3=0,0,0[92m -> OK[0m
2023-04-27 11:10:19,874 - linear_actuator - DEBUG - String sent: 1S4=0,0,0

2023-04-27 11:10:19,875 - linear_actuator - DEBUG - String sent: 1PR S4

2023-04-27 11:10:19,975 - linear_actuator - INFO - Set S4=0,0,0[92m -> OK[0m
2023-04-27 11:10:19,976 - linear_actuator - INFO - Set S1 and S2 as limit switches for Linear Motor
2023-04-27 11:10:19,976 - linear_actuator - DEBUG - String sent: 1S1=2,1,0

2023-04-27 11:10:19,977 - linear_actuator - DEBUG - String sent: 1PR S1

2023-04-27 11:10:20,078 - linear_actuator - INFO - Set S1=2,1,0[92m -> OK[0m
2023-04-27 11:10:20,079 - linear_actuator - DEBUG - String sent: 1S2=3,1,0

2023-04-27 11:10:20,079 - linear_actuator - DEBUG - String sent: 1PR S2

2023-04-27 11:10:20,181 - linear_actuator - INFO - Set S2=3,1,0[92m -> OK[0m
2023-04-27 11:10:20,682 - linear_actuator - INFO - Set trigger from Photodiode to Linear encoder.
2023-04-27 11:10:20,683 - linear_actuator - DEBUG - String sent: 1S3=0,0,0

2023-04-27 11:10:20,684 - linear_actuator - DEBUG - String sent: 1PR S3

2023-04-27 11:10:20,785 - linear_actuator - INFO - Set S3=0,0,0[92m -> OK[0m
2023-04-27 11:10:23,377 - linear_actuator - INFO - CAUTION USING NON SPECIFIC CONFIG FILES
2023-04-27 11:10:23,377 - linear_actuator - INFO - Using config file (/home/shivaraj/Desktop/SBN/Pyhton2_to_3/SBND_laser_control/workspace/RunControl/devices/config/com_ports.json)
2023-04-27 11:10:24,379 - linear_actuator - INFO - Com port (/dev/ttyUSB0) opened
2023-04-27 11:10:27,317 - linear_actuator - INFO - ---------------- init axis -----------------
2023-04-27 11:10:27,318 - linear_actuator - DEBUG - String sent: 1MS=256

2023-04-27 11:10:27,318 - linear_actuator - DEBUG - String sent: 1PR MS

2023-04-27 11:10:27,419 - linear_actuator - INFO - Set MS=256[92m -> OK[0m
2023-04-27 11:10:27,420 - linear_actuator - DEBUG - String sent: 1A=400

2023-04-27 11:10:27,420 - linear_actuator - DEBUG - String sent: 1PR A

2023-04-27 11:10:27,521 - linear_actuator - INFO - Set A=400[92m -> OK[0m
2023-04-27 11:10:27,522 - linear_actuator - DEBUG - String sent: 1D=1000

2023-04-27 11:10:27,522 - linear_actuator - DEBUG - String sent: 1PR D

2023-04-27 11:10:27,623 - linear_actuator - INFO - Set D=1000[92m -> OK[0m
2023-04-27 11:10:27,624 - linear_actuator - DEBUG - String sent: 1VI=300

2023-04-27 11:10:27,624 - linear_actuator - DEBUG - String sent: 1PR VI

2023-04-27 11:10:27,725 - linear_actuator - INFO - Set VI=300[92m -> OK[0m
2023-04-27 11:10:27,726 - linear_actuator - DEBUG - String sent: 1VM=1600

2023-04-27 11:10:27,727 - linear_actuator - DEBUG - String sent: 1PR VM

2023-04-27 11:10:27,828 - linear_actuator - INFO - Set VM=1600[92m -> OK[0m
2023-04-27 11:10:27,828 - linear_actuator - DEBUG - String sent: 1HC=10

2023-04-27 11:10:27,829 - linear_actuator - DEBUG - String sent: 1PR HC

2023-04-27 11:10:27,930 - linear_actuator - INFO - Set HC=10[92m -> OK[0m
2023-04-27 11:10:27,931 - linear_actuator - DEBUG - String sent: 1RC=70

2023-04-27 11:10:27,931 - linear_actuator - DEBUG - String sent: 1PR RC

2023-04-27 11:10:28,032 - linear_actuator - INFO - Set RC=70[92m -> OK[0m
2023-04-27 11:10:28,032 - linear_actuator - DEBUG - String sent: 1EE=1

2023-04-27 11:10:28,032 - linear_actuator - DEBUG - String sent: 1PR EE

2023-04-27 11:10:28,133 - linear_actuator - INFO - Set EE=1[92m -> OK[0m
2023-04-27 11:10:28,134 - linear_actuator - DEBUG - String sent: 1SM=1

2023-04-27 11:10:28,134 - linear_actuator - DEBUG - String sent: 1PR SM

2023-04-27 11:10:28,235 - linear_actuator - INFO - Set SM=1[92m -> OK[0m
2023-04-27 11:10:28,236 - linear_actuator - DEBUG - String sent: 1SF=20

2023-04-27 11:10:28,236 - linear_actuator - DEBUG - String sent: 1PR SF

2023-04-27 11:10:28,338 - linear_actuator - INFO - Set SF=20[92m -> OK[0m
2023-04-27 11:10:28,338 - linear_actuator - DEBUG - String sent: 1S3=0,0,0

2023-04-27 11:10:28,339 - linear_actuator - DEBUG - String sent: 1PR S3

2023-04-27 11:10:28,440 - linear_actuator - INFO - Set S3=0,0,0[92m -> OK[0m
2023-04-27 11:10:28,440 - linear_actuator - DEBUG - String sent: 1S4=0,0,0

2023-04-27 11:10:28,441 - linear_actuator - DEBUG - String sent: 1PR S4

2023-04-27 11:10:28,542 - linear_actuator - INFO - Set S4=0,0,0[92m -> OK[0m
2023-04-27 11:10:28,543 - linear_actuator - INFO - Set S1 and S2 as limit switches for Linear Motor
2023-04-27 11:10:28,543 - linear_actuator - DEBUG - String sent: 1S1=2,1,0

2023-04-27 11:10:28,544 - linear_actuator - DEBUG - String sent: 1PR S1

2023-04-27 11:10:28,645 - linear_actuator - INFO - Set S1=2,1,0[92m -> OK[0m
2023-04-27 11:10:28,645 - linear_actuator - DEBUG - String sent: 1S2=3,1,0

2023-04-27 11:10:28,646 - linear_actuator - DEBUG - String sent: 1PR S2

2023-04-27 11:10:28,747 - linear_actuator - INFO - Set S2=3,1,0[92m -> OK[0m
2023-04-27 11:10:29,248 - linear_actuator - INFO - Set trigger from Photodiode to Linear encoder.
2023-04-27 11:10:29,249 - linear_actuator - DEBUG - String sent: 1S3=0,0,0

2023-04-27 11:10:29,250 - linear_actuator - DEBUG - String sent: 1PR S3

2023-04-27 11:10:29,351 - linear_actuator - INFO - Set S3=0,0,0[92m -> OK[0m
