2023-02-07 10:40:18,699 - linear_actuator - INFO - started logger
2023-02-07 10:40:18,699 - linear_actuator - INFO - CAUTION USING NON SPECIFIC CONFIG FILES
2023-02-07 10:40:18,700 - linear_actuator - INFO - Using config file (/home/shivaraj/Desktop/SBN/Pyhton2_to_3/SBND_laser_control/workspace/RunControl/devices/config/config_linear_actuator.json)
2023-02-07 10:40:21,204 - linear_actuator - INFO - CAUTION USING NON SPECIFIC CONFIG FILES
2023-02-07 10:40:21,204 - linear_actuator - INFO - Using config file (/home/shivaraj/Desktop/SBN/Pyhton2_to_3/SBND_laser_control/workspace/RunControl/devices/config/com_ports.json)
2023-02-07 10:40:22,209 - linear_actuator - INFO - Com port (/dev/ttyUSB0) opened
2023-02-07 10:40:24,841 - linear_actuator - INFO - ---------------- init axis -----------------
2023-02-07 10:40:24,841 - linear_actuator - DEBUG - String sent: 1MS=256

2023-02-07 10:40:24,841 - linear_actuator - DEBUG - String sent: 1PR MS

2023-02-07 10:40:24,942 - linear_actuator - INFO - Set MS=256[92m -> OK[0m
2023-02-07 10:40:24,943 - linear_actuator - DEBUG - String sent: 1A=400

2023-02-07 10:40:24,943 - linear_actuator - DEBUG - String sent: 1PR A

2023-02-07 10:40:25,044 - linear_actuator - INFO - Set A=400[92m -> OK[0m
2023-02-07 10:40:25,044 - linear_actuator - DEBUG - String sent: 1D=700

2023-02-07 10:40:25,045 - linear_actuator - DEBUG - String sent: 1PR D

2023-02-07 10:40:25,146 - linear_actuator - INFO - Set D=700[92m -> OK[0m
2023-02-07 10:40:25,146 - linear_actuator - DEBUG - String sent: 1VI=300

2023-02-07 10:40:25,147 - linear_actuator - DEBUG - String sent: 1PR VI

2023-02-07 10:40:25,248 - linear_actuator - INFO - Set VI=300[92m -> OK[0m
2023-02-07 10:40:25,248 - linear_actuator - DEBUG - String sent: 1VM=800

2023-02-07 10:40:25,249 - linear_actuator - DEBUG - String sent: 1PR VM

2023-02-07 10:40:25,350 - linear_actuator - INFO - Set VM=800[92m -> OK[0m
2023-02-07 10:40:25,350 - linear_actuator - DEBUG - String sent: 1HC=10

2023-02-07 10:40:25,351 - linear_actuator - DEBUG - String sent: 1PR HC

2023-02-07 10:40:25,452 - linear_actuator - INFO - Set HC=10[92m -> OK[0m
2023-02-07 10:40:25,452 - linear_actuator - DEBUG - String sent: 1RC=70

2023-02-07 10:40:25,453 - linear_actuator - DEBUG - String sent: 1PR RC

2023-02-07 10:40:25,554 - linear_actuator - INFO - Set RC=70[92m -> OK[0m
2023-02-07 10:40:25,554 - linear_actuator - DEBUG - String sent: 1EE=1

2023-02-07 10:40:25,555 - linear_actuator - DEBUG - String sent: 1PR EE

2023-02-07 10:40:25,656 - linear_actuator - INFO - Set EE=1[92m -> OK[0m
2023-02-07 10:40:25,657 - linear_actuator - DEBUG - String sent: 1S4=0,0,0

2023-02-07 10:40:25,657 - linear_actuator - DEBUG - String sent: 1PR S4

2023-02-07 10:40:25,758 - linear_actuator - INFO - Set S4=0,0,0[92m -> OK[0m
2023-02-07 10:40:25,759 - linear_actuator - INFO - Set S1 and S2 as limit switches for Linear Motor
2023-02-07 10:40:25,759 - linear_actuator - DEBUG - String sent: 1S1=2,1,0

2023-02-07 10:40:25,760 - linear_actuator - DEBUG - String sent: 1PR S1

2023-02-07 10:40:25,860 - linear_actuator - INFO - Set S1=2,1,0[92m -> OK[0m
2023-02-07 10:40:25,860 - linear_actuator - DEBUG - String sent: 1S2=3,1,0

2023-02-07 10:40:25,860 - linear_actuator - DEBUG - String sent: 1PR S2

2023-02-07 10:40:25,961 - linear_actuator - INFO - Set S2=3,1,0[92m -> OK[0m
2023-02-07 10:40:26,462 - linear_actuator - INFO - Set trigger from Photodiode to Linear encoder.
2023-02-07 10:40:26,463 - linear_actuator - DEBUG - String sent: 1S3=0,1,0

2023-02-07 10:40:26,463 - linear_actuator - DEBUG - String sent: 1PR S3

2023-02-07 10:40:26,565 - linear_actuator - INFO - Set S3=0,1,0[92m -> OK[0m
2023-02-07 10:40:32,074 - linear_actuator - DEBUG - String sent: 1PR I3

2023-02-07 10:40:42,900 - linear_actuator - INFO - Moving -1000 microsteps
2023-02-07 10:40:42,900 - linear_actuator - DEBUG - String sent: 1MR -1000

2023-02-07 10:40:42,900 - linear_actuator - DEBUG - String sent: 1PR MV

2023-02-07 10:40:43,001 - linear_actuator - DEBUG - String sent: 1PR I3

2023-02-07 10:40:43,102 - linear_actuator - DEBUG - String sent: 1PR MV

2023-02-07 10:40:43,203 - linear_actuator - DEBUG - String sent: 1PR I3

2023-02-07 10:40:43,305 - linear_actuator - DEBUG - String sent: 1PR MV

2023-02-07 10:40:43,406 - linear_actuator - DEBUG - String sent: 1PR I3

2023-02-07 10:40:43,507 - linear_actuator - DEBUG - String sent: 1PR MV

2023-02-07 10:40:43,608 - linear_actuator - DEBUG - String sent: 1PR I3

2023-02-07 10:40:43,709 - linear_actuator - DEBUG - String sent: 1PR P

2023-02-07 10:40:43,810 - linear_actuator - DEBUG - String sent: 1PR MV

2023-02-07 10:40:43,911 - linear_actuator - DEBUG - String sent: 1PR I3

2023-02-07 10:40:44,012 - linear_actuator - DEBUG - String sent: 1PR P

2023-02-07 10:40:44,113 - linear_actuator - DEBUG - String sent: 1PR MV

2023-02-07 10:40:44,214 - linear_actuator - DEBUG - String sent: 1PR I3

2023-02-07 10:40:44,315 - linear_actuator - DEBUG - String sent: 1PR MV

2023-02-07 10:40:44,417 - linear_actuator - DEBUG - String sent: 1PR I3

2023-02-07 10:40:44,518 - linear_actuator - DEBUG - String sent: 1PR MV

2023-02-07 10:40:44,619 - linear_actuator - DEBUG - String sent: 1PR I3

2023-02-07 10:40:44,720 - linear_actuator - DEBUG - String sent: 1PR MV

2023-02-07 10:40:44,821 - linear_actuator - DEBUG - String sent: 1PR I3

2023-02-07 10:40:44,922 - linear_actuator - DEBUG - String sent: 1PR MV

2023-02-07 10:40:45,023 - linear_actuator - DEBUG - String sent: 1PR I3

2023-02-07 10:40:45,125 - linear_actuator - DEBUG - String sent: 1PR MV

2023-02-07 10:40:45,226 - linear_actuator - DEBUG - String sent: 1PR I3

2023-02-07 10:40:45,327 - linear_actuator - DEBUG - String sent: 1PR MV

2023-02-07 10:40:45,428 - linear_actuator - DEBUG - String sent: 1PR I3

2023-02-07 10:40:45,530 - linear_actuator - DEBUG - String sent: 1PR P

2023-02-07 10:40:45,631 - linear_actuator - DEBUG - String sent: 1PR MV

2023-02-07 10:40:45,732 - linear_actuator - DEBUG - String sent: 1PR I3

2023-02-07 10:40:45,834 - linear_actuator - DEBUG - String sent: 1PR P

2023-02-07 10:40:45,935 - linear_actuator - DEBUG - String sent: 1PR MV

2023-02-07 10:40:46,035 - linear_actuator - DEBUG - String sent: 1PR I3

2023-02-07 10:40:46,136 - linear_actuator - DEBUG - String sent: 1PR MV

2023-02-07 10:40:46,238 - linear_actuator - DEBUG - String sent: 1PR I3

2023-02-07 10:40:46,339 - linear_actuator - DEBUG - String sent: 1PR MV

2023-02-07 10:40:46,441 - linear_actuator - DEBUG - String sent: 1PR I3

2023-02-07 10:40:46,542 - linear_actuator - DEBUG - String sent: 1PR MV

2023-02-07 10:40:46,643 - linear_actuator - DEBUG - String sent: 1PR I3

2023-02-07 10:40:46,745 - linear_actuator - DEBUG - String sent: 1PR MV

2023-02-07 10:40:46,846 - linear_actuator - DEBUG - String sent: 1PR I3

2023-02-07 10:40:46,948 - linear_actuator - DEBUG - String sent: 1PR MV

2023-02-07 10:40:47,049 - linear_actuator - DEBUG - String sent: 1PR I3

2023-02-07 10:40:47,151 - linear_actuator - DEBUG - String sent: 1PR MV

2023-02-07 10:40:47,252 - linear_actuator - DEBUG - String sent: 1PR I3

2023-02-07 10:40:47,353 - linear_actuator - DEBUG - String sent: 1PR MV

2023-02-07 10:40:47,455 - linear_actuator - DEBUG - String sent: 1PR I3

2023-02-07 10:40:47,557 - linear_actuator - DEBUG - String sent: 1PR P

2023-02-07 10:40:47,658 - linear_actuator - DEBUG - String sent: 1PR MV

2023-02-07 10:40:47,760 - linear_actuator - DEBUG - String sent: 1PR I3

2023-02-07 10:40:47,861 - linear_actuator - DEBUG - String sent: 1PR MV

2023-02-07 10:40:47,962 - linear_actuator - DEBUG - String sent: 1PR I3

2023-02-07 10:40:48,064 - linear_actuator - DEBUG - String sent: 1PR MV

2023-02-07 10:40:48,165 - linear_actuator - DEBUG - String sent: 1PR I3

2023-02-07 10:40:48,267 - linear_actuator - DEBUG - String sent: 1PR MV

2023-02-07 10:40:48,368 - linear_actuator - DEBUG - String sent: 1PR I3

2023-02-07 10:40:48,470 - linear_actuator - DEBUG - String sent: 1PR MV

2023-02-07 10:40:48,571 - linear_actuator - DEBUG - String sent: 1PR I3

2023-02-07 10:40:48,673 - linear_actuator - DEBUG - String sent: 1PR MV

2023-02-07 10:40:48,774 - linear_actuator - DEBUG - String sent: 1PR I3

2023-02-07 10:40:48,876 - linear_actuator - DEBUG - String sent: 1PR MV

2023-02-07 10:40:48,977 - linear_actuator - DEBUG - String sent: 1PR I3

2023-02-07 10:40:49,079 - linear_actuator - DEBUG - String sent: 1PR MV

2023-02-07 10:40:49,180 - linear_actuator - DEBUG - String sent: 1PR I3

2023-02-07 10:40:49,282 - linear_actuator - DEBUG - String sent: 1PR MV

2023-02-07 10:40:49,383 - linear_actuator - DEBUG - String sent: 1PR I3

2023-02-07 10:40:49,484 - linear_actuator - DEBUG - String sent: 1PR P

2023-02-07 10:40:49,586 - linear_actuator - DEBUG - String sent: 1PR MV

2023-02-07 10:40:49,687 - linear_actuator - DEBUG - String sent: 1PR I3

2023-02-07 10:40:49,789 - linear_actuator - DEBUG - String sent: 1PR MV

2023-02-07 10:40:49,890 - linear_actuator - DEBUG - String sent: 1PR I3

2023-02-07 10:40:49,992 - linear_actuator - DEBUG - String sent: 1PR MV

2023-02-07 10:40:50,094 - linear_actuator - DEBUG - String sent: 1PR I3

2023-02-07 10:40:50,195 - linear_actuator - DEBUG - String sent: 1PR MV

2023-02-07 10:40:50,297 - linear_actuator - DEBUG - String sent: 1PR I3

2023-02-07 10:40:50,398 - linear_actuator - DEBUG - String sent: 1PR MV

2023-02-07 10:40:50,499 - linear_actuator - DEBUG - String sent: 1PR I3

2023-02-07 10:40:50,601 - linear_actuator - DEBUG - String sent: 1PR MV

2023-02-07 10:40:50,702 - linear_actuator - DEBUG - String sent: 1PR I3

2023-02-07 10:40:50,804 - linear_actuator - DEBUG - String sent: 1PR MV

2023-02-07 10:40:50,906 - linear_actuator - DEBUG - String sent: 1PR I3

2023-02-07 10:40:51,007 - linear_actuator - DEBUG - String sent: 1PR MV

2023-02-07 10:40:51,108 - linear_actuator - DEBUG - String sent: 1PR I3

2023-02-07 10:40:51,210 - linear_actuator - DEBUG - String sent: 1PR P

2023-02-07 10:40:51,311 - linear_actuator - DEBUG - String sent: 1PR MV

2023-02-07 10:40:51,413 - linear_actuator - DEBUG - String sent: 1PR I3

2023-02-07 10:40:51,514 - linear_actuator - DEBUG - String sent: 1PR P

2023-02-07 10:40:51,616 - linear_actuator - DEBUG - String sent: 1PR MV

2023-02-07 10:40:51,717 - linear_actuator - DEBUG - String sent: 1PR I3

2023-02-07 10:40:51,819 - linear_actuator - DEBUG - String sent: 1PR MV

2023-02-07 10:40:51,920 - linear_actuator - DEBUG - String sent: 1PR I3

2023-02-07 10:40:52,021 - linear_actuator - DEBUG - String sent: 1PR MV

2023-02-07 10:40:52,123 - linear_actuator - DEBUG - String sent: 1PR I3

2023-02-07 10:40:52,225 - linear_actuator - DEBUG - String sent: 1PR MV

2023-02-07 10:40:52,326 - linear_actuator - DEBUG - String sent: 1PR I3

2023-02-07 10:40:52,428 - linear_actuator - DEBUG - String sent: 1PR MV

2023-02-07 10:40:52,529 - linear_actuator - DEBUG - String sent: 1PR I3

2023-02-07 10:40:52,630 - linear_actuator - DEBUG - String sent: 1PR MV

2023-02-07 10:40:52,732 - linear_actuator - DEBUG - String sent: 1PR I3

2023-02-07 10:40:52,834 - linear_actuator - DEBUG - String sent: 1PR MV

2023-02-07 10:40:52,935 - linear_actuator - DEBUG - String sent: 1PR I3

2023-02-07 10:40:53,037 - linear_actuator - DEBUG - String sent: 1PR MV

2023-02-07 10:40:53,138 - linear_actuator - DEBUG - String sent: 1PR I3

2023-02-07 10:40:53,240 - linear_actuator - DEBUG - String sent: 1PR MV

2023-02-07 10:40:53,341 - linear_actuator - DEBUG - String sent: 1PR I3

2023-02-07 10:40:53,442 - linear_actuator - DEBUG - String sent: 1PR MV

2023-02-07 10:40:53,544 - linear_actuator - DEBUG - String sent: 1PR I3

2023-02-07 10:40:53,645 - linear_actuator - DEBUG - String sent: 1PR MV

2023-02-07 10:40:53,747 - linear_actuator - DEBUG - String sent: 1PR I3

2023-02-07 10:40:53,848 - linear_actuator - DEBUG - String sent: 1PR MV

2023-02-07 10:40:53,949 - linear_actuator - DEBUG - String sent: 1PR I3

2023-02-07 10:40:54,051 - linear_actuator - DEBUG - String sent: 1PR MV

2023-02-07 10:40:54,153 - linear_actuator - DEBUG - String sent: 1PR I3

2023-02-07 10:40:54,254 - linear_actuator - DEBUG - String sent: 1PR MV

2023-02-07 10:40:54,356 - linear_actuator - DEBUG - String sent: 1PR I3

2023-02-07 10:40:54,457 - linear_actuator - DEBUG - String sent: 1PR MV

2023-02-07 10:40:54,559 - linear_actuator - DEBUG - String sent: 1PR I3

2023-02-07 10:40:54,660 - linear_actuator - DEBUG - String sent: 1PR MV

2023-02-07 10:40:54,762 - linear_actuator - DEBUG - String sent: 1PR I3

2023-02-07 10:40:54,863 - linear_actuator - DEBUG - String sent: 1PR MV

2023-02-07 10:40:54,965 - linear_actuator - DEBUG - String sent: 1PR I3

2023-02-07 10:40:55,066 - linear_actuator - DEBUG - String sent: 1PR MV

2023-02-07 10:40:55,168 - linear_actuator - DEBUG - String sent: 1PR I3

2023-02-07 10:40:55,269 - linear_actuator - DEBUG - String sent: 1PR MV

2023-02-07 10:40:55,371 - linear_actuator - DEBUG - String sent: 1PR I3

2023-02-07 10:40:55,472 - linear_actuator - DEBUG - String sent: 1PR MV

2023-02-07 10:40:55,573 - linear_actuator - DEBUG - String sent: 1PR I3

2023-02-07 10:40:55,675 - linear_actuator - DEBUG - String sent: 1PR MV

2023-02-07 10:40:55,776 - linear_actuator - DEBUG - String sent: 1PR I3

2023-02-07 10:40:55,878 - linear_actuator - DEBUG - String sent: 1PR P

2023-02-07 10:40:55,979 - linear_actuator - DEBUG - String sent: 1PR MV

2023-02-07 10:40:56,081 - linear_actuator - DEBUG - String sent: 1PR I3

2023-02-07 10:40:56,182 - linear_actuator - DEBUG - String sent: 1PR P

2023-02-07 10:40:56,290 - linear_actuator - DEBUG - String sent: 1PR MV

2023-02-07 10:40:56,391 - linear_actuator - DEBUG - String sent: 1PR I3

2023-02-07 10:40:56,492 - linear_actuator - DEBUG - String sent: 1PR MV

2023-02-07 10:40:56,594 - linear_actuator - DEBUG - String sent: 1PR I3

2023-02-07 10:40:56,695 - linear_actuator - DEBUG - String sent: 1PR MV

2023-02-07 10:40:56,797 - linear_actuator - DEBUG - String sent: 1PR I3

2023-02-07 10:40:56,899 - linear_actuator - DEBUG - String sent: 1PR MV

2023-02-07 10:40:57,000 - linear_actuator - DEBUG - String sent: 1PR I3

2023-02-07 10:40:57,102 - linear_actuator - DEBUG - String sent: 1PR P

2023-02-07 10:40:57,203 - linear_actuator - DEBUG - String sent: 1PR MV

2023-02-07 10:40:57,305 - linear_actuator - DEBUG - String sent: 1PR I3

2023-02-07 10:40:57,407 - linear_actuator - DEBUG - String sent: 1PR P

2023-02-07 10:40:57,508 - linear_actuator - DEBUG - String sent: 1PR MV

2023-02-07 10:40:57,610 - linear_actuator - DEBUG - String sent: 1PR I3

2023-02-07 10:40:57,711 - linear_actuator - DEBUG - String sent: 1PR MV

2023-02-07 10:40:57,813 - linear_actuator - DEBUG - String sent: 1PR I3

2023-02-07 10:40:57,914 - linear_actuator - DEBUG - String sent: 1PR MV

2023-02-07 10:40:58,016 - linear_actuator - DEBUG - String sent: 1PR I3

2023-02-07 10:40:58,117 - linear_actuator - DEBUG - String sent: 1PR MV

2023-02-07 10:40:58,219 - linear_actuator - DEBUG - String sent: 1PR I3

2023-02-07 10:40:58,320 - linear_actuator - DEBUG - String sent: 1PR MV

2023-02-07 10:40:58,422 - linear_actuator - DEBUG - String sent: 1PR I3

2023-02-07 10:40:58,523 - linear_actuator - DEBUG - String sent: 1PR P

2023-02-07 10:40:58,625 - linear_actuator - DEBUG - String sent: 1PR MV

2023-02-07 10:40:58,727 - linear_actuator - DEBUG - String sent: 1PR I3

2023-02-07 10:40:58,828 - linear_actuator - DEBUG - String sent: 1PR MV

2023-02-07 10:40:58,930 - linear_actuator - DEBUG - String sent: 1PR I3

2023-02-07 10:40:59,031 - linear_actuator - DEBUG - String sent: 1PR MV

2023-02-07 10:40:59,132 - linear_actuator - DEBUG - String sent: 1PR I3

2023-02-07 10:40:59,234 - linear_actuator - DEBUG - String sent: 1PR MV

2023-02-07 10:40:59,335 - linear_actuator - DEBUG - String sent: 1PR I3

2023-02-07 10:40:59,437 - linear_actuator - DEBUG - String sent: 1PR MV

