2023-01-18 14:23:27,147 - linear_actuator - INFO - started logger
2023-01-18 14:23:27,147 - linear_actuator - INFO - CAUTION USING NON SPECIFIC CONFIG FILES
2023-01-18 14:23:27,147 - linear_actuator - INFO - Using config file (/home/shivaraj/Desktop/SBN/Pyhton2_to_3/SBND_laser_control/workspace/RunControl/devices/config/config_linear_actuator.json)
2023-01-18 14:23:28,757 - linear_actuator - INFO - CAUTION USING NON SPECIFIC CONFIG FILES
2023-01-18 14:23:28,757 - linear_actuator - INFO - Using config file (/home/shivaraj/Desktop/SBN/Pyhton2_to_3/SBND_laser_control/workspace/RunControl/devices/config/com_ports.json)
2023-01-18 14:23:29,762 - linear_actuator - INFO - Com port (/dev/ttyUSB0) opened
2023-01-18 14:23:32,488 - linear_actuator - INFO - ---------------- init axis -----------------
2023-01-18 14:23:32,488 - linear_actuator - DEBUG - String sent: 1MS=256

2023-01-18 14:23:32,489 - linear_actuator - DEBUG - String sent: 1PR MS

2023-01-18 14:23:32,590 - linear_actuator - INFO - Set MS=256[92m -> OK[0m
2023-01-18 14:23:32,591 - linear_actuator - DEBUG - String sent: 1A=400

2023-01-18 14:23:32,591 - linear_actuator - DEBUG - String sent: 1PR A

2023-01-18 14:23:32,692 - linear_actuator - INFO - Set A=400[92m -> OK[0m
2023-01-18 14:23:32,692 - linear_actuator - DEBUG - String sent: 1D=700

2023-01-18 14:23:32,693 - linear_actuator - DEBUG - String sent: 1PR D

2023-01-18 14:23:32,794 - linear_actuator - INFO - Set D=700[92m -> OK[0m
2023-01-18 14:23:32,794 - linear_actuator - DEBUG - String sent: 1VI=300

2023-01-18 14:23:32,795 - linear_actuator - DEBUG - String sent: 1PR VI

2023-01-18 14:23:32,895 - linear_actuator - INFO - Set VI=300[92m -> OK[0m
2023-01-18 14:23:32,895 - linear_actuator - DEBUG - String sent: 1VM=800

2023-01-18 14:23:32,895 - linear_actuator - DEBUG - String sent: 1PR VM

2023-01-18 14:23:32,996 - linear_actuator - INFO - Set VM=800[92m -> OK[0m
2023-01-18 14:23:32,996 - linear_actuator - DEBUG - String sent: 1HC=10

2023-01-18 14:23:32,997 - linear_actuator - DEBUG - String sent: 1PR HC

2023-01-18 14:23:33,097 - linear_actuator - INFO - Set HC=10[92m -> OK[0m
2023-01-18 14:23:33,098 - linear_actuator - DEBUG - String sent: 1RC=70

2023-01-18 14:23:33,098 - linear_actuator - DEBUG - String sent: 1PR RC

2023-01-18 14:23:33,200 - linear_actuator - INFO - Set RC=70[92m -> OK[0m
2023-01-18 14:23:33,200 - linear_actuator - DEBUG - String sent: 1EE=1

2023-01-18 14:23:33,201 - linear_actuator - DEBUG - String sent: 1PR EE

2023-01-18 14:23:33,302 - linear_actuator - INFO - Set EE=1[92m -> OK[0m
2023-01-18 14:23:33,302 - linear_actuator - DEBUG - String sent: 1S3=0,0,0

2023-01-18 14:23:33,303 - linear_actuator - DEBUG - String sent: 1PR S3

2023-01-18 14:23:33,404 - linear_actuator - INFO - Set S3=0,0,0[92m -> OK[0m
2023-01-18 14:23:33,405 - linear_actuator - DEBUG - String sent: 1S4=0,0,0

2023-01-18 14:23:33,405 - linear_actuator - DEBUG - String sent: 1PR S4

2023-01-18 14:23:33,506 - linear_actuator - INFO - Set S4=0,0,0[92m -> OK[0m
2023-01-18 14:23:33,506 - linear_actuator - INFO - Set S1 and S2 as limit switches for Linear Motor
2023-01-18 14:23:33,507 - linear_actuator - DEBUG - String sent: 1S1=2,1,0

2023-01-18 14:23:33,507 - linear_actuator - DEBUG - String sent: 1PR S1

2023-01-18 14:23:33,608 - linear_actuator - INFO - Set S1=2,1,0[92m -> OK[0m
2023-01-18 14:23:33,609 - linear_actuator - DEBUG - String sent: 1S2=3,1,0

2023-01-18 14:23:33,609 - linear_actuator - DEBUG - String sent: 1PR S2

2023-01-18 14:23:33,710 - linear_actuator - INFO - Set S2=3,1,0[92m -> OK[0m
2023-01-18 14:23:47,313 - linear_actuator - INFO - Moving 1000 microsteps
2023-01-18 14:23:47,314 - linear_actuator - DEBUG - String sent: 1MR 1000

2023-01-18 14:23:52,571 - linear_actuator - INFO - Moving -1000 microsteps
2023-01-18 14:23:52,572 - linear_actuator - DEBUG - String sent: 1MR -1000

2023-01-18 14:24:08,722 - linear_actuator - INFO - CAUTION USING NON SPECIFIC CONFIG FILES
2023-01-18 14:24:08,722 - linear_actuator - INFO - Using config file (/home/shivaraj/Desktop/SBN/Pyhton2_to_3/SBND_laser_control/workspace/RunControl/devices/config/com_ports.json)
2023-01-18 14:24:09,725 - linear_actuator - INFO - Com port (/dev/ttyUSB0) opened
2023-01-18 14:24:12,453 - linear_actuator - INFO - ---------------- init axis -----------------
2023-01-18 14:24:12,453 - linear_actuator - DEBUG - String sent: 1MS=256

2023-01-18 14:24:12,453 - linear_actuator - DEBUG - String sent: 1PR MS

2023-01-18 14:24:12,554 - linear_actuator - INFO - Set MS=256[92m -> OK[0m
2023-01-18 14:24:12,555 - linear_actuator - DEBUG - String sent: 1A=400

2023-01-18 14:24:12,555 - linear_actuator - DEBUG - String sent: 1PR A

2023-01-18 14:24:12,656 - linear_actuator - INFO - Set A=400[92m -> OK[0m
2023-01-18 14:24:12,657 - linear_actuator - DEBUG - String sent: 1D=700

2023-01-18 14:24:12,657 - linear_actuator - DEBUG - String sent: 1PR D

2023-01-18 14:24:12,758 - linear_actuator - INFO - Set D=700[92m -> OK[0m
2023-01-18 14:24:12,758 - linear_actuator - DEBUG - String sent: 1VI=300

2023-01-18 14:24:12,759 - linear_actuator - DEBUG - String sent: 1PR VI

2023-01-18 14:24:12,860 - linear_actuator - INFO - Set VI=300[92m -> OK[0m
2023-01-18 14:24:12,860 - linear_actuator - DEBUG - String sent: 1VM=800

2023-01-18 14:24:12,860 - linear_actuator - DEBUG - String sent: 1PR VM

2023-01-18 14:24:12,961 - linear_actuator - INFO - Set VM=800[92m -> OK[0m
2023-01-18 14:24:12,962 - linear_actuator - DEBUG - String sent: 1HC=10

2023-01-18 14:24:12,962 - linear_actuator - DEBUG - String sent: 1PR HC

2023-01-18 14:24:13,064 - linear_actuator - INFO - Set HC=10[92m -> OK[0m
2023-01-18 14:24:13,064 - linear_actuator - DEBUG - String sent: 1RC=70

2023-01-18 14:24:13,065 - linear_actuator - DEBUG - String sent: 1PR RC

2023-01-18 14:24:13,166 - linear_actuator - INFO - Set RC=70[92m -> OK[0m
2023-01-18 14:24:13,166 - linear_actuator - DEBUG - String sent: 1EE=1

2023-01-18 14:24:13,167 - linear_actuator - DEBUG - String sent: 1PR EE

2023-01-18 14:24:13,268 - linear_actuator - INFO - Set EE=1[92m -> OK[0m
2023-01-18 14:24:13,268 - linear_actuator - DEBUG - String sent: 1S3=0,0,0

2023-01-18 14:24:13,269 - linear_actuator - DEBUG - String sent: 1PR S3

2023-01-18 14:24:13,369 - linear_actuator - INFO - Set S3=0,0,0[92m -> OK[0m
2023-01-18 14:24:13,370 - linear_actuator - DEBUG - String sent: 1S4=0,0,0

2023-01-18 14:24:13,370 - linear_actuator - DEBUG - String sent: 1PR S4

2023-01-18 14:24:13,470 - linear_actuator - INFO - Set S4=0,0,0[92m -> OK[0m
2023-01-18 14:24:13,471 - linear_actuator - INFO - Set S1 and S2 as limit switches for Linear Motor
2023-01-18 14:24:13,471 - linear_actuator - DEBUG - String sent: 1S1=2,1,0

2023-01-18 14:24:13,471 - linear_actuator - DEBUG - String sent: 1PR S1

2023-01-18 14:24:13,572 - linear_actuator - INFO - Set S1=2,1,0[92m -> OK[0m
2023-01-18 14:24:13,572 - linear_actuator - DEBUG - String sent: 1S2=3,1,0

2023-01-18 14:24:13,572 - linear_actuator - DEBUG - String sent: 1PR S2

2023-01-18 14:24:13,673 - linear_actuator - INFO - Set S2=3,1,0[92m -> OK[0m
