2023-04-05 16:13:30,845 - linear_actuator - INFO - started logger
2023-04-05 16:13:30,845 - linear_actuator - INFO - CAUTION USING NON SPECIFIC CONFIG FILES
2023-04-05 16:13:30,845 - linear_actuator - INFO - Using config file (/home/shivaraj/Desktop/SBN/Pyhton2_to_3/SBND_laser_control/workspace/RunControl/devices/config/config_linear_actuator.json)
2023-04-05 16:13:32,255 - linear_actuator - INFO - CAUTION USING NON SPECIFIC CONFIG FILES
2023-04-05 16:13:32,256 - linear_actuator - INFO - Using config file (/home/shivaraj/Desktop/SBN/Pyhton2_to_3/SBND_laser_control/workspace/RunControl/devices/config/com_ports.json)
2023-04-05 16:13:33,261 - linear_actuator - INFO - Com port (/dev/ttyUSB0) opened
2023-04-05 16:13:38,100 - linear_actuator - INFO - ---------------- init axis -----------------
2023-04-05 16:13:38,202 - linear_actuator - DEBUG - String sent: 1MS=256

2023-04-05 16:13:38,303 - linear_actuator - DEBUG - String sent: 1PR MS

2023-04-05 16:13:38,404 - linear_actuator - INFO - Set MS=256[92m -> OK[0m
2023-04-05 16:13:38,505 - linear_actuator - DEBUG - String sent: 1A=400

2023-04-05 16:13:38,607 - linear_actuator - DEBUG - String sent: 1PR A

2023-04-05 16:13:38,708 - linear_actuator - INFO - Set A=400[92m -> OK[0m
2023-04-05 16:13:38,809 - linear_actuator - DEBUG - String sent: 1D=700

2023-04-05 16:13:38,911 - linear_actuator - DEBUG - String sent: 1PR D

2023-04-05 16:13:39,013 - linear_actuator - INFO - Set D=700[92m -> OK[0m
2023-04-05 16:13:39,114 - linear_actuator - DEBUG - String sent: 1VI=300

2023-04-05 16:13:39,215 - linear_actuator - DEBUG - String sent: 1PR VI

2023-04-05 16:13:39,316 - linear_actuator - INFO - Set VI=300[92m -> OK[0m
2023-04-05 16:13:39,418 - linear_actuator - DEBUG - String sent: 1VM=800

2023-04-05 16:13:39,519 - linear_actuator - DEBUG - String sent: 1PR VM

2023-04-05 16:13:39,620 - linear_actuator - INFO - Set VM=800[92m -> OK[0m
2023-04-05 16:13:39,721 - linear_actuator - DEBUG - String sent: 1HC=10

2023-04-05 16:13:39,823 - linear_actuator - DEBUG - String sent: 1PR HC

2023-04-05 16:13:39,924 - linear_actuator - INFO - Set HC=10[92m -> OK[0m
2023-04-05 16:13:40,026 - linear_actuator - DEBUG - String sent: 1RC=70

2023-04-05 16:13:40,127 - linear_actuator - DEBUG - String sent: 1PR RC

2023-04-05 16:13:40,227 - linear_actuator - INFO - Set RC=70[92m -> OK[0m
2023-04-05 16:13:40,328 - linear_actuator - DEBUG - String sent: 1EE=1

2023-04-05 16:13:40,429 - linear_actuator - DEBUG - String sent: 1PR EE

2023-04-05 16:13:40,530 - linear_actuator - INFO - Set EE=1[92m -> OK[0m
2023-04-05 16:13:40,632 - linear_actuator - DEBUG - String sent: 1S4=0,0,0

2023-04-05 16:13:40,733 - linear_actuator - DEBUG - String sent: 1PR S4

2023-04-05 16:13:40,834 - linear_actuator - INFO - Set S4=0,0,0[92m -> OK[0m
2023-04-05 16:13:40,835 - linear_actuator - INFO - Set S1 and S2 as limit switches for Linear Motor
2023-04-05 16:13:40,936 - linear_actuator - DEBUG - String sent: 1S1=2,1,0

2023-04-05 16:13:41,037 - linear_actuator - DEBUG - String sent: 1PR S1

2023-04-05 16:13:41,139 - linear_actuator - INFO - Set S1=2,1,0[92m -> OK[0m
2023-04-05 16:13:41,239 - linear_actuator - DEBUG - String sent: 1S2=3,1,0

2023-04-05 16:13:41,340 - linear_actuator - DEBUG - String sent: 1PR S2

2023-04-05 16:13:41,442 - linear_actuator - INFO - Set S2=3,1,0[92m -> OK[0m
2023-04-05 16:13:41,943 - linear_actuator - INFO - Set trigger from Photodiode to Linear encoder.
2023-04-05 16:13:42,044 - linear_actuator - DEBUG - String sent: 1S3=0,0,0

2023-04-05 16:13:42,145 - linear_actuator - DEBUG - String sent: 1PR S3

2023-04-05 16:13:42,246 - linear_actuator - INFO - Set S3=0,0,0[92m -> OK[0m
2023-04-05 16:13:54,577 - linear_actuator - DEBUG - String sent: 1PR P

2023-04-05 16:13:54,678 - linear_actuator - INFO - Moving 150 microsteps
2023-04-05 16:13:54,779 - linear_actuator - DEBUG - String sent: 1MR 150

2023-04-05 16:13:58,642 - linear_actuator - DEBUG - String sent: 1PR P

2023-04-05 16:13:58,743 - linear_actuator - INFO - Moving 1500 microsteps
2023-04-05 16:13:58,844 - linear_actuator - DEBUG - String sent: 1MR 1500

