2023-04-05 16:18:30,175 - linear_actuator - INFO - started logger
2023-04-05 16:18:30,175 - linear_actuator - INFO - CAUTION USING NON SPECIFIC CONFIG FILES
2023-04-05 16:18:30,175 - linear_actuator - INFO - Using config file (/home/shivaraj/Desktop/SBN/Pyhton2_to_3/SBND_laser_control/workspace/RunControl/devices/config/config_linear_actuator.json)
2023-04-05 16:18:32,421 - linear_actuator - INFO - CAUTION USING NON SPECIFIC CONFIG FILES
2023-04-05 16:18:32,421 - linear_actuator - INFO - Using config file (/home/shivaraj/Desktop/SBN/Pyhton2_to_3/SBND_laser_control/workspace/RunControl/devices/config/com_ports.json)
2023-04-05 16:18:33,424 - linear_actuator - INFO - Com port (/dev/ttyUSB0) opened
2023-04-05 16:18:38,258 - linear_actuator - INFO - ---------------- init axis -----------------
2023-04-05 16:18:38,358 - linear_actuator - DEBUG - String sent: 1MS=256

2023-04-05 16:18:38,460 - linear_actuator - DEBUG - String sent: 1PR MS

2023-04-05 16:18:38,561 - linear_actuator - INFO - Set MS=256[92m -> OK[0m
2023-04-05 16:18:38,662 - linear_actuator - DEBUG - String sent: 1A=400

2023-04-05 16:18:38,763 - linear_actuator - DEBUG - String sent: 1PR A

2023-04-05 16:18:38,865 - linear_actuator - INFO - Set A=400[92m -> OK[0m
2023-04-05 16:18:38,966 - linear_actuator - DEBUG - String sent: 1D=700

2023-04-05 16:18:39,066 - linear_actuator - DEBUG - String sent: 1PR D

2023-04-05 16:18:39,167 - linear_actuator - INFO - Set D=700[92m -> OK[0m
2023-04-05 16:18:39,267 - linear_actuator - DEBUG - String sent: 1VI=300

2023-04-05 16:18:39,368 - linear_actuator - DEBUG - String sent: 1PR VI

2023-04-05 16:18:39,470 - linear_actuator - INFO - Set VI=300[92m -> OK[0m
2023-04-05 16:18:39,571 - linear_actuator - DEBUG - String sent: 1VM=800

2023-04-05 16:18:39,672 - linear_actuator - DEBUG - String sent: 1PR VM

2023-04-05 16:18:39,774 - linear_actuator - INFO - Set VM=800[92m -> OK[0m
2023-04-05 16:18:39,875 - linear_actuator - DEBUG - String sent: 1HC=10

2023-04-05 16:18:39,976 - linear_actuator - DEBUG - String sent: 1PR HC

2023-04-05 16:18:40,077 - linear_actuator - INFO - Set HC=10[92m -> OK[0m
2023-04-05 16:18:40,178 - linear_actuator - DEBUG - String sent: 1RC=70

2023-04-05 16:18:40,279 - linear_actuator - DEBUG - String sent: 1PR RC

2023-04-05 16:18:40,379 - linear_actuator - INFO - Set RC=70[92m -> OK[0m
2023-04-05 16:18:40,480 - linear_actuator - DEBUG - String sent: 1EE=1

2023-04-05 16:18:40,581 - linear_actuator - DEBUG - String sent: 1PR EE

2023-04-05 16:18:40,682 - linear_actuator - INFO - Set EE=1[92m -> OK[0m
2023-04-05 16:18:40,783 - linear_actuator - DEBUG - String sent: 1S4=0,0,0

2023-04-05 16:18:40,884 - linear_actuator - DEBUG - String sent: 1PR S4

2023-04-05 16:18:40,985 - linear_actuator - INFO - Set S4=0,0,0[92m -> OK[0m
2023-04-05 16:18:40,986 - linear_actuator - INFO - Set S1 and S2 as limit switches for Linear Motor
2023-04-05 16:18:41,087 - linear_actuator - DEBUG - String sent: 1S1=2,1,0

2023-04-05 16:18:41,188 - linear_actuator - DEBUG - String sent: 1PR S1

2023-04-05 16:18:41,288 - linear_actuator - INFO - Set S1=2,1,0[92m -> OK[0m
2023-04-05 16:18:41,389 - linear_actuator - DEBUG - String sent: 1S2=3,1,0

2023-04-05 16:18:41,490 - linear_actuator - DEBUG - String sent: 1PR S2

2023-04-05 16:18:41,591 - linear_actuator - INFO - Set S2=3,1,0[92m -> OK[0m
2023-04-05 16:18:42,092 - linear_actuator - INFO - Set trigger from Photodiode to Linear encoder.
2023-04-05 16:18:42,193 - linear_actuator - DEBUG - String sent: 1S3=0,0,0

2023-04-05 16:18:42,294 - linear_actuator - DEBUG - String sent: 1PR S3

2023-04-05 16:18:42,395 - linear_actuator - INFO - Set S3=0,0,0[92m -> OK[0m
