2023-04-03 16:54:06,915 - linear_actuator - INFO - started logger
2023-04-03 16:54:06,915 - linear_actuator - INFO - CAUTION USING NON SPECIFIC CONFIG FILES
2023-04-03 16:54:06,915 - linear_actuator - INFO - Using config file (/home/shivaraj/Desktop/SBN/Pyhton2_to_3/SBND_laser_control/workspace/RunControl/devices/config/config_linear_actuator.json)
2023-04-03 16:54:10,995 - linear_actuator - INFO - CAUTION USING NON SPECIFIC CONFIG FILES
2023-04-03 16:54:10,995 - linear_actuator - INFO - Using config file (/home/shivaraj/Desktop/SBN/Pyhton2_to_3/SBND_laser_control/workspace/RunControl/devices/config/com_ports.json)
2023-04-03 16:54:11,999 - linear_actuator - INFO - Com port (/dev/ttyUSB0) opened
2023-04-03 16:54:14,626 - linear_actuator - INFO - ---------------- init axis -----------------
2023-04-03 16:54:14,626 - linear_actuator - DEBUG - String sent: 1MS=256

2023-04-03 16:54:14,626 - linear_actuator - DEBUG - String sent: 1PR MS

2023-04-03 16:54:14,727 - linear_actuator - INFO - Set MS=256[92m -> OK[0m
2023-04-03 16:54:14,727 - linear_actuator - DEBUG - String sent: 1A=400

2023-04-03 16:54:14,727 - linear_actuator - DEBUG - String sent: 1PR A

2023-04-03 16:54:14,828 - linear_actuator - INFO - Set A=400[92m -> OK[0m
2023-04-03 16:54:14,829 - linear_actuator - DEBUG - String sent: 1D=700

2023-04-03 16:54:14,829 - linear_actuator - DEBUG - String sent: 1PR D

2023-04-03 16:54:14,930 - linear_actuator - INFO - Set D=700[92m -> OK[0m
2023-04-03 16:54:14,931 - linear_actuator - DEBUG - String sent: 1VI=300

2023-04-03 16:54:14,931 - linear_actuator - DEBUG - String sent: 1PR VI

2023-04-03 16:54:15,032 - linear_actuator - INFO - Set VI=300[92m -> OK[0m
2023-04-03 16:54:15,033 - linear_actuator - DEBUG - String sent: 1VM=800

2023-04-03 16:54:15,033 - linear_actuator - DEBUG - String sent: 1PR VM

2023-04-03 16:54:15,134 - linear_actuator - INFO - Set VM=800[92m -> OK[0m
2023-04-03 16:54:15,135 - linear_actuator - DEBUG - String sent: 1HC=10

2023-04-03 16:54:15,135 - linear_actuator - DEBUG - String sent: 1PR HC

2023-04-03 16:54:15,236 - linear_actuator - INFO - Set HC=10[92m -> OK[0m
2023-04-03 16:54:15,237 - linear_actuator - DEBUG - String sent: 1RC=70

2023-04-03 16:54:15,238 - linear_actuator - DEBUG - String sent: 1PR RC

2023-04-03 16:54:15,339 - linear_actuator - INFO - Set RC=70[92m -> OK[0m
2023-04-03 16:54:15,340 - linear_actuator - DEBUG - String sent: 1EE=1

2023-04-03 16:54:15,340 - linear_actuator - DEBUG - String sent: 1PR EE

2023-04-03 16:54:15,441 - linear_actuator - INFO - Set EE=1[92m -> OK[0m
2023-04-03 16:54:15,442 - linear_actuator - DEBUG - String sent: 1S4=0,0,0

2023-04-03 16:54:15,442 - linear_actuator - DEBUG - String sent: 1PR S4

2023-04-03 16:54:15,543 - linear_actuator - INFO - Set S4=0,0,0[92m -> OK[0m
2023-04-03 16:54:15,544 - linear_actuator - INFO - Set S1 and S2 as limit switches for Linear Motor
2023-04-03 16:54:15,545 - linear_actuator - DEBUG - String sent: 1S1=2,1,0

2023-04-03 16:54:15,545 - linear_actuator - DEBUG - String sent: 1PR S1

2023-04-03 16:54:15,646 - linear_actuator - INFO - Set S1=2,1,0[92m -> OK[0m
2023-04-03 16:54:15,646 - linear_actuator - DEBUG - String sent: 1S2=3,1,0

2023-04-03 16:54:15,646 - linear_actuator - DEBUG - String sent: 1PR S2

2023-04-03 16:54:15,747 - linear_actuator - INFO - Set S2=3,1,0[92m -> OK[0m
2023-04-03 16:54:16,248 - linear_actuator - INFO - Set trigger from Photodiode to Linear encoder.
2023-04-03 16:54:16,249 - linear_actuator - DEBUG - String sent: 1S3=0,0,0

2023-04-03 16:54:16,250 - linear_actuator - DEBUG - String sent: 1PR S3

2023-04-03 16:54:16,351 - linear_actuator - INFO - Set S3=0,0,0[92m -> OK[0m
