2023-04-05 15:20:11,499 - linear_actuator - INFO - started logger
2023-04-05 15:20:11,500 - linear_actuator - INFO - CAUTION USING NON SPECIFIC CONFIG FILES
2023-04-05 15:20:11,500 - linear_actuator - INFO - Using config file (/home/shivaraj/Desktop/SBN/Pyhton2_to_3/SBND_laser_control/workspace/RunControl/devices/config/config_linear_actuator.json)
2023-04-05 15:20:13,026 - linear_actuator - INFO - CAUTION USING NON SPECIFIC CONFIG FILES
2023-04-05 15:20:13,027 - linear_actuator - INFO - Using config file (/home/shivaraj/Desktop/SBN/Pyhton2_to_3/SBND_laser_control/workspace/RunControl/devices/config/com_ports.json)
2023-04-05 15:20:14,038 - linear_actuator - INFO - Com port (/dev/ttyUSB0) opened
2023-04-05 15:20:18,865 - linear_actuator - INFO - ---------------- init axis -----------------
2023-04-05 15:20:18,965 - linear_actuator - DEBUG - String sent: 1MS=256

2023-04-05 15:20:19,066 - linear_actuator - DEBUG - String sent: 1PR MS

2023-04-05 15:20:19,167 - linear_actuator - INFO - Set MS=256[92m -> OK[0m
2023-04-05 15:20:19,267 - linear_actuator - DEBUG - String sent: 1A=400

2023-04-05 15:20:19,368 - linear_actuator - DEBUG - String sent: 1PR A

2023-04-05 15:20:19,469 - linear_actuator - INFO - Set A=400[92m -> OK[0m
2023-04-05 15:20:19,570 - linear_actuator - DEBUG - String sent: 1D=700

2023-04-05 15:20:19,671 - linear_actuator - DEBUG - String sent: 1PR D

2023-04-05 15:20:19,772 - linear_actuator - INFO - Set D=700[92m -> OK[0m
2023-04-05 15:20:19,873 - linear_actuator - DEBUG - String sent: 1VI=300

2023-04-05 15:20:19,973 - linear_actuator - DEBUG - String sent: 1PR VI

2023-04-05 15:20:20,074 - linear_actuator - INFO - Set VI=300[92m -> OK[0m
2023-04-05 15:20:20,175 - linear_actuator - DEBUG - String sent: 1VM=800

2023-04-05 15:20:20,276 - linear_actuator - DEBUG - String sent: 1PR VM

2023-04-05 15:20:20,377 - linear_actuator - INFO - Set VM=800[92m -> OK[0m
2023-04-05 15:20:20,478 - linear_actuator - DEBUG - String sent: 1HC=10

2023-04-05 15:20:20,579 - linear_actuator - DEBUG - String sent: 1PR HC

2023-04-05 15:20:20,681 - linear_actuator - INFO - Set HC=10[92m -> OK[0m
2023-04-05 15:20:20,782 - linear_actuator - DEBUG - String sent: 1RC=70

2023-04-05 15:20:20,883 - linear_actuator - DEBUG - String sent: 1PR RC

2023-04-05 15:20:20,985 - linear_actuator - INFO - Set RC=70[92m -> OK[0m
2023-04-05 15:20:21,086 - linear_actuator - DEBUG - String sent: 1EE=1

2023-04-05 15:20:21,187 - linear_actuator - DEBUG - String sent: 1PR EE

2023-04-05 15:20:21,288 - linear_actuator - INFO - Set EE=1[92m -> OK[0m
2023-04-05 15:20:21,389 - linear_actuator - DEBUG - String sent: 1S4=0,0,0

2023-04-05 15:20:21,490 - linear_actuator - DEBUG - String sent: 1PR S4

2023-04-05 15:20:21,591 - linear_actuator - INFO - Set S4=0,0,0[92m -> OK[0m
2023-04-05 15:20:21,592 - linear_actuator - INFO - Set S1 and S2 as limit switches for Linear Motor
2023-04-05 15:20:21,693 - linear_actuator - DEBUG - String sent: 1S1=2,1,0

2023-04-05 15:20:21,794 - linear_actuator - DEBUG - String sent: 1PR S1

2023-04-05 15:20:21,895 - linear_actuator - INFO - Set S1=2,1,0[92m -> OK[0m
2023-04-05 15:20:21,997 - linear_actuator - DEBUG - String sent: 1S2=3,1,0

2023-04-05 15:20:22,098 - linear_actuator - DEBUG - String sent: 1PR S2

2023-04-05 15:20:22,198 - linear_actuator - INFO - Set S2=3,1,0[92m -> OK[0m
2023-04-05 15:20:22,699 - linear_actuator - INFO - Set trigger from Photodiode to Linear encoder.
2023-04-05 15:20:22,800 - linear_actuator - DEBUG - String sent: 1S3=0,0,0

2023-04-05 15:20:22,901 - linear_actuator - DEBUG - String sent: 1PR S3

2023-04-05 15:20:23,003 - linear_actuator - INFO - Set S3=0,0,0[92m -> OK[0m
