2023-04-25 15:02:51,646 - linear_actuator - INFO - started logger
2023-04-25 15:02:51,646 - linear_actuator - INFO - CAUTION USING NON SPECIFIC CONFIG FILES
2023-04-25 15:02:51,646 - linear_actuator - INFO - Using config file (/home/shivaraj/Desktop/SBN/Pyhton2_to_3/SBND_laser_control/workspace/RunControl/devices/config/config_linear_actuator.json)
2023-04-25 15:02:54,399 - linear_actuator - INFO - CAUTION USING NON SPECIFIC CONFIG FILES
2023-04-25 15:02:54,400 - linear_actuator - INFO - Using config file (/home/shivaraj/Desktop/SBN/Pyhton2_to_3/SBND_laser_control/workspace/RunControl/devices/config/com_ports.json)
2023-04-25 15:02:55,404 - linear_actuator - INFO - Com port (/dev/ttyUSB1) opened
2023-04-25 15:02:58,332 - linear_actuator - INFO - ---------------- init axis -----------------
2023-04-25 15:02:58,333 - linear_actuator - DEBUG - String sent: 1MS=256

2023-04-25 15:02:58,334 - linear_actuator - DEBUG - String sent: 1PR MS

2023-04-25 15:02:58,435 - linear_actuator - INFO - Set MS=256[92m -> OK[0m
2023-04-25 15:02:58,435 - linear_actuator - DEBUG - String sent: 1A=400

2023-04-25 15:02:58,436 - linear_actuator - DEBUG - String sent: 1PR A

2023-04-25 15:02:58,537 - linear_actuator - INFO - Set A=400[92m -> OK[0m
2023-04-25 15:02:58,538 - linear_actuator - DEBUG - String sent: 1D=1000

2023-04-25 15:02:58,538 - linear_actuator - DEBUG - String sent: 1PR D

2023-04-25 15:02:58,639 - linear_actuator - INFO - Set D=1000[92m -> OK[0m
2023-04-25 15:02:58,640 - linear_actuator - DEBUG - String sent: 1VI=300

2023-04-25 15:02:58,641 - linear_actuator - DEBUG - String sent: 1PR VI

2023-04-25 15:02:58,742 - linear_actuator - INFO - Set VI=300[92m -> OK[0m
2023-04-25 15:02:58,742 - linear_actuator - DEBUG - String sent: 1VM=1600

2023-04-25 15:02:58,743 - linear_actuator - DEBUG - String sent: 1PR VM

2023-04-25 15:02:58,844 - linear_actuator - INFO - Set VM=1600[92m -> OK[0m
2023-04-25 15:02:58,844 - linear_actuator - DEBUG - String sent: 1HC=10

2023-04-25 15:02:58,845 - linear_actuator - DEBUG - String sent: 1PR HC

2023-04-25 15:02:58,946 - linear_actuator - INFO - Set HC=10[92m -> OK[0m
2023-04-25 15:02:58,946 - linear_actuator - DEBUG - String sent: 1RC=70

2023-04-25 15:02:58,947 - linear_actuator - DEBUG - String sent: 1PR RC

2023-04-25 15:02:59,047 - linear_actuator - INFO - Set RC=70[92m -> OK[0m
2023-04-25 15:02:59,048 - linear_actuator - DEBUG - String sent: 1EE=1

2023-04-25 15:02:59,048 - linear_actuator - DEBUG - String sent: 1PR EE

2023-04-25 15:02:59,149 - linear_actuator - INFO - Set EE=1[92m -> OK[0m
2023-04-25 15:02:59,149 - linear_actuator - DEBUG - String sent: 1SM=1

2023-04-25 15:02:59,150 - linear_actuator - DEBUG - String sent: 1PR SM

2023-04-25 15:02:59,251 - linear_actuator - INFO - Set SM=1[92m -> OK[0m
2023-04-25 15:02:59,251 - linear_actuator - DEBUG - String sent: 1SF=20

2023-04-25 15:02:59,252 - linear_actuator - DEBUG - String sent: 1PR SF

2023-04-25 15:02:59,353 - linear_actuator - INFO - Set SF=20[92m -> OK[0m
2023-04-25 15:02:59,354 - linear_actuator - DEBUG - String sent: 1S3=0,0,0

2023-04-25 15:02:59,354 - linear_actuator - DEBUG - String sent: 1PR S3

2023-04-25 15:02:59,455 - linear_actuator - INFO - Set S3=0,0,0[92m -> OK[0m
2023-04-25 15:02:59,456 - linear_actuator - DEBUG - String sent: 1S4=0,0,0

2023-04-25 15:02:59,457 - linear_actuator - DEBUG - String sent: 1PR S4

2023-04-25 15:02:59,558 - linear_actuator - INFO - Set S4=0,0,0[92m -> OK[0m
2023-04-25 15:02:59,558 - linear_actuator - INFO - Set S1 and S2 as limit switches for Linear Motor
2023-04-25 15:02:59,559 - linear_actuator - DEBUG - String sent: 1S1=2,1,0

2023-04-25 15:02:59,559 - linear_actuator - DEBUG - String sent: 1PR S1

2023-04-25 15:02:59,660 - linear_actuator - INFO - Set S1=2,1,0[92m -> OK[0m
2023-04-25 15:02:59,661 - linear_actuator - DEBUG - String sent: 1S2=3,1,0

2023-04-25 15:02:59,669 - linear_actuator - DEBUG - String sent: 1PR S2

2023-04-25 15:02:59,770 - linear_actuator - INFO - Set S2=3,1,0[92m -> OK[0m
2023-04-25 15:03:00,271 - linear_actuator - INFO - Set trigger from Photodiode to Linear encoder.
2023-04-25 15:03:00,272 - linear_actuator - DEBUG - String sent: 1S3=0,0,0

2023-04-25 15:03:00,273 - linear_actuator - DEBUG - String sent: 1PR S3

2023-04-25 15:03:00,374 - linear_actuator - INFO - Set S3=0,0,0[92m -> OK[0m
