2023-02-07 10:20:36,850 - linear_actuator - INFO - started logger
2023-02-07 10:20:36,850 - linear_actuator - INFO - CAUTION USING NON SPECIFIC CONFIG FILES
2023-02-07 10:20:36,850 - linear_actuator - INFO - Using config file (/home/shivaraj/Desktop/SBN/Pyhton2_to_3/SBND_laser_control/workspace/RunControl/devices/config/config_linear_actuator.json)
2023-02-07 10:20:38,025 - linear_actuator - INFO - CAUTION USING NON SPECIFIC CONFIG FILES
2023-02-07 10:20:38,026 - linear_actuator - INFO - Using config file (/home/shivaraj/Desktop/SBN/Pyhton2_to_3/SBND_laser_control/workspace/RunControl/devices/config/com_ports.json)
2023-02-07 10:20:39,038 - linear_actuator - INFO - Com port (/dev/ttyUSB0) opened
2023-02-07 10:20:41,663 - linear_actuator - INFO - ---------------- init axis -----------------
2023-02-07 10:20:41,663 - linear_actuator - DEBUG - String sent: 1MS=256

2023-02-07 10:20:41,664 - linear_actuator - DEBUG - String sent: 1PR MS

2023-02-07 10:20:41,765 - linear_actuator - INFO - Set MS=256[92m -> OK[0m
2023-02-07 10:20:41,766 - linear_actuator - DEBUG - String sent: 1A=400

2023-02-07 10:20:41,766 - linear_actuator - DEBUG - String sent: 1PR A

2023-02-07 10:20:41,867 - linear_actuator - INFO - Set A=400[92m -> OK[0m
2023-02-07 10:20:41,867 - linear_actuator - DEBUG - String sent: 1D=700

2023-02-07 10:20:41,868 - linear_actuator - DEBUG - String sent: 1PR D

2023-02-07 10:20:41,968 - linear_actuator - INFO - Set D=700[92m -> OK[0m
2023-02-07 10:20:41,968 - linear_actuator - DEBUG - String sent: 1VI=300

2023-02-07 10:20:41,969 - linear_actuator - DEBUG - String sent: 1PR VI

2023-02-07 10:20:42,069 - linear_actuator - INFO - Set VI=300[92m -> OK[0m
2023-02-07 10:20:42,070 - linear_actuator - DEBUG - String sent: 1VM=800

2023-02-07 10:20:42,070 - linear_actuator - DEBUG - String sent: 1PR VM

2023-02-07 10:20:42,171 - linear_actuator - INFO - Set VM=800[92m -> OK[0m
2023-02-07 10:20:42,172 - linear_actuator - DEBUG - String sent: 1HC=10

2023-02-07 10:20:42,172 - linear_actuator - DEBUG - String sent: 1PR HC

2023-02-07 10:20:42,273 - linear_actuator - INFO - Set HC=10[92m -> OK[0m
2023-02-07 10:20:42,274 - linear_actuator - DEBUG - String sent: 1RC=70

2023-02-07 10:20:42,274 - linear_actuator - DEBUG - String sent: 1PR RC

2023-02-07 10:20:42,375 - linear_actuator - INFO - Set RC=70[92m -> OK[0m
2023-02-07 10:20:42,375 - linear_actuator - DEBUG - String sent: 1EE=1

2023-02-07 10:20:42,376 - linear_actuator - DEBUG - String sent: 1PR EE

2023-02-07 10:20:42,477 - linear_actuator - INFO - Set EE=1[92m -> OK[0m
2023-02-07 10:20:42,477 - linear_actuator - DEBUG - String sent: 1S4=0,0,0

2023-02-07 10:20:42,478 - linear_actuator - DEBUG - String sent: 1PR S4

2023-02-07 10:20:42,578 - linear_actuator - INFO - Set S4=0,0,0[92m -> OK[0m
2023-02-07 10:20:42,579 - linear_actuator - INFO - Set S1 and S2 as limit switches for Linear Motor
2023-02-07 10:20:42,579 - linear_actuator - DEBUG - String sent: 1S1=2,1,0

2023-02-07 10:20:42,580 - linear_actuator - DEBUG - String sent: 1PR S1

2023-02-07 10:20:42,680 - linear_actuator - INFO - Set S1=2,1,0[92m -> OK[0m
2023-02-07 10:20:42,681 - linear_actuator - DEBUG - String sent: 1S2=3,1,0

2023-02-07 10:20:42,682 - linear_actuator - DEBUG - String sent: 1PR S2

2023-02-07 10:20:42,782 - linear_actuator - INFO - Set S2=3,1,0[92m -> OK[0m
2023-02-07 10:20:43,284 - linear_actuator - INFO - Set trigger from Photodiode to Linear encoder.
2023-02-07 10:20:43,284 - linear_actuator - DEBUG - String sent: 1S3=0,1,0

2023-02-07 10:20:43,292 - linear_actuator - DEBUG - String sent: 1PR S3

2023-02-07 10:20:43,393 - linear_actuator - INFO - Set S3=0,1,0[92m -> OK[0m
2023-02-07 10:21:05,923 - linear_actuator - DEBUG - String sent: 1PR I3

2023-02-07 10:21:14,497 - linear_actuator - DEBUG - String sent: 1PR I3

2023-02-07 10:21:23,139 - linear_actuator - DEBUG - String sent: 1PR I3

2023-02-07 10:21:39,413 - linear_actuator - DEBUG - String sent: 1PR I3

2023-02-07 10:21:41,169 - linear_actuator - INFO - CAUTION USING NON SPECIFIC CONFIG FILES
2023-02-07 10:21:41,169 - linear_actuator - INFO - Using config file (/home/shivaraj/Desktop/SBN/Pyhton2_to_3/SBND_laser_control/workspace/RunControl/devices/config/com_ports.json)
2023-02-07 10:21:42,172 - linear_actuator - INFO - Com port (/dev/ttyUSB0) opened
2023-02-07 10:21:44,798 - linear_actuator - INFO - ---------------- init axis -----------------
2023-02-07 10:21:44,798 - linear_actuator - DEBUG - String sent: 1MS=256

2023-02-07 10:21:44,806 - linear_actuator - DEBUG - String sent: 1PR MS

2023-02-07 10:21:44,906 - linear_actuator - INFO - Set MS=256[92m -> OK[0m
2023-02-07 10:21:44,906 - linear_actuator - DEBUG - String sent: 1A=400

2023-02-07 10:21:44,907 - linear_actuator - DEBUG - String sent: 1PR A

2023-02-07 10:21:45,007 - linear_actuator - INFO - Set A=400[92m -> OK[0m
2023-02-07 10:21:45,007 - linear_actuator - DEBUG - String sent: 1D=700

2023-02-07 10:21:45,007 - linear_actuator - DEBUG - String sent: 1PR D

2023-02-07 10:21:45,107 - linear_actuator - INFO - Set D=700[92m -> OK[0m
2023-02-07 10:21:45,108 - linear_actuator - DEBUG - String sent: 1VI=300

2023-02-07 10:21:45,108 - linear_actuator - DEBUG - String sent: 1PR VI

2023-02-07 10:21:45,209 - linear_actuator - INFO - Set VI=300[92m -> OK[0m
2023-02-07 10:21:45,209 - linear_actuator - DEBUG - String sent: 1VM=800

2023-02-07 10:21:45,210 - linear_actuator - DEBUG - String sent: 1PR VM

2023-02-07 10:21:45,311 - linear_actuator - INFO - Set VM=800[92m -> OK[0m
2023-02-07 10:21:45,312 - linear_actuator - DEBUG - String sent: 1HC=10

2023-02-07 10:21:45,312 - linear_actuator - DEBUG - String sent: 1PR HC

2023-02-07 10:21:45,413 - linear_actuator - INFO - Set HC=10[92m -> OK[0m
2023-02-07 10:21:45,414 - linear_actuator - DEBUG - String sent: 1RC=70

2023-02-07 10:21:45,414 - linear_actuator - DEBUG - String sent: 1PR RC

2023-02-07 10:21:45,515 - linear_actuator - INFO - Set RC=70[92m -> OK[0m
2023-02-07 10:21:45,516 - linear_actuator - DEBUG - String sent: 1EE=1

2023-02-07 10:21:45,516 - linear_actuator - DEBUG - String sent: 1PR EE

2023-02-07 10:21:45,617 - linear_actuator - INFO - Set EE=1[92m -> OK[0m
2023-02-07 10:21:45,618 - linear_actuator - DEBUG - String sent: 1S4=0,0,0

2023-02-07 10:21:45,619 - linear_actuator - DEBUG - String sent: 1PR S4

2023-02-07 10:21:45,720 - linear_actuator - INFO - Set S4=0,0,0[92m -> OK[0m
2023-02-07 10:21:45,720 - linear_actuator - INFO - Set S1 and S2 as limit switches for Linear Motor
2023-02-07 10:21:45,721 - linear_actuator - DEBUG - String sent: 1S1=2,1,0

2023-02-07 10:21:45,721 - linear_actuator - DEBUG - String sent: 1PR S1

2023-02-07 10:21:45,822 - linear_actuator - INFO - Set S1=2,1,0[92m -> OK[0m
2023-02-07 10:21:45,822 - linear_actuator - DEBUG - String sent: 1S2=3,1,0

2023-02-07 10:21:45,822 - linear_actuator - DEBUG - String sent: 1PR S2

2023-02-07 10:21:45,923 - linear_actuator - INFO - Set S2=3,1,0[92m -> OK[0m
2023-02-07 10:21:46,424 - linear_actuator - INFO - Set trigger from Photodiode to Linear encoder.
2023-02-07 10:21:46,425 - linear_actuator - DEBUG - String sent: 1S3=0,1,0

2023-02-07 10:21:46,426 - linear_actuator - DEBUG - String sent: 1PR S3

2023-02-07 10:21:46,527 - linear_actuator - INFO - Set S3=0,1,0[92m -> OK[0m
