2023-04-25 14:47:59,305 - linear_actuator - INFO - started logger
2023-04-25 14:47:59,305 - linear_actuator - INFO - CAUTION USING NON SPECIFIC CONFIG FILES
2023-04-25 14:47:59,305 - linear_actuator - INFO - Using config file (/home/shivaraj/Desktop/SBN/Pyhton2_to_3/SBND_laser_control/workspace/RunControl/devices/config/config_linear_actuator.json)
2023-04-25 14:48:02,222 - linear_actuator - INFO - CAUTION USING NON SPECIFIC CONFIG FILES
2023-04-25 14:48:02,223 - linear_actuator - INFO - Using config file (/home/shivaraj/Desktop/SBN/Pyhton2_to_3/SBND_laser_control/workspace/RunControl/devices/config/com_ports.json)
2023-04-25 14:48:03,225 - linear_actuator - INFO - Com port (/dev/ttyUSB1) opened
2023-04-25 14:48:06,152 - linear_actuator - INFO - ---------------- init axis -----------------
2023-04-25 14:48:06,159 - linear_actuator - DEBUG - String sent: 1MS=256

2023-04-25 14:48:06,159 - linear_actuator - DEBUG - String sent: 1PR MS

2023-04-25 14:48:06,260 - linear_actuator - INFO - Set MS=256[92m -> OK[0m
2023-04-25 14:48:06,261 - linear_actuator - DEBUG - String sent: 1A=400

2023-04-25 14:48:06,262 - linear_actuator - DEBUG - String sent: 1PR A

2023-04-25 14:48:06,363 - linear_actuator - INFO - Set A=400[92m -> OK[0m
2023-04-25 14:48:06,363 - linear_actuator - DEBUG - String sent: 1D=1000

2023-04-25 14:48:06,364 - linear_actuator - DEBUG - String sent: 1PR D

2023-04-25 14:48:06,465 - linear_actuator - INFO - Set D=1000[92m -> OK[0m
2023-04-25 14:48:06,466 - linear_actuator - DEBUG - String sent: 1VI=300

2023-04-25 14:48:06,466 - linear_actuator - DEBUG - String sent: 1PR VI

2023-04-25 14:48:06,567 - linear_actuator - INFO - Set VI=300[92m -> OK[0m
2023-04-25 14:48:06,568 - linear_actuator - DEBUG - String sent: 1VM=1600

2023-04-25 14:48:06,569 - linear_actuator - DEBUG - String sent: 1PR VM

2023-04-25 14:48:06,670 - linear_actuator - INFO - Set VM=1600[92m -> OK[0m
2023-04-25 14:48:06,670 - linear_actuator - DEBUG - String sent: 1HC=10

2023-04-25 14:48:06,671 - linear_actuator - DEBUG - String sent: 1PR HC

2023-04-25 14:48:06,772 - linear_actuator - INFO - Set HC=10[92m -> OK[0m
2023-04-25 14:48:06,773 - linear_actuator - DEBUG - String sent: 1RC=70

2023-04-25 14:48:06,773 - linear_actuator - DEBUG - String sent: 1PR RC

2023-04-25 14:48:06,874 - linear_actuator - INFO - Set RC=70[92m -> OK[0m
2023-04-25 14:48:06,874 - linear_actuator - DEBUG - String sent: 1EE=1

2023-04-25 14:48:06,874 - linear_actuator - DEBUG - String sent: 1PR EE

2023-04-25 14:48:06,975 - linear_actuator - INFO - Set EE=1[92m -> OK[0m
2023-04-25 14:48:06,976 - linear_actuator - DEBUG - String sent: 1SM=1

2023-04-25 14:48:06,977 - linear_actuator - DEBUG - String sent: 1PR SM

2023-04-25 14:48:07,078 - linear_actuator - INFO - Set SM=1[92m -> OK[0m
2023-04-25 14:48:07,078 - linear_actuator - DEBUG - String sent: 1SF=20

2023-04-25 14:48:07,079 - linear_actuator - DEBUG - String sent: 1PR SF

2023-04-25 14:48:07,180 - linear_actuator - INFO - Set SF=20[92m -> OK[0m
2023-04-25 14:48:07,181 - linear_actuator - DEBUG - String sent: 1S3=0,0,0

2023-04-25 14:48:07,181 - linear_actuator - DEBUG - String sent: 1PR S3

2023-04-25 14:48:07,283 - linear_actuator - INFO - Set S3=0,0,0[92m -> OK[0m
2023-04-25 14:48:07,283 - linear_actuator - DEBUG - String sent: 1S4=0,0,0

2023-04-25 14:48:07,284 - linear_actuator - DEBUG - String sent: 1PR S4

2023-04-25 14:48:07,385 - linear_actuator - INFO - Set S4=0,0,0[92m -> OK[0m
2023-04-25 14:48:07,385 - linear_actuator - INFO - Set S1 and S2 as limit switches for Linear Motor
2023-04-25 14:48:07,386 - linear_actuator - DEBUG - String sent: 1S1=2,1,0

2023-04-25 14:48:07,386 - linear_actuator - DEBUG - String sent: 1PR S1

2023-04-25 14:48:07,488 - linear_actuator - INFO - Set S1=2,1,0[92m -> OK[0m
2023-04-25 14:48:07,488 - linear_actuator - DEBUG - String sent: 1S2=3,1,0

2023-04-25 14:48:07,489 - linear_actuator - DEBUG - String sent: 1PR S2

2023-04-25 14:48:07,590 - linear_actuator - INFO - Set S2=3,1,0[92m -> OK[0m
2023-04-25 14:48:08,091 - linear_actuator - INFO - Set trigger from Photodiode to Linear encoder.
2023-04-25 14:48:08,092 - linear_actuator - DEBUG - String sent: 1S3=0,0,0

2023-04-25 14:48:08,093 - linear_actuator - DEBUG - String sent: 1PR S3

2023-04-25 14:48:08,194 - linear_actuator - INFO - Set S3=0,0,0[92m -> OK[0m
