2023-04-05 16:03:39,636 - linear_actuator - INFO - started logger
2023-04-05 16:03:39,636 - linear_actuator - INFO - CAUTION USING NON SPECIFIC CONFIG FILES
2023-04-05 16:03:39,636 - linear_actuator - INFO - Using config file (/home/shivaraj/Desktop/SBN/Pyhton2_to_3/SBND_laser_control/workspace/RunControl/devices/config/config_linear_actuator.json)
2023-04-05 16:03:41,312 - linear_actuator - INFO - CAUTION USING NON SPECIFIC CONFIG FILES
2023-04-05 16:03:41,313 - linear_actuator - INFO - Using config file (/home/shivaraj/Desktop/SBN/Pyhton2_to_3/SBND_laser_control/workspace/RunControl/devices/config/com_ports.json)
2023-04-05 16:03:42,318 - linear_actuator - INFO - Com port (/dev/ttyUSB0) opened
2023-04-05 16:03:47,158 - linear_actuator - INFO - ---------------- init axis -----------------
2023-04-05 16:03:47,259 - linear_actuator - DEBUG - String sent: 1MS=256

2023-04-05 16:03:47,360 - linear_actuator - DEBUG - String sent: 1PR MS

2023-04-05 16:03:47,461 - linear_actuator - INFO - Set MS=256[92m -> OK[0m
2023-04-05 16:03:47,562 - linear_actuator - DEBUG - String sent: 1A=400

2023-04-05 16:03:47,664 - linear_actuator - DEBUG - String sent: 1PR A

2023-04-05 16:03:47,765 - linear_actuator - INFO - Set A=400[92m -> OK[0m
2023-04-05 16:03:47,866 - linear_actuator - DEBUG - String sent: 1D=700

2023-04-05 16:03:47,967 - linear_actuator - DEBUG - String sent: 1PR D

2023-04-05 16:03:48,069 - linear_actuator - INFO - Set D=700[92m -> OK[0m
2023-04-05 16:03:48,170 - linear_actuator - DEBUG - String sent: 1VI=300

2023-04-05 16:03:48,271 - linear_actuator - DEBUG - String sent: 1PR VI

2023-04-05 16:03:48,373 - linear_actuator - INFO - Set VI=300[92m -> OK[0m
2023-04-05 16:03:48,474 - linear_actuator - DEBUG - String sent: 1VM=800

2023-04-05 16:03:48,575 - linear_actuator - DEBUG - String sent: 1PR VM

2023-04-05 16:03:48,677 - linear_actuator - INFO - Set VM=800[92m -> OK[0m
2023-04-05 16:03:48,778 - linear_actuator - DEBUG - String sent: 1HC=10

2023-04-05 16:03:48,879 - linear_actuator - DEBUG - String sent: 1PR HC

2023-04-05 16:03:48,981 - linear_actuator - INFO - Set HC=10[92m -> OK[0m
2023-04-05 16:03:49,082 - linear_actuator - DEBUG - String sent: 1RC=70

2023-04-05 16:03:49,184 - linear_actuator - DEBUG - String sent: 1PR RC

2023-04-05 16:03:49,286 - linear_actuator - INFO - Set RC=70[92m -> OK[0m
2023-04-05 16:03:49,387 - linear_actuator - DEBUG - String sent: 1EE=1

2023-04-05 16:03:49,487 - linear_actuator - DEBUG - String sent: 1PR EE

2023-04-05 16:03:49,588 - linear_actuator - INFO - Set EE=1[92m -> OK[0m
2023-04-05 16:03:49,689 - linear_actuator - DEBUG - String sent: 1S4=0,0,0

2023-04-05 16:03:49,791 - linear_actuator - DEBUG - String sent: 1PR S4

2023-04-05 16:03:49,892 - linear_actuator - INFO - Set S4=0,0,0[92m -> OK[0m
2023-04-05 16:03:49,893 - linear_actuator - INFO - Set S1 and S2 as limit switches for Linear Motor
2023-04-05 16:03:49,993 - linear_actuator - DEBUG - String sent: 1S1=2,1,0

2023-04-05 16:03:50,095 - linear_actuator - DEBUG - String sent: 1PR S1

2023-04-05 16:03:50,196 - linear_actuator - INFO - Set S1=2,1,0[92m -> OK[0m
2023-04-05 16:03:50,297 - linear_actuator - DEBUG - String sent: 1S2=3,1,0

2023-04-05 16:03:50,398 - linear_actuator - DEBUG - String sent: 1PR S2

2023-04-05 16:03:50,499 - linear_actuator - INFO - Set S2=3,1,0[92m -> OK[0m
2023-04-05 16:03:51,000 - linear_actuator - INFO - Set trigger from Photodiode to Linear encoder.
2023-04-05 16:03:51,101 - linear_actuator - DEBUG - String sent: 1S3=0,0,0

2023-04-05 16:03:51,202 - linear_actuator - DEBUG - String sent: 1PR S3

2023-04-05 16:03:51,304 - linear_actuator - INFO - Set S3=0,0,0[92m -> OK[0m
