2023-04-05 16:41:09,872 - linear_actuator - INFO - started logger
2023-04-05 16:41:09,872 - linear_actuator - INFO - CAUTION USING NON SPECIFIC CONFIG FILES
2023-04-05 16:41:09,872 - linear_actuator - INFO - Using config file (/home/shivaraj/Desktop/SBN/Pyhton2_to_3/SBND_laser_control/workspace/RunControl/devices/config/config_linear_actuator.json)
2023-04-05 16:41:11,897 - linear_actuator - INFO - CAUTION USING NON SPECIFIC CONFIG FILES
2023-04-05 16:41:11,897 - linear_actuator - INFO - Using config file (/home/shivaraj/Desktop/SBN/Pyhton2_to_3/SBND_laser_control/workspace/RunControl/devices/config/com_ports.json)
2023-04-05 16:41:12,901 - linear_actuator - INFO - Com port (/dev/ttyUSB0) opened
2023-04-05 16:41:24,250 - linear_actuator - INFO - ---------------- init axis -----------------
2023-04-05 16:41:24,351 - linear_actuator - DEBUG - String sent: 1MS=256

2023-04-05 16:41:24,451 - linear_actuator - DEBUG - String sent: 1PR MS

2023-04-05 16:41:24,953 - linear_actuator - INFO - Set MS=256[92m -> OK[0m
2023-04-05 16:41:25,054 - linear_actuator - DEBUG - String sent: 1A=400

2023-04-05 16:41:25,155 - linear_actuator - DEBUG - String sent: 1PR A

2023-04-05 16:41:25,656 - linear_actuator - INFO - Set A=400[92m -> OK[0m
2023-04-05 16:41:25,757 - linear_actuator - DEBUG - String sent: 1D=700

2023-04-05 16:41:25,858 - linear_actuator - DEBUG - String sent: 1PR D

2023-04-05 16:41:26,359 - linear_actuator - INFO - Set D=700[92m -> OK[0m
2023-04-05 16:41:26,460 - linear_actuator - DEBUG - String sent: 1VI=300

2023-04-05 16:41:26,561 - linear_actuator - DEBUG - String sent: 1PR VI

2023-04-05 16:41:27,062 - linear_actuator - INFO - Set VI=300[92m -> OK[0m
2023-04-05 16:41:27,163 - linear_actuator - DEBUG - String sent: 1VM=800

2023-04-05 16:41:27,264 - linear_actuator - DEBUG - String sent: 1PR VM

2023-04-05 16:41:27,765 - linear_actuator - INFO - Set VM=800[92m -> OK[0m
2023-04-05 16:41:27,866 - linear_actuator - DEBUG - String sent: 1HC=10

2023-04-05 16:41:27,967 - linear_actuator - DEBUG - String sent: 1PR HC

2023-04-05 16:41:28,468 - linear_actuator - INFO - Set HC=10[92m -> OK[0m
2023-04-05 16:41:28,569 - linear_actuator - DEBUG - String sent: 1RC=70

2023-04-05 16:41:28,670 - linear_actuator - DEBUG - String sent: 1PR RC

2023-04-05 16:41:29,172 - linear_actuator - INFO - Set RC=70[92m -> OK[0m
2023-04-05 16:41:29,273 - linear_actuator - DEBUG - String sent: 1EE=1

2023-04-05 16:41:29,374 - linear_actuator - DEBUG - String sent: 1PR EE

2023-04-05 16:41:29,876 - linear_actuator - INFO - Set EE=1[92m -> OK[0m
2023-04-05 16:41:29,977 - linear_actuator - DEBUG - String sent: 1SM=1

2023-04-05 16:41:30,078 - linear_actuator - DEBUG - String sent: 1PR SM

2023-04-05 16:41:30,579 - linear_actuator - INFO - Set SM=1[92m -> OK[0m
2023-04-05 16:41:30,680 - linear_actuator - DEBUG - String sent: 1SF=20

2023-04-05 16:41:30,782 - linear_actuator - DEBUG - String sent: 1PR SF

2023-04-05 16:41:31,283 - linear_actuator - INFO - Set SF=20[92m -> OK[0m
2023-04-05 16:41:31,384 - linear_actuator - DEBUG - String sent: 1S3=0,0,0

2023-04-05 16:41:31,485 - linear_actuator - DEBUG - String sent: 1PR S3

2023-04-05 16:41:31,987 - linear_actuator - INFO - Set S3=0,0,0[92m -> OK[0m
2023-04-05 16:41:32,088 - linear_actuator - DEBUG - String sent: 1S4=0,0,0

2023-04-05 16:41:32,189 - linear_actuator - DEBUG - String sent: 1PR S4

2023-04-05 16:41:32,690 - linear_actuator - INFO - Set S4=0,0,0[92m -> OK[0m
2023-04-05 16:41:32,690 - linear_actuator - INFO - Set S1 and S2 as limit switches for Linear Motor
2023-04-05 16:41:32,791 - linear_actuator - DEBUG - String sent: 1S1=2,1,0

2023-04-05 16:41:32,892 - linear_actuator - DEBUG - String sent: 1PR S1

2023-04-05 16:41:33,394 - linear_actuator - INFO - Set S1=2,1,0[92m -> OK[0m
2023-04-05 16:41:33,495 - linear_actuator - DEBUG - String sent: 1S2=3,1,0

2023-04-05 16:41:33,596 - linear_actuator - DEBUG - String sent: 1PR S2

2023-04-05 16:41:34,097 - linear_actuator - INFO - Set S2=3,1,0[92m -> OK[0m
2023-04-05 16:41:34,599 - linear_actuator - INFO - Set trigger from Photodiode to Linear encoder.
2023-04-05 16:41:34,700 - linear_actuator - DEBUG - String sent: 1S3=0,0,0

2023-04-05 16:41:34,801 - linear_actuator - DEBUG - String sent: 1PR S3

2023-04-05 16:41:35,303 - linear_actuator - INFO - Set S3=0,0,0[92m -> OK[0m
2023-04-05 16:49:53,444 - linear_actuator - DEBUG - String sent: 1PR P

2023-04-05 16:49:53,946 - linear_actuator - INFO - Moving 150 microsteps
2023-04-05 16:49:54,047 - linear_actuator - DEBUG - String sent: 1MR 150

2023-04-05 16:50:08,220 - linear_actuator - DEBUG - String sent: 1PR P

2023-04-05 16:50:08,721 - linear_actuator - INFO - Moving 150 microsteps
2023-04-05 16:50:08,822 - linear_actuator - DEBUG - String sent: 1MR 150

