2023-04-03 17:49:25,085 - linear_actuator - INFO - started logger
2023-04-03 17:49:25,085 - linear_actuator - INFO - CAUTION USING NON SPECIFIC CONFIG FILES
2023-04-03 17:49:25,085 - linear_actuator - INFO - Using config file (/home/shivaraj/Desktop/SBN/Pyhton2_to_3/SBND_laser_control/workspace/RunControl/devices/config/config_linear_actuator.json)
2023-04-03 17:49:30,008 - linear_actuator - INFO - CAUTION USING NON SPECIFIC CONFIG FILES
2023-04-03 17:49:30,009 - linear_actuator - INFO - Using config file (/home/shivaraj/Desktop/SBN/Pyhton2_to_3/SBND_laser_control/workspace/RunControl/devices/config/com_ports.json)
2023-04-03 17:49:31,013 - linear_actuator - INFO - Com port (/dev/ttyUSB1) opened
2023-04-03 17:49:38,061 - linear_actuator - INFO - ---------------- init axis -----------------
2023-04-03 17:49:38,263 - linear_actuator - DEBUG - String sent: 1MS=256

2023-04-03 17:49:38,464 - linear_actuator - DEBUG - String sent: 1PR MS

2023-04-03 17:49:38,566 - linear_actuator - INFO - Set MS=256[92m -> OK[0m
2023-04-03 17:49:38,767 - linear_actuator - DEBUG - String sent: 1A=400

2023-04-03 17:49:38,968 - linear_actuator - DEBUG - String sent: 1PR A

2023-04-03 17:49:39,070 - linear_actuator - INFO - Set A=400[92m -> OK[0m
2023-04-03 17:49:39,271 - linear_actuator - DEBUG - String sent: 1D=700

2023-04-03 17:49:39,473 - linear_actuator - DEBUG - String sent: 1PR D

2023-04-03 17:49:39,574 - linear_actuator - INFO - Set D=700[92m -> OK[0m
2023-04-03 17:49:39,775 - linear_actuator - DEBUG - String sent: 1VI=300

2023-04-03 17:49:39,977 - linear_actuator - DEBUG - String sent: 1PR VI

2023-04-03 17:49:40,078 - linear_actuator - INFO - Set VI=300[92m -> OK[0m
2023-04-03 17:49:40,280 - linear_actuator - DEBUG - String sent: 1VM=800

2023-04-03 17:49:40,481 - linear_actuator - DEBUG - String sent: 1PR VM

2023-04-03 17:49:40,582 - linear_actuator - INFO - Set VM=800[92m -> OK[0m
2023-04-03 17:49:40,784 - linear_actuator - DEBUG - String sent: 1HC=10

2023-04-03 17:49:40,985 - linear_actuator - DEBUG - String sent: 1PR HC

2023-04-03 17:49:41,086 - linear_actuator - INFO - Set HC=10[92m -> OK[0m
2023-04-03 17:49:41,288 - linear_actuator - DEBUG - String sent: 1RC=70

2023-04-03 17:49:41,489 - linear_actuator - DEBUG - String sent: 1PR RC

2023-04-03 17:49:41,590 - linear_actuator - INFO - Set RC=70[92m -> OK[0m
2023-04-03 17:49:41,792 - linear_actuator - DEBUG - String sent: 1EE=1

2023-04-03 17:49:41,993 - linear_actuator - DEBUG - String sent: 1PR EE

2023-04-03 17:49:42,095 - linear_actuator - INFO - Set EE=1[92m -> OK[0m
2023-04-03 17:49:42,296 - linear_actuator - DEBUG - String sent: 1S4=0,0,0

2023-04-03 17:49:42,497 - linear_actuator - DEBUG - String sent: 1PR S4

2023-04-03 17:49:42,599 - linear_actuator - INFO - Set S4=0,0,0[92m -> OK[0m
2023-04-03 17:49:42,599 - linear_actuator - INFO - Set S1 and S2 as limit switches for Linear Motor
2023-04-03 17:49:42,800 - linear_actuator - DEBUG - String sent: 1S1=2,1,0

2023-04-03 17:49:43,002 - linear_actuator - DEBUG - String sent: 1PR S1

2023-04-03 17:49:43,104 - linear_actuator - INFO - Set S1=2,1,0[92m -> OK[0m
2023-04-03 17:49:43,305 - linear_actuator - DEBUG - String sent: 1S2=3,1,0

2023-04-03 17:49:43,507 - linear_actuator - DEBUG - String sent: 1PR S2

2023-04-03 17:49:43,608 - linear_actuator - INFO - Set S2=3,1,0[92m -> OK[0m
2023-04-03 17:49:44,110 - linear_actuator - INFO - Set trigger from Photodiode to Linear encoder.
2023-04-03 17:49:44,311 - linear_actuator - DEBUG - String sent: 1S3=0,0,0

2023-04-03 17:49:44,513 - linear_actuator - DEBUG - String sent: 1PR S3

2023-04-03 17:49:44,614 - linear_actuator - INFO - Set S3=0,0,0[92m -> OK[0m
