2023-04-25 14:59:48,853 - linear_actuator - INFO - started logger
2023-04-25 14:59:48,853 - linear_actuator - INFO - CAUTION USING NON SPECIFIC CONFIG FILES
2023-04-25 14:59:48,853 - linear_actuator - INFO - Using config file (/home/shivaraj/Desktop/SBN/Pyhton2_to_3/SBND_laser_control/workspace/RunControl/devices/config/config_linear_actuator.json)
2023-04-25 14:59:51,487 - linear_actuator - INFO - CAUTION USING NON SPECIFIC CONFIG FILES
2023-04-25 14:59:51,487 - linear_actuator - INFO - Using config file (/home/shivaraj/Desktop/SBN/Pyhton2_to_3/SBND_laser_control/workspace/RunControl/devices/config/com_ports.json)
2023-04-25 14:59:52,492 - linear_actuator - INFO - Com port (/dev/ttyUSB1) opened
2023-04-25 14:59:55,421 - linear_actuator - INFO - ---------------- init axis -----------------
2023-04-25 14:59:55,421 - linear_actuator - DEBUG - String sent: 1MS=256

2023-04-25 14:59:55,421 - linear_actuator - DEBUG - String sent: 1PR MS

2023-04-25 14:59:55,522 - linear_actuator - INFO - Set MS=256[92m -> OK[0m
2023-04-25 14:59:55,523 - linear_actuator - DEBUG - String sent: 1A=400

2023-04-25 14:59:55,523 - linear_actuator - DEBUG - String sent: 1PR A

2023-04-25 14:59:55,624 - linear_actuator - INFO - Set A=400[92m -> OK[0m
2023-04-25 14:59:55,625 - linear_actuator - DEBUG - String sent: 1D=1000

2023-04-25 14:59:55,625 - linear_actuator - DEBUG - String sent: 1PR D

2023-04-25 14:59:55,726 - linear_actuator - INFO - Set D=1000[92m -> OK[0m
2023-04-25 14:59:55,727 - linear_actuator - DEBUG - String sent: 1VI=300

2023-04-25 14:59:55,727 - linear_actuator - DEBUG - String sent: 1PR VI

2023-04-25 14:59:55,828 - linear_actuator - INFO - Set VI=300[92m -> OK[0m
2023-04-25 14:59:55,829 - linear_actuator - DEBUG - String sent: 1VM=1600

2023-04-25 14:59:55,829 - linear_actuator - DEBUG - String sent: 1PR VM

2023-04-25 14:59:55,930 - linear_actuator - INFO - Set VM=1600[92m -> OK[0m
2023-04-25 14:59:55,931 - linear_actuator - DEBUG - String sent: 1HC=10

2023-04-25 14:59:55,932 - linear_actuator - DEBUG - String sent: 1PR HC

2023-04-25 14:59:56,032 - linear_actuator - INFO - Set HC=10[92m -> OK[0m
2023-04-25 14:59:56,033 - linear_actuator - DEBUG - String sent: 1RC=70

2023-04-25 14:59:56,034 - linear_actuator - DEBUG - String sent: 1PR RC

2023-04-25 14:59:56,135 - linear_actuator - INFO - Set RC=70[92m -> OK[0m
2023-04-25 14:59:56,136 - linear_actuator - DEBUG - String sent: 1EE=1

2023-04-25 14:59:56,143 - linear_actuator - DEBUG - String sent: 1PR EE

2023-04-25 14:59:56,244 - linear_actuator - INFO - Set EE=1[92m -> OK[0m
2023-04-25 14:59:56,245 - linear_actuator - DEBUG - String sent: 1SM=1

2023-04-25 14:59:56,246 - linear_actuator - DEBUG - String sent: 1PR SM

2023-04-25 14:59:56,347 - linear_actuator - INFO - Set SM=1[92m -> OK[0m
2023-04-25 14:59:56,347 - linear_actuator - DEBUG - String sent: 1SF=20

2023-04-25 14:59:56,347 - linear_actuator - DEBUG - String sent: 1PR SF

2023-04-25 14:59:56,448 - linear_actuator - INFO - Set SF=20[92m -> OK[0m
2023-04-25 14:59:56,449 - linear_actuator - DEBUG - String sent: 1S3=0,0,0

2023-04-25 14:59:56,449 - linear_actuator - DEBUG - String sent: 1PR S3

2023-04-25 14:59:56,550 - linear_actuator - INFO - Set S3=0,0,0[92m -> OK[0m
2023-04-25 14:59:56,551 - linear_actuator - DEBUG - String sent: 1S4=0,0,0

2023-04-25 14:59:56,552 - linear_actuator - DEBUG - String sent: 1PR S4

2023-04-25 14:59:56,653 - linear_actuator - INFO - Set S4=0,0,0[92m -> OK[0m
2023-04-25 14:59:56,653 - linear_actuator - INFO - Set S1 and S2 as limit switches for Linear Motor
2023-04-25 14:59:56,654 - linear_actuator - DEBUG - String sent: 1S1=2,1,0

2023-04-25 14:59:56,654 - linear_actuator - DEBUG - String sent: 1PR S1

2023-04-25 14:59:56,756 - linear_actuator - INFO - Set S1=2,1,0[92m -> OK[0m
2023-04-25 14:59:56,756 - linear_actuator - DEBUG - String sent: 1S2=3,1,0

2023-04-25 14:59:56,757 - linear_actuator - DEBUG - String sent: 1PR S2

2023-04-25 14:59:56,858 - linear_actuator - INFO - Set S2=3,1,0[92m -> OK[0m
2023-04-25 14:59:57,359 - linear_actuator - INFO - Set trigger from Photodiode to Linear encoder.
2023-04-25 14:59:57,360 - linear_actuator - DEBUG - String sent: 1S3=0,0,0

2023-04-25 14:59:57,361 - linear_actuator - DEBUG - String sent: 1PR S3

2023-04-25 14:59:57,462 - linear_actuator - INFO - Set S3=0,0,0[92m -> OK[0m
