2023-04-03 18:06:15,731 - linear_actuator - INFO - started logger
2023-04-03 18:06:15,731 - linear_actuator - INFO - CAUTION USING NON SPECIFIC CONFIG FILES
2023-04-03 18:06:15,731 - linear_actuator - INFO - Using config file (/home/shivaraj/Desktop/SBN/Pyhton2_to_3/SBND_laser_control/workspace/RunControl/devices/config/config_linear_actuator.json)
2023-04-03 18:06:17,432 - linear_actuator - INFO - CAUTION USING NON SPECIFIC CONFIG FILES
2023-04-03 18:06:17,432 - linear_actuator - INFO - Using config file (/home/shivaraj/Desktop/SBN/Pyhton2_to_3/SBND_laser_control/workspace/RunControl/devices/config/com_ports.json)
2023-04-03 18:06:18,435 - linear_actuator - INFO - Com port (/dev/ttyUSB1) opened
2023-04-03 18:06:25,488 - linear_actuator - INFO - ---------------- init axis -----------------
2023-04-03 18:06:25,690 - linear_actuator - DEBUG - String sent: 1MS=256

2023-04-03 18:06:25,892 - linear_actuator - DEBUG - String sent: 1PR MS

2023-04-03 18:06:25,993 - linear_actuator - INFO - Set MS=256[92m -> OK[0m
2023-04-03 18:06:26,195 - linear_actuator - DEBUG - String sent: 1A=400

2023-04-03 18:06:26,397 - linear_actuator - DEBUG - String sent: 1PR A

2023-04-03 18:06:26,498 - linear_actuator - INFO - Set A=400[92m -> OK[0m
2023-04-03 18:06:26,700 - linear_actuator - DEBUG - String sent: 1D=700

2023-04-03 18:06:26,901 - linear_actuator - DEBUG - String sent: 1PR D

2023-04-03 18:06:27,003 - linear_actuator - INFO - Set D=700[92m -> OK[0m
2023-04-03 18:06:27,204 - linear_actuator - DEBUG - String sent: 1VI=300

2023-04-03 18:06:27,405 - linear_actuator - DEBUG - String sent: 1PR VI

2023-04-03 18:06:27,507 - linear_actuator - INFO - Set VI=300[92m -> OK[0m
2023-04-03 18:06:27,708 - linear_actuator - DEBUG - String sent: 1VM=800

2023-04-03 18:06:27,910 - linear_actuator - DEBUG - String sent: 1PR VM

2023-04-03 18:06:28,011 - linear_actuator - INFO - Set VM=800[92m -> OK[0m
2023-04-03 18:06:28,213 - linear_actuator - DEBUG - String sent: 1HC=10

2023-04-03 18:06:28,414 - linear_actuator - DEBUG - String sent: 1PR HC

2023-04-03 18:06:28,515 - linear_actuator - INFO - Set HC=10[92m -> OK[0m
2023-04-03 18:06:28,717 - linear_actuator - DEBUG - String sent: 1RC=70

2023-04-03 18:06:28,919 - linear_actuator - DEBUG - String sent: 1PR RC

2023-04-03 18:06:29,020 - linear_actuator - INFO - Set RC=70[92m -> OK[0m
2023-04-03 18:06:29,222 - linear_actuator - DEBUG - String sent: 1EE=1

2023-04-03 18:06:29,423 - linear_actuator - DEBUG - String sent: 1PR EE

2023-04-03 18:06:29,525 - linear_actuator - INFO - Set EE=1[92m -> OK[0m
2023-04-03 18:06:29,726 - linear_actuator - DEBUG - String sent: 1S4=0,0,0

2023-04-03 18:06:29,928 - linear_actuator - DEBUG - String sent: 1PR S4

2023-04-03 18:06:30,029 - linear_actuator - INFO - Set S4=0,0,0[92m -> OK[0m
2023-04-03 18:06:30,030 - linear_actuator - INFO - Set S1 and S2 as limit switches for Linear Motor
2023-04-03 18:06:30,231 - linear_actuator - DEBUG - String sent: 1S1=2,1,0

2023-04-03 18:06:30,433 - linear_actuator - DEBUG - String sent: 1PR S1

2023-04-03 18:06:30,535 - linear_actuator - INFO - Set S1=2,1,0[92m -> OK[0m
2023-04-03 18:06:30,736 - linear_actuator - DEBUG - String sent: 1S2=3,1,0

2023-04-03 18:06:30,938 - linear_actuator - DEBUG - String sent: 1PR S2

2023-04-03 18:06:31,040 - linear_actuator - INFO - Set S2=3,1,0[92m -> OK[0m
2023-04-03 18:06:31,541 - linear_actuator - INFO - Set trigger from Photodiode to Linear encoder.
2023-04-03 18:06:31,743 - linear_actuator - DEBUG - String sent: 1S3=0,0,0

2023-04-03 18:06:31,944 - linear_actuator - DEBUG - String sent: 1PR S3

2023-04-03 18:06:32,046 - linear_actuator - INFO - Set S3=0,0,0[92m -> OK[0m
