2023-04-25 14:51:38,990 - linear_actuator - INFO - started logger
2023-04-25 14:51:38,990 - linear_actuator - INFO - CAUTION USING NON SPECIFIC CONFIG FILES
2023-04-25 14:51:38,990 - linear_actuator - INFO - Using config file (/home/shivaraj/Desktop/SBN/Pyhton2_to_3/SBND_laser_control/workspace/RunControl/devices/config/config_linear_actuator.json)
2023-04-25 14:51:41,284 - linear_actuator - INFO - CAUTION USING NON SPECIFIC CONFIG FILES
2023-04-25 14:51:41,285 - linear_actuator - INFO - Using config file (/home/shivaraj/Desktop/SBN/Pyhton2_to_3/SBND_laser_control/workspace/RunControl/devices/config/com_ports.json)
2023-04-25 14:51:42,289 - linear_actuator - INFO - Com port (/dev/ttyUSB1) opened
2023-04-25 14:51:45,224 - linear_actuator - INFO - ---------------- init axis -----------------
2023-04-25 14:51:45,225 - linear_actuator - DEBUG - String sent: 1MS=256

2023-04-25 14:51:45,225 - linear_actuator - DEBUG - String sent: 1PR MS

2023-04-25 14:51:45,326 - linear_actuator - INFO - Set MS=256[92m -> OK[0m
2023-04-25 14:51:45,327 - linear_actuator - DEBUG - String sent: 1A=400

2023-04-25 14:51:45,327 - linear_actuator - DEBUG - String sent: 1PR A

2023-04-25 14:51:45,428 - linear_actuator - INFO - Set A=400[92m -> OK[0m
2023-04-25 14:51:45,429 - linear_actuator - DEBUG - String sent: 1D=1000

2023-04-25 14:51:45,429 - linear_actuator - DEBUG - String sent: 1PR D

2023-04-25 14:51:45,530 - linear_actuator - INFO - Set D=1000[92m -> OK[0m
2023-04-25 14:51:45,531 - linear_actuator - DEBUG - String sent: 1VI=300

2023-04-25 14:51:45,531 - linear_actuator - DEBUG - String sent: 1PR VI

2023-04-25 14:51:45,632 - linear_actuator - INFO - Set VI=300[92m -> OK[0m
2023-04-25 14:51:45,633 - linear_actuator - DEBUG - String sent: 1VM=1600

2023-04-25 14:51:45,634 - linear_actuator - DEBUG - String sent: 1PR VM

2023-04-25 14:51:45,735 - linear_actuator - INFO - Set VM=1600[92m -> OK[0m
2023-04-25 14:51:45,735 - linear_actuator - DEBUG - String sent: 1HC=10

2023-04-25 14:51:45,736 - linear_actuator - DEBUG - String sent: 1PR HC

2023-04-25 14:51:45,837 - linear_actuator - INFO - Set HC=10[92m -> OK[0m
2023-04-25 14:51:45,838 - linear_actuator - DEBUG - String sent: 1RC=70

2023-04-25 14:51:45,838 - linear_actuator - DEBUG - String sent: 1PR RC

2023-04-25 14:51:45,939 - linear_actuator - INFO - Set RC=70[92m -> OK[0m
2023-04-25 14:51:45,940 - linear_actuator - DEBUG - String sent: 1EE=1

2023-04-25 14:51:45,941 - linear_actuator - DEBUG - String sent: 1PR EE

2023-04-25 14:51:46,042 - linear_actuator - INFO - Set EE=1[92m -> OK[0m
2023-04-25 14:51:46,042 - linear_actuator - DEBUG - String sent: 1SM=1

2023-04-25 14:51:46,043 - linear_actuator - DEBUG - String sent: 1PR SM

2023-04-25 14:51:46,144 - linear_actuator - INFO - Set SM=1[92m -> OK[0m
2023-04-25 14:51:46,145 - linear_actuator - DEBUG - String sent: 1SF=20

2023-04-25 14:51:46,145 - linear_actuator - DEBUG - String sent: 1PR SF

2023-04-25 14:51:46,246 - linear_actuator - INFO - Set SF=20[92m -> OK[0m
2023-04-25 14:51:46,246 - linear_actuator - DEBUG - String sent: 1S3=0,0,0

2023-04-25 14:51:46,246 - linear_actuator - DEBUG - String sent: 1PR S3

2023-04-25 14:51:46,347 - linear_actuator - INFO - Set S3=0,0,0[92m -> OK[0m
2023-04-25 14:51:46,348 - linear_actuator - DEBUG - String sent: 1S4=0,0,0

2023-04-25 14:51:46,349 - linear_actuator - DEBUG - String sent: 1PR S4

2023-04-25 14:51:46,450 - linear_actuator - INFO - Set S4=0,0,0[92m -> OK[0m
2023-04-25 14:51:46,451 - linear_actuator - INFO - Set S1 and S2 as limit switches for Linear Motor
2023-04-25 14:51:46,451 - linear_actuator - DEBUG - String sent: 1S1=2,1,0

2023-04-25 14:51:46,452 - linear_actuator - DEBUG - String sent: 1PR S1

2023-04-25 14:51:46,553 - linear_actuator - INFO - Set S1=2,1,0[92m -> OK[0m
2023-04-25 14:51:46,554 - linear_actuator - DEBUG - String sent: 1S2=3,1,0

2023-04-25 14:51:46,554 - linear_actuator - DEBUG - String sent: 1PR S2

2023-04-25 14:51:46,655 - linear_actuator - INFO - Set S2=3,1,0[92m -> OK[0m
2023-04-25 14:51:47,157 - linear_actuator - INFO - Set trigger from Photodiode to Linear encoder.
2023-04-25 14:51:47,157 - linear_actuator - DEBUG - String sent: 1S3=0,0,0

2023-04-25 14:51:47,158 - linear_actuator - DEBUG - String sent: 1PR S3

2023-04-25 14:51:47,259 - linear_actuator - INFO - Set S3=0,0,0[92m -> OK[0m
