2023-01-18 12:43:12,630 - linear_actuator - INFO - started logger
2023-01-18 12:43:12,630 - linear_actuator - INFO - CAUTION USING NON SPECIFIC CONFIG FILES
2023-01-18 12:43:12,630 - linear_actuator - INFO - Using config file (/home/shivaraj/Desktop/SBN/Pyhton2_to_3/SBND_laser_control/workspace/RunControl/devices/config/config_linear_actuator.json)
2023-01-18 12:43:14,378 - linear_actuator - INFO - CAUTION USING NON SPECIFIC CONFIG FILES
2023-01-18 12:43:14,378 - linear_actuator - INFO - Using config file (/home/shivaraj/Desktop/SBN/Pyhton2_to_3/SBND_laser_control/workspace/RunControl/devices/config/com_ports.json)
2023-01-18 12:43:15,384 - linear_actuator - INFO - Com port (/dev/ttyUSB0) opened
2023-01-18 12:43:18,109 - linear_actuator - INFO - ---------------- init axis -----------------
2023-01-18 12:43:18,110 - linear_actuator - DEBUG - String sent: 1MS=256

2023-01-18 12:43:18,110 - linear_actuator - DEBUG - String sent: 1PR MS

2023-01-18 12:43:18,211 - linear_actuator - INFO - Set MS=256[92m -> OK[0m
2023-01-18 12:43:18,212 - linear_actuator - DEBUG - String sent: 1A=400

2023-01-18 12:43:18,212 - linear_actuator - DEBUG - String sent: 1PR A

2023-01-18 12:43:18,314 - linear_actuator - INFO - Set A=400[92m -> OK[0m
2023-01-18 12:43:18,314 - linear_actuator - DEBUG - String sent: 1D=700

2023-01-18 12:43:18,315 - linear_actuator - DEBUG - String sent: 1PR D

2023-01-18 12:43:18,415 - linear_actuator - INFO - Set D=700[92m -> OK[0m
2023-01-18 12:43:18,416 - linear_actuator - DEBUG - String sent: 1VI=300

2023-01-18 12:43:18,416 - linear_actuator - DEBUG - String sent: 1PR VI

2023-01-18 12:43:18,517 - linear_actuator - INFO - Set VI=300[92m -> OK[0m
2023-01-18 12:43:18,517 - linear_actuator - DEBUG - String sent: 1VM=800

2023-01-18 12:43:18,517 - linear_actuator - DEBUG - String sent: 1PR VM

2023-01-18 12:43:18,618 - linear_actuator - INFO - Set VM=800[92m -> OK[0m
2023-01-18 12:43:18,618 - linear_actuator - DEBUG - String sent: 1HC=10

2023-01-18 12:43:18,619 - linear_actuator - DEBUG - String sent: 1PR HC

2023-01-18 12:43:18,720 - linear_actuator - INFO - Set HC=10[92m -> OK[0m
2023-01-18 12:43:18,720 - linear_actuator - DEBUG - String sent: 1RC=70

2023-01-18 12:43:18,721 - linear_actuator - DEBUG - String sent: 1PR RC

2023-01-18 12:43:18,822 - linear_actuator - INFO - Set RC=70[92m -> OK[0m
2023-01-18 12:43:18,822 - linear_actuator - DEBUG - String sent: 1EE=1

2023-01-18 12:43:18,823 - linear_actuator - DEBUG - String sent: 1PR EE

2023-01-18 12:43:18,923 - linear_actuator - INFO - Set EE=1[92m -> OK[0m
2023-01-18 12:43:18,924 - linear_actuator - DEBUG - String sent: 1S3=0,0,0

2023-01-18 12:43:18,925 - linear_actuator - DEBUG - String sent: 1PR S3

2023-01-18 12:43:19,025 - linear_actuator - INFO - Set S3=0,0,0[92m -> OK[0m
2023-01-18 12:43:19,026 - linear_actuator - DEBUG - String sent: 1S4=0,0,0

2023-01-18 12:43:19,027 - linear_actuator - DEBUG - String sent: 1PR S4

2023-01-18 12:43:19,128 - linear_actuator - INFO - Set S4=0,0,0[92m -> OK[0m
2023-01-18 12:43:19,128 - linear_actuator - INFO - Set S1 and S2 as limit switches for Linear Motor
2023-01-18 12:43:19,129 - linear_actuator - DEBUG - String sent: 1S1=2,1,0

2023-01-18 12:43:19,129 - linear_actuator - DEBUG - String sent: 1PR S1

2023-01-18 12:43:19,230 - linear_actuator - INFO - Set S1=2,1,0[92m -> OK[0m
2023-01-18 12:43:19,231 - linear_actuator - DEBUG - String sent: 1S2=3,1,0

2023-01-18 12:43:19,231 - linear_actuator - DEBUG - String sent: 1PR S2

2023-01-18 12:43:19,332 - linear_actuator - INFO - Set S2=3,1,0[92m -> OK[0m
2023-01-18 12:43:48,869 - linear_actuator - INFO - Moving -100 microsteps
2023-01-18 12:43:48,869 - linear_actuator - DEBUG - String sent: 1MR -100

2023-01-18 12:43:51,581 - linear_actuator - INFO - Moving -1000 microsteps
2023-01-18 12:43:51,581 - linear_actuator - DEBUG - String sent: 1MR -1000

2023-01-18 12:45:46,092 - linear_actuator - INFO - Moving -100 microsteps
2023-01-18 12:45:46,092 - linear_actuator - DEBUG - String sent: 1MR -100

2023-01-18 12:45:54,723 - linear_actuator - INFO - Moving 100 microsteps
2023-01-18 12:45:54,724 - linear_actuator - DEBUG - String sent: 1MR 100

