2023-04-05 15:19:21,782 - linear_actuator - INFO - started logger
2023-04-05 15:19:21,782 - linear_actuator - INFO - CAUTION USING NON SPECIFIC CONFIG FILES
2023-04-05 15:19:21,782 - linear_actuator - INFO - Using config file (/home/shivaraj/Desktop/SBN/Pyhton2_to_3/SBND_laser_control/workspace/RunControl/devices/config/config_linear_actuator.json)
2023-04-05 15:19:23,244 - linear_actuator - INFO - CAUTION USING NON SPECIFIC CONFIG FILES
2023-04-05 15:19:23,244 - linear_actuator - INFO - Using config file (/home/shivaraj/Desktop/SBN/Pyhton2_to_3/SBND_laser_control/workspace/RunControl/devices/config/com_ports.json)
2023-04-05 15:19:24,248 - linear_actuator - INFO - Com port (/dev/ttyUSB0) opened
2023-04-05 15:19:29,086 - linear_actuator - INFO - ---------------- init axis -----------------
2023-04-05 15:19:29,187 - linear_actuator - DEBUG - String sent: 1MS=256

2023-04-05 15:19:29,288 - linear_actuator - DEBUG - String sent: 1PR MS

2023-04-05 15:19:29,388 - linear_actuator - INFO - Set MS=256[92m -> OK[0m
2023-04-05 15:19:29,489 - linear_actuator - DEBUG - String sent: 1A=400

2023-04-05 15:19:29,590 - linear_actuator - DEBUG - String sent: 1PR A

2023-04-05 15:19:29,692 - linear_actuator - INFO - Set A=400[92m -> OK[0m
2023-04-05 15:19:29,793 - linear_actuator - DEBUG - String sent: 1D=700

2023-04-05 15:19:29,894 - linear_actuator - DEBUG - String sent: 1PR D

2023-04-05 15:19:29,996 - linear_actuator - INFO - Set D=700[92m -> OK[0m
2023-04-05 15:19:30,097 - linear_actuator - DEBUG - String sent: 1VI=300

2023-04-05 15:19:30,198 - linear_actuator - DEBUG - String sent: 1PR VI

2023-04-05 15:19:30,299 - linear_actuator - INFO - Set VI=300[92m -> OK[0m
2023-04-05 15:19:30,405 - linear_actuator - DEBUG - String sent: 1VM=800

2023-04-05 15:19:30,506 - linear_actuator - DEBUG - String sent: 1PR VM

2023-04-05 15:19:30,608 - linear_actuator - INFO - Set VM=800[92m -> OK[0m
2023-04-05 15:19:30,709 - linear_actuator - DEBUG - String sent: 1HC=10

2023-04-05 15:19:30,810 - linear_actuator - DEBUG - String sent: 1PR HC

2023-04-05 15:19:30,912 - linear_actuator - INFO - Set HC=10[92m -> OK[0m
2023-04-05 15:19:31,013 - linear_actuator - DEBUG - String sent: 1RC=70

2023-04-05 15:19:31,114 - linear_actuator - DEBUG - String sent: 1PR RC

2023-04-05 15:19:31,214 - linear_actuator - INFO - Set RC=70[92m -> OK[0m
2023-04-05 15:19:31,315 - linear_actuator - DEBUG - String sent: 1EE=1

2023-04-05 15:19:31,415 - linear_actuator - DEBUG - String sent: 1PR EE

2023-04-05 15:19:31,516 - linear_actuator - INFO - Set EE=1[92m -> OK[0m
2023-04-05 15:19:31,617 - linear_actuator - DEBUG - String sent: 1S4=0,0,0

2023-04-05 15:19:31,718 - linear_actuator - DEBUG - String sent: 1PR S4

2023-04-05 15:19:31,820 - linear_actuator - INFO - Set S4=0,0,0[92m -> OK[0m
2023-04-05 15:19:31,820 - linear_actuator - INFO - Set S1 and S2 as limit switches for Linear Motor
2023-04-05 15:19:31,921 - linear_actuator - DEBUG - String sent: 1S1=2,1,0

2023-04-05 15:19:32,022 - linear_actuator - DEBUG - String sent: 1PR S1

2023-04-05 15:19:32,123 - linear_actuator - INFO - Set S1=2,1,0[92m -> OK[0m
2023-04-05 15:19:32,224 - linear_actuator - DEBUG - String sent: 1S2=3,1,0

2023-04-05 15:19:32,325 - linear_actuator - DEBUG - String sent: 1PR S2

2023-04-05 15:19:32,426 - linear_actuator - INFO - Set S2=3,1,0[92m -> OK[0m
2023-04-05 15:19:32,928 - linear_actuator - INFO - Set trigger from Photodiode to Linear encoder.
2023-04-05 15:19:33,029 - linear_actuator - DEBUG - String sent: 1S3=0,0,0

2023-04-05 15:19:33,131 - linear_actuator - DEBUG - String sent: 1PR S3

2023-04-05 15:19:33,231 - linear_actuator - INFO - Set S3=0,0,0[92m -> OK[0m
