2023-02-07 10:44:49,552 - linear_actuator - INFO - started logger
2023-02-07 10:44:49,552 - linear_actuator - INFO - CAUTION USING NON SPECIFIC CONFIG FILES
2023-02-07 10:44:49,552 - linear_actuator - INFO - Using config file (/home/shivaraj/Desktop/SBN/Pyhton2_to_3/SBND_laser_control/workspace/RunControl/devices/config/config_linear_actuator.json)
2023-02-07 10:44:52,089 - linear_actuator - INFO - CAUTION USING NON SPECIFIC CONFIG FILES
2023-02-07 10:44:52,089 - linear_actuator - INFO - Using config file (/home/shivaraj/Desktop/SBN/Pyhton2_to_3/SBND_laser_control/workspace/RunControl/devices/config/com_ports.json)
2023-02-07 10:44:53,094 - linear_actuator - INFO - Com port (/dev/ttyUSB0) opened
2023-02-07 10:44:55,717 - linear_actuator - INFO - ---------------- init axis -----------------
2023-02-07 10:44:55,718 - linear_actuator - DEBUG - String sent: 1MS=256

2023-02-07 10:44:55,718 - linear_actuator - DEBUG - String sent: 1PR MS

2023-02-07 10:44:55,819 - linear_actuator - INFO - Set MS=256[92m -> OK[0m
2023-02-07 10:44:55,820 - linear_actuator - DEBUG - String sent: 1A=400

2023-02-07 10:44:55,820 - linear_actuator - DEBUG - String sent: 1PR A

2023-02-07 10:44:55,921 - linear_actuator - INFO - Set A=400[92m -> OK[0m
2023-02-07 10:44:55,922 - linear_actuator - DEBUG - String sent: 1D=700

2023-02-07 10:44:55,922 - linear_actuator - DEBUG - String sent: 1PR D

2023-02-07 10:44:56,023 - linear_actuator - INFO - Set D=700[92m -> OK[0m
2023-02-07 10:44:56,024 - linear_actuator - DEBUG - String sent: 1VI=300

2023-02-07 10:44:56,024 - linear_actuator - DEBUG - String sent: 1PR VI

2023-02-07 10:44:56,125 - linear_actuator - INFO - Set VI=300[92m -> OK[0m
2023-02-07 10:44:56,126 - linear_actuator - DEBUG - String sent: 1VM=800

2023-02-07 10:44:56,126 - linear_actuator - DEBUG - String sent: 1PR VM

2023-02-07 10:44:56,226 - linear_actuator - INFO - Set VM=800[92m -> OK[0m
2023-02-07 10:44:56,227 - linear_actuator - DEBUG - String sent: 1HC=10

2023-02-07 10:44:56,227 - linear_actuator - DEBUG - String sent: 1PR HC

2023-02-07 10:44:56,327 - linear_actuator - INFO - Set HC=10[92m -> OK[0m
2023-02-07 10:44:56,327 - linear_actuator - DEBUG - String sent: 1RC=70

2023-02-07 10:44:56,327 - linear_actuator - DEBUG - String sent: 1PR RC

2023-02-07 10:44:56,428 - linear_actuator - INFO - Set RC=70[92m -> OK[0m
2023-02-07 10:44:56,429 - linear_actuator - DEBUG - String sent: 1EE=1

2023-02-07 10:44:56,429 - linear_actuator - DEBUG - String sent: 1PR EE

2023-02-07 10:44:56,530 - linear_actuator - INFO - Set EE=1[92m -> OK[0m
2023-02-07 10:44:56,531 - linear_actuator - DEBUG - String sent: 1S4=0,0,0

2023-02-07 10:44:56,531 - linear_actuator - DEBUG - String sent: 1PR S4

2023-02-07 10:44:56,632 - linear_actuator - INFO - Set S4=0,0,0[92m -> OK[0m
2023-02-07 10:44:56,633 - linear_actuator - INFO - Set S1 and S2 as limit switches for Linear Motor
2023-02-07 10:44:56,633 - linear_actuator - DEBUG - String sent: 1S1=2,1,0

2023-02-07 10:44:56,634 - linear_actuator - DEBUG - String sent: 1PR S1

2023-02-07 10:44:56,735 - linear_actuator - INFO - Set S1=2,1,0[92m -> OK[0m
2023-02-07 10:44:56,735 - linear_actuator - DEBUG - String sent: 1S2=3,1,0

2023-02-07 10:44:56,736 - linear_actuator - DEBUG - String sent: 1PR S2

2023-02-07 10:44:56,837 - linear_actuator - INFO - Set S2=3,1,0[92m -> OK[0m
2023-02-07 10:44:57,338 - linear_actuator - INFO - Set trigger from Photodiode to Linear encoder.
2023-02-07 10:44:57,339 - linear_actuator - DEBUG - String sent: 1S3=0,1,0

2023-02-07 10:44:57,339 - linear_actuator - DEBUG - String sent: 1PR S3

2023-02-07 10:44:57,440 - linear_actuator - INFO - Set S3=0,1,0[92m -> OK[0m
2023-02-07 10:45:00,703 - linear_actuator - DEBUG - String sent: 1PR I3

2023-02-07 10:45:07,297 - linear_actuator - DEBUG - String sent: 1PR P

2023-02-07 10:45:10,556 - linear_actuator - DEBUG - String sent: 1PR I3

2023-02-07 10:45:20,297 - linear_actuator - INFO - Moving 1000 microsteps
2023-02-07 10:45:20,304 - linear_actuator - DEBUG - String sent: 1MR 1000

2023-02-07 10:45:20,304 - linear_actuator - DEBUG - String sent: 1PR MV

2023-02-07 10:45:20,406 - linear_actuator - DEBUG - String sent: 1PR I3

2023-02-07 10:45:20,507 - linear_actuator - DEBUG - String sent: 1PR MV

2023-02-07 10:45:20,608 - linear_actuator - DEBUG - String sent: 1PR I3

2023-02-07 10:45:20,709 - linear_actuator - DEBUG - String sent: 1PR MV

2023-02-07 10:45:20,810 - linear_actuator - DEBUG - String sent: 1PR I3

2023-02-07 10:45:20,911 - linear_actuator - DEBUG - String sent: 1PR MV

2023-02-07 10:45:21,012 - linear_actuator - DEBUG - String sent: 1PR I3

