2023-04-13 19:13:16,703 - linear_actuator - INFO - started logger
2023-04-13 19:13:16,703 - linear_actuator - INFO - CAUTION USING NON SPECIFIC CONFIG FILES
2023-04-13 19:13:16,703 - linear_actuator - INFO - Using config file (/home/shivaraj/Desktop/SBN/Pyhton2_to_3/SBND_laser_control/workspace/RunControl/devices/config/config_linear_actuator.json)
2023-04-13 19:13:22,524 - linear_actuator - INFO - CAUTION USING NON SPECIFIC CONFIG FILES
2023-04-13 19:13:22,525 - linear_actuator - INFO - Using config file (/home/shivaraj/Desktop/SBN/Pyhton2_to_3/SBND_laser_control/workspace/RunControl/devices/config/com_ports.json)
2023-04-13 19:13:23,530 - linear_actuator - INFO - Com port (/dev/ttyUSB0) opened
2023-04-13 19:13:34,885 - linear_actuator - INFO - ---------------- init axis -----------------
2023-04-13 19:13:34,987 - linear_actuator - DEBUG - String sent: 1MS=256

2023-04-13 19:13:35,088 - linear_actuator - DEBUG - String sent: 1PR MS

2023-04-13 19:13:35,589 - linear_actuator - INFO - Set MS=256[92m -> OK[0m
2023-04-13 19:13:35,690 - linear_actuator - DEBUG - String sent: 1A=400

2023-04-13 19:13:35,792 - linear_actuator - DEBUG - String sent: 1PR A

2023-04-13 19:13:36,293 - linear_actuator - INFO - Set A=400[92m -> OK[0m
2023-04-13 19:13:36,394 - linear_actuator - DEBUG - String sent: 1D=700

2023-04-13 19:13:36,495 - linear_actuator - DEBUG - String sent: 1PR D

2023-04-13 19:13:36,997 - linear_actuator - INFO - Set D=700[92m -> OK[0m
2023-04-13 19:13:37,097 - linear_actuator - DEBUG - String sent: 1VI=300

2023-04-13 19:13:37,199 - linear_actuator - DEBUG - String sent: 1PR VI

2023-04-13 19:13:37,700 - linear_actuator - INFO - Set VI=300[92m -> OK[0m
2023-04-13 19:13:37,801 - linear_actuator - DEBUG - String sent: 1VM=800

2023-04-13 19:13:37,902 - linear_actuator - DEBUG - String sent: 1PR VM

2023-04-13 19:13:38,403 - linear_actuator - INFO - Set VM=800[92m -> OK[0m
2023-04-13 19:13:38,503 - linear_actuator - DEBUG - String sent: 1HC=10

2023-04-13 19:13:38,604 - linear_actuator - DEBUG - String sent: 1PR HC

2023-04-13 19:13:39,106 - linear_actuator - INFO - Set HC=10[92m -> OK[0m
2023-04-13 19:13:39,207 - linear_actuator - DEBUG - String sent: 1RC=70

2023-04-13 19:13:39,308 - linear_actuator - DEBUG - String sent: 1PR RC

2023-04-13 19:13:39,810 - linear_actuator - INFO - Set RC=70[92m -> OK[0m
2023-04-13 19:13:39,911 - linear_actuator - DEBUG - String sent: 1EE=1

2023-04-13 19:13:40,012 - linear_actuator - DEBUG - String sent: 1PR EE

2023-04-13 19:13:40,514 - linear_actuator - INFO - Set EE=1[92m -> OK[0m
2023-04-13 19:13:40,615 - linear_actuator - DEBUG - String sent: 1SM=1

2023-04-13 19:13:40,716 - linear_actuator - DEBUG - String sent: 1PR SM

2023-04-13 19:13:41,218 - linear_actuator - INFO - Set SM=1[92m -> OK[0m
2023-04-13 19:13:41,319 - linear_actuator - DEBUG - String sent: 1SF=20

2023-04-13 19:13:41,420 - linear_actuator - DEBUG - String sent: 1PR SF

2023-04-13 19:13:41,921 - linear_actuator - INFO - Set SF=20[92m -> OK[0m
2023-04-13 19:13:42,022 - linear_actuator - DEBUG - String sent: 1S3=0,0,0

2023-04-13 19:13:42,123 - linear_actuator - DEBUG - String sent: 1PR S3

2023-04-13 19:13:42,625 - linear_actuator - INFO - Set S3=0,0,0[92m -> OK[0m
2023-04-13 19:13:42,726 - linear_actuator - DEBUG - String sent: 1S4=0,0,0

2023-04-13 19:13:42,827 - linear_actuator - DEBUG - String sent: 1PR S4

2023-04-13 19:13:43,329 - linear_actuator - INFO - Set S4=0,0,0[92m -> OK[0m
2023-04-13 19:13:43,329 - linear_actuator - INFO - Set S1 and S2 as limit switches for Linear Motor
2023-04-13 19:13:43,430 - linear_actuator - DEBUG - String sent: 1S1=2,1,0

2023-04-13 19:13:43,531 - linear_actuator - DEBUG - String sent: 1PR S1

2023-04-13 19:13:44,033 - linear_actuator - INFO - Set S1=2,1,0[92m -> OK[0m
2023-04-13 19:13:44,134 - linear_actuator - DEBUG - String sent: 1S2=3,1,0

2023-04-13 19:13:44,236 - linear_actuator - DEBUG - String sent: 1PR S2

2023-04-13 19:13:44,737 - linear_actuator - INFO - Set S2=3,1,0[92m -> OK[0m
2023-04-13 19:13:45,239 - linear_actuator - INFO - Set trigger from Photodiode to Linear encoder.
2023-04-13 19:13:45,340 - linear_actuator - DEBUG - String sent: 1S3=0,0,0

2023-04-13 19:13:45,441 - linear_actuator - DEBUG - String sent: 1PR S3

2023-04-13 19:13:45,942 - linear_actuator - INFO - Set S3=0,0,0[92m -> OK[0m
2023-04-13 19:14:15,365 - linear_actuator - INFO - CAUTION USING NON SPECIFIC CONFIG FILES
2023-04-13 19:14:15,372 - linear_actuator - INFO - Using config file (/home/shivaraj/Desktop/SBN/Pyhton2_to_3/SBND_laser_control/workspace/RunControl/devices/config/com_ports.json)
2023-04-13 19:14:16,375 - linear_actuator - INFO - Com port (/dev/ttyUSB0) opened
2023-04-13 19:14:27,732 - linear_actuator - INFO - ---------------- init axis -----------------
2023-04-13 19:14:27,833 - linear_actuator - DEBUG - String sent: 1MS=256

2023-04-13 19:14:27,934 - linear_actuator - DEBUG - String sent: 1PR MS

2023-04-13 19:14:28,436 - linear_actuator - INFO - Set MS=256[92m -> OK[0m
2023-04-13 19:14:28,537 - linear_actuator - DEBUG - String sent: 1A=400

2023-04-13 19:14:28,638 - linear_actuator - DEBUG - String sent: 1PR A

2023-04-13 19:14:29,139 - linear_actuator - INFO - Set A=400[92m -> OK[0m
2023-04-13 19:14:29,240 - linear_actuator - DEBUG - String sent: 1D=700

2023-04-13 19:14:29,341 - linear_actuator - DEBUG - String sent: 1PR D

2023-04-13 19:14:29,842 - linear_actuator - INFO - Set D=700[92m -> OK[0m
2023-04-13 19:14:29,942 - linear_actuator - DEBUG - String sent: 1VI=300

2023-04-13 19:14:30,042 - linear_actuator - DEBUG - String sent: 1PR VI

2023-04-13 19:14:30,544 - linear_actuator - INFO - Set VI=300[92m -> OK[0m
2023-04-13 19:14:30,645 - linear_actuator - DEBUG - String sent: 1VM=800

2023-04-13 19:14:30,745 - linear_actuator - DEBUG - String sent: 1PR VM

2023-04-13 19:14:31,247 - linear_actuator - INFO - Set VM=800[92m -> OK[0m
2023-04-13 19:14:31,348 - linear_actuator - DEBUG - String sent: 1HC=10

2023-04-13 19:14:31,449 - linear_actuator - DEBUG - String sent: 1PR HC

2023-04-13 19:14:31,951 - linear_actuator - INFO - Set HC=10[92m -> OK[0m
2023-04-13 19:14:32,052 - linear_actuator - DEBUG - String sent: 1RC=70

2023-04-13 19:14:32,153 - linear_actuator - DEBUG - String sent: 1PR RC

2023-04-13 19:14:32,654 - linear_actuator - INFO - Set RC=70[92m -> OK[0m
2023-04-13 19:14:32,756 - linear_actuator - DEBUG - String sent: 1EE=1

2023-04-13 19:14:32,857 - linear_actuator - DEBUG - String sent: 1PR EE

2023-04-13 19:14:33,358 - linear_actuator - INFO - Set EE=1[92m -> OK[0m
2023-04-13 19:14:33,459 - linear_actuator - DEBUG - String sent: 1SM=1

2023-04-13 19:14:33,560 - linear_actuator - DEBUG - String sent: 1PR SM

2023-04-13 19:14:34,061 - linear_actuator - INFO - Set SM=1[92m -> OK[0m
2023-04-13 19:14:34,162 - linear_actuator - DEBUG - String sent: 1SF=20

2023-04-13 19:14:34,263 - linear_actuator - DEBUG - String sent: 1PR SF

2023-04-13 19:14:34,765 - linear_actuator - INFO - Set SF=20[92m -> OK[0m
2023-04-13 19:14:34,866 - linear_actuator - DEBUG - String sent: 1S3=0,0,0

2023-04-13 19:14:34,967 - linear_actuator - DEBUG - String sent: 1PR S3

2023-04-13 19:14:35,468 - linear_actuator - INFO - Set S3=0,0,0[92m -> OK[0m
2023-04-13 19:14:35,569 - linear_actuator - DEBUG - String sent: 1S4=0,0,0

2023-04-13 19:14:35,670 - linear_actuator - DEBUG - String sent: 1PR S4

2023-04-13 19:14:36,171 - linear_actuator - INFO - Set S4=0,0,0[92m -> OK[0m
2023-04-13 19:14:36,171 - linear_actuator - INFO - Set S1 and S2 as limit switches for Linear Motor
2023-04-13 19:14:36,272 - linear_actuator - DEBUG - String sent: 1S1=2,1,0

2023-04-13 19:14:36,373 - linear_actuator - DEBUG - String sent: 1PR S1

2023-04-13 19:14:36,875 - linear_actuator - INFO - Set S1=2,1,0[92m -> OK[0m
2023-04-13 19:14:36,976 - linear_actuator - DEBUG - String sent: 1S2=3,1,0

2023-04-13 19:14:37,077 - linear_actuator - DEBUG - String sent: 1PR S2

2023-04-13 19:14:37,578 - linear_actuator - INFO - Set S2=3,1,0[92m -> OK[0m
2023-04-13 19:14:38,080 - linear_actuator - INFO - Set trigger from Photodiode to Linear encoder.
2023-04-13 19:14:38,181 - linear_actuator - DEBUG - String sent: 1S3=0,0,0

2023-04-13 19:14:38,282 - linear_actuator - DEBUG - String sent: 1PR S3

2023-04-13 19:14:38,783 - linear_actuator - INFO - Set S3=0,0,0[92m -> OK[0m
