2023-04-25 14:40:34,927 - linear_actuator - INFO - started logger
2023-04-25 14:40:34,927 - linear_actuator - INFO - CAUTION USING NON SPECIFIC CONFIG FILES
2023-04-25 14:40:34,927 - linear_actuator - INFO - Using config file (/home/shivaraj/Desktop/SBN/Pyhton2_to_3/SBND_laser_control/workspace/RunControl/devices/config/config_linear_actuator.json)
2023-04-25 14:40:39,737 - linear_actuator - INFO - CAUTION USING NON SPECIFIC CONFIG FILES
2023-04-25 14:40:39,737 - linear_actuator - INFO - Using config file (/home/shivaraj/Desktop/SBN/Pyhton2_to_3/SBND_laser_control/workspace/RunControl/devices/config/com_ports.json)
2023-04-25 14:40:40,742 - linear_actuator - INFO - Com port (/dev/ttyUSB1) opened
2023-04-25 14:40:43,673 - linear_actuator - INFO - ---------------- init axis -----------------
2023-04-25 14:40:43,674 - linear_actuator - DEBUG - String sent: 1MS=256

2023-04-25 14:40:43,674 - linear_actuator - DEBUG - String sent: 1PR MS

2023-04-25 14:40:43,775 - linear_actuator - INFO - Set MS=256[92m -> OK[0m
2023-04-25 14:40:43,776 - linear_actuator - DEBUG - String sent: 1A=400

2023-04-25 14:40:43,776 - linear_actuator - DEBUG - String sent: 1PR A

2023-04-25 14:40:43,877 - linear_actuator - INFO - Set A=400[92m -> OK[0m
2023-04-25 14:40:43,878 - linear_actuator - DEBUG - String sent: 1D=1000

2023-04-25 14:40:43,878 - linear_actuator - DEBUG - String sent: 1PR D

2023-04-25 14:40:43,979 - linear_actuator - INFO - Set D=1000[92m -> OK[0m
2023-04-25 14:40:43,980 - linear_actuator - DEBUG - String sent: 1VI=300

2023-04-25 14:40:43,981 - linear_actuator - DEBUG - String sent: 1PR VI

2023-04-25 14:40:44,082 - linear_actuator - INFO - Set VI=300[92m -> OK[0m
2023-04-25 14:40:44,082 - linear_actuator - DEBUG - String sent: 1VM=1600

2023-04-25 14:40:44,083 - linear_actuator - DEBUG - String sent: 1PR VM

2023-04-25 14:40:44,185 - linear_actuator - INFO - Set VM=1600[92m -> OK[0m
2023-04-25 14:40:44,185 - linear_actuator - DEBUG - String sent: 1HC=10

2023-04-25 14:40:44,186 - linear_actuator - DEBUG - String sent: 1PR HC

2023-04-25 14:40:44,287 - linear_actuator - INFO - Set HC=10[92m -> OK[0m
2023-04-25 14:40:44,287 - linear_actuator - DEBUG - String sent: 1RC=70

2023-04-25 14:40:44,288 - linear_actuator - DEBUG - String sent: 1PR RC

2023-04-25 14:40:44,389 - linear_actuator - INFO - Set RC=70[92m -> OK[0m
2023-04-25 14:40:44,389 - linear_actuator - DEBUG - String sent: 1EE=1

2023-04-25 14:40:44,389 - linear_actuator - DEBUG - String sent: 1PR EE

2023-04-25 14:40:44,490 - linear_actuator - INFO - Set EE=1[92m -> OK[0m
2023-04-25 14:40:44,491 - linear_actuator - DEBUG - String sent: 1SM=1

2023-04-25 14:40:44,491 - linear_actuator - DEBUG - String sent: 1PR SM

2023-04-25 14:40:44,592 - linear_actuator - INFO - Set SM=1[92m -> OK[0m
2023-04-25 14:40:44,593 - linear_actuator - DEBUG - String sent: 1SF=20

2023-04-25 14:40:44,594 - linear_actuator - DEBUG - String sent: 1PR SF

2023-04-25 14:40:44,695 - linear_actuator - INFO - Set SF=20[92m -> OK[0m
2023-04-25 14:40:44,696 - linear_actuator - DEBUG - String sent: 1S3=0,0,0

2023-04-25 14:40:44,696 - linear_actuator - DEBUG - String sent: 1PR S3

2023-04-25 14:40:44,797 - linear_actuator - INFO - Set S3=0,0,0[92m -> OK[0m
2023-04-25 14:40:44,798 - linear_actuator - DEBUG - String sent: 1S4=0,0,0

2023-04-25 14:40:44,798 - linear_actuator - DEBUG - String sent: 1PR S4

2023-04-25 14:40:44,899 - linear_actuator - INFO - Set S4=0,0,0[92m -> OK[0m
2023-04-25 14:40:44,900 - linear_actuator - INFO - Set S1 and S2 as limit switches for Linear Motor
2023-04-25 14:40:44,900 - linear_actuator - DEBUG - String sent: 1S1=2,1,0

2023-04-25 14:40:44,901 - linear_actuator - DEBUG - String sent: 1PR S1

2023-04-25 14:40:45,002 - linear_actuator - INFO - Set S1=2,1,0[92m -> OK[0m
2023-04-25 14:40:45,003 - linear_actuator - DEBUG - String sent: 1S2=3,1,0

2023-04-25 14:40:45,003 - linear_actuator - DEBUG - String sent: 1PR S2

2023-04-25 14:40:45,104 - linear_actuator - INFO - Set S2=3,1,0[92m -> OK[0m
2023-04-25 14:40:45,606 - linear_actuator - INFO - Set trigger from Photodiode to Linear encoder.
2023-04-25 14:40:45,607 - linear_actuator - DEBUG - String sent: 1S3=0,0,0

2023-04-25 14:40:45,607 - linear_actuator - DEBUG - String sent: 1PR S3

2023-04-25 14:40:45,709 - linear_actuator - INFO - Set S3=0,0,0[92m -> OK[0m
