2023-04-03 18:00:37,162 - linear_actuator - INFO - started logger
2023-04-03 18:00:37,163 - linear_actuator - INFO - CAUTION USING NON SPECIFIC CONFIG FILES
2023-04-03 18:00:37,163 - linear_actuator - INFO - Using config file (/home/shivaraj/Desktop/SBN/Pyhton2_to_3/SBND_laser_control/workspace/RunControl/devices/config/config_linear_actuator.json)
2023-04-03 18:00:38,831 - linear_actuator - INFO - CAUTION USING NON SPECIFIC CONFIG FILES
2023-04-03 18:00:38,832 - linear_actuator - INFO - Using config file (/home/shivaraj/Desktop/SBN/Pyhton2_to_3/SBND_laser_control/workspace/RunControl/devices/config/com_ports.json)
2023-04-03 18:00:39,836 - linear_actuator - INFO - Com port (/dev/ttyUSB1) opened
2023-04-03 18:00:46,894 - linear_actuator - INFO - ---------------- init axis -----------------
2023-04-03 18:00:47,096 - linear_actuator - DEBUG - String sent: 1MS=256

2023-04-03 18:00:47,298 - linear_actuator - DEBUG - String sent: 1PR MS

2023-04-03 18:00:47,399 - linear_actuator - INFO - Set MS=256[92m -> OK[0m
2023-04-03 18:00:47,601 - linear_actuator - DEBUG - String sent: 1A=400

2023-04-03 18:00:47,802 - linear_actuator - DEBUG - String sent: 1PR A

2023-04-03 18:00:47,904 - linear_actuator - INFO - Set A=400[92m -> OK[0m
2023-04-03 18:00:48,105 - linear_actuator - DEBUG - String sent: 1D=700

2023-04-03 18:00:48,307 - linear_actuator - DEBUG - String sent: 1PR D

2023-04-03 18:00:48,409 - linear_actuator - INFO - Set D=700[92m -> OK[0m
2023-04-03 18:00:48,610 - linear_actuator - DEBUG - String sent: 1VI=300

2023-04-03 18:00:48,812 - linear_actuator - DEBUG - String sent: 1PR VI

2023-04-03 18:00:48,914 - linear_actuator - INFO - Set VI=300[92m -> OK[0m
2023-04-03 18:00:49,115 - linear_actuator - DEBUG - String sent: 1VM=800

2023-04-03 18:00:49,316 - linear_actuator - DEBUG - String sent: 1PR VM

2023-04-03 18:00:49,417 - linear_actuator - INFO - Set VM=800[92m -> OK[0m
2023-04-03 18:00:49,619 - linear_actuator - DEBUG - String sent: 1HC=10

2023-04-03 18:00:49,821 - linear_actuator - DEBUG - String sent: 1PR HC

2023-04-03 18:00:49,922 - linear_actuator - INFO - Set HC=10[92m -> OK[0m
2023-04-03 18:00:50,124 - linear_actuator - DEBUG - String sent: 1RC=70

2023-04-03 18:00:50,325 - linear_actuator - DEBUG - String sent: 1PR RC

2023-04-03 18:00:50,426 - linear_actuator - INFO - Set RC=70[92m -> OK[0m
2023-04-03 18:00:50,628 - linear_actuator - DEBUG - String sent: 1EE=1

2023-04-03 18:00:50,830 - linear_actuator - DEBUG - String sent: 1PR EE

2023-04-03 18:00:50,931 - linear_actuator - INFO - Set EE=1[92m -> OK[0m
2023-04-03 18:00:51,133 - linear_actuator - DEBUG - String sent: 1S4=0,0,0

2023-04-03 18:00:51,334 - linear_actuator - DEBUG - String sent: 1PR S4

2023-04-03 18:00:51,436 - linear_actuator - INFO - Set S4=0,0,0[92m -> OK[0m
2023-04-03 18:00:51,436 - linear_actuator - INFO - Set S1 and S2 as limit switches for Linear Motor
2023-04-03 18:00:51,637 - linear_actuator - DEBUG - String sent: 1S1=2,1,0

2023-04-03 18:00:51,839 - linear_actuator - DEBUG - String sent: 1PR S1

2023-04-03 18:00:51,941 - linear_actuator - INFO - Set S1=2,1,0[92m -> OK[0m
2023-04-03 18:00:52,142 - linear_actuator - DEBUG - String sent: 1S2=3,1,0

2023-04-03 18:00:52,344 - linear_actuator - DEBUG - String sent: 1PR S2

2023-04-03 18:00:52,445 - linear_actuator - INFO - Set S2=3,1,0[92m -> OK[0m
2023-04-03 18:00:52,947 - linear_actuator - INFO - Set trigger from Photodiode to Linear encoder.
2023-04-03 18:00:53,148 - linear_actuator - DEBUG - String sent: 1S3=0,0,0

2023-04-03 18:00:53,350 - linear_actuator - DEBUG - String sent: 1PR S3

2023-04-03 18:00:53,452 - linear_actuator - INFO - Set S3=0,0,0[92m -> OK[0m
