2023-01-18 13:40:22,796 - linear_actuator - INFO - started logger
2023-01-18 13:40:22,797 - linear_actuator - INFO - CAUTION USING NON SPECIFIC CONFIG FILES
2023-01-18 13:40:22,797 - linear_actuator - INFO - Using config file (/home/shivaraj/Desktop/SBN/Pyhton2_to_3/SBND_laser_control/workspace/RunControl/devices/config/config_linear_actuator.json)
2023-01-18 13:40:24,664 - linear_actuator - INFO - CAUTION USING NON SPECIFIC CONFIG FILES
2023-01-18 13:40:24,665 - linear_actuator - INFO - Using config file (/home/shivaraj/Desktop/SBN/Pyhton2_to_3/SBND_laser_control/workspace/RunControl/devices/config/com_ports.json)
2023-01-18 13:40:25,668 - linear_actuator - INFO - Com port (/dev/ttyUSB0) opened
2023-01-18 13:40:28,392 - linear_actuator - INFO - ---------------- init axis -----------------
2023-01-18 13:40:28,392 - linear_actuator - DEBUG - String sent: 1MS=256

2023-01-18 13:40:28,393 - linear_actuator - DEBUG - String sent: 1PR MS

2023-01-18 13:40:28,494 - linear_actuator - INFO - Set MS=256[92m -> OK[0m
2023-01-18 13:40:28,494 - linear_actuator - DEBUG - String sent: 1A=400

2023-01-18 13:40:28,495 - linear_actuator - DEBUG - String sent: 1PR A

2023-01-18 13:40:28,596 - linear_actuator - INFO - Set A=400[92m -> OK[0m
2023-01-18 13:40:28,596 - linear_actuator - DEBUG - String sent: 1D=700

2023-01-18 13:40:28,597 - linear_actuator - DEBUG - String sent: 1PR D

2023-01-18 13:40:28,698 - linear_actuator - INFO - Set D=700[92m -> OK[0m
2023-01-18 13:40:28,699 - linear_actuator - DEBUG - String sent: 1VI=300

2023-01-18 13:40:28,699 - linear_actuator - DEBUG - String sent: 1PR VI

2023-01-18 13:40:28,800 - linear_actuator - INFO - Set VI=300[92m -> OK[0m
2023-01-18 13:40:28,800 - linear_actuator - DEBUG - String sent: 1VM=800

2023-01-18 13:40:28,800 - linear_actuator - DEBUG - String sent: 1PR VM

2023-01-18 13:40:28,900 - linear_actuator - INFO - Set VM=800[92m -> OK[0m
2023-01-18 13:40:28,901 - linear_actuator - DEBUG - String sent: 1HC=10

2023-01-18 13:40:28,901 - linear_actuator - DEBUG - String sent: 1PR HC

2023-01-18 13:40:29,002 - linear_actuator - INFO - Set HC=10[92m -> OK[0m
2023-01-18 13:40:29,002 - linear_actuator - DEBUG - String sent: 1RC=70

2023-01-18 13:40:29,003 - linear_actuator - DEBUG - String sent: 1PR RC

2023-01-18 13:40:29,104 - linear_actuator - INFO - Set RC=70[92m -> OK[0m
2023-01-18 13:40:29,104 - linear_actuator - DEBUG - String sent: 1EE=1

2023-01-18 13:40:29,105 - linear_actuator - DEBUG - String sent: 1PR EE

2023-01-18 13:40:29,206 - linear_actuator - INFO - Set EE=1[92m -> OK[0m
2023-01-18 13:40:29,206 - linear_actuator - DEBUG - String sent: 1S3=0,0,0

2023-01-18 13:40:29,207 - linear_actuator - DEBUG - String sent: 1PR S3

2023-01-18 13:40:29,307 - linear_actuator - INFO - Set S3=0,0,0[92m -> OK[0m
2023-01-18 13:40:29,308 - linear_actuator - DEBUG - String sent: 1S4=0,0,0

2023-01-18 13:40:29,308 - linear_actuator - DEBUG - String sent: 1PR S4

2023-01-18 13:40:29,409 - linear_actuator - INFO - Set S4=0,0,0[92m -> OK[0m
2023-01-18 13:40:29,410 - linear_actuator - INFO - Set S1 and S2 as limit switches for Linear Motor
2023-01-18 13:40:29,410 - linear_actuator - DEBUG - String sent: 1S1=2,1,0

2023-01-18 13:40:29,411 - linear_actuator - DEBUG - String sent: 1PR S1

2023-01-18 13:40:29,511 - linear_actuator - INFO - Set S1=2,1,0[92m -> OK[0m
2023-01-18 13:40:29,512 - linear_actuator - DEBUG - String sent: 1S2=3,1,0

2023-01-18 13:40:29,512 - linear_actuator - DEBUG - String sent: 1PR S2

2023-01-18 13:40:29,613 - linear_actuator - INFO - Set S2=3,1,0[92m -> OK[0m
2023-01-18 13:40:32,648 - linear_actuator - INFO - Moving 1000 microsteps
2023-01-18 13:40:32,649 - linear_actuator - DEBUG - String sent: 1MR 1000

