2023-04-05 15:17:50,896 - linear_actuator - INFO - started logger
2023-04-05 15:17:50,896 - linear_actuator - INFO - CAUTION USING NON SPECIFIC CONFIG FILES
2023-04-05 15:17:50,896 - linear_actuator - INFO - Using config file (/home/shivaraj/Desktop/SBN/Pyhton2_to_3/SBND_laser_control/workspace/RunControl/devices/config/config_linear_actuator.json)
2023-04-05 15:17:52,606 - linear_actuator - INFO - CAUTION USING NON SPECIFIC CONFIG FILES
2023-04-05 15:17:52,606 - linear_actuator - INFO - Using config file (/home/shivaraj/Desktop/SBN/Pyhton2_to_3/SBND_laser_control/workspace/RunControl/devices/config/com_ports.json)
2023-04-05 15:17:53,611 - linear_actuator - INFO - Com port (/dev/ttyUSB0) opened
2023-04-05 15:17:58,450 - linear_actuator - INFO - ---------------- init axis -----------------
2023-04-05 15:17:58,551 - linear_actuator - DEBUG - String sent: 1MS=256

2023-04-05 15:17:58,652 - linear_actuator - DEBUG - String sent: 1PR MS

2023-04-05 15:17:58,754 - linear_actuator - INFO - Set MS=256[92m -> OK[0m
2023-04-05 15:17:58,855 - linear_actuator - DEBUG - String sent: 1A=400

2023-04-05 15:17:58,956 - linear_actuator - DEBUG - String sent: 1PR A

2023-04-05 15:17:59,057 - linear_actuator - INFO - Set A=400[92m -> OK[0m
2023-04-05 15:17:59,159 - linear_actuator - DEBUG - String sent: 1D=700

2023-04-05 15:17:59,260 - linear_actuator - DEBUG - String sent: 1PR D

2023-04-05 15:17:59,361 - linear_actuator - INFO - Set D=700[92m -> OK[0m
2023-04-05 15:17:59,462 - linear_actuator - DEBUG - String sent: 1VI=300

2023-04-05 15:17:59,563 - linear_actuator - DEBUG - String sent: 1PR VI

2023-04-05 15:17:59,665 - linear_actuator - INFO - Set VI=300[92m -> OK[0m
2023-04-05 15:17:59,766 - linear_actuator - DEBUG - String sent: 1VM=800

2023-04-05 15:17:59,867 - linear_actuator - DEBUG - String sent: 1PR VM

2023-04-05 15:17:59,969 - linear_actuator - INFO - Set VM=800[92m -> OK[0m
2023-04-05 15:18:00,070 - linear_actuator - DEBUG - String sent: 1HC=10

2023-04-05 15:18:00,171 - linear_actuator - DEBUG - String sent: 1PR HC

2023-04-05 15:18:00,272 - linear_actuator - INFO - Set HC=10[92m -> OK[0m
2023-04-05 15:18:00,374 - linear_actuator - DEBUG - String sent: 1RC=70

2023-04-05 15:18:00,475 - linear_actuator - DEBUG - String sent: 1PR RC

2023-04-05 15:18:00,576 - linear_actuator - INFO - Set RC=70[92m -> OK[0m
2023-04-05 15:18:00,677 - linear_actuator - DEBUG - String sent: 1EE=1

2023-04-05 15:18:00,778 - linear_actuator - DEBUG - String sent: 1PR EE

2023-04-05 15:18:00,879 - linear_actuator - INFO - Set EE=1[92m -> OK[0m
2023-04-05 15:18:00,980 - linear_actuator - DEBUG - String sent: 1S4=0,0,0

2023-04-05 15:18:01,082 - linear_actuator - DEBUG - String sent: 1PR S4

2023-04-05 15:18:01,183 - linear_actuator - INFO - Set S4=0,0,0[92m -> OK[0m
2023-04-05 15:18:01,184 - linear_actuator - INFO - Set S1 and S2 as limit switches for Linear Motor
2023-04-05 15:18:01,285 - linear_actuator - DEBUG - String sent: 1S1=2,1,0

2023-04-05 15:18:01,386 - linear_actuator - DEBUG - String sent: 1PR S1

2023-04-05 15:18:01,487 - linear_actuator - INFO - Set S1=2,1,0[92m -> OK[0m
2023-04-05 15:18:01,588 - linear_actuator - DEBUG - String sent: 1S2=3,1,0

2023-04-05 15:18:01,689 - linear_actuator - DEBUG - String sent: 1PR S2

2023-04-05 15:18:01,790 - linear_actuator - INFO - Set S2=3,1,0[92m -> OK[0m
2023-04-05 15:18:02,290 - linear_actuator - INFO - Set trigger from Photodiode to Linear encoder.
2023-04-05 15:18:02,391 - linear_actuator - DEBUG - String sent: 1S3=0,0,0

2023-04-05 15:18:02,492 - linear_actuator - DEBUG - String sent: 1PR S3

2023-04-05 15:18:02,594 - linear_actuator - INFO - Set S3=0,0,0[92m -> OK[0m
