2023-04-03 14:48:49,521 - linear_actuator - INFO - started logger
2023-04-03 14:48:49,521 - linear_actuator - INFO - CAUTION USING NON SPECIFIC CONFIG FILES
2023-04-03 14:48:49,521 - linear_actuator - INFO - Using config file (/home/shivaraj/Desktop/SBN/Pyhton2_to_3/SBND_laser_control/workspace/RunControl/devices/config/config_linear_actuator.json)
2023-04-03 14:48:51,463 - linear_actuator - INFO - CAUTION USING NON SPECIFIC CONFIG FILES
2023-04-03 14:48:51,464 - linear_actuator - INFO - Using config file (/home/shivaraj/Desktop/SBN/Pyhton2_to_3/SBND_laser_control/workspace/RunControl/devices/config/com_ports.json)
2023-04-03 14:48:52,468 - linear_actuator - INFO - Com port (/dev/ttyUSB0) opened
2023-04-03 14:48:55,092 - linear_actuator - INFO - ---------------- init axis -----------------
2023-04-03 14:48:55,092 - linear_actuator - DEBUG - String sent: 1MS=256

2023-04-03 14:48:55,092 - linear_actuator - DEBUG - String sent: 1PR MS

2023-04-03 14:48:55,193 - linear_actuator - INFO - Set MS=256[92m -> OK[0m
2023-04-03 14:48:55,194 - linear_actuator - DEBUG - String sent: 1A=400

2023-04-03 14:48:55,194 - linear_actuator - DEBUG - String sent: 1PR A

2023-04-03 14:48:55,295 - linear_actuator - INFO - Set A=400[92m -> OK[0m
2023-04-03 14:48:55,296 - linear_actuator - DEBUG - String sent: 1D=700

2023-04-03 14:48:55,296 - linear_actuator - DEBUG - String sent: 1PR D

2023-04-03 14:48:55,397 - linear_actuator - INFO - Set D=700[92m -> OK[0m
2023-04-03 14:48:55,398 - linear_actuator - DEBUG - String sent: 1VI=300

2023-04-03 14:48:55,399 - linear_actuator - DEBUG - String sent: 1PR VI

2023-04-03 14:48:55,500 - linear_actuator - INFO - Set VI=300[92m -> OK[0m
2023-04-03 14:48:55,500 - linear_actuator - DEBUG - String sent: 1VM=800

2023-04-03 14:48:55,501 - linear_actuator - DEBUG - String sent: 1PR VM

2023-04-03 14:48:55,604 - linear_actuator - INFO - Set VM=800[92m -> OK[0m
2023-04-03 14:48:55,604 - linear_actuator - DEBUG - String sent: 1HC=10

2023-04-03 14:48:55,605 - linear_actuator - DEBUG - String sent: 1PR HC

2023-04-03 14:48:55,705 - linear_actuator - INFO - Set HC=10[92m -> OK[0m
2023-04-03 14:48:55,705 - linear_actuator - DEBUG - String sent: 1RC=70

2023-04-03 14:48:55,705 - linear_actuator - DEBUG - String sent: 1PR RC

2023-04-03 14:48:55,806 - linear_actuator - INFO - Set RC=70[92m -> OK[0m
2023-04-03 14:48:55,807 - linear_actuator - DEBUG - String sent: 1EE=1

2023-04-03 14:48:55,807 - linear_actuator - DEBUG - String sent: 1PR EE

2023-04-03 14:48:55,908 - linear_actuator - INFO - Set EE=1[92m -> OK[0m
2023-04-03 14:48:55,909 - linear_actuator - DEBUG - String sent: 1S4=0,0,0

2023-04-03 14:48:55,910 - linear_actuator - DEBUG - String sent: 1PR S4

2023-04-03 14:48:56,011 - linear_actuator - INFO - Set S4=0,0,0[92m -> OK[0m
2023-04-03 14:48:56,011 - linear_actuator - INFO - Set S1 and S2 as limit switches for Linear Motor
2023-04-03 14:48:56,012 - linear_actuator - DEBUG - String sent: 1S1=2,1,0

2023-04-03 14:48:56,012 - linear_actuator - DEBUG - String sent: 1PR S1

2023-04-03 14:48:56,113 - linear_actuator - INFO - Set S1=2,1,0[92m -> OK[0m
2023-04-03 14:48:56,114 - linear_actuator - DEBUG - String sent: 1S2=3,1,0

2023-04-03 14:48:56,115 - linear_actuator - DEBUG - String sent: 1PR S2

2023-04-03 14:48:56,216 - linear_actuator - INFO - Set S2=3,1,0[92m -> OK[0m
2023-04-03 14:48:56,717 - linear_actuator - INFO - Set trigger from Photodiode to Linear encoder.
2023-04-03 14:48:56,717 - linear_actuator - DEBUG - String sent: 1S3=0,0,0

2023-04-03 14:48:56,717 - linear_actuator - DEBUG - String sent: 1PR S3

2023-04-03 14:48:56,818 - linear_actuator - INFO - Set S3=0,0,0[92m -> OK[0m
