2023-04-18 10:48:37,682 - linear_actuator - INFO - started logger
2023-04-18 10:48:37,682 - linear_actuator - INFO - CAUTION USING NON SPECIFIC CONFIG FILES
2023-04-18 10:48:37,682 - linear_actuator - INFO - Using config file (/home/shivaraj/Desktop/SBN/Pyhton2_to_3/SBND_laser_control/workspace/RunControl/devices/config/config_linear_actuator.json)
2023-04-18 10:48:38,645 - linear_actuator - INFO - CAUTION USING NON SPECIFIC CONFIG FILES
2023-04-18 10:48:38,646 - linear_actuator - INFO - Using config file (/home/shivaraj/Desktop/SBN/Pyhton2_to_3/SBND_laser_control/workspace/RunControl/devices/config/com_ports.json)
2023-04-18 10:48:39,650 - linear_actuator - INFO - Com port (/dev/ttyUSB0) opened
2023-04-18 10:48:45,396 - linear_actuator - INFO - ---------------- init axis -----------------
2023-04-18 10:48:45,497 - linear_actuator - DEBUG - String sent: 1MS=256

2023-04-18 10:48:45,598 - linear_actuator - DEBUG - String sent: 1PR MS

2023-04-18 10:48:45,700 - linear_actuator - INFO - Set MS=256[92m -> OK[0m
2023-04-18 10:48:45,801 - linear_actuator - DEBUG - String sent: 1A=400

2023-04-18 10:48:45,902 - linear_actuator - DEBUG - String sent: 1PR A

2023-04-18 10:48:46,003 - linear_actuator - INFO - Set A=400[92m -> OK[0m
2023-04-18 10:48:46,105 - linear_actuator - DEBUG - String sent: 1D=700

2023-04-18 10:48:46,206 - linear_actuator - DEBUG - String sent: 1PR D

2023-04-18 10:48:46,308 - linear_actuator - INFO - Set D=700[92m -> OK[0m
2023-04-18 10:48:46,409 - linear_actuator - DEBUG - String sent: 1VI=300

2023-04-18 10:48:46,510 - linear_actuator - DEBUG - String sent: 1PR VI

2023-04-18 10:48:46,611 - linear_actuator - INFO - Set VI=300[92m -> OK[0m
2023-04-18 10:48:46,713 - linear_actuator - DEBUG - String sent: 1VM=800

2023-04-18 10:48:46,814 - linear_actuator - DEBUG - String sent: 1PR VM

2023-04-18 10:48:46,915 - linear_actuator - INFO - Set VM=800[92m -> OK[0m
2023-04-18 10:48:47,016 - linear_actuator - DEBUG - String sent: 1HC=10

2023-04-18 10:48:47,118 - linear_actuator - DEBUG - String sent: 1PR HC

2023-04-18 10:48:47,219 - linear_actuator - INFO - Set HC=10[92m -> OK[0m
2023-04-18 10:48:47,320 - linear_actuator - DEBUG - String sent: 1RC=70

2023-04-18 10:48:47,422 - linear_actuator - DEBUG - String sent: 1PR RC

2023-04-18 10:48:47,523 - linear_actuator - INFO - Set RC=70[92m -> OK[0m
2023-04-18 10:48:47,624 - linear_actuator - DEBUG - String sent: 1EE=1

2023-04-18 10:48:47,724 - linear_actuator - DEBUG - String sent: 1PR EE

2023-04-18 10:48:47,825 - linear_actuator - INFO - Set EE=1[92m -> OK[0m
2023-04-18 10:48:47,927 - linear_actuator - DEBUG - String sent: 1SM=1

2023-04-18 10:48:48,028 - linear_actuator - DEBUG - String sent: 1PR SM

2023-04-18 10:48:48,129 - linear_actuator - INFO - Set SM=1[92m -> OK[0m
2023-04-18 10:48:48,230 - linear_actuator - DEBUG - String sent: 1SF=20

2023-04-18 10:48:48,332 - linear_actuator - DEBUG - String sent: 1PR SF

2023-04-18 10:48:48,433 - linear_actuator - INFO - Set SF=20[92m -> OK[0m
2023-04-18 10:48:48,534 - linear_actuator - DEBUG - String sent: 1S3=0,0,0

2023-04-18 10:48:48,635 - linear_actuator - DEBUG - String sent: 1PR S3

2023-04-18 10:48:48,736 - linear_actuator - INFO - Set S3=0,0,0[92m -> OK[0m
2023-04-18 10:48:48,837 - linear_actuator - DEBUG - String sent: 1S4=0,0,0

2023-04-18 10:48:48,938 - linear_actuator - DEBUG - String sent: 1PR S4

2023-04-18 10:48:49,039 - linear_actuator - INFO - Set S4=0,0,0[92m -> OK[0m
2023-04-18 10:48:49,040 - linear_actuator - INFO - Set S1 and S2 as limit switches for Linear Motor
2023-04-18 10:48:49,141 - linear_actuator - DEBUG - String sent: 1S1=2,1,0

2023-04-18 10:48:49,242 - linear_actuator - DEBUG - String sent: 1PR S1

2023-04-18 10:48:49,343 - linear_actuator - INFO - Set S1=2,1,0[92m -> OK[0m
2023-04-18 10:48:49,444 - linear_actuator - DEBUG - String sent: 1S2=3,1,0

2023-04-18 10:48:49,546 - linear_actuator - DEBUG - String sent: 1PR S2

2023-04-18 10:48:49,647 - linear_actuator - INFO - Set S2=3,1,0[92m -> OK[0m
2023-04-18 10:48:50,149 - linear_actuator - INFO - Set trigger from Photodiode to Linear encoder.
2023-04-18 10:48:50,250 - linear_actuator - DEBUG - String sent: 1S3=0,0,0

2023-04-18 10:48:50,351 - linear_actuator - DEBUG - String sent: 1PR S3

2023-04-18 10:48:50,453 - linear_actuator - INFO - Set S3=0,0,0[92m -> OK[0m
