2023-02-07 10:54:34,603 - linear_actuator - INFO - started logger
2023-02-07 10:54:34,603 - linear_actuator - INFO - CAUTION USING NON SPECIFIC CONFIG FILES
2023-02-07 10:54:34,603 - linear_actuator - INFO - Using config file (/home/shivaraj/Desktop/SBN/Pyhton2_to_3/SBND_laser_control/workspace/RunControl/devices/config/config_linear_actuator.json)
2023-02-07 10:54:38,098 - linear_actuator - INFO - CAUTION USING NON SPECIFIC CONFIG FILES
2023-02-07 10:54:38,099 - linear_actuator - INFO - Using config file (/home/shivaraj/Desktop/SBN/Pyhton2_to_3/SBND_laser_control/workspace/RunControl/devices/config/com_ports.json)
2023-02-07 10:54:39,103 - linear_actuator - INFO - Com port (/dev/ttyUSB0) opened
2023-02-07 10:54:41,734 - linear_actuator - INFO - ---------------- init axis -----------------
2023-02-07 10:54:41,735 - linear_actuator - DEBUG - String sent: 1MS=256

2023-02-07 10:54:41,735 - linear_actuator - DEBUG - String sent: 1PR MS

2023-02-07 10:54:41,835 - linear_actuator - INFO - Set MS=256[92m -> OK[0m
2023-02-07 10:54:41,836 - linear_actuator - DEBUG - String sent: 1A=400

2023-02-07 10:54:41,836 - linear_actuator - DEBUG - String sent: 1PR A

2023-02-07 10:54:41,937 - linear_actuator - INFO - Set A=400[92m -> OK[0m
2023-02-07 10:54:41,937 - linear_actuator - DEBUG - String sent: 1D=700

2023-02-07 10:54:41,937 - linear_actuator - DEBUG - String sent: 1PR D

2023-02-07 10:54:42,038 - linear_actuator - INFO - Set D=700[92m -> OK[0m
2023-02-07 10:54:42,039 - linear_actuator - DEBUG - String sent: 1VI=300

2023-02-07 10:54:42,039 - linear_actuator - DEBUG - String sent: 1PR VI

2023-02-07 10:54:42,140 - linear_actuator - INFO - Set VI=300[92m -> OK[0m
2023-02-07 10:54:42,141 - linear_actuator - DEBUG - String sent: 1VM=800

2023-02-07 10:54:42,141 - linear_actuator - DEBUG - String sent: 1PR VM

2023-02-07 10:54:42,242 - linear_actuator - INFO - Set VM=800[92m -> OK[0m
2023-02-07 10:54:42,243 - linear_actuator - DEBUG - String sent: 1HC=10

2023-02-07 10:54:42,243 - linear_actuator - DEBUG - String sent: 1PR HC

2023-02-07 10:54:42,344 - linear_actuator - INFO - Set HC=10[92m -> OK[0m
2023-02-07 10:54:42,345 - linear_actuator - DEBUG - String sent: 1RC=70

2023-02-07 10:54:42,345 - linear_actuator - DEBUG - String sent: 1PR RC

2023-02-07 10:54:42,446 - linear_actuator - INFO - Set RC=70[92m -> OK[0m
2023-02-07 10:54:42,447 - linear_actuator - DEBUG - String sent: 1EE=1

2023-02-07 10:54:42,447 - linear_actuator - DEBUG - String sent: 1PR EE

2023-02-07 10:54:42,548 - linear_actuator - INFO - Set EE=1[92m -> OK[0m
2023-02-07 10:54:42,549 - linear_actuator - DEBUG - String sent: 1S4=0,0,0

2023-02-07 10:54:42,550 - linear_actuator - DEBUG - String sent: 1PR S4

2023-02-07 10:54:42,651 - linear_actuator - INFO - Set S4=0,0,0[92m -> OK[0m
2023-02-07 10:54:42,651 - linear_actuator - INFO - Set S1 and S2 as limit switches for Linear Motor
2023-02-07 10:54:42,651 - linear_actuator - DEBUG - String sent: 1S1=2,1,0

2023-02-07 10:54:42,652 - linear_actuator - DEBUG - String sent: 1PR S1

2023-02-07 10:54:42,752 - linear_actuator - INFO - Set S1=2,1,0[92m -> OK[0m
2023-02-07 10:54:42,752 - linear_actuator - DEBUG - String sent: 1S2=3,1,0

2023-02-07 10:54:42,753 - linear_actuator - DEBUG - String sent: 1PR S2

2023-02-07 10:54:42,853 - linear_actuator - INFO - Set S2=3,1,0[92m -> OK[0m
2023-02-07 10:54:43,354 - linear_actuator - INFO - Set trigger from Photodiode to Linear encoder.
2023-02-07 10:54:43,355 - linear_actuator - DEBUG - String sent: 1S3=0,1,0

2023-02-07 10:54:43,355 - linear_actuator - DEBUG - String sent: 1PR S3

2023-02-07 10:54:43,457 - linear_actuator - INFO - Set S3=0,1,0[92m -> OK[0m
2023-02-07 10:54:48,615 - linear_actuator - DEBUG - String sent: 1PR I3

2023-02-07 10:55:01,317 - linear_actuator - DEBUG - String sent: 1PR P

2023-02-07 10:55:10,866 - linear_actuator - INFO - Moving -1000 microsteps
2023-02-07 10:55:10,867 - linear_actuator - DEBUG - String sent: 1MR -1000

2023-02-07 10:55:10,867 - linear_actuator - DEBUG - String sent: 1PR MV

2023-02-07 10:55:10,968 - linear_actuator - DEBUG - String sent: 1PR I3

2023-02-07 10:55:11,069 - linear_actuator - DEBUG - String sent: 1PR MV

2023-02-07 10:55:11,170 - linear_actuator - DEBUG - String sent: 1PR I3

2023-02-07 10:55:11,271 - linear_actuator - DEBUG - String sent: 1PR MV

2023-02-07 10:55:11,373 - linear_actuator - DEBUG - String sent: 1PR I3

2023-02-07 10:55:11,474 - linear_actuator - DEBUG - String sent: 1PR MV

2023-02-07 10:55:11,575 - linear_actuator - DEBUG - String sent: 1PR I3

2023-02-07 10:55:11,676 - linear_actuator - INFO - [92mmatching________start______[0m
2023-02-07 10:55:11,677 - linear_actuator - DEBUG - String sent: 1PR P

2023-02-07 10:55:11,778 - linear_actuator - INFO - [92mmatching________end_______[0m
2023-02-07 10:55:11,778 - linear_actuator - INFO - [92m--- 0.20328378677368164 seconds ---[0m
2023-02-07 10:55:11,778 - linear_actuator - DEBUG - String sent: 1PR MV

2023-02-07 10:55:11,879 - linear_actuator - DEBUG - String sent: 1PR I3

2023-02-07 10:55:11,980 - linear_actuator - DEBUG - String sent: 1PR MV

2023-02-07 10:55:12,082 - linear_actuator - DEBUG - String sent: 1PR I3

2023-02-07 10:55:12,183 - linear_actuator - DEBUG - String sent: 1PR MV

2023-02-07 10:55:12,284 - linear_actuator - DEBUG - String sent: 1PR I3

2023-02-07 10:55:12,385 - linear_actuator - DEBUG - String sent: 1PR MV

2023-02-07 10:55:12,486 - linear_actuator - DEBUG - String sent: 1PR I3

2023-02-07 10:55:12,587 - linear_actuator - DEBUG - String sent: 1PR MV

2023-02-07 10:55:12,688 - linear_actuator - DEBUG - String sent: 1PR I3

2023-02-07 10:55:12,789 - linear_actuator - INFO - [92mmatching________start______[0m
2023-02-07 10:55:12,790 - linear_actuator - DEBUG - String sent: 1PR P

2023-02-07 10:55:12,891 - linear_actuator - INFO - [92mmatching________end_______[0m
2023-02-07 10:55:12,891 - linear_actuator - INFO - [92m--- 0.20316028594970703 seconds ---[0m
2023-02-07 10:55:12,892 - linear_actuator - DEBUG - String sent: 1PR MV

2023-02-07 10:55:12,993 - linear_actuator - DEBUG - String sent: 1PR I3

2023-02-07 10:55:13,094 - linear_actuator - DEBUG - String sent: 1PR MV

2023-02-07 10:55:13,195 - linear_actuator - DEBUG - String sent: 1PR I3

2023-02-07 10:55:13,296 - linear_actuator - DEBUG - String sent: 1PR MV

2023-02-07 10:55:13,398 - linear_actuator - DEBUG - String sent: 1PR I3

2023-02-07 10:55:13,499 - linear_actuator - DEBUG - String sent: 1PR MV

2023-02-07 10:55:13,600 - linear_actuator - DEBUG - String sent: 1PR I3

2023-02-07 10:55:13,701 - linear_actuator - DEBUG - String sent: 1PR MV

2023-02-07 10:55:13,803 - linear_actuator - DEBUG - String sent: 1PR I3

2023-02-07 10:55:13,904 - linear_actuator - INFO - [92mmatching________start______[0m
2023-02-07 10:55:13,904 - linear_actuator - DEBUG - String sent: 1PR P

2023-02-07 10:55:14,005 - linear_actuator - INFO - [92mmatching________end_______[0m
2023-02-07 10:55:14,006 - linear_actuator - INFO - [92m--- 0.20336270332336426 seconds ---[0m
2023-02-07 10:55:14,006 - linear_actuator - DEBUG - String sent: 1PR MV

2023-02-07 10:55:14,107 - linear_actuator - DEBUG - String sent: 1PR I3

2023-02-07 10:55:14,209 - linear_actuator - DEBUG - String sent: 1PR MV

2023-02-07 10:55:14,310 - linear_actuator - DEBUG - String sent: 1PR I3

2023-02-07 10:55:14,411 - linear_actuator - DEBUG - String sent: 1PR MV

2023-02-07 10:55:14,513 - linear_actuator - DEBUG - String sent: 1PR I3

2023-02-07 10:55:14,614 - linear_actuator - DEBUG - String sent: 1PR MV

2023-02-07 10:55:14,716 - linear_actuator - DEBUG - String sent: 1PR I3

2023-02-07 10:55:14,817 - linear_actuator - INFO - [92mmatching________start______[0m
2023-02-07 10:55:14,817 - linear_actuator - DEBUG - String sent: 1PR P

2023-02-07 10:55:14,919 - linear_actuator - INFO - [92mmatching________end_______[0m
2023-02-07 10:55:14,919 - linear_actuator - INFO - [92m--- 0.2040250301361084 seconds ---[0m
2023-02-07 10:55:14,920 - linear_actuator - DEBUG - String sent: 1PR MV

2023-02-07 10:55:15,020 - linear_actuator - DEBUG - String sent: 1PR I3

2023-02-07 10:55:15,121 - linear_actuator - DEBUG - String sent: 1PR MV

2023-02-07 10:55:15,222 - linear_actuator - DEBUG - String sent: 1PR I3

2023-02-07 10:55:15,324 - linear_actuator - DEBUG - String sent: 1PR MV

2023-02-07 10:55:15,425 - linear_actuator - DEBUG - String sent: 1PR I3

2023-02-07 10:55:15,526 - linear_actuator - DEBUG - String sent: 1PR MV

2023-02-07 10:55:15,628 - linear_actuator - DEBUG - String sent: 1PR I3

2023-02-07 10:55:15,729 - linear_actuator - DEBUG - String sent: 1PR MV

2023-02-07 10:55:15,830 - linear_actuator - DEBUG - String sent: 1PR I3

2023-02-07 10:55:15,932 - linear_actuator - INFO - [92mmatching________start______[0m
2023-02-07 10:55:15,932 - linear_actuator - DEBUG - String sent: 1PR P

2023-02-07 10:55:16,033 - linear_actuator - INFO - [92mmatching________end_______[0m
2023-02-07 10:55:16,034 - linear_actuator - INFO - [92m--- 0.20375609397888184 seconds ---[0m
2023-02-07 10:55:16,034 - linear_actuator - DEBUG - String sent: 1PR MV

2023-02-07 10:55:16,136 - linear_actuator - DEBUG - String sent: 1PR I3

2023-02-07 10:55:16,237 - linear_actuator - DEBUG - String sent: 1PR MV

2023-02-07 10:55:16,338 - linear_actuator - DEBUG - String sent: 1PR I3

2023-02-07 10:55:16,440 - linear_actuator - DEBUG - String sent: 1PR MV

2023-02-07 10:55:16,541 - linear_actuator - DEBUG - String sent: 1PR I3

2023-02-07 10:55:16,642 - linear_actuator - DEBUG - String sent: 1PR MV

2023-02-07 10:55:16,744 - linear_actuator - DEBUG - String sent: 1PR I3

2023-02-07 10:55:16,845 - linear_actuator - DEBUG - String sent: 1PR MV

2023-02-07 10:55:16,947 - linear_actuator - DEBUG - String sent: 1PR I3

2023-02-07 10:55:17,048 - linear_actuator - INFO - [92mmatching________start______[0m
2023-02-07 10:55:17,049 - linear_actuator - DEBUG - String sent: 1PR P

2023-02-07 10:55:17,150 - linear_actuator - INFO - [92mmatching________end_______[0m
2023-02-07 10:55:17,150 - linear_actuator - INFO - [92m--- 0.20397281646728516 seconds ---[0m
2023-02-07 10:55:17,151 - linear_actuator - DEBUG - String sent: 1PR MV

2023-02-07 10:55:17,252 - linear_actuator - DEBUG - String sent: 1PR I3

2023-02-07 10:55:17,353 - linear_actuator - DEBUG - String sent: 1PR MV

2023-02-07 10:55:17,455 - linear_actuator - DEBUG - String sent: 1PR I3

2023-02-07 10:55:17,556 - linear_actuator - DEBUG - String sent: 1PR MV

2023-02-07 10:55:17,658 - linear_actuator - DEBUG - String sent: 1PR I3

2023-02-07 10:55:17,759 - linear_actuator - DEBUG - String sent: 1PR MV

2023-02-07 10:55:17,860 - linear_actuator - DEBUG - String sent: 1PR I3

2023-02-07 10:55:17,962 - linear_actuator - INFO - [92mmatching________start______[0m
2023-02-07 10:55:17,963 - linear_actuator - DEBUG - String sent: 1PR P

2023-02-07 10:55:18,064 - linear_actuator - INFO - [92mmatching________end_______[0m
2023-02-07 10:55:18,064 - linear_actuator - INFO - [92m--- 0.20396184921264648 seconds ---[0m
2023-02-07 10:55:18,065 - linear_actuator - DEBUG - String sent: 1PR MV

2023-02-07 10:55:18,166 - linear_actuator - DEBUG - String sent: 1PR I3

2023-02-07 10:55:18,267 - linear_actuator - INFO - [92mmatching________start______[0m
2023-02-07 10:55:18,268 - linear_actuator - DEBUG - String sent: 1PR P

2023-02-07 10:55:18,369 - linear_actuator - INFO - [92mmatching________end_______[0m
2023-02-07 10:55:18,370 - linear_actuator - INFO - [92m--- 0.20385003089904785 seconds ---[0m
2023-02-07 10:55:18,370 - linear_actuator - DEBUG - String sent: 1PR MV

2023-02-07 10:55:18,472 - linear_actuator - DEBUG - String sent: 1PR I3

2023-02-07 10:55:18,573 - linear_actuator - DEBUG - String sent: 1PR MV

2023-02-07 10:55:18,674 - linear_actuator - DEBUG - String sent: 1PR I3

2023-02-07 10:55:18,775 - linear_actuator - DEBUG - String sent: 1PR MV

2023-02-07 10:55:18,877 - linear_actuator - DEBUG - String sent: 1PR I3

2023-02-07 10:55:18,978 - linear_actuator - DEBUG - String sent: 1PR MV

2023-02-07 10:55:19,080 - linear_actuator - DEBUG - String sent: 1PR I3

2023-02-07 10:55:19,181 - linear_actuator - DEBUG - String sent: 1PR MV

2023-02-07 10:55:19,283 - linear_actuator - DEBUG - String sent: 1PR I3

2023-02-07 10:55:19,384 - linear_actuator - INFO - [92mmatching________start______[0m
2023-02-07 10:55:19,385 - linear_actuator - DEBUG - String sent: 1PR P

2023-02-07 10:55:19,486 - linear_actuator - INFO - [92mmatching________end_______[0m
2023-02-07 10:55:19,487 - linear_actuator - INFO - [92m--- 0.20419716835021973 seconds ---[0m
2023-02-07 10:55:19,487 - linear_actuator - DEBUG - String sent: 1PR MV

2023-02-07 10:55:19,589 - linear_actuator - DEBUG - String sent: 1PR I3

2023-02-07 10:55:19,690 - linear_actuator - DEBUG - String sent: 1PR MV

2023-02-07 10:55:19,791 - linear_actuator - DEBUG - String sent: 1PR I3

2023-02-07 10:55:19,893 - linear_actuator - DEBUG - String sent: 1PR MV

2023-02-07 10:55:19,994 - linear_actuator - DEBUG - String sent: 1PR I3

2023-02-07 10:55:20,096 - linear_actuator - DEBUG - String sent: 1PR MV

2023-02-07 10:55:20,197 - linear_actuator - DEBUG - String sent: 1PR I3

2023-02-07 10:55:20,299 - linear_actuator - DEBUG - String sent: 1PR MV

2023-02-07 10:55:20,400 - linear_actuator - DEBUG - String sent: 1PR I3

2023-02-07 10:55:20,502 - linear_actuator - DEBUG - String sent: 1PR MV

2023-02-07 10:55:20,603 - linear_actuator - DEBUG - String sent: 1PR I3

2023-02-07 10:55:20,705 - linear_actuator - DEBUG - String sent: 1PR MV

2023-02-07 10:55:20,806 - linear_actuator - DEBUG - String sent: 1PR I3

2023-02-07 10:55:20,908 - linear_actuator - INFO - [92mmatching________start______[0m
2023-02-07 10:55:20,908 - linear_actuator - DEBUG - String sent: 1PR P

2023-02-07 10:55:21,009 - linear_actuator - INFO - [92mmatching________end_______[0m
2023-02-07 10:55:21,010 - linear_actuator - INFO - [92m--- 0.2037663459777832 seconds ---[0m
2023-02-07 10:55:21,010 - linear_actuator - DEBUG - String sent: 1PR MV

2023-02-07 10:55:21,111 - linear_actuator - DEBUG - String sent: 1PR I3

2023-02-07 10:55:21,213 - linear_actuator - DEBUG - String sent: 1PR MV

2023-02-07 10:55:21,314 - linear_actuator - DEBUG - String sent: 1PR I3

2023-02-07 10:55:21,415 - linear_actuator - DEBUG - String sent: 1PR MV

2023-02-07 10:55:21,517 - linear_actuator - DEBUG - String sent: 1PR I3

2023-02-07 10:55:21,618 - linear_actuator - DEBUG - String sent: 1PR MV

2023-02-07 10:55:21,720 - linear_actuator - DEBUG - String sent: 1PR I3

2023-02-07 10:55:21,821 - linear_actuator - DEBUG - String sent: 1PR MV

2023-02-07 10:55:21,922 - linear_actuator - DEBUG - String sent: 1PR I3

2023-02-07 10:55:22,024 - linear_actuator - DEBUG - String sent: 1PR MV

2023-02-07 10:55:22,125 - linear_actuator - DEBUG - String sent: 1PR I3

2023-02-07 10:55:22,227 - linear_actuator - DEBUG - String sent: 1PR MV

2023-02-07 10:55:22,328 - linear_actuator - DEBUG - String sent: 1PR I3

2023-02-07 10:55:22,429 - linear_actuator - INFO - [92mmatching________start______[0m
2023-02-07 10:55:22,430 - linear_actuator - DEBUG - String sent: 1PR P

2023-02-07 10:55:22,531 - linear_actuator - INFO - [92mmatching________end_______[0m
2023-02-07 10:55:22,532 - linear_actuator - INFO - [92m--- 0.20387530326843262 seconds ---[0m
2023-02-07 10:55:22,532 - linear_actuator - DEBUG - String sent: 1PR MV

2023-02-07 10:55:22,633 - linear_actuator - DEBUG - String sent: 1PR I3

2023-02-07 10:55:22,734 - linear_actuator - DEBUG - String sent: 1PR MV

2023-02-07 10:55:22,836 - linear_actuator - DEBUG - String sent: 1PR I3

2023-02-07 10:55:22,937 - linear_actuator - DEBUG - String sent: 1PR MV

2023-02-07 10:55:23,039 - linear_actuator - DEBUG - String sent: 1PR I3

2023-02-07 10:55:23,140 - linear_actuator - DEBUG - String sent: 1PR MV

2023-02-07 10:55:23,241 - linear_actuator - DEBUG - String sent: 1PR I3

2023-02-07 10:55:23,343 - linear_actuator - DEBUG - String sent: 1PR MV

2023-02-07 10:55:23,444 - linear_actuator - DEBUG - String sent: 1PR I3

2023-02-07 10:55:23,546 - linear_actuator - DEBUG - String sent: 1PR MV

2023-02-07 10:55:23,647 - linear_actuator - DEBUG - String sent: 1PR I3

2023-02-07 10:55:23,749 - linear_actuator - DEBUG - String sent: 1PR MV

2023-02-07 10:55:23,850 - linear_actuator - DEBUG - String sent: 1PR I3

2023-02-07 10:55:23,952 - linear_actuator - DEBUG - String sent: 1PR MV

2023-02-07 10:55:24,053 - linear_actuator - DEBUG - String sent: 1PR I3

2023-02-07 10:55:24,154 - linear_actuator - DEBUG - String sent: 1PR MV

2023-02-07 10:55:24,256 - linear_actuator - DEBUG - String sent: 1PR I3

2023-02-07 10:55:24,357 - linear_actuator - DEBUG - String sent: 1PR MV

2023-02-07 10:55:24,459 - linear_actuator - DEBUG - String sent: 1PR I3

2023-02-07 10:55:24,560 - linear_actuator - DEBUG - String sent: 1PR MV

2023-02-07 10:55:24,662 - linear_actuator - DEBUG - String sent: 1PR I3

2023-02-07 10:55:24,763 - linear_actuator - DEBUG - String sent: 1PR MV

2023-02-07 10:55:24,864 - linear_actuator - DEBUG - String sent: 1PR I3

2023-02-07 10:55:24,966 - linear_actuator - DEBUG - String sent: 1PR MV

2023-02-07 10:55:25,067 - linear_actuator - DEBUG - String sent: 1PR I3

2023-02-07 10:55:25,169 - linear_actuator - DEBUG - String sent: 1PR MV

2023-02-07 10:55:25,270 - linear_actuator - DEBUG - String sent: 1PR I3

2023-02-07 10:55:25,372 - linear_actuator - INFO - [92mmatching________start______[0m
2023-02-07 10:55:25,372 - linear_actuator - DEBUG - String sent: 1PR P

2023-02-07 10:55:25,474 - linear_actuator - INFO - [92mmatching________end_______[0m
2023-02-07 10:55:25,474 - linear_actuator - INFO - [92m--- 0.2042558193206787 seconds ---[0m
2023-02-07 10:55:25,475 - linear_actuator - DEBUG - String sent: 1PR MV

2023-02-07 10:55:25,576 - linear_actuator - DEBUG - String sent: 1PR I3

2023-02-07 10:55:25,677 - linear_actuator - DEBUG - String sent: 1PR MV

2023-02-07 10:55:25,779 - linear_actuator - DEBUG - String sent: 1PR I3

2023-02-07 10:55:25,880 - linear_actuator - DEBUG - String sent: 1PR MV

2023-02-07 10:55:25,981 - linear_actuator - DEBUG - String sent: 1PR I3

2023-02-07 10:55:26,083 - linear_actuator - DEBUG - String sent: 1PR MV

2023-02-07 10:55:26,184 - linear_actuator - DEBUG - String sent: 1PR I3

2023-02-07 10:55:26,286 - linear_actuator - DEBUG - String sent: 1PR MV

2023-02-07 10:55:26,388 - linear_actuator - DEBUG - String sent: 1PR I3

2023-02-07 10:55:26,489 - linear_actuator - DEBUG - String sent: 1PR MV

2023-02-07 10:55:26,591 - linear_actuator - DEBUG - String sent: 1PR I3

2023-02-07 10:55:26,692 - linear_actuator - DEBUG - String sent: 1PR MV

2023-02-07 10:55:26,794 - linear_actuator - DEBUG - String sent: 1PR I3

2023-02-07 10:55:26,895 - linear_actuator - DEBUG - String sent: 1PR MV

2023-02-07 10:55:26,997 - linear_actuator - DEBUG - String sent: 1PR I3

2023-02-07 10:55:27,098 - linear_actuator - DEBUG - String sent: 1PR MV

2023-02-07 11:01:27,237 - linear_actuator - INFO - Moving -1000 microsteps
2023-02-07 11:01:27,238 - linear_actuator - DEBUG - String sent: 1MR -1000

2023-02-07 11:01:27,238 - linear_actuator - DEBUG - String sent: 1PR MV

2023-02-07 11:01:27,339 - linear_actuator - DEBUG - String sent: 1PR I3

2023-02-07 11:01:27,440 - linear_actuator - DEBUG - String sent: 1PR MV

2023-02-07 11:01:27,541 - linear_actuator - DEBUG - String sent: 1PR I3

2023-02-07 11:01:27,642 - linear_actuator - DEBUG - String sent: 1PR MV

2023-02-07 11:01:27,744 - linear_actuator - DEBUG - String sent: 1PR I3

2023-02-07 11:01:27,845 - linear_actuator - DEBUG - String sent: 1PR MV

2023-02-07 11:01:27,946 - linear_actuator - DEBUG - String sent: 1PR I3

2023-02-07 11:01:28,047 - linear_actuator - DEBUG - String sent: 1PR MV

2023-02-07 11:01:28,148 - linear_actuator - DEBUG - String sent: 1PR I3

2023-02-07 11:01:28,249 - linear_actuator - DEBUG - String sent: 1PR MV

2023-02-07 11:01:28,350 - linear_actuator - DEBUG - String sent: 1PR I3

2023-02-07 11:01:28,452 - linear_actuator - DEBUG - String sent: 1PR MV

2023-02-07 11:01:28,553 - linear_actuator - DEBUG - String sent: 1PR I3

2023-02-07 11:01:28,654 - linear_actuator - DEBUG - String sent: 1PR MV

2023-02-07 11:01:28,755 - linear_actuator - DEBUG - String sent: 1PR I3

2023-02-07 11:01:28,857 - linear_actuator - DEBUG - String sent: 1PR MV

2023-02-07 11:01:28,958 - linear_actuator - DEBUG - String sent: 1PR I3

2023-02-07 11:01:29,059 - linear_actuator - DEBUG - String sent: 1PR MV

2023-02-07 11:01:29,160 - linear_actuator - DEBUG - String sent: 1PR I3

2023-02-07 11:01:29,261 - linear_actuator - DEBUG - String sent: 1PR MV

2023-02-07 11:01:29,363 - linear_actuator - DEBUG - String sent: 1PR I3

2023-02-07 11:01:29,464 - linear_actuator - DEBUG - String sent: 1PR MV

2023-02-07 11:01:29,565 - linear_actuator - DEBUG - String sent: 1PR I3

2023-02-07 11:01:29,666 - linear_actuator - DEBUG - String sent: 1PR MV

2023-02-07 11:01:29,767 - linear_actuator - DEBUG - String sent: 1PR I3

2023-02-07 11:01:29,869 - linear_actuator - DEBUG - String sent: 1PR MV

2023-02-07 11:01:29,970 - linear_actuator - DEBUG - String sent: 1PR I3

2023-02-07 11:01:30,072 - linear_actuator - DEBUG - String sent: 1PR MV

2023-02-07 11:01:30,173 - linear_actuator - DEBUG - String sent: 1PR I3

2023-02-07 11:01:30,275 - linear_actuator - DEBUG - String sent: 1PR MV

2023-02-07 11:01:30,376 - linear_actuator - DEBUG - String sent: 1PR I3

2023-02-07 11:01:30,478 - linear_actuator - DEBUG - String sent: 1PR MV

2023-02-07 11:01:30,579 - linear_actuator - DEBUG - String sent: 1PR I3

2023-02-07 11:01:30,680 - linear_actuator - DEBUG - String sent: 1PR MV

2023-02-07 11:01:30,782 - linear_actuator - DEBUG - String sent: 1PR I3

2023-02-07 11:01:30,883 - linear_actuator - DEBUG - String sent: 1PR MV

2023-02-07 11:01:30,985 - linear_actuator - DEBUG - String sent: 1PR I3

2023-02-07 11:01:31,086 - linear_actuator - DEBUG - String sent: 1PR MV

2023-02-07 11:01:31,187 - linear_actuator - DEBUG - String sent: 1PR I3

2023-02-07 11:01:31,289 - linear_actuator - DEBUG - String sent: 1PR MV

2023-02-07 11:01:31,390 - linear_actuator - DEBUG - String sent: 1PR I3

2023-02-07 11:01:31,492 - linear_actuator - DEBUG - String sent: 1PR MV

2023-02-07 11:01:31,593 - linear_actuator - DEBUG - String sent: 1PR I3

2023-02-07 11:01:31,694 - linear_actuator - DEBUG - String sent: 1PR MV

2023-02-07 11:01:31,795 - linear_actuator - DEBUG - String sent: 1PR I3

2023-02-07 11:01:31,897 - linear_actuator - DEBUG - String sent: 1PR MV

2023-02-07 11:01:31,998 - linear_actuator - DEBUG - String sent: 1PR I3

2023-02-07 11:01:32,100 - linear_actuator - DEBUG - String sent: 1PR MV

2023-02-07 11:01:32,201 - linear_actuator - DEBUG - String sent: 1PR I3

2023-02-07 11:01:32,303 - linear_actuator - DEBUG - String sent: 1PR MV

2023-02-07 11:01:32,404 - linear_actuator - DEBUG - String sent: 1PR I3

2023-02-07 11:01:32,505 - linear_actuator - DEBUG - String sent: 1PR MV

2023-02-07 11:01:32,607 - linear_actuator - DEBUG - String sent: 1PR I3

2023-02-07 11:01:32,708 - linear_actuator - DEBUG - String sent: 1PR MV

2023-02-07 11:01:32,810 - linear_actuator - DEBUG - String sent: 1PR I3

2023-02-07 11:01:32,911 - linear_actuator - DEBUG - String sent: 1PR MV

2023-02-07 11:01:33,012 - linear_actuator - DEBUG - String sent: 1PR I3

2023-02-07 11:01:33,113 - linear_actuator - DEBUG - String sent: 1PR MV

2023-02-07 11:01:33,215 - linear_actuator - DEBUG - String sent: 1PR I3

2023-02-07 11:01:33,316 - linear_actuator - DEBUG - String sent: 1PR MV

2023-02-07 11:01:33,417 - linear_actuator - DEBUG - String sent: 1PR I3

2023-02-07 11:01:33,519 - linear_actuator - DEBUG - String sent: 1PR MV

2023-02-07 11:01:33,620 - linear_actuator - DEBUG - String sent: 1PR I3

2023-02-07 11:01:33,722 - linear_actuator - DEBUG - String sent: 1PR MV

2023-02-07 11:01:33,823 - linear_actuator - DEBUG - String sent: 1PR I3

2023-02-07 11:01:33,925 - linear_actuator - DEBUG - String sent: 1PR MV

2023-02-07 11:01:34,026 - linear_actuator - DEBUG - String sent: 1PR I3

2023-02-07 11:01:34,128 - linear_actuator - DEBUG - String sent: 1PR MV

2023-02-07 11:01:34,229 - linear_actuator - DEBUG - String sent: 1PR I3

2023-02-07 11:01:34,331 - linear_actuator - DEBUG - String sent: 1PR MV

2023-02-07 11:01:34,432 - linear_actuator - DEBUG - String sent: 1PR I3

2023-02-07 11:01:34,533 - linear_actuator - DEBUG - String sent: 1PR MV

2023-02-07 11:01:34,635 - linear_actuator - DEBUG - String sent: 1PR I3

2023-02-07 11:01:34,736 - linear_actuator - DEBUG - String sent: 1PR MV

2023-02-07 11:01:34,837 - linear_actuator - DEBUG - String sent: 1PR I3

2023-02-07 11:01:34,939 - linear_actuator - DEBUG - String sent: 1PR MV

2023-02-07 11:01:35,040 - linear_actuator - DEBUG - String sent: 1PR I3

2023-02-07 11:01:35,142 - linear_actuator - DEBUG - String sent: 1PR MV

2023-02-07 11:01:35,243 - linear_actuator - DEBUG - String sent: 1PR I3

2023-02-07 11:01:35,344 - linear_actuator - DEBUG - String sent: 1PR MV

2023-02-07 11:01:35,446 - linear_actuator - DEBUG - String sent: 1PR I3

2023-02-07 11:01:35,547 - linear_actuator - DEBUG - String sent: 1PR MV

2023-02-07 11:01:35,649 - linear_actuator - DEBUG - String sent: 1PR I3

2023-02-07 11:01:35,750 - linear_actuator - DEBUG - String sent: 1PR MV

2023-02-07 11:01:35,851 - linear_actuator - DEBUG - String sent: 1PR I3

2023-02-07 11:01:35,953 - linear_actuator - DEBUG - String sent: 1PR MV

2023-02-07 11:01:36,054 - linear_actuator - DEBUG - String sent: 1PR I3

2023-02-07 11:01:36,156 - linear_actuator - DEBUG - String sent: 1PR MV

2023-02-07 11:01:36,257 - linear_actuator - DEBUG - String sent: 1PR I3

2023-02-07 11:01:36,358 - linear_actuator - DEBUG - String sent: 1PR MV

2023-02-07 11:01:36,460 - linear_actuator - DEBUG - String sent: 1PR I3

2023-02-07 11:01:36,561 - linear_actuator - DEBUG - String sent: 1PR MV

2023-02-07 11:01:36,663 - linear_actuator - DEBUG - String sent: 1PR I3

2023-02-07 11:01:36,764 - linear_actuator - DEBUG - String sent: 1PR MV

2023-02-07 11:01:36,866 - linear_actuator - DEBUG - String sent: 1PR I3

2023-02-07 11:01:36,967 - linear_actuator - DEBUG - String sent: 1PR MV

2023-02-07 11:01:37,068 - linear_actuator - DEBUG - String sent: 1PR I3

2023-02-07 11:01:37,170 - linear_actuator - DEBUG - String sent: 1PR MV

2023-02-07 11:01:37,271 - linear_actuator - DEBUG - String sent: 1PR I3

2023-02-07 11:01:37,373 - linear_actuator - DEBUG - String sent: 1PR MV

2023-02-07 11:01:37,474 - linear_actuator - DEBUG - String sent: 1PR I3

2023-02-07 11:01:37,575 - linear_actuator - DEBUG - String sent: 1PR MV

2023-02-07 11:01:37,677 - linear_actuator - DEBUG - String sent: 1PR I3

2023-02-07 11:01:37,778 - linear_actuator - DEBUG - String sent: 1PR MV

2023-02-07 11:01:37,880 - linear_actuator - DEBUG - String sent: 1PR I3

2023-02-07 11:01:37,981 - linear_actuator - DEBUG - String sent: 1PR MV

2023-02-07 11:01:38,083 - linear_actuator - DEBUG - String sent: 1PR I3

2023-02-07 11:01:38,184 - linear_actuator - DEBUG - String sent: 1PR MV

2023-02-07 11:01:38,286 - linear_actuator - DEBUG - String sent: 1PR I3

2023-02-07 11:01:38,387 - linear_actuator - DEBUG - String sent: 1PR MV

2023-02-07 11:01:38,489 - linear_actuator - DEBUG - String sent: 1PR I3

2023-02-07 11:01:38,590 - linear_actuator - DEBUG - String sent: 1PR MV

2023-02-07 11:01:38,691 - linear_actuator - DEBUG - String sent: 1PR I3

2023-02-07 11:01:38,793 - linear_actuator - DEBUG - String sent: 1PR MV

2023-02-07 11:01:38,895 - linear_actuator - DEBUG - String sent: 1PR I3

2023-02-07 11:01:38,996 - linear_actuator - DEBUG - String sent: 1PR MV

2023-02-07 11:01:39,097 - linear_actuator - DEBUG - String sent: 1PR I3

2023-02-07 11:01:39,199 - linear_actuator - DEBUG - String sent: 1PR MV

2023-02-07 11:01:39,300 - linear_actuator - DEBUG - String sent: 1PR I3

2023-02-07 11:01:39,402 - linear_actuator - DEBUG - String sent: 1PR MV

2023-02-07 11:01:39,503 - linear_actuator - DEBUG - String sent: 1PR I3

2023-02-07 11:01:39,605 - linear_actuator - DEBUG - String sent: 1PR MV

2023-02-07 11:01:39,706 - linear_actuator - DEBUG - String sent: 1PR I3

2023-02-07 11:01:39,807 - linear_actuator - DEBUG - String sent: 1PR MV

2023-02-07 11:01:39,909 - linear_actuator - DEBUG - String sent: 1PR I3

2023-02-07 11:01:40,010 - linear_actuator - DEBUG - String sent: 1PR MV

2023-02-07 11:01:40,112 - linear_actuator - DEBUG - String sent: 1PR I3

2023-02-07 11:01:40,213 - linear_actuator - DEBUG - String sent: 1PR MV

2023-02-07 11:01:40,315 - linear_actuator - DEBUG - String sent: 1PR I3

2023-02-07 11:01:40,416 - linear_actuator - DEBUG - String sent: 1PR MV

2023-02-07 11:01:40,517 - linear_actuator - DEBUG - String sent: 1PR I3

2023-02-07 11:01:40,619 - linear_actuator - DEBUG - String sent: 1PR MV

2023-02-07 11:01:40,720 - linear_actuator - DEBUG - String sent: 1PR I3

2023-02-07 11:01:40,822 - linear_actuator - DEBUG - String sent: 1PR MV

2023-02-07 11:01:40,923 - linear_actuator - DEBUG - String sent: 1PR I3

2023-02-07 11:01:41,024 - linear_actuator - DEBUG - String sent: 1PR MV

2023-02-07 11:01:41,126 - linear_actuator - DEBUG - String sent: 1PR I3

2023-02-07 11:01:41,227 - linear_actuator - DEBUG - String sent: 1PR MV

2023-02-07 11:01:41,329 - linear_actuator - DEBUG - String sent: 1PR I3

2023-02-07 11:01:41,430 - linear_actuator - DEBUG - String sent: 1PR MV

2023-02-07 11:01:41,532 - linear_actuator - DEBUG - String sent: 1PR I3

2023-02-07 11:01:41,633 - linear_actuator - DEBUG - String sent: 1PR MV

2023-02-07 11:01:41,735 - linear_actuator - DEBUG - String sent: 1PR I3

2023-02-07 11:01:41,836 - linear_actuator - DEBUG - String sent: 1PR MV

2023-02-07 11:01:41,937 - linear_actuator - DEBUG - String sent: 1PR I3

2023-02-07 11:01:42,039 - linear_actuator - DEBUG - String sent: 1PR MV

2023-02-07 11:01:42,140 - linear_actuator - DEBUG - String sent: 1PR I3

2023-02-07 11:01:42,242 - linear_actuator - DEBUG - String sent: 1PR MV

2023-02-07 11:01:42,343 - linear_actuator - DEBUG - String sent: 1PR I3

2023-02-07 11:01:42,445 - linear_actuator - DEBUG - String sent: 1PR MV

2023-02-07 11:01:42,547 - linear_actuator - DEBUG - String sent: 1PR I3

2023-02-07 11:01:42,648 - linear_actuator - DEBUG - String sent: 1PR MV

2023-02-07 11:01:42,749 - linear_actuator - DEBUG - String sent: 1PR I3

2023-02-07 11:01:42,851 - linear_actuator - DEBUG - String sent: 1PR MV

2023-02-07 11:01:42,952 - linear_actuator - DEBUG - String sent: 1PR I3

2023-02-07 11:01:43,054 - linear_actuator - DEBUG - String sent: 1PR MV

2023-02-07 11:01:43,155 - linear_actuator - DEBUG - String sent: 1PR I3

2023-02-07 11:01:43,257 - linear_actuator - DEBUG - String sent: 1PR MV

2023-02-07 11:01:43,358 - linear_actuator - DEBUG - String sent: 1PR I3

2023-02-07 11:01:43,460 - linear_actuator - DEBUG - String sent: 1PR MV

2023-02-07 11:01:43,561 - linear_actuator - DEBUG - String sent: 1PR I3

2023-02-07 11:01:43,663 - linear_actuator - DEBUG - String sent: 1PR MV

2023-02-07 11:01:52,028 - linear_actuator - INFO - Moving -1000 microsteps
2023-02-07 11:01:52,029 - linear_actuator - DEBUG - String sent: 1MR -1000

2023-02-07 11:01:52,029 - linear_actuator - DEBUG - String sent: 1PR MV

2023-02-07 11:01:52,130 - linear_actuator - DEBUG - String sent: 1PR I3

2023-02-07 11:01:52,231 - linear_actuator - DEBUG - String sent: 1PR MV

2023-02-07 11:01:52,332 - linear_actuator - DEBUG - String sent: 1PR I3

2023-02-07 11:01:52,434 - linear_actuator - DEBUG - String sent: 1PR MV

2023-02-07 11:01:52,535 - linear_actuator - DEBUG - String sent: 1PR I3

2023-02-07 11:01:52,636 - linear_actuator - DEBUG - String sent: 1PR MV

2023-02-07 11:01:52,737 - linear_actuator - DEBUG - String sent: 1PR I3

2023-02-07 11:01:52,838 - linear_actuator - DEBUG - String sent: 1PR MV

2023-02-07 11:01:52,939 - linear_actuator - DEBUG - String sent: 1PR I3

2023-02-07 11:01:53,040 - linear_actuator - DEBUG - String sent: 1PR MV

2023-02-07 11:01:53,141 - linear_actuator - DEBUG - String sent: 1PR I3

2023-02-07 11:01:53,242 - linear_actuator - DEBUG - String sent: 1PR MV

2023-02-07 11:01:53,344 - linear_actuator - DEBUG - String sent: 1PR I3

2023-02-07 11:01:53,445 - linear_actuator - DEBUG - String sent: 1PR MV

2023-02-07 11:01:53,546 - linear_actuator - DEBUG - String sent: 1PR I3

2023-02-07 11:01:53,647 - linear_actuator - DEBUG - String sent: 1PR MV

2023-02-07 11:01:53,748 - linear_actuator - DEBUG - String sent: 1PR I3

2023-02-07 11:01:53,849 - linear_actuator - DEBUG - String sent: 1PR MV

2023-02-07 11:01:53,950 - linear_actuator - DEBUG - String sent: 1PR I3

2023-02-07 11:01:54,052 - linear_actuator - DEBUG - String sent: 1PR MV

2023-02-07 11:01:54,153 - linear_actuator - DEBUG - String sent: 1PR I3

2023-02-07 11:01:54,254 - linear_actuator - DEBUG - String sent: 1PR MV

2023-02-07 11:01:54,356 - linear_actuator - DEBUG - String sent: 1PR I3

2023-02-07 11:01:54,457 - linear_actuator - DEBUG - String sent: 1PR MV

2023-02-07 11:01:54,558 - linear_actuator - DEBUG - String sent: 1PR I3

2023-02-07 11:01:54,659 - linear_actuator - DEBUG - String sent: 1PR MV

2023-02-07 11:01:54,761 - linear_actuator - DEBUG - String sent: 1PR I3

2023-02-07 11:01:54,862 - linear_actuator - DEBUG - String sent: 1PR MV

2023-02-07 11:01:54,963 - linear_actuator - DEBUG - String sent: 1PR I3

2023-02-07 11:01:55,065 - linear_actuator - DEBUG - String sent: 1PR MV

2023-02-07 11:01:55,166 - linear_actuator - DEBUG - String sent: 1PR I3

2023-02-07 11:01:55,267 - linear_actuator - DEBUG - String sent: 1PR MV

2023-02-07 11:01:55,369 - linear_actuator - DEBUG - String sent: 1PR I3

2023-02-07 11:01:55,470 - linear_actuator - DEBUG - String sent: 1PR MV

2023-02-07 11:01:55,572 - linear_actuator - DEBUG - String sent: 1PR I3

2023-02-07 11:01:55,673 - linear_actuator - DEBUG - String sent: 1PR MV

2023-02-07 11:01:55,774 - linear_actuator - DEBUG - String sent: 1PR I3

2023-02-07 11:01:55,876 - linear_actuator - DEBUG - String sent: 1PR MV

2023-02-07 11:01:55,977 - linear_actuator - DEBUG - String sent: 1PR I3

2023-02-07 11:01:56,078 - linear_actuator - DEBUG - String sent: 1PR MV

2023-02-07 11:01:56,179 - linear_actuator - DEBUG - String sent: 1PR I3

2023-02-07 11:01:56,281 - linear_actuator - DEBUG - String sent: 1PR MV

2023-02-07 11:01:56,382 - linear_actuator - DEBUG - String sent: 1PR I3

2023-02-07 11:01:56,483 - linear_actuator - DEBUG - String sent: 1PR MV

2023-02-07 11:01:56,584 - linear_actuator - DEBUG - String sent: 1PR I3

2023-02-07 11:01:56,686 - linear_actuator - DEBUG - String sent: 1PR MV

2023-02-07 11:01:56,787 - linear_actuator - DEBUG - String sent: 1PR I3

2023-02-07 11:01:56,888 - linear_actuator - DEBUG - String sent: 1PR MV

2023-02-07 11:01:56,990 - linear_actuator - DEBUG - String sent: 1PR I3

2023-02-07 11:01:57,092 - linear_actuator - DEBUG - String sent: 1PR MV

2023-02-07 11:01:57,193 - linear_actuator - DEBUG - String sent: 1PR I3

2023-02-07 11:01:57,294 - linear_actuator - DEBUG - String sent: 1PR MV

2023-02-07 11:01:57,396 - linear_actuator - DEBUG - String sent: 1PR I3

2023-02-07 11:01:57,497 - linear_actuator - DEBUG - String sent: 1PR MV

2023-02-07 11:01:57,599 - linear_actuator - DEBUG - String sent: 1PR I3

2023-02-07 11:01:57,700 - linear_actuator - DEBUG - String sent: 1PR MV

2023-02-07 11:01:57,802 - linear_actuator - DEBUG - String sent: 1PR I3

2023-02-07 11:01:57,903 - linear_actuator - DEBUG - String sent: 1PR MV

2023-02-07 11:01:58,004 - linear_actuator - DEBUG - String sent: 1PR I3

2023-02-07 11:01:58,104 - linear_actuator - DEBUG - String sent: 1PR MV

2023-02-07 11:01:58,205 - linear_actuator - DEBUG - String sent: 1PR I3

2023-02-07 11:01:58,307 - linear_actuator - DEBUG - String sent: 1PR MV

2023-02-07 11:01:58,408 - linear_actuator - DEBUG - String sent: 1PR I3

2023-02-07 11:01:58,510 - linear_actuator - DEBUG - String sent: 1PR MV

2023-02-07 11:01:58,611 - linear_actuator - DEBUG - String sent: 1PR I3

2023-02-07 11:01:58,713 - linear_actuator - DEBUG - String sent: 1PR MV

2023-02-07 11:01:58,814 - linear_actuator - DEBUG - String sent: 1PR I3

2023-02-07 11:01:58,916 - linear_actuator - DEBUG - String sent: 1PR MV

2023-02-07 11:01:59,017 - linear_actuator - DEBUG - String sent: 1PR I3

2023-02-07 11:01:59,119 - linear_actuator - DEBUG - String sent: 1PR MV

2023-02-07 11:01:59,220 - linear_actuator - DEBUG - String sent: 1PR I3

2023-02-07 11:01:59,321 - linear_actuator - DEBUG - String sent: 1PR MV

2023-02-07 11:01:59,423 - linear_actuator - DEBUG - String sent: 1PR I3

2023-02-07 11:01:59,524 - linear_actuator - DEBUG - String sent: 1PR MV

2023-02-07 11:01:59,626 - linear_actuator - DEBUG - String sent: 1PR I3

2023-02-07 11:01:59,727 - linear_actuator - DEBUG - String sent: 1PR MV

2023-02-07 11:01:59,828 - linear_actuator - DEBUG - String sent: 1PR I3

2023-02-07 11:01:59,930 - linear_actuator - DEBUG - String sent: 1PR MV

2023-02-07 11:02:00,031 - linear_actuator - DEBUG - String sent: 1PR I3

2023-02-07 11:02:00,133 - linear_actuator - DEBUG - String sent: 1PR MV

2023-02-07 11:02:00,234 - linear_actuator - DEBUG - String sent: 1PR I3

2023-02-07 11:02:00,336 - linear_actuator - DEBUG - String sent: 1PR MV

2023-02-07 11:02:00,437 - linear_actuator - DEBUG - String sent: 1PR I3

2023-02-07 11:02:00,539 - linear_actuator - DEBUG - String sent: 1PR MV

2023-02-07 11:02:00,640 - linear_actuator - DEBUG - String sent: 1PR I3

2023-02-07 11:02:00,742 - linear_actuator - DEBUG - String sent: 1PR MV

2023-02-07 11:02:00,843 - linear_actuator - DEBUG - String sent: 1PR I3

2023-02-07 11:02:00,944 - linear_actuator - DEBUG - String sent: 1PR MV

2023-02-07 11:02:01,046 - linear_actuator - DEBUG - String sent: 1PR I3

2023-02-07 11:02:01,147 - linear_actuator - DEBUG - String sent: 1PR MV

2023-02-07 11:02:01,249 - linear_actuator - DEBUG - String sent: 1PR I3

2023-02-07 11:02:01,350 - linear_actuator - DEBUG - String sent: 1PR MV

2023-02-07 11:02:01,452 - linear_actuator - DEBUG - String sent: 1PR I3

2023-02-07 11:02:01,553 - linear_actuator - DEBUG - String sent: 1PR MV

2023-02-07 11:02:01,655 - linear_actuator - DEBUG - String sent: 1PR I3

2023-02-07 11:02:01,756 - linear_actuator - DEBUG - String sent: 1PR MV

2023-02-07 11:02:01,857 - linear_actuator - DEBUG - String sent: 1PR I3

2023-02-07 11:02:01,959 - linear_actuator - DEBUG - String sent: 1PR MV

2023-02-07 11:02:02,060 - linear_actuator - DEBUG - String sent: 1PR I3

2023-02-07 11:02:02,162 - linear_actuator - DEBUG - String sent: 1PR MV

2023-02-07 11:02:02,263 - linear_actuator - DEBUG - String sent: 1PR I3

2023-02-07 11:02:02,364 - linear_actuator - DEBUG - String sent: 1PR MV

2023-02-07 11:02:02,466 - linear_actuator - DEBUG - String sent: 1PR I3

2023-02-07 11:02:02,567 - linear_actuator - DEBUG - String sent: 1PR MV

2023-02-07 11:02:02,669 - linear_actuator - DEBUG - String sent: 1PR I3

2023-02-07 11:02:02,770 - linear_actuator - DEBUG - String sent: 1PR MV

2023-02-07 11:02:02,872 - linear_actuator - DEBUG - String sent: 1PR I3

2023-02-07 11:02:02,973 - linear_actuator - DEBUG - String sent: 1PR MV

2023-02-07 11:02:03,075 - linear_actuator - DEBUG - String sent: 1PR I3

2023-02-07 11:02:03,176 - linear_actuator - DEBUG - String sent: 1PR MV

2023-02-07 11:02:03,277 - linear_actuator - DEBUG - String sent: 1PR I3

2023-02-07 11:02:03,379 - linear_actuator - DEBUG - String sent: 1PR MV

2023-02-07 11:02:03,480 - linear_actuator - DEBUG - String sent: 1PR I3

2023-02-07 11:02:03,582 - linear_actuator - DEBUG - String sent: 1PR MV

2023-02-07 11:02:03,683 - linear_actuator - DEBUG - String sent: 1PR I3

2023-02-07 11:02:03,785 - linear_actuator - DEBUG - String sent: 1PR MV

2023-02-07 11:02:03,886 - linear_actuator - DEBUG - String sent: 1PR I3

2023-02-07 11:02:03,988 - linear_actuator - DEBUG - String sent: 1PR MV

2023-02-07 11:02:04,089 - linear_actuator - DEBUG - String sent: 1PR I3

2023-02-07 11:02:04,190 - linear_actuator - DEBUG - String sent: 1PR MV

2023-02-07 11:02:04,292 - linear_actuator - DEBUG - String sent: 1PR I3

2023-02-07 11:02:04,393 - linear_actuator - DEBUG - String sent: 1PR MV

2023-02-07 11:02:04,494 - linear_actuator - DEBUG - String sent: 1PR I3

2023-02-07 11:02:04,596 - linear_actuator - DEBUG - String sent: 1PR MV

2023-02-07 11:02:04,697 - linear_actuator - DEBUG - String sent: 1PR I3

2023-02-07 11:02:04,798 - linear_actuator - DEBUG - String sent: 1PR MV

2023-02-07 11:02:04,900 - linear_actuator - DEBUG - String sent: 1PR I3

2023-02-07 11:02:05,001 - linear_actuator - DEBUG - String sent: 1PR MV

2023-02-07 11:02:05,103 - linear_actuator - DEBUG - String sent: 1PR I3

2023-02-07 11:02:05,204 - linear_actuator - DEBUG - String sent: 1PR MV

2023-02-07 11:02:05,306 - linear_actuator - DEBUG - String sent: 1PR I3

2023-02-07 11:02:05,407 - linear_actuator - DEBUG - String sent: 1PR MV

2023-02-07 11:02:05,508 - linear_actuator - DEBUG - String sent: 1PR I3

2023-02-07 11:02:05,610 - linear_actuator - DEBUG - String sent: 1PR MV

2023-02-07 11:02:05,711 - linear_actuator - DEBUG - String sent: 1PR I3

2023-02-07 11:02:05,813 - linear_actuator - DEBUG - String sent: 1PR MV

2023-02-07 11:02:05,914 - linear_actuator - DEBUG - String sent: 1PR I3

2023-02-07 11:02:06,015 - linear_actuator - DEBUG - String sent: 1PR MV

2023-02-07 11:02:06,117 - linear_actuator - DEBUG - String sent: 1PR I3

2023-02-07 11:02:06,218 - linear_actuator - DEBUG - String sent: 1PR MV

2023-02-07 11:02:06,320 - linear_actuator - DEBUG - String sent: 1PR I3

2023-02-07 11:02:06,421 - linear_actuator - DEBUG - String sent: 1PR MV

2023-02-07 11:02:06,523 - linear_actuator - DEBUG - String sent: 1PR I3

2023-02-07 11:02:06,624 - linear_actuator - DEBUG - String sent: 1PR MV

2023-02-07 11:02:06,725 - linear_actuator - DEBUG - String sent: 1PR I3

2023-02-07 11:02:06,827 - linear_actuator - DEBUG - String sent: 1PR MV

2023-02-07 11:02:06,928 - linear_actuator - DEBUG - String sent: 1PR I3

2023-02-07 11:02:07,029 - linear_actuator - DEBUG - String sent: 1PR MV

2023-02-07 11:02:20,275 - linear_actuator - INFO - Moving -1000 microsteps
2023-02-07 11:02:20,276 - linear_actuator - DEBUG - String sent: 1MR -1000

2023-02-07 11:02:20,276 - linear_actuator - DEBUG - String sent: 1PR MV

2023-02-07 11:02:20,377 - linear_actuator - DEBUG - String sent: 1PR I3

2023-02-07 11:02:20,478 - linear_actuator - DEBUG - String sent: 1PR MV

2023-02-07 11:02:27,665 - linear_actuator - INFO - Moving 1000 microsteps
2023-02-07 11:02:27,666 - linear_actuator - DEBUG - String sent: 1MR 1000

2023-02-07 11:02:27,667 - linear_actuator - DEBUG - String sent: 1PR MV

2023-02-07 11:02:27,768 - linear_actuator - DEBUG - String sent: 1PR I3

2023-02-07 11:02:27,869 - linear_actuator - INFO - [92mmatching________start______[0m
2023-02-07 11:02:27,869 - linear_actuator - DEBUG - String sent: 1PR P

2023-02-07 11:02:27,970 - linear_actuator - INFO - [92mmatching________end_______[0m
2023-02-07 11:02:27,971 - linear_actuator - INFO - [92m--- 0.20302057266235352 seconds ---[0m
2023-02-07 11:02:27,971 - linear_actuator - DEBUG - String sent: 1PR MV

2023-02-07 11:02:28,072 - linear_actuator - DEBUG - String sent: 1PR I3

2023-02-07 11:02:28,173 - linear_actuator - INFO - [92mmatching________start______[0m
2023-02-07 11:02:28,173 - linear_actuator - DEBUG - String sent: 1PR P

2023-02-07 11:02:28,274 - linear_actuator - INFO - [92mmatching________end_______[0m
2023-02-07 11:02:28,275 - linear_actuator - INFO - [92m--- 0.20296597480773926 seconds ---[0m
2023-02-07 11:02:28,275 - linear_actuator - DEBUG - String sent: 1PR MV

2023-02-07 11:02:28,376 - linear_actuator - DEBUG - String sent: 1PR I3

2023-02-07 11:02:28,477 - linear_actuator - INFO - [92mmatching________start______[0m
2023-02-07 11:02:28,477 - linear_actuator - DEBUG - String sent: 1PR P

2023-02-07 11:02:28,578 - linear_actuator - INFO - [92mmatching________end_______[0m
2023-02-07 11:02:28,579 - linear_actuator - INFO - [92m--- 0.2027294635772705 seconds ---[0m
2023-02-07 11:02:28,579 - linear_actuator - DEBUG - String sent: 1PR MV

2023-02-07 11:02:28,680 - linear_actuator - DEBUG - String sent: 1PR I3

2023-02-07 11:02:28,781 - linear_actuator - DEBUG - String sent: 1PR MV

2023-02-07 11:02:28,882 - linear_actuator - DEBUG - String sent: 1PR I3

2023-02-07 11:02:28,983 - linear_actuator - DEBUG - String sent: 1PR MV

2023-02-07 11:02:29,084 - linear_actuator - DEBUG - String sent: 1PR I3

2023-02-07 11:02:29,185 - linear_actuator - DEBUG - String sent: 1PR MV

2023-02-07 11:02:29,286 - linear_actuator - DEBUG - String sent: 1PR I3

2023-02-07 11:02:29,388 - linear_actuator - DEBUG - String sent: 1PR MV

2023-02-07 11:02:29,489 - linear_actuator - DEBUG - String sent: 1PR I3

2023-02-07 11:02:29,590 - linear_actuator - DEBUG - String sent: 1PR MV

2023-02-07 11:02:29,692 - linear_actuator - DEBUG - String sent: 1PR I3

2023-02-07 11:02:29,793 - linear_actuator - INFO - [92mmatching________start______[0m
2023-02-07 11:02:29,793 - linear_actuator - DEBUG - String sent: 1PR P

2023-02-07 11:02:29,894 - linear_actuator - INFO - [92mmatching________end_______[0m
2023-02-07 11:02:29,895 - linear_actuator - INFO - [92m--- 0.20356440544128418 seconds ---[0m
2023-02-07 11:02:29,895 - linear_actuator - DEBUG - String sent: 1PR MV

2023-02-07 11:02:29,996 - linear_actuator - DEBUG - String sent: 1PR I3

2023-02-07 11:02:30,097 - linear_actuator - INFO - [92mmatching________start______[0m
2023-02-07 11:02:30,097 - linear_actuator - DEBUG - String sent: 1PR P

2023-02-07 11:02:30,199 - linear_actuator - INFO - [92mmatching________end_______[0m
2023-02-07 11:02:30,199 - linear_actuator - INFO - [92m--- 0.20302963256835938 seconds ---[0m
2023-02-07 11:02:30,199 - linear_actuator - DEBUG - String sent: 1PR MV

2023-02-07 11:02:30,301 - linear_actuator - DEBUG - String sent: 1PR I3

2023-02-07 11:02:30,402 - linear_actuator - INFO - [92mmatching________start______[0m
2023-02-07 11:02:30,403 - linear_actuator - DEBUG - String sent: 1PR P

2023-02-07 11:02:30,510 - linear_actuator - INFO - [92mmatching________end_______[0m
2023-02-07 11:02:30,511 - linear_actuator - INFO - [92m--- 0.21033501625061035 seconds ---[0m
2023-02-07 11:02:30,511 - linear_actuator - DEBUG - String sent: 1PR MV

2023-02-07 11:02:30,612 - linear_actuator - DEBUG - String sent: 1PR I3

2023-02-07 11:02:30,713 - linear_actuator - INFO - [92mmatching________start______[0m
2023-02-07 11:02:30,714 - linear_actuator - DEBUG - String sent: 1PR P

2023-02-07 11:02:30,815 - linear_actuator - INFO - [92mmatching________end_______[0m
2023-02-07 11:02:30,816 - linear_actuator - INFO - [92m--- 0.20352458953857422 seconds ---[0m
2023-02-07 11:02:30,816 - linear_actuator - DEBUG - String sent: 1PR MV

2023-02-07 11:02:30,917 - linear_actuator - DEBUG - String sent: 1PR I3

2023-02-07 11:02:31,018 - linear_actuator - INFO - [92mmatching________start______[0m
2023-02-07 11:02:31,019 - linear_actuator - DEBUG - String sent: 1PR P

2023-02-07 11:02:31,120 - linear_actuator - INFO - [92mmatching________end_______[0m
2023-02-07 11:02:31,121 - linear_actuator - INFO - [92m--- 0.2037181854248047 seconds ---[0m
2023-02-07 11:02:31,121 - linear_actuator - DEBUG - String sent: 1PR MV

2023-02-07 11:02:31,222 - linear_actuator - DEBUG - String sent: 1PR I3

2023-02-07 11:02:31,323 - linear_actuator - INFO - [92mmatching________start______[0m
2023-02-07 11:02:31,324 - linear_actuator - DEBUG - String sent: 1PR P

2023-02-07 11:02:31,425 - linear_actuator - INFO - [92mmatching________end_______[0m
2023-02-07 11:02:31,426 - linear_actuator - INFO - [92m--- 0.20389533042907715 seconds ---[0m
2023-02-07 11:02:31,427 - linear_actuator - DEBUG - String sent: 1PR MV

2023-02-07 11:02:31,528 - linear_actuator - DEBUG - String sent: 1PR I3

2023-02-07 11:02:31,629 - linear_actuator - INFO - [92mmatching________start______[0m
2023-02-07 11:02:31,630 - linear_actuator - DEBUG - String sent: 1PR P

2023-02-07 11:02:31,731 - linear_actuator - INFO - [92mmatching________end_______[0m
2023-02-07 11:02:31,732 - linear_actuator - INFO - [92m--- 0.20401740074157715 seconds ---[0m
2023-02-07 11:02:31,732 - linear_actuator - DEBUG - String sent: 1PR MV

2023-02-07 11:02:31,833 - linear_actuator - DEBUG - String sent: 1PR I3

2023-02-07 11:02:31,934 - linear_actuator - INFO - [92mmatching________start______[0m
2023-02-07 11:02:31,935 - linear_actuator - DEBUG - String sent: 1PR P

2023-02-07 11:02:32,036 - linear_actuator - INFO - [92mmatching________end_______[0m
2023-02-07 11:02:32,037 - linear_actuator - INFO - [92m--- 0.20368671417236328 seconds ---[0m
2023-02-07 11:02:32,037 - linear_actuator - DEBUG - String sent: 1PR MV

2023-02-07 11:02:32,138 - linear_actuator - DEBUG - String sent: 1PR I3

2023-02-07 11:02:32,239 - linear_actuator - INFO - [92mmatching________start______[0m
2023-02-07 11:02:32,240 - linear_actuator - DEBUG - String sent: 1PR P

2023-02-07 11:02:32,341 - linear_actuator - INFO - [92mmatching________end_______[0m
2023-02-07 11:02:32,342 - linear_actuator - INFO - [92m--- 0.2034907341003418 seconds ---[0m
2023-02-07 11:02:32,342 - linear_actuator - DEBUG - String sent: 1PR MV

2023-02-07 11:02:32,443 - linear_actuator - DEBUG - String sent: 1PR I3

2023-02-07 11:02:32,544 - linear_actuator - INFO - [92mmatching________start______[0m
2023-02-07 11:02:32,545 - linear_actuator - DEBUG - String sent: 1PR P

2023-02-07 11:02:32,646 - linear_actuator - INFO - [92mmatching________end_______[0m
2023-02-07 11:02:32,647 - linear_actuator - INFO - [92m--- 0.20377135276794434 seconds ---[0m
2023-02-07 11:02:32,647 - linear_actuator - DEBUG - String sent: 1PR MV

2023-02-07 11:02:32,748 - linear_actuator - DEBUG - String sent: 1PR I3

2023-02-07 11:02:32,850 - linear_actuator - DEBUG - String sent: 1PR MV

2023-02-07 11:02:32,951 - linear_actuator - DEBUG - String sent: 1PR I3

2023-02-07 11:02:33,053 - linear_actuator - DEBUG - String sent: 1PR MV

2023-02-07 11:02:33,154 - linear_actuator - DEBUG - String sent: 1PR I3

2023-02-07 11:02:33,255 - linear_actuator - INFO - [92mmatching________start______[0m
2023-02-07 11:02:33,256 - linear_actuator - DEBUG - String sent: 1PR P

2023-02-07 11:02:33,357 - linear_actuator - INFO - [92mmatching________end_______[0m
2023-02-07 11:02:33,358 - linear_actuator - INFO - [92m--- 0.20408916473388672 seconds ---[0m
2023-02-07 11:02:33,359 - linear_actuator - DEBUG - String sent: 1PR MV

2023-02-07 11:02:33,460 - linear_actuator - DEBUG - String sent: 1PR I3

2023-02-07 11:02:33,561 - linear_actuator - INFO - [92mmatching________start______[0m
2023-02-07 11:02:33,562 - linear_actuator - DEBUG - String sent: 1PR P

2023-02-07 11:02:33,663 - linear_actuator - INFO - [92mmatching________end_______[0m
2023-02-07 11:02:33,664 - linear_actuator - INFO - [92m--- 0.20378994941711426 seconds ---[0m
2023-02-07 11:02:33,664 - linear_actuator - DEBUG - String sent: 1PR MV

2023-02-07 11:02:33,765 - linear_actuator - DEBUG - String sent: 1PR I3

2023-02-07 11:02:33,866 - linear_actuator - INFO - [92mmatching________start______[0m
2023-02-07 11:02:33,867 - linear_actuator - DEBUG - String sent: 1PR P

2023-02-07 11:02:33,968 - linear_actuator - INFO - [92mmatching________end_______[0m
2023-02-07 11:02:33,969 - linear_actuator - INFO - [92m--- 0.20381736755371094 seconds ---[0m
2023-02-07 11:02:33,969 - linear_actuator - DEBUG - String sent: 1PR MV

2023-02-07 11:02:34,071 - linear_actuator - DEBUG - String sent: 1PR I3

2023-02-07 11:02:34,172 - linear_actuator - INFO - [92mmatching________start______[0m
2023-02-07 11:02:34,172 - linear_actuator - DEBUG - String sent: 1PR P

2023-02-07 11:02:34,274 - linear_actuator - INFO - [92mmatching________end_______[0m
2023-02-07 11:02:34,275 - linear_actuator - INFO - [92m--- 0.20412635803222656 seconds ---[0m
2023-02-07 11:02:34,275 - linear_actuator - DEBUG - String sent: 1PR MV

2023-02-07 11:02:34,377 - linear_actuator - DEBUG - String sent: 1PR I3

2023-02-07 11:02:34,478 - linear_actuator - INFO - [92mmatching________start______[0m
2023-02-07 11:02:34,478 - linear_actuator - DEBUG - String sent: 1PR P

2023-02-07 11:02:34,579 - linear_actuator - INFO - [92mmatching________end_______[0m
2023-02-07 11:02:34,580 - linear_actuator - INFO - [92m--- 0.20367836952209473 seconds ---[0m
2023-02-07 11:02:34,580 - linear_actuator - DEBUG - String sent: 1PR MV

2023-02-07 11:02:34,682 - linear_actuator - DEBUG - String sent: 1PR I3

2023-02-07 11:02:34,783 - linear_actuator - INFO - [92mmatching________start______[0m
2023-02-07 11:02:34,784 - linear_actuator - DEBUG - String sent: 1PR P

2023-02-07 11:02:34,885 - linear_actuator - INFO - [92mmatching________end_______[0m
2023-02-07 11:02:34,885 - linear_actuator - INFO - [92m--- 0.20361685752868652 seconds ---[0m
2023-02-07 11:02:34,886 - linear_actuator - DEBUG - String sent: 1PR MV

2023-02-07 11:02:34,986 - linear_actuator - DEBUG - String sent: 1PR I3

2023-02-07 11:02:35,087 - linear_actuator - INFO - [92mmatching________start______[0m
2023-02-07 11:02:35,087 - linear_actuator - DEBUG - String sent: 1PR P

2023-02-07 11:02:35,188 - linear_actuator - INFO - [92mmatching________end_______[0m
2023-02-07 11:02:35,189 - linear_actuator - INFO - [92m--- 0.20226621627807617 seconds ---[0m
2023-02-07 11:02:35,189 - linear_actuator - DEBUG - String sent: 1PR MV

2023-02-07 11:02:35,290 - linear_actuator - DEBUG - String sent: 1PR I3

2023-02-07 11:02:35,392 - linear_actuator - DEBUG - String sent: 1PR MV

2023-02-07 11:02:35,493 - linear_actuator - DEBUG - String sent: 1PR I3

2023-02-07 11:02:35,595 - linear_actuator - DEBUG - String sent: 1PR MV

2023-02-07 11:02:35,696 - linear_actuator - DEBUG - String sent: 1PR I3

2023-02-07 11:02:35,797 - linear_actuator - INFO - [92mmatching________start______[0m
2023-02-07 11:02:35,798 - linear_actuator - DEBUG - String sent: 1PR P

2023-02-07 11:02:35,899 - linear_actuator - INFO - [92mmatching________end_______[0m
2023-02-07 11:02:35,900 - linear_actuator - INFO - [92m--- 0.20394158363342285 seconds ---[0m
2023-02-07 11:02:35,900 - linear_actuator - DEBUG - String sent: 1PR MV

2023-02-07 11:02:36,002 - linear_actuator - DEBUG - String sent: 1PR I3

2023-02-07 11:02:36,103 - linear_actuator - INFO - [92mmatching________start______[0m
2023-02-07 11:02:36,104 - linear_actuator - DEBUG - String sent: 1PR P

2023-02-07 11:02:36,205 - linear_actuator - INFO - [92mmatching________end_______[0m
2023-02-07 11:02:36,205 - linear_actuator - INFO - [92m--- 0.2039496898651123 seconds ---[0m
2023-02-07 11:02:36,206 - linear_actuator - DEBUG - String sent: 1PR MV

2023-02-07 11:02:36,307 - linear_actuator - DEBUG - String sent: 1PR I3

2023-02-07 11:02:36,408 - linear_actuator - INFO - [92mmatching________start______[0m
2023-02-07 11:02:36,409 - linear_actuator - DEBUG - String sent: 1PR P

2023-02-07 11:02:36,510 - linear_actuator - INFO - [92mmatching________end_______[0m
2023-02-07 11:02:36,511 - linear_actuator - INFO - [92m--- 0.20369648933410645 seconds ---[0m
2023-02-07 11:02:36,511 - linear_actuator - DEBUG - String sent: 1PR MV

2023-02-07 11:02:36,612 - linear_actuator - DEBUG - String sent: 1PR I3

2023-02-07 11:02:36,714 - linear_actuator - INFO - [92mmatching________start______[0m
2023-02-07 11:02:36,714 - linear_actuator - DEBUG - String sent: 1PR P

2023-02-07 11:02:36,815 - linear_actuator - INFO - [92mmatching________end_______[0m
2023-02-07 11:02:36,816 - linear_actuator - INFO - [92m--- 0.20380783081054688 seconds ---[0m
2023-02-07 11:02:36,816 - linear_actuator - DEBUG - String sent: 1PR MV

2023-02-07 11:02:36,918 - linear_actuator - DEBUG - String sent: 1PR I3

2023-02-07 11:02:37,019 - linear_actuator - INFO - [92mmatching________start______[0m
2023-02-07 11:02:37,019 - linear_actuator - DEBUG - String sent: 1PR P

2023-02-07 11:02:37,121 - linear_actuator - INFO - [92mmatching________end_______[0m
2023-02-07 11:02:37,121 - linear_actuator - INFO - [92m--- 0.20395231246948242 seconds ---[0m
2023-02-07 11:02:37,122 - linear_actuator - DEBUG - String sent: 1PR MV

2023-02-07 11:02:37,223 - linear_actuator - DEBUG - String sent: 1PR I3

2023-02-07 11:02:37,324 - linear_actuator - INFO - [92mmatching________start______[0m
2023-02-07 11:02:37,325 - linear_actuator - DEBUG - String sent: 1PR P

2023-02-07 11:02:37,426 - linear_actuator - INFO - [92mmatching________end_______[0m
2023-02-07 11:02:37,427 - linear_actuator - INFO - [92m--- 0.20415854454040527 seconds ---[0m
2023-02-07 11:02:37,428 - linear_actuator - DEBUG - String sent: 1PR MV

2023-02-07 11:02:37,529 - linear_actuator - DEBUG - String sent: 1PR I3

2023-02-07 11:02:37,630 - linear_actuator - INFO - [92mmatching________start______[0m
2023-02-07 11:02:37,631 - linear_actuator - DEBUG - String sent: 1PR P

2023-02-07 11:02:37,732 - linear_actuator - INFO - [92mmatching________end_______[0m
2023-02-07 11:02:37,733 - linear_actuator - INFO - [92m--- 0.20411038398742676 seconds ---[0m
2023-02-07 11:02:37,733 - linear_actuator - DEBUG - String sent: 1PR MV

2023-02-07 11:02:37,835 - linear_actuator - DEBUG - String sent: 1PR I3

2023-02-07 11:02:37,936 - linear_actuator - INFO - [92mmatching________start______[0m
2023-02-07 11:02:37,936 - linear_actuator - DEBUG - String sent: 1PR P

2023-02-07 11:02:38,038 - linear_actuator - INFO - [92mmatching________end_______[0m
2023-02-07 11:02:38,038 - linear_actuator - INFO - [92m--- 0.20395374298095703 seconds ---[0m
2023-02-07 11:02:38,039 - linear_actuator - DEBUG - String sent: 1PR MV

2023-02-07 11:02:38,140 - linear_actuator - DEBUG - String sent: 1PR I3

2023-02-07 11:02:38,242 - linear_actuator - DEBUG - String sent: 1PR MV

2023-02-07 11:02:38,343 - linear_actuator - DEBUG - String sent: 1PR I3

2023-02-07 11:02:38,444 - linear_actuator - DEBUG - String sent: 1PR MV

2023-02-07 11:02:38,546 - linear_actuator - DEBUG - String sent: 1PR I3

2023-02-07 11:02:38,647 - linear_actuator - DEBUG - String sent: 1PR MV

2023-02-07 11:02:38,749 - linear_actuator - DEBUG - String sent: 1PR I3

2023-02-07 11:02:38,850 - linear_actuator - DEBUG - String sent: 1PR MV

2023-02-07 11:02:38,952 - linear_actuator - DEBUG - String sent: 1PR I3

2023-02-07 11:02:39,053 - linear_actuator - DEBUG - String sent: 1PR MV

2023-02-07 11:02:39,155 - linear_actuator - DEBUG - String sent: 1PR I3

2023-02-07 11:02:39,256 - linear_actuator - DEBUG - String sent: 1PR MV

2023-02-07 11:02:39,358 - linear_actuator - DEBUG - String sent: 1PR I3

2023-02-07 11:02:39,459 - linear_actuator - DEBUG - String sent: 1PR MV

2023-02-07 11:02:39,560 - linear_actuator - DEBUG - String sent: 1PR I3

2023-02-07 11:02:39,662 - linear_actuator - DEBUG - String sent: 1PR MV

2023-02-07 11:02:39,763 - linear_actuator - DEBUG - String sent: 1PR I3

2023-02-07 11:02:39,865 - linear_actuator - DEBUG - String sent: 1PR MV

2023-02-07 11:02:39,966 - linear_actuator - DEBUG - String sent: 1PR I3

2023-02-07 11:02:40,068 - linear_actuator - DEBUG - String sent: 1PR MV

2023-02-07 11:02:40,169 - linear_actuator - DEBUG - String sent: 1PR I3

2023-02-07 11:02:40,271 - linear_actuator - DEBUG - String sent: 1PR MV

2023-02-07 11:02:40,372 - linear_actuator - DEBUG - String sent: 1PR I3

2023-02-07 11:02:40,473 - linear_actuator - DEBUG - String sent: 1PR MV

2023-02-07 11:02:40,575 - linear_actuator - DEBUG - String sent: 1PR I3

2023-02-07 11:02:40,676 - linear_actuator - DEBUG - String sent: 1PR MV

2023-02-07 11:02:40,777 - linear_actuator - DEBUG - String sent: 1PR I3

2023-02-07 11:02:40,879 - linear_actuator - DEBUG - String sent: 1PR MV

2023-02-07 11:02:40,980 - linear_actuator - DEBUG - String sent: 1PR I3

2023-02-07 11:02:41,082 - linear_actuator - DEBUG - String sent: 1PR MV

2023-02-07 11:02:41,183 - linear_actuator - DEBUG - String sent: 1PR I3

2023-02-07 11:02:41,285 - linear_actuator - DEBUG - String sent: 1PR MV

2023-02-07 11:02:41,386 - linear_actuator - DEBUG - String sent: 1PR I3

2023-02-07 11:02:41,488 - linear_actuator - DEBUG - String sent: 1PR MV

2023-02-07 11:02:41,589 - linear_actuator - DEBUG - String sent: 1PR I3

2023-02-07 11:02:41,690 - linear_actuator - DEBUG - String sent: 1PR MV

2023-02-07 11:02:41,792 - linear_actuator - DEBUG - String sent: 1PR I3

2023-02-07 11:02:41,893 - linear_actuator - DEBUG - String sent: 1PR MV

2023-02-07 11:02:41,995 - linear_actuator - DEBUG - String sent: 1PR I3

2023-02-07 11:02:42,096 - linear_actuator - DEBUG - String sent: 1PR MV

2023-02-07 11:02:42,197 - linear_actuator - DEBUG - String sent: 1PR I3

2023-02-07 11:02:42,299 - linear_actuator - DEBUG - String sent: 1PR MV

2023-02-07 11:02:42,400 - linear_actuator - DEBUG - String sent: 1PR I3

2023-02-07 11:02:42,502 - linear_actuator - DEBUG - String sent: 1PR MV

2023-02-07 11:02:42,603 - linear_actuator - DEBUG - String sent: 1PR I3

2023-02-07 11:02:42,705 - linear_actuator - DEBUG - String sent: 1PR MV

2023-02-07 11:02:42,806 - linear_actuator - DEBUG - String sent: 1PR I3

2023-02-07 11:02:42,908 - linear_actuator - DEBUG - String sent: 1PR MV

2023-02-07 11:02:43,009 - linear_actuator - DEBUG - String sent: 1PR I3

2023-02-07 11:02:43,111 - linear_actuator - DEBUG - String sent: 1PR MV

2023-02-07 11:02:43,212 - linear_actuator - DEBUG - String sent: 1PR I3

2023-02-07 11:02:43,314 - linear_actuator - DEBUG - String sent: 1PR MV

2023-02-07 11:02:43,415 - linear_actuator - DEBUG - String sent: 1PR I3

2023-02-07 11:02:43,517 - linear_actuator - DEBUG - String sent: 1PR MV

2023-02-07 11:02:43,618 - linear_actuator - DEBUG - String sent: 1PR I3

2023-02-07 11:02:43,720 - linear_actuator - DEBUG - String sent: 1PR MV

2023-02-07 11:02:43,821 - linear_actuator - DEBUG - String sent: 1PR I3

2023-02-07 11:02:43,923 - linear_actuator - DEBUG - String sent: 1PR MV

2023-02-07 11:02:44,024 - linear_actuator - DEBUG - String sent: 1PR I3

2023-02-07 11:02:44,125 - linear_actuator - DEBUG - String sent: 1PR MV

2023-02-07 11:02:44,226 - linear_actuator - DEBUG - String sent: 1PR I3

2023-02-07 11:02:44,328 - linear_actuator - DEBUG - String sent: 1PR MV

