2023-04-03 16:46:13,540 - linear_actuator - INFO - started logger
2023-04-03 16:46:13,540 - linear_actuator - INFO - CAUTION USING NON SPECIFIC CONFIG FILES
2023-04-03 16:46:13,540 - linear_actuator - INFO - Using config file (/home/shivaraj/Desktop/SBN/Pyhton2_to_3/SBND_laser_control/workspace/RunControl/devices/config/config_linear_actuator.json)
2023-04-03 16:46:15,574 - linear_actuator - INFO - CAUTION USING NON SPECIFIC CONFIG FILES
2023-04-03 16:46:15,575 - linear_actuator - INFO - Using config file (/home/shivaraj/Desktop/SBN/Pyhton2_to_3/SBND_laser_control/workspace/RunControl/devices/config/com_ports.json)
2023-04-03 16:46:16,580 - linear_actuator - INFO - Com port (/dev/ttyUSB0) opened
2023-04-03 16:46:19,203 - linear_actuator - INFO - ---------------- init axis -----------------
2023-04-03 16:46:19,204 - linear_actuator - DEBUG - String sent: 1MS=256

2023-04-03 16:46:19,205 - linear_actuator - DEBUG - String sent: 1PR MS

2023-04-03 16:46:19,306 - linear_actuator - INFO - Set MS=256[92m -> OK[0m
2023-04-03 16:46:19,306 - linear_actuator - DEBUG - String sent: 1A=400

2023-04-03 16:46:19,307 - linear_actuator - DEBUG - String sent: 1PR A

2023-04-03 16:46:19,407 - linear_actuator - INFO - Set A=400[92m -> OK[0m
2023-04-03 16:46:19,408 - linear_actuator - DEBUG - String sent: 1D=700

2023-04-03 16:46:19,408 - linear_actuator - DEBUG - String sent: 1PR D

2023-04-03 16:46:19,509 - linear_actuator - INFO - Set D=700[92m -> OK[0m
2023-04-03 16:46:19,510 - linear_actuator - DEBUG - String sent: 1VI=300

2023-04-03 16:46:19,510 - linear_actuator - DEBUG - String sent: 1PR VI

2023-04-03 16:46:19,611 - linear_actuator - INFO - Set VI=300[92m -> OK[0m
2023-04-03 16:46:19,612 - linear_actuator - DEBUG - String sent: 1VM=800

2023-04-03 16:46:19,613 - linear_actuator - DEBUG - String sent: 1PR VM

2023-04-03 16:46:19,714 - linear_actuator - INFO - Set VM=800[92m -> OK[0m
2023-04-03 16:46:19,715 - linear_actuator - DEBUG - String sent: 1HC=10

2023-04-03 16:46:19,715 - linear_actuator - DEBUG - String sent: 1PR HC

2023-04-03 16:46:19,816 - linear_actuator - INFO - Set HC=10[92m -> OK[0m
2023-04-03 16:46:19,817 - linear_actuator - DEBUG - String sent: 1RC=70

2023-04-03 16:46:19,817 - linear_actuator - DEBUG - String sent: 1PR RC

2023-04-03 16:46:19,918 - linear_actuator - INFO - Set RC=70[92m -> OK[0m
2023-04-03 16:46:19,919 - linear_actuator - DEBUG - String sent: 1EE=1

2023-04-03 16:46:19,920 - linear_actuator - DEBUG - String sent: 1PR EE

2023-04-03 16:46:20,021 - linear_actuator - INFO - Set EE=1[92m -> OK[0m
2023-04-03 16:46:20,021 - linear_actuator - DEBUG - String sent: 1S4=0,0,0

2023-04-03 16:46:20,022 - linear_actuator - DEBUG - String sent: 1PR S4

2023-04-03 16:46:20,123 - linear_actuator - INFO - Set S4=0,0,0[92m -> OK[0m
2023-04-03 16:46:20,123 - linear_actuator - INFO - Set S1 and S2 as limit switches for Linear Motor
2023-04-03 16:46:20,124 - linear_actuator - DEBUG - String sent: 1S1=2,1,0

2023-04-03 16:46:20,124 - linear_actuator - DEBUG - String sent: 1PR S1

2023-04-03 16:46:20,225 - linear_actuator - INFO - Set S1=2,1,0[92m -> OK[0m
2023-04-03 16:46:20,226 - linear_actuator - DEBUG - String sent: 1S2=3,1,0

2023-04-03 16:46:20,227 - linear_actuator - DEBUG - String sent: 1PR S2

2023-04-03 16:46:20,328 - linear_actuator - INFO - Set S2=3,1,0[92m -> OK[0m
2023-04-03 16:46:20,829 - linear_actuator - INFO - Set trigger from Photodiode to Linear encoder.
2023-04-03 16:46:20,830 - linear_actuator - DEBUG - String sent: 1S3=0,0,0

2023-04-03 16:46:20,831 - linear_actuator - DEBUG - String sent: 1PR S3

2023-04-03 16:46:20,932 - linear_actuator - INFO - Set S3=0,0,0[92m -> OK[0m
