2023-04-25 14:42:46,077 - linear_actuator - INFO - started logger
2023-04-25 14:42:46,077 - linear_actuator - INFO - CAUTION USING NON SPECIFIC CONFIG FILES
2023-04-25 14:42:46,078 - linear_actuator - INFO - Using config file (/home/shivaraj/Desktop/SBN/Pyhton2_to_3/SBND_laser_control/workspace/RunControl/devices/config/config_linear_actuator.json)
2023-04-25 14:42:51,108 - linear_actuator - INFO - CAUTION USING NON SPECIFIC CONFIG FILES
2023-04-25 14:42:51,108 - linear_actuator - INFO - Using config file (/home/shivaraj/Desktop/SBN/Pyhton2_to_3/SBND_laser_control/workspace/RunControl/devices/config/com_ports.json)
2023-04-25 14:42:52,113 - linear_actuator - INFO - Com port (/dev/ttyUSB1) opened
2023-04-25 14:42:55,051 - linear_actuator - INFO - ---------------- init axis -----------------
2023-04-25 14:42:55,052 - linear_actuator - DEBUG - String sent: 1MS=256

2023-04-25 14:42:55,053 - linear_actuator - DEBUG - String sent: 1PR MS

2023-04-25 14:42:55,154 - linear_actuator - INFO - Set MS=256[92m -> OK[0m
2023-04-25 14:42:55,154 - linear_actuator - DEBUG - String sent: 1A=400

2023-04-25 14:42:55,155 - linear_actuator - DEBUG - String sent: 1PR A

2023-04-25 14:42:55,256 - linear_actuator - INFO - Set A=400[92m -> OK[0m
2023-04-25 14:42:55,257 - linear_actuator - DEBUG - String sent: 1D=1000

2023-04-25 14:42:55,257 - linear_actuator - DEBUG - String sent: 1PR D

2023-04-25 14:42:55,358 - linear_actuator - INFO - Set D=1000[92m -> OK[0m
2023-04-25 14:42:55,359 - linear_actuator - DEBUG - String sent: 1VI=300

2023-04-25 14:42:55,359 - linear_actuator - DEBUG - String sent: 1PR VI

2023-04-25 14:42:55,461 - linear_actuator - INFO - Set VI=300[92m -> OK[0m
2023-04-25 14:42:55,461 - linear_actuator - DEBUG - String sent: 1VM=1600

2023-04-25 14:42:55,462 - linear_actuator - DEBUG - String sent: 1PR VM

2023-04-25 14:42:55,563 - linear_actuator - INFO - Set VM=1600[92m -> OK[0m
2023-04-25 14:42:55,563 - linear_actuator - DEBUG - String sent: 1HC=10

2023-04-25 14:42:55,564 - linear_actuator - DEBUG - String sent: 1PR HC

2023-04-25 14:42:55,665 - linear_actuator - INFO - Set HC=10[92m -> OK[0m
2023-04-25 14:42:55,666 - linear_actuator - DEBUG - String sent: 1RC=70

2023-04-25 14:42:55,666 - linear_actuator - DEBUG - String sent: 1PR RC

2023-04-25 14:42:55,767 - linear_actuator - INFO - Set RC=70[92m -> OK[0m
2023-04-25 14:42:55,767 - linear_actuator - DEBUG - String sent: 1EE=1

2023-04-25 14:42:55,767 - linear_actuator - DEBUG - String sent: 1PR EE

2023-04-25 14:42:55,868 - linear_actuator - INFO - Set EE=1[92m -> OK[0m
2023-04-25 14:42:55,868 - linear_actuator - DEBUG - String sent: 1SM=1

2023-04-25 14:42:55,869 - linear_actuator - DEBUG - String sent: 1PR SM

2023-04-25 14:42:55,970 - linear_actuator - INFO - Set SM=1[92m -> OK[0m
2023-04-25 14:42:55,971 - linear_actuator - DEBUG - String sent: 1SF=20

2023-04-25 14:42:55,971 - linear_actuator - DEBUG - String sent: 1PR SF

2023-04-25 14:42:56,072 - linear_actuator - INFO - Set SF=20[92m -> OK[0m
2023-04-25 14:42:56,073 - linear_actuator - DEBUG - String sent: 1S3=0,0,0

2023-04-25 14:42:56,074 - linear_actuator - DEBUG - String sent: 1PR S3

2023-04-25 14:42:56,175 - linear_actuator - INFO - Set S3=0,0,0[92m -> OK[0m
2023-04-25 14:42:56,176 - linear_actuator - DEBUG - String sent: 1S4=0,0,0

2023-04-25 14:42:56,177 - linear_actuator - DEBUG - String sent: 1PR S4

2023-04-25 14:42:56,278 - linear_actuator - INFO - Set S4=0,0,0[92m -> OK[0m
2023-04-25 14:42:56,278 - linear_actuator - INFO - Set S1 and S2 as limit switches for Linear Motor
2023-04-25 14:42:56,278 - linear_actuator - DEBUG - String sent: 1S1=2,1,0

2023-04-25 14:42:56,279 - linear_actuator - DEBUG - String sent: 1PR S1

2023-04-25 14:42:56,380 - linear_actuator - INFO - Set S1=2,1,0[92m -> OK[0m
2023-04-25 14:42:56,380 - linear_actuator - DEBUG - String sent: 1S2=3,1,0

2023-04-25 14:42:56,381 - linear_actuator - DEBUG - String sent: 1PR S2

2023-04-25 14:42:56,482 - linear_actuator - INFO - Set S2=3,1,0[92m -> OK[0m
2023-04-25 14:42:56,983 - linear_actuator - INFO - Set trigger from Photodiode to Linear encoder.
2023-04-25 14:42:56,984 - linear_actuator - DEBUG - String sent: 1S3=0,0,0

2023-04-25 14:42:56,985 - linear_actuator - DEBUG - String sent: 1PR S3

2023-04-25 14:42:57,086 - linear_actuator - INFO - Set S3=0,0,0[92m -> OK[0m
