2023-04-03 14:46:24,289 - linear_actuator - INFO - started logger
2023-04-03 14:46:24,289 - linear_actuator - INFO - CAUTION USING NON SPECIFIC CONFIG FILES
2023-04-03 14:46:24,289 - linear_actuator - INFO - Using config file (/home/shivaraj/Desktop/SBN/Pyhton2_to_3/SBND_laser_control/workspace/RunControl/devices/config/config_linear_actuator.json)
2023-04-03 14:46:28,304 - linear_actuator - INFO - CAUTION USING NON SPECIFIC CONFIG FILES
2023-04-03 14:46:28,304 - linear_actuator - INFO - Using config file (/home/shivaraj/Desktop/SBN/Pyhton2_to_3/SBND_laser_control/workspace/RunControl/devices/config/com_ports.json)
2023-04-03 14:46:29,308 - linear_actuator - INFO - Com port (/dev/ttyUSB0) opened
2023-04-03 14:46:31,933 - linear_actuator - INFO - ---------------- init axis -----------------
2023-04-03 14:46:31,933 - linear_actuator - DEBUG - String sent: 1MS=256

2023-04-03 14:46:31,933 - linear_actuator - DEBUG - String sent: 1PR MS

2023-04-03 14:46:32,034 - linear_actuator - INFO - Set MS=256[92m -> OK[0m
2023-04-03 14:46:32,034 - linear_actuator - DEBUG - String sent: 1A=400

2023-04-03 14:46:32,034 - linear_actuator - DEBUG - String sent: 1PR A

2023-04-03 14:46:32,134 - linear_actuator - INFO - Set A=400[92m -> OK[0m
2023-04-03 14:46:32,135 - linear_actuator - DEBUG - String sent: 1D=700

2023-04-03 14:46:32,135 - linear_actuator - DEBUG - String sent: 1PR D

2023-04-03 14:46:32,236 - linear_actuator - INFO - Set D=700[92m -> OK[0m
2023-04-03 14:46:32,236 - linear_actuator - DEBUG - String sent: 1VI=300

2023-04-03 14:46:32,237 - linear_actuator - DEBUG - String sent: 1PR VI

2023-04-03 14:46:32,338 - linear_actuator - INFO - Set VI=300[92m -> OK[0m
2023-04-03 14:46:32,338 - linear_actuator - DEBUG - String sent: 1VM=800

2023-04-03 14:46:32,339 - linear_actuator - DEBUG - String sent: 1PR VM

2023-04-03 14:46:32,440 - linear_actuator - INFO - Set VM=800[92m -> OK[0m
2023-04-03 14:46:32,440 - linear_actuator - DEBUG - String sent: 1HC=10

2023-04-03 14:46:32,441 - linear_actuator - DEBUG - String sent: 1PR HC

2023-04-03 14:46:32,542 - linear_actuator - INFO - Set HC=10[92m -> OK[0m
2023-04-03 14:46:32,542 - linear_actuator - DEBUG - String sent: 1RC=70

2023-04-03 14:46:32,542 - linear_actuator - DEBUG - String sent: 1PR RC

2023-04-03 14:46:32,643 - linear_actuator - INFO - Set RC=70[92m -> OK[0m
2023-04-03 14:46:32,644 - linear_actuator - DEBUG - String sent: 1EE=1

2023-04-03 14:46:32,645 - linear_actuator - DEBUG - String sent: 1PR EE

2023-04-03 14:46:32,746 - linear_actuator - INFO - Set EE=1[92m -> OK[0m
2023-04-03 14:46:32,746 - linear_actuator - DEBUG - String sent: 1S4=0,0,0

2023-04-03 14:46:32,747 - linear_actuator - DEBUG - String sent: 1PR S4

2023-04-03 14:46:32,848 - linear_actuator - INFO - Set S4=0,0,0[92m -> OK[0m
2023-04-03 14:46:32,848 - linear_actuator - INFO - Set S1 and S2 as limit switches for Linear Motor
2023-04-03 14:46:32,849 - linear_actuator - DEBUG - String sent: 1S1=2,1,0

2023-04-03 14:46:32,849 - linear_actuator - DEBUG - String sent: 1PR S1

2023-04-03 14:46:32,949 - linear_actuator - INFO - Set S1=2,1,0[92m -> OK[0m
2023-04-03 14:46:32,950 - linear_actuator - DEBUG - String sent: 1S2=3,1,0

2023-04-03 14:46:32,950 - linear_actuator - DEBUG - String sent: 1PR S2

2023-04-03 14:46:33,050 - linear_actuator - INFO - Set S2=3,1,0[92m -> OK[0m
2023-04-03 14:46:33,551 - linear_actuator - INFO - Set trigger from Photodiode to Linear encoder.
2023-04-03 14:46:33,552 - linear_actuator - DEBUG - String sent: 1S3=0,0,0

2023-04-03 14:46:33,553 - linear_actuator - DEBUG - String sent: 1PR S3

2023-04-03 14:46:33,654 - linear_actuator - INFO - Set S3=0,0,0[92m -> OK[0m
