2023-04-05 15:52:38,284 - linear_actuator - INFO - started logger
2023-04-05 15:52:38,284 - linear_actuator - INFO - CAUTION USING NON SPECIFIC CONFIG FILES
2023-04-05 15:52:38,284 - linear_actuator - INFO - Using config file (/home/shivaraj/Desktop/SBN/Pyhton2_to_3/SBND_laser_control/workspace/RunControl/devices/config/config_linear_actuator.json)
2023-04-05 15:52:39,951 - linear_actuator - INFO - CAUTION USING NON SPECIFIC CONFIG FILES
2023-04-05 15:52:39,951 - linear_actuator - INFO - Using config file (/home/shivaraj/Desktop/SBN/Pyhton2_to_3/SBND_laser_control/workspace/RunControl/devices/config/com_ports.json)
2023-04-05 15:52:40,956 - linear_actuator - INFO - Com port (/dev/ttyUSB0) opened
2023-04-05 15:52:45,796 - linear_actuator - INFO - ---------------- init axis -----------------
2023-04-05 15:52:45,905 - linear_actuator - DEBUG - String sent: 1MS=256

2023-04-05 15:52:46,006 - linear_actuator - DEBUG - String sent: 1PR MS

2023-04-05 15:52:46,107 - linear_actuator - INFO - Set MS=256[92m -> OK[0m
2023-04-05 15:52:46,208 - linear_actuator - DEBUG - String sent: 1A=400

2023-04-05 15:52:46,309 - linear_actuator - DEBUG - String sent: 1PR A

2023-04-05 15:52:46,411 - linear_actuator - INFO - Set A=400[92m -> OK[0m
2023-04-05 15:52:46,512 - linear_actuator - DEBUG - String sent: 1D=700

2023-04-05 15:52:46,613 - linear_actuator - DEBUG - String sent: 1PR D

2023-04-05 15:52:46,714 - linear_actuator - INFO - Set D=700[92m -> OK[0m
2023-04-05 15:52:46,816 - linear_actuator - DEBUG - String sent: 1VI=300

2023-04-05 15:52:46,917 - linear_actuator - DEBUG - String sent: 1PR VI

2023-04-05 15:52:47,018 - linear_actuator - INFO - Set VI=300[92m -> OK[0m
2023-04-05 15:52:47,119 - linear_actuator - DEBUG - String sent: 1VM=800

2023-04-05 15:52:47,220 - linear_actuator - DEBUG - String sent: 1PR VM

2023-04-05 15:52:47,322 - linear_actuator - INFO - Set VM=800[92m -> OK[0m
2023-04-05 15:52:47,423 - linear_actuator - DEBUG - String sent: 1HC=10

2023-04-05 15:52:47,524 - linear_actuator - DEBUG - String sent: 1PR HC

2023-04-05 15:52:47,625 - linear_actuator - INFO - Set HC=10[92m -> OK[0m
2023-04-05 15:52:47,726 - linear_actuator - DEBUG - String sent: 1RC=70

2023-04-05 15:52:47,828 - linear_actuator - DEBUG - String sent: 1PR RC

2023-04-05 15:52:47,929 - linear_actuator - INFO - Set RC=70[92m -> OK[0m
2023-04-05 15:52:48,030 - linear_actuator - DEBUG - String sent: 1EE=1

2023-04-05 15:52:48,130 - linear_actuator - DEBUG - String sent: 1PR EE

2023-04-05 15:52:48,231 - linear_actuator - INFO - Set EE=1[92m -> OK[0m
2023-04-05 15:52:48,332 - linear_actuator - DEBUG - String sent: 1S4=0,0,0

2023-04-05 15:52:48,434 - linear_actuator - DEBUG - String sent: 1PR S4

2023-04-05 15:52:48,535 - linear_actuator - INFO - Set S4=0,0,0[92m -> OK[0m
2023-04-05 15:52:48,536 - linear_actuator - INFO - Set S1 and S2 as limit switches for Linear Motor
2023-04-05 15:52:48,636 - linear_actuator - DEBUG - String sent: 1S1=2,1,0

2023-04-05 15:52:48,738 - linear_actuator - DEBUG - String sent: 1PR S1

2023-04-05 15:52:48,839 - linear_actuator - INFO - Set S1=2,1,0[92m -> OK[0m
2023-04-05 15:52:48,941 - linear_actuator - DEBUG - String sent: 1S2=3,1,0

2023-04-05 15:52:49,042 - linear_actuator - DEBUG - String sent: 1PR S2

2023-04-05 15:52:49,142 - linear_actuator - INFO - Set S2=3,1,0[92m -> OK[0m
2023-04-05 15:52:49,644 - linear_actuator - INFO - Set trigger from Photodiode to Linear encoder.
2023-04-05 15:52:49,745 - linear_actuator - DEBUG - String sent: 1S3=0,0,0

2023-04-05 15:52:49,846 - linear_actuator - DEBUG - String sent: 1PR S3

2023-04-05 15:52:49,947 - linear_actuator - INFO - Set S3=0,0,0[92m -> OK[0m
2023-04-05 15:55:26,150 - linear_actuator - DEBUG - String sent: 1PR P

2023-04-05 15:55:26,251 - linear_actuator - INFO - Moving 100 microsteps
2023-04-05 15:55:26,352 - linear_actuator - DEBUG - String sent: 1MR 100

