2023-04-25 15:01:38,894 - linear_actuator - INFO - started logger
2023-04-25 15:01:38,894 - linear_actuator - INFO - CAUTION USING NON SPECIFIC CONFIG FILES
2023-04-25 15:01:38,894 - linear_actuator - INFO - Using config file (/home/shivaraj/Desktop/SBN/Pyhton2_to_3/SBND_laser_control/workspace/RunControl/devices/config/config_linear_actuator.json)
2023-04-25 15:01:41,580 - linear_actuator - INFO - CAUTION USING NON SPECIFIC CONFIG FILES
2023-04-25 15:01:41,580 - linear_actuator - INFO - Using config file (/home/shivaraj/Desktop/SBN/Pyhton2_to_3/SBND_laser_control/workspace/RunControl/devices/config/com_ports.json)
2023-04-25 15:01:42,585 - linear_actuator - INFO - Com port (/dev/ttyUSB1) opened
2023-04-25 15:01:45,513 - linear_actuator - INFO - ---------------- init axis -----------------
2023-04-25 15:01:45,514 - linear_actuator - DEBUG - String sent: 1MS=256

2023-04-25 15:01:45,520 - linear_actuator - DEBUG - String sent: 1PR MS

2023-04-25 15:01:45,621 - linear_actuator - INFO - Set MS=256[92m -> OK[0m
2023-04-25 15:01:45,621 - linear_actuator - DEBUG - String sent: 1A=400

2023-04-25 15:01:45,622 - linear_actuator - DEBUG - String sent: 1PR A

2023-04-25 15:01:45,723 - linear_actuator - INFO - Set A=400[92m -> OK[0m
2023-04-25 15:01:45,723 - linear_actuator - DEBUG - String sent: 1D=1000

2023-04-25 15:01:45,724 - linear_actuator - DEBUG - String sent: 1PR D

2023-04-25 15:01:45,825 - linear_actuator - INFO - Set D=1000[92m -> OK[0m
2023-04-25 15:01:45,826 - linear_actuator - DEBUG - String sent: 1VI=300

2023-04-25 15:01:45,826 - linear_actuator - DEBUG - String sent: 1PR VI

2023-04-25 15:01:45,927 - linear_actuator - INFO - Set VI=300[92m -> OK[0m
2023-04-25 15:01:45,928 - linear_actuator - DEBUG - String sent: 1VM=1600

2023-04-25 15:01:45,928 - linear_actuator - DEBUG - String sent: 1PR VM

2023-04-25 15:01:46,029 - linear_actuator - INFO - Set VM=1600[92m -> OK[0m
2023-04-25 15:01:46,030 - linear_actuator - DEBUG - String sent: 1HC=10

2023-04-25 15:01:46,030 - linear_actuator - DEBUG - String sent: 1PR HC

2023-04-25 15:01:46,131 - linear_actuator - INFO - Set HC=10[92m -> OK[0m
2023-04-25 15:01:46,132 - linear_actuator - DEBUG - String sent: 1RC=70

2023-04-25 15:01:46,133 - linear_actuator - DEBUG - String sent: 1PR RC

2023-04-25 15:01:46,234 - linear_actuator - INFO - Set RC=70[92m -> OK[0m
2023-04-25 15:01:46,235 - linear_actuator - DEBUG - String sent: 1EE=1

2023-04-25 15:01:46,235 - linear_actuator - DEBUG - String sent: 1PR EE

2023-04-25 15:01:46,336 - linear_actuator - INFO - Set EE=1[92m -> OK[0m
2023-04-25 15:01:46,337 - linear_actuator - DEBUG - String sent: 1SM=1

2023-04-25 15:01:46,338 - linear_actuator - DEBUG - String sent: 1PR SM

2023-04-25 15:01:46,438 - linear_actuator - INFO - Set SM=1[92m -> OK[0m
2023-04-25 15:01:46,438 - linear_actuator - DEBUG - String sent: 1SF=20

2023-04-25 15:01:46,439 - linear_actuator - DEBUG - String sent: 1PR SF

2023-04-25 15:01:46,539 - linear_actuator - INFO - Set SF=20[92m -> OK[0m
2023-04-25 15:01:46,540 - linear_actuator - DEBUG - String sent: 1S3=0,0,0

2023-04-25 15:01:46,541 - linear_actuator - DEBUG - String sent: 1PR S3

2023-04-25 15:01:46,642 - linear_actuator - INFO - Set S3=0,0,0[92m -> OK[0m
2023-04-25 15:01:46,643 - linear_actuator - DEBUG - String sent: 1S4=0,0,0

2023-04-25 15:01:46,643 - linear_actuator - DEBUG - String sent: 1PR S4

2023-04-25 15:01:46,744 - linear_actuator - INFO - Set S4=0,0,0[92m -> OK[0m
2023-04-25 15:01:46,745 - linear_actuator - INFO - Set S1 and S2 as limit switches for Linear Motor
2023-04-25 15:01:46,745 - linear_actuator - DEBUG - String sent: 1S1=2,1,0

2023-04-25 15:01:46,746 - linear_actuator - DEBUG - String sent: 1PR S1

2023-04-25 15:01:46,847 - linear_actuator - INFO - Set S1=2,1,0[92m -> OK[0m
2023-04-25 15:01:46,848 - linear_actuator - DEBUG - String sent: 1S2=3,1,0

2023-04-25 15:01:46,848 - linear_actuator - DEBUG - String sent: 1PR S2

2023-04-25 15:01:46,950 - linear_actuator - INFO - Set S2=3,1,0[92m -> OK[0m
2023-04-25 15:01:47,451 - linear_actuator - INFO - Set trigger from Photodiode to Linear encoder.
2023-04-25 15:01:47,452 - linear_actuator - DEBUG - String sent: 1S3=0,0,0

2023-04-25 15:01:47,453 - linear_actuator - DEBUG - String sent: 1PR S3

2023-04-25 15:01:47,554 - linear_actuator - INFO - Set S3=0,0,0[92m -> OK[0m
