2023-01-18 13:42:47,968 - linear_actuator - INFO - started logger
2023-01-18 13:42:47,968 - linear_actuator - INFO - CAUTION USING NON SPECIFIC CONFIG FILES
2023-01-18 13:42:47,968 - linear_actuator - INFO - Using config file (/home/shivaraj/Desktop/SBN/Pyhton2_to_3/SBND_laser_control/workspace/RunControl/devices/config/config_linear_actuator.json)
2023-01-18 13:42:49,724 - linear_actuator - INFO - CAUTION USING NON SPECIFIC CONFIG FILES
2023-01-18 13:42:49,725 - linear_actuator - INFO - Using config file (/home/shivaraj/Desktop/SBN/Pyhton2_to_3/SBND_laser_control/workspace/RunControl/devices/config/com_ports.json)
2023-01-18 13:42:50,737 - linear_actuator - INFO - Com port (/dev/ttyUSB0) opened
2023-01-18 13:42:53,460 - linear_actuator - INFO - ---------------- init axis -----------------
2023-01-18 13:42:53,461 - linear_actuator - DEBUG - String sent: 1MS=256

2023-01-18 13:42:53,462 - linear_actuator - DEBUG - String sent: 1PR MS

2023-01-18 13:42:53,563 - linear_actuator - INFO - Set MS=256[92m -> OK[0m
2023-01-18 13:42:53,563 - linear_actuator - DEBUG - String sent: 1A=400

2023-01-18 13:42:53,564 - linear_actuator - DEBUG - String sent: 1PR A

2023-01-18 13:42:53,665 - linear_actuator - INFO - Set A=400[92m -> OK[0m
2023-01-18 13:42:53,666 - linear_actuator - DEBUG - String sent: 1D=700

2023-01-18 13:42:53,666 - linear_actuator - DEBUG - String sent: 1PR D

2023-01-18 13:42:53,767 - linear_actuator - INFO - Set D=700[92m -> OK[0m
2023-01-18 13:42:53,767 - linear_actuator - DEBUG - String sent: 1VI=300

2023-01-18 13:42:53,767 - linear_actuator - DEBUG - String sent: 1PR VI

2023-01-18 13:42:53,868 - linear_actuator - INFO - Set VI=300[92m -> OK[0m
2023-01-18 13:42:53,868 - linear_actuator - DEBUG - String sent: 1VM=800

2023-01-18 13:42:53,868 - linear_actuator - DEBUG - String sent: 1PR VM

2023-01-18 13:42:53,969 - linear_actuator - INFO - Set VM=800[92m -> OK[0m
2023-01-18 13:42:53,969 - linear_actuator - DEBUG - String sent: 1HC=10

2023-01-18 13:42:53,970 - linear_actuator - DEBUG - String sent: 1PR HC

2023-01-18 13:42:54,071 - linear_actuator - INFO - Set HC=10[92m -> OK[0m
2023-01-18 13:42:54,071 - linear_actuator - DEBUG - String sent: 1RC=70

2023-01-18 13:42:54,072 - linear_actuator - DEBUG - String sent: 1PR RC

2023-01-18 13:42:54,173 - linear_actuator - INFO - Set RC=70[92m -> OK[0m
2023-01-18 13:42:54,174 - linear_actuator - DEBUG - String sent: 1EE=1

2023-01-18 13:42:54,174 - linear_actuator - DEBUG - String sent: 1PR EE

2023-01-18 13:42:54,275 - linear_actuator - INFO - Set EE=1[92m -> OK[0m
2023-01-18 13:42:54,276 - linear_actuator - DEBUG - String sent: 1S3=0,0,0

2023-01-18 13:42:54,276 - linear_actuator - DEBUG - String sent: 1PR S3

2023-01-18 13:42:54,377 - linear_actuator - INFO - Set S3=0,0,0[92m -> OK[0m
2023-01-18 13:42:54,378 - linear_actuator - DEBUG - String sent: 1S4=0,0,0

2023-01-18 13:42:54,378 - linear_actuator - DEBUG - String sent: 1PR S4

2023-01-18 13:42:54,479 - linear_actuator - INFO - Set S4=0,0,0[92m -> OK[0m
2023-01-18 13:42:54,480 - linear_actuator - INFO - Set S1 and S2 as limit switches for Linear Motor
2023-01-18 13:42:54,480 - linear_actuator - DEBUG - String sent: 1S1=2,1,0

2023-01-18 13:42:54,480 - linear_actuator - DEBUG - String sent: 1PR S1

2023-01-18 13:42:54,581 - linear_actuator - INFO - Set S1=2,1,0[92m -> OK[0m
2023-01-18 13:42:54,582 - linear_actuator - DEBUG - String sent: 1S2=3,1,0

2023-01-18 13:42:54,583 - linear_actuator - DEBUG - String sent: 1PR S2

2023-01-18 13:42:54,684 - linear_actuator - INFO - Set S2=3,1,0[92m -> OK[0m
