2023-04-25 14:45:57,056 - linear_actuator - INFO - started logger
2023-04-25 14:45:57,056 - linear_actuator - INFO - CAUTION USING NON SPECIFIC CONFIG FILES
2023-04-25 14:45:57,056 - linear_actuator - INFO - Using config file (/home/shivaraj/Desktop/SBN/Pyhton2_to_3/SBND_laser_control/workspace/RunControl/devices/config/config_linear_actuator.json)
2023-04-25 14:45:59,721 - linear_actuator - INFO - CAUTION USING NON SPECIFIC CONFIG FILES
2023-04-25 14:45:59,721 - linear_actuator - INFO - Using config file (/home/shivaraj/Desktop/SBN/Pyhton2_to_3/SBND_laser_control/workspace/RunControl/devices/config/com_ports.json)
2023-04-25 14:46:00,726 - linear_actuator - INFO - Com port (/dev/ttyUSB1) opened
2023-04-25 14:46:03,653 - linear_actuator - INFO - ---------------- init axis -----------------
2023-04-25 14:46:03,654 - linear_actuator - DEBUG - String sent: 1MS=256

2023-04-25 14:46:03,657 - linear_actuator - DEBUG - String sent: 1PR MS

2023-04-25 14:46:03,758 - linear_actuator - INFO - Set MS=256[92m -> OK[0m
2023-04-25 14:46:03,759 - linear_actuator - DEBUG - String sent: 1A=400

2023-04-25 14:46:03,759 - linear_actuator - DEBUG - String sent: 1PR A

2023-04-25 14:46:03,861 - linear_actuator - INFO - Set A=400[92m -> OK[0m
2023-04-25 14:46:03,861 - linear_actuator - DEBUG - String sent: 1D=1000

2023-04-25 14:46:03,862 - linear_actuator - DEBUG - String sent: 1PR D

2023-04-25 14:46:03,963 - linear_actuator - INFO - Set D=1000[92m -> OK[0m
2023-04-25 14:46:03,963 - linear_actuator - DEBUG - String sent: 1VI=300

2023-04-25 14:46:03,964 - linear_actuator - DEBUG - String sent: 1PR VI

2023-04-25 14:46:04,065 - linear_actuator - INFO - Set VI=300[92m -> OK[0m
2023-04-25 14:46:04,065 - linear_actuator - DEBUG - String sent: 1VM=1600

2023-04-25 14:46:04,066 - linear_actuator - DEBUG - String sent: 1PR VM

2023-04-25 14:46:04,167 - linear_actuator - INFO - Set VM=1600[92m -> OK[0m
2023-04-25 14:46:04,168 - linear_actuator - DEBUG - String sent: 1HC=10

2023-04-25 14:46:04,168 - linear_actuator - DEBUG - String sent: 1PR HC

2023-04-25 14:46:04,269 - linear_actuator - INFO - Set HC=10[92m -> OK[0m
2023-04-25 14:46:04,270 - linear_actuator - DEBUG - String sent: 1RC=70

2023-04-25 14:46:04,270 - linear_actuator - DEBUG - String sent: 1PR RC

2023-04-25 14:46:04,371 - linear_actuator - INFO - Set RC=70[92m -> OK[0m
2023-04-25 14:46:04,372 - linear_actuator - DEBUG - String sent: 1EE=1

2023-04-25 14:46:04,372 - linear_actuator - DEBUG - String sent: 1PR EE

2023-04-25 14:46:04,473 - linear_actuator - INFO - Set EE=1[92m -> OK[0m
2023-04-25 14:46:04,474 - linear_actuator - DEBUG - String sent: 1SM=1

2023-04-25 14:46:04,475 - linear_actuator - DEBUG - String sent: 1PR SM

2023-04-25 14:46:04,575 - linear_actuator - INFO - Set SM=1[92m -> OK[0m
2023-04-25 14:46:04,575 - linear_actuator - DEBUG - String sent: 1SF=20

2023-04-25 14:46:04,576 - linear_actuator - DEBUG - String sent: 1PR SF

2023-04-25 14:46:04,677 - linear_actuator - INFO - Set SF=20[92m -> OK[0m
2023-04-25 14:46:04,677 - linear_actuator - DEBUG - String sent: 1S3=0,0,0

2023-04-25 14:46:04,678 - linear_actuator - DEBUG - String sent: 1PR S3

2023-04-25 14:46:04,779 - linear_actuator - INFO - Set S3=0,0,0[92m -> OK[0m
2023-04-25 14:46:04,780 - linear_actuator - DEBUG - String sent: 1S4=0,0,0

2023-04-25 14:46:04,780 - linear_actuator - DEBUG - String sent: 1PR S4

2023-04-25 14:46:04,881 - linear_actuator - INFO - Set S4=0,0,0[92m -> OK[0m
2023-04-25 14:46:04,882 - linear_actuator - INFO - Set S1 and S2 as limit switches for Linear Motor
2023-04-25 14:46:04,882 - linear_actuator - DEBUG - String sent: 1S1=2,1,0

2023-04-25 14:46:04,883 - linear_actuator - DEBUG - String sent: 1PR S1

2023-04-25 14:46:04,984 - linear_actuator - INFO - Set S1=2,1,0[92m -> OK[0m
2023-04-25 14:46:04,985 - linear_actuator - DEBUG - String sent: 1S2=3,1,0

2023-04-25 14:46:04,986 - linear_actuator - DEBUG - String sent: 1PR S2

2023-04-25 14:46:05,087 - linear_actuator - INFO - Set S2=3,1,0[92m -> OK[0m
2023-04-25 14:46:05,588 - linear_actuator - INFO - Set trigger from Photodiode to Linear encoder.
2023-04-25 14:46:05,589 - linear_actuator - DEBUG - String sent: 1S3=0,0,0

2023-04-25 14:46:05,590 - linear_actuator - DEBUG - String sent: 1PR S3

2023-04-25 14:46:05,691 - linear_actuator - INFO - Set S3=0,0,0[92m -> OK[0m
