2023-04-03 17:16:34,220 - linear_actuator - INFO - started logger
2023-04-03 17:16:34,220 - linear_actuator - INFO - CAUTION USING NON SPECIFIC CONFIG FILES
2023-04-03 17:16:34,220 - linear_actuator - INFO - Using config file (/home/shivaraj/Desktop/SBN/Pyhton2_to_3/SBND_laser_control/workspace/RunControl/devices/config/config_linear_actuator.json)
2023-04-03 17:16:36,416 - linear_actuator - INFO - CAUTION USING NON SPECIFIC CONFIG FILES
2023-04-03 17:16:36,417 - linear_actuator - INFO - Using config file (/home/shivaraj/Desktop/SBN/Pyhton2_to_3/SBND_laser_control/workspace/RunControl/devices/config/com_ports.json)
2023-04-03 17:16:37,421 - linear_actuator - INFO - Com port (/dev/ttyUSB0) opened
2023-04-03 17:16:44,470 - linear_actuator - INFO - ---------------- init axis -----------------
2023-04-03 17:16:44,671 - linear_actuator - DEBUG - String sent: 1MS=256

2023-04-03 17:16:44,873 - linear_actuator - DEBUG - String sent: 1PR MS

2023-04-03 17:16:44,974 - linear_actuator - INFO - Set MS=256[92m -> OK[0m
2023-04-03 17:16:45,176 - linear_actuator - DEBUG - String sent: 1A=400

2023-04-03 17:16:45,377 - linear_actuator - DEBUG - String sent: 1PR A

2023-04-03 17:16:45,479 - linear_actuator - INFO - Set A=400[92m -> OK[0m
2023-04-03 17:16:45,680 - linear_actuator - DEBUG - String sent: 1D=700

2023-04-03 17:16:45,882 - linear_actuator - DEBUG - String sent: 1PR D

2023-04-03 17:16:45,983 - linear_actuator - INFO - Set D=700[92m -> OK[0m
2023-04-03 17:16:46,185 - linear_actuator - DEBUG - String sent: 1VI=300

2023-04-03 17:16:46,386 - linear_actuator - DEBUG - String sent: 1PR VI

2023-04-03 17:16:46,488 - linear_actuator - INFO - Set VI=300[92m -> OK[0m
2023-04-03 17:16:46,689 - linear_actuator - DEBUG - String sent: 1VM=800

2023-04-03 17:16:46,890 - linear_actuator - DEBUG - String sent: 1PR VM

2023-04-03 17:16:46,991 - linear_actuator - INFO - Set VM=800[92m -> OK[0m
2023-04-03 17:16:47,192 - linear_actuator - DEBUG - String sent: 1HC=10

2023-04-03 17:16:47,394 - linear_actuator - DEBUG - String sent: 1PR HC

2023-04-03 17:16:47,496 - linear_actuator - INFO - Set HC=10[92m -> OK[0m
2023-04-03 17:16:47,697 - linear_actuator - DEBUG - String sent: 1RC=70

2023-04-03 17:16:47,898 - linear_actuator - DEBUG - String sent: 1PR RC

2023-04-03 17:16:47,999 - linear_actuator - INFO - Set RC=70[92m -> OK[0m
2023-04-03 17:16:48,201 - linear_actuator - DEBUG - String sent: 1EE=1

2023-04-03 17:16:48,402 - linear_actuator - DEBUG - String sent: 1PR EE

2023-04-03 17:16:48,504 - linear_actuator - INFO - Set EE=1[92m -> OK[0m
2023-04-03 17:16:48,705 - linear_actuator - DEBUG - String sent: 1S4=0,0,0

2023-04-03 17:16:48,907 - linear_actuator - DEBUG - String sent: 1PR S4

2023-04-03 17:16:49,008 - linear_actuator - INFO - Set S4=0,0,0[92m -> OK[0m
2023-04-03 17:16:49,008 - linear_actuator - INFO - Set S1 and S2 as limit switches for Linear Motor
2023-04-03 17:16:49,210 - linear_actuator - DEBUG - String sent: 1S1=2,1,0

2023-04-03 17:16:49,411 - linear_actuator - DEBUG - String sent: 1PR S1

2023-04-03 17:16:49,513 - linear_actuator - INFO - Set S1=2,1,0[92m -> OK[0m
2023-04-03 17:16:49,715 - linear_actuator - DEBUG - String sent: 1S2=3,1,0

2023-04-03 17:16:49,916 - linear_actuator - DEBUG - String sent: 1PR S2

2023-04-03 17:16:50,018 - linear_actuator - INFO - Set S2=3,1,0[92m -> OK[0m
2023-04-03 17:16:50,519 - linear_actuator - INFO - Set trigger from Photodiode to Linear encoder.
2023-04-03 17:16:50,721 - linear_actuator - DEBUG - String sent: 1S3=0,0,0

2023-04-03 17:16:50,922 - linear_actuator - DEBUG - String sent: 1PR S3

2023-04-03 17:16:51,024 - linear_actuator - INFO - Set S3=0,0,0[92m -> OK[0m
