2023-04-05 15:33:14,946 - linear_actuator - INFO - started logger
2023-04-05 15:33:14,946 - linear_actuator - INFO - CAUTION USING NON SPECIFIC CONFIG FILES
2023-04-05 15:33:14,946 - linear_actuator - INFO - Using config file (/home/shivaraj/Desktop/SBN/Pyhton2_to_3/SBND_laser_control/workspace/RunControl/devices/config/config_linear_actuator.json)
2023-04-05 15:33:16,748 - linear_actuator - INFO - CAUTION USING NON SPECIFIC CONFIG FILES
2023-04-05 15:33:16,749 - linear_actuator - INFO - Using config file (/home/shivaraj/Desktop/SBN/Pyhton2_to_3/SBND_laser_control/workspace/RunControl/devices/config/com_ports.json)
2023-04-05 15:33:17,754 - linear_actuator - INFO - Com port (/dev/ttyUSB0) opened
2023-04-05 15:33:22,594 - linear_actuator - INFO - ---------------- init axis -----------------
2023-04-05 15:33:22,695 - linear_actuator - DEBUG - String sent: 1MS=128

2023-04-05 15:33:22,796 - linear_actuator - DEBUG - String sent: 1PR MS

2023-04-05 15:33:22,897 - linear_actuator - INFO - Set MS=128[92m -> OK[0m
2023-04-05 15:33:22,999 - linear_actuator - DEBUG - String sent: 1A=400

2023-04-05 15:33:23,100 - linear_actuator - DEBUG - String sent: 1PR A

2023-04-05 15:33:23,201 - linear_actuator - INFO - Set A=400[92m -> OK[0m
2023-04-05 15:33:23,302 - linear_actuator - DEBUG - String sent: 1D=700

2023-04-05 15:33:23,404 - linear_actuator - DEBUG - String sent: 1PR D

2023-04-05 15:33:23,505 - linear_actuator - INFO - Set D=700[92m -> OK[0m
2023-04-05 15:33:23,606 - linear_actuator - DEBUG - String sent: 1VI=300

2023-04-05 15:33:23,708 - linear_actuator - DEBUG - String sent: 1PR VI

2023-04-05 15:33:23,809 - linear_actuator - INFO - Set VI=300[92m -> OK[0m
2023-04-05 15:33:23,910 - linear_actuator - DEBUG - String sent: 1VM=800

2023-04-05 15:33:24,011 - linear_actuator - DEBUG - String sent: 1PR VM

2023-04-05 15:33:24,113 - linear_actuator - INFO - Set VM=800[92m -> OK[0m
2023-04-05 15:33:24,214 - linear_actuator - DEBUG - String sent: 1HC=10

2023-04-05 15:33:24,315 - linear_actuator - DEBUG - String sent: 1PR HC

2023-04-05 15:33:24,417 - linear_actuator - INFO - Set HC=10[92m -> OK[0m
2023-04-05 15:33:24,518 - linear_actuator - DEBUG - String sent: 1RC=70

2023-04-05 15:33:24,619 - linear_actuator - DEBUG - String sent: 1PR RC

2023-04-05 15:33:24,720 - linear_actuator - INFO - Set RC=70[92m -> OK[0m
2023-04-05 15:33:24,821 - linear_actuator - DEBUG - String sent: 1EE=1

2023-04-05 15:33:24,922 - linear_actuator - DEBUG - String sent: 1PR EE

2023-04-05 15:33:25,023 - linear_actuator - INFO - Set EE=1[92m -> OK[0m
2023-04-05 15:33:25,125 - linear_actuator - DEBUG - String sent: 1S4=0,0,0

2023-04-05 15:33:25,226 - linear_actuator - DEBUG - String sent: 1PR S4

2023-04-05 15:33:25,327 - linear_actuator - INFO - Set S4=0,0,0[92m -> OK[0m
2023-04-05 15:33:25,327 - linear_actuator - INFO - Set S1 and S2 as limit switches for Linear Motor
2023-04-05 15:33:25,428 - linear_actuator - DEBUG - String sent: 1S1=2,1,0

2023-04-05 15:33:25,529 - linear_actuator - DEBUG - String sent: 1PR S1

2023-04-05 15:33:25,630 - linear_actuator - INFO - Set S1=2,1,0[92m -> OK[0m
2023-04-05 15:33:25,731 - linear_actuator - DEBUG - String sent: 1S2=3,1,0

2023-04-05 15:33:25,831 - linear_actuator - DEBUG - String sent: 1PR S2

2023-04-05 15:33:25,932 - linear_actuator - INFO - Set S2=3,1,0[92m -> OK[0m
2023-04-05 15:33:26,434 - linear_actuator - INFO - Set trigger from Photodiode to Linear encoder.
2023-04-05 15:33:26,535 - linear_actuator - DEBUG - String sent: 1S3=0,0,0

2023-04-05 15:33:26,636 - linear_actuator - DEBUG - String sent: 1PR S3

2023-04-05 15:33:26,737 - linear_actuator - INFO - Set S3=0,0,0[92m -> OK[0m
2023-04-05 15:33:31,592 - linear_actuator - DEBUG - String sent: 1PR P

2023-04-05 15:33:31,693 - linear_actuator - INFO - Moving 100 microsteps
2023-04-05 15:33:31,794 - linear_actuator - DEBUG - String sent: 1MR 100

