2023-04-05 15:06:42,629 - linear_actuator - INFO - started logger
2023-04-05 15:06:42,630 - linear_actuator - INFO - CAUTION USING NON SPECIFIC CONFIG FILES
2023-04-05 15:06:42,630 - linear_actuator - INFO - Using config file (/home/shivaraj/Desktop/SBN/Pyhton2_to_3/SBND_laser_control/workspace/RunControl/devices/config/config_linear_actuator.json)
2023-04-05 15:06:44,339 - linear_actuator - INFO - CAUTION USING NON SPECIFIC CONFIG FILES
2023-04-05 15:06:44,339 - linear_actuator - INFO - Using config file (/home/shivaraj/Desktop/SBN/Pyhton2_to_3/SBND_laser_control/workspace/RunControl/devices/config/com_ports.json)
2023-04-05 15:06:45,351 - linear_actuator - INFO - Com port (/dev/ttyUSB0) opened
2023-04-05 15:06:50,209 - linear_actuator - INFO - ---------------- init axis -----------------
2023-04-05 15:06:50,310 - linear_actuator - DEBUG - String sent: 1MS=256

2023-04-05 15:06:50,411 - linear_actuator - DEBUG - String sent: 1PR MS

2023-04-05 15:06:50,512 - linear_actuator - INFO - Set MS=256[92m -> OK[0m
2023-04-05 15:06:50,613 - linear_actuator - DEBUG - String sent: 1A=400

2023-04-05 15:06:50,714 - linear_actuator - DEBUG - String sent: 1PR A

2023-04-05 15:06:50,816 - linear_actuator - INFO - Set A=400[92m -> OK[0m
2023-04-05 15:06:50,917 - linear_actuator - DEBUG - String sent: 1D=700

2023-04-05 15:06:51,018 - linear_actuator - DEBUG - String sent: 1PR D

2023-04-05 15:06:51,119 - linear_actuator - INFO - Set D=700[92m -> OK[0m
2023-04-05 15:06:51,220 - linear_actuator - DEBUG - String sent: 1VI=300

2023-04-05 15:06:51,322 - linear_actuator - DEBUG - String sent: 1PR VI

2023-04-05 15:06:51,423 - linear_actuator - INFO - Set VI=300[92m -> OK[0m
2023-04-05 15:06:51,524 - linear_actuator - DEBUG - String sent: 1VM=800

2023-04-05 15:06:51,625 - linear_actuator - DEBUG - String sent: 1PR VM

2023-04-05 15:06:51,727 - linear_actuator - INFO - Set VM=800[92m -> OK[0m
2023-04-05 15:06:51,828 - linear_actuator - DEBUG - String sent: 1HC=10

2023-04-05 15:06:51,929 - linear_actuator - DEBUG - String sent: 1PR HC

2023-04-05 15:06:52,031 - linear_actuator - INFO - Set HC=10[92m -> OK[0m
2023-04-05 15:06:52,133 - linear_actuator - DEBUG - String sent: 1RC=70

2023-04-05 15:06:52,234 - linear_actuator - DEBUG - String sent: 1PR RC

2023-04-05 15:06:52,335 - linear_actuator - INFO - Set RC=70[92m -> OK[0m
2023-04-05 15:06:52,436 - linear_actuator - DEBUG - String sent: 1EE=1

2023-04-05 15:06:52,536 - linear_actuator - DEBUG - String sent: 1PR EE

2023-04-05 15:06:52,638 - linear_actuator - INFO - Set EE=1[92m -> OK[0m
2023-04-05 15:06:52,739 - linear_actuator - DEBUG - String sent: 1S4=0,0,0

2023-04-05 15:06:52,840 - linear_actuator - DEBUG - String sent: 1PR S4

2023-04-05 15:06:52,941 - linear_actuator - INFO - Set S4=0,0,0[92m -> OK[0m
2023-04-05 15:06:52,941 - linear_actuator - INFO - Set S1 and S2 as limit switches for Linear Motor
2023-04-05 15:06:53,042 - linear_actuator - DEBUG - String sent: 1S1=2,1,0

2023-04-05 15:06:53,143 - linear_actuator - DEBUG - String sent: 1PR S1

2023-04-05 15:06:53,244 - linear_actuator - INFO - Set S1=2,1,0[92m -> OK[0m
2023-04-05 15:06:53,345 - linear_actuator - DEBUG - String sent: 1S2=3,1,0

2023-04-05 15:06:53,446 - linear_actuator - DEBUG - String sent: 1PR S2

2023-04-05 15:06:53,547 - linear_actuator - INFO - Set S2=3,1,0[92m -> OK[0m
2023-04-05 15:06:54,048 - linear_actuator - INFO - Set trigger from Photodiode to Linear encoder.
2023-04-05 15:06:54,149 - linear_actuator - DEBUG - String sent: 1S3=0,0,0

2023-04-05 15:06:54,250 - linear_actuator - DEBUG - String sent: 1PR S3

2023-04-05 15:06:54,351 - linear_actuator - INFO - Set S3=0,0,0[92m -> OK[0m
