2023-04-05 16:16:19,381 - linear_actuator - INFO - started logger
2023-04-05 16:16:19,381 - linear_actuator - INFO - CAUTION USING NON SPECIFIC CONFIG FILES
2023-04-05 16:16:19,381 - linear_actuator - INFO - Using config file (/home/shivaraj/Desktop/SBN/Pyhton2_to_3/SBND_laser_control/workspace/RunControl/devices/config/config_linear_actuator.json)
2023-04-05 16:16:21,434 - linear_actuator - INFO - CAUTION USING NON SPECIFIC CONFIG FILES
2023-04-05 16:16:21,434 - linear_actuator - INFO - Using config file (/home/shivaraj/Desktop/SBN/Pyhton2_to_3/SBND_laser_control/workspace/RunControl/devices/config/com_ports.json)
2023-04-05 16:16:22,439 - linear_actuator - INFO - Com port (/dev/ttyUSB0) opened
2023-04-05 16:16:27,274 - linear_actuator - INFO - ---------------- init axis -----------------
2023-04-05 16:16:27,374 - linear_actuator - DEBUG - String sent: 1MS=256

2023-04-05 16:16:27,475 - linear_actuator - DEBUG - String sent: 1PR MS

2023-04-05 16:16:27,577 - linear_actuator - INFO - Set MS=256[92m -> OK[0m
2023-04-05 16:16:27,678 - linear_actuator - DEBUG - String sent: 1A=400

2023-04-05 16:16:27,780 - linear_actuator - DEBUG - String sent: 1PR A

2023-04-05 16:16:27,881 - linear_actuator - INFO - Set A=400[92m -> OK[0m
2023-04-05 16:16:27,982 - linear_actuator - DEBUG - String sent: 1D=700

2023-04-05 16:16:28,083 - linear_actuator - DEBUG - String sent: 1PR D

2023-04-05 16:16:28,185 - linear_actuator - INFO - Set D=700[92m -> OK[0m
2023-04-05 16:16:28,286 - linear_actuator - DEBUG - String sent: 1VI=300

2023-04-05 16:16:28,387 - linear_actuator - DEBUG - String sent: 1PR VI

2023-04-05 16:16:28,489 - linear_actuator - INFO - Set VI=300[92m -> OK[0m
2023-04-05 16:16:28,590 - linear_actuator - DEBUG - String sent: 1VM=800

2023-04-05 16:16:28,691 - linear_actuator - DEBUG - String sent: 1PR VM

2023-04-05 16:16:28,793 - linear_actuator - INFO - Set VM=800[92m -> OK[0m
2023-04-05 16:16:28,894 - linear_actuator - DEBUG - String sent: 1HC=10

2023-04-05 16:16:28,996 - linear_actuator - DEBUG - String sent: 1PR HC

2023-04-05 16:16:29,097 - linear_actuator - INFO - Set HC=10[92m -> OK[0m
2023-04-05 16:16:29,198 - linear_actuator - DEBUG - String sent: 1RC=70

2023-04-05 16:16:29,299 - linear_actuator - DEBUG - String sent: 1PR RC

2023-04-05 16:16:29,399 - linear_actuator - INFO - Set RC=70[92m -> OK[0m
2023-04-05 16:16:29,500 - linear_actuator - DEBUG - String sent: 1EE=1

2023-04-05 16:16:29,601 - linear_actuator - DEBUG - String sent: 1PR EE

2023-04-05 16:16:29,702 - linear_actuator - INFO - Set EE=1[92m -> OK[0m
2023-04-05 16:16:29,803 - linear_actuator - DEBUG - String sent: 1S4=0,0,0

2023-04-05 16:16:29,904 - linear_actuator - DEBUG - String sent: 1PR S4

2023-04-05 16:16:30,005 - linear_actuator - INFO - Set S4=0,0,0[92m -> OK[0m
2023-04-05 16:16:30,006 - linear_actuator - INFO - Set S1 and S2 as limit switches for Linear Motor
2023-04-05 16:16:30,107 - linear_actuator - DEBUG - String sent: 1S1=2,1,0

2023-04-05 16:16:30,208 - linear_actuator - DEBUG - String sent: 1PR S1

2023-04-05 16:16:30,309 - linear_actuator - INFO - Set S1=2,1,0[92m -> OK[0m
2023-04-05 16:16:30,409 - linear_actuator - DEBUG - String sent: 1S2=3,1,0

2023-04-05 16:16:30,509 - linear_actuator - DEBUG - String sent: 1PR S2

2023-04-05 16:16:30,610 - linear_actuator - INFO - Set S2=3,1,0[92m -> OK[0m
2023-04-05 16:16:31,112 - linear_actuator - INFO - Set trigger from Photodiode to Linear encoder.
2023-04-05 16:16:31,213 - linear_actuator - DEBUG - String sent: 1S3=0,0,0

2023-04-05 16:16:31,313 - linear_actuator - DEBUG - String sent: 1PR S3

2023-04-05 16:16:31,414 - linear_actuator - INFO - Set S3=0,0,0[92m -> OK[0m
2023-04-05 16:17:38,237 - linear_actuator - DEBUG - String sent: 1PR P

2023-04-05 16:17:38,338 - linear_actuator - INFO - Moving 150 microsteps
2023-04-05 16:17:38,439 - linear_actuator - DEBUG - String sent: 1MR 150

