2023-04-03 14:38:50,641 - linear_actuator - INFO - started logger
2023-04-03 14:38:50,641 - linear_actuator - INFO - CAUTION USING NON SPECIFIC CONFIG FILES
2023-04-03 14:38:50,641 - linear_actuator - INFO - Using config file (/home/shivaraj/Desktop/SBN/Pyhton2_to_3/SBND_laser_control/workspace/RunControl/devices/config/config_linear_actuator.json)
2023-04-03 14:38:52,794 - linear_actuator - INFO - CAUTION USING NON SPECIFIC CONFIG FILES
2023-04-03 14:38:52,794 - linear_actuator - INFO - Using config file (/home/shivaraj/Desktop/SBN/Pyhton2_to_3/SBND_laser_control/workspace/RunControl/devices/config/com_ports.json)
2023-04-03 14:38:53,806 - linear_actuator - INFO - Com port (/dev/ttyUSB0) opened
2023-04-03 14:38:56,431 - linear_actuator - INFO - ---------------- init axis -----------------
2023-04-03 14:38:56,432 - linear_actuator - DEBUG - String sent: 1MS=256

2023-04-03 14:38:56,433 - linear_actuator - DEBUG - String sent: 1PR MS

2023-04-03 14:38:56,534 - linear_actuator - INFO - Set MS=256[92m -> OK[0m
2023-04-03 14:38:56,534 - linear_actuator - DEBUG - String sent: 1A=400

2023-04-03 14:38:56,535 - linear_actuator - DEBUG - String sent: 1PR A

2023-04-03 14:38:56,636 - linear_actuator - INFO - Set A=400[92m -> OK[0m
2023-04-03 14:38:56,637 - linear_actuator - DEBUG - String sent: 1D=700

2023-04-03 14:38:56,637 - linear_actuator - DEBUG - String sent: 1PR D

2023-04-03 14:38:56,738 - linear_actuator - INFO - Set D=700[92m -> OK[0m
2023-04-03 14:38:56,739 - linear_actuator - DEBUG - String sent: 1VI=300

2023-04-03 14:38:56,739 - linear_actuator - DEBUG - String sent: 1PR VI

2023-04-03 14:38:56,840 - linear_actuator - INFO - Set VI=300[92m -> OK[0m
2023-04-03 14:38:56,841 - linear_actuator - DEBUG - String sent: 1VM=800

2023-04-03 14:38:56,841 - linear_actuator - DEBUG - String sent: 1PR VM

2023-04-03 14:38:56,942 - linear_actuator - INFO - Set VM=800[92m -> OK[0m
2023-04-03 14:38:56,943 - linear_actuator - DEBUG - String sent: 1HC=10

2023-04-03 14:38:56,943 - linear_actuator - DEBUG - String sent: 1PR HC

2023-04-03 14:38:57,044 - linear_actuator - INFO - Set HC=10[92m -> OK[0m
2023-04-03 14:38:57,045 - linear_actuator - DEBUG - String sent: 1RC=70

2023-04-03 14:38:57,045 - linear_actuator - DEBUG - String sent: 1PR RC

2023-04-03 14:38:57,147 - linear_actuator - INFO - Set RC=70[92m -> OK[0m
2023-04-03 14:38:57,147 - linear_actuator - DEBUG - String sent: 1EE=1

2023-04-03 14:38:57,148 - linear_actuator - DEBUG - String sent: 1PR EE

2023-04-03 14:38:57,249 - linear_actuator - INFO - Set EE=1[92m -> OK[0m
2023-04-03 14:38:57,250 - linear_actuator - DEBUG - String sent: 1S4=0,0,0

2023-04-03 14:38:57,250 - linear_actuator - DEBUG - String sent: 1PR S4

2023-04-03 14:38:57,351 - linear_actuator - INFO - Set S4=0,0,0[92m -> OK[0m
2023-04-03 14:38:57,352 - linear_actuator - INFO - Set S1 and S2 as limit switches for Linear Motor
2023-04-03 14:38:57,353 - linear_actuator - DEBUG - String sent: 1S1=2,1,0

2023-04-03 14:38:57,353 - linear_actuator - DEBUG - String sent: 1PR S1

2023-04-03 14:38:57,454 - linear_actuator - INFO - Set S1=2,1,0[92m -> OK[0m
2023-04-03 14:38:57,455 - linear_actuator - DEBUG - String sent: 1S2=3,1,0

2023-04-03 14:38:57,455 - linear_actuator - DEBUG - String sent: 1PR S2

2023-04-03 14:38:57,556 - linear_actuator - INFO - Set S2=3,1,0[92m -> OK[0m
2023-04-03 14:38:58,058 - linear_actuator - INFO - Set trigger from Photodiode to Linear encoder.
2023-04-03 14:38:58,059 - linear_actuator - DEBUG - String sent: 1S3=0,0,0

2023-04-03 14:38:58,059 - linear_actuator - DEBUG - String sent: 1PR S3

2023-04-03 14:38:58,160 - linear_actuator - INFO - Set S3=0,0,0[92m -> OK[0m
