2023-02-07 10:07:23,175 - linear_actuator - INFO - started logger
2023-02-07 10:07:23,175 - linear_actuator - INFO - CAUTION USING NON SPECIFIC CONFIG FILES
2023-02-07 10:07:23,176 - linear_actuator - INFO - Using config file (/home/shivaraj/Desktop/SBN/Pyhton2_to_3/SBND_laser_control/workspace/RunControl/devices/config/config_linear_actuator.json)
2023-02-07 10:07:25,299 - linear_actuator - INFO - CAUTION USING NON SPECIFIC CONFIG FILES
2023-02-07 10:07:25,299 - linear_actuator - INFO - Using config file (/home/shivaraj/Desktop/SBN/Pyhton2_to_3/SBND_laser_control/workspace/RunControl/devices/config/com_ports.json)
2023-02-07 10:07:26,303 - linear_actuator - INFO - Com port (/dev/ttyUSB0) opened
2023-02-07 10:07:28,937 - linear_actuator - INFO - ---------------- init axis -----------------
2023-02-07 10:07:28,937 - linear_actuator - DEBUG - String sent: 1MS=256

2023-02-07 10:07:28,938 - linear_actuator - DEBUG - String sent: 1PR MS

2023-02-07 10:07:29,039 - linear_actuator - INFO - Set MS=256[92m -> OK[0m
2023-02-07 10:07:29,039 - linear_actuator - DEBUG - String sent: 1A=400

2023-02-07 10:07:29,040 - linear_actuator - DEBUG - String sent: 1PR A

2023-02-07 10:07:29,141 - linear_actuator - INFO - Set A=400[92m -> OK[0m
2023-02-07 10:07:29,141 - linear_actuator - DEBUG - String sent: 1D=700

2023-02-07 10:07:29,142 - linear_actuator - DEBUG - String sent: 1PR D

2023-02-07 10:07:29,243 - linear_actuator - INFO - Set D=700[92m -> OK[0m
2023-02-07 10:07:29,243 - linear_actuator - DEBUG - String sent: 1VI=300

2023-02-07 10:07:29,243 - linear_actuator - DEBUG - String sent: 1PR VI

2023-02-07 10:07:29,344 - linear_actuator - INFO - Set VI=300[92m -> OK[0m
2023-02-07 10:07:29,345 - linear_actuator - DEBUG - String sent: 1VM=800

2023-02-07 10:07:29,346 - linear_actuator - DEBUG - String sent: 1PR VM

2023-02-07 10:07:29,446 - linear_actuator - INFO - Set VM=800[92m -> OK[0m
2023-02-07 10:07:29,447 - linear_actuator - DEBUG - String sent: 1HC=10

2023-02-07 10:07:29,448 - linear_actuator - DEBUG - String sent: 1PR HC

2023-02-07 10:07:29,549 - linear_actuator - INFO - Set HC=10[92m -> OK[0m
2023-02-07 10:07:29,549 - linear_actuator - DEBUG - String sent: 1RC=70

2023-02-07 10:07:29,549 - linear_actuator - DEBUG - String sent: 1PR RC

2023-02-07 10:07:29,650 - linear_actuator - INFO - Set RC=70[92m -> OK[0m
2023-02-07 10:07:29,651 - linear_actuator - DEBUG - String sent: 1EE=1

2023-02-07 10:07:29,651 - linear_actuator - DEBUG - String sent: 1PR EE

2023-02-07 10:07:29,753 - linear_actuator - INFO - Set EE=1[92m -> OK[0m
2023-02-07 10:07:29,753 - linear_actuator - DEBUG - String sent: 1S4=0,0,0

2023-02-07 10:07:29,754 - linear_actuator - DEBUG - String sent: 1PR S4

2023-02-07 10:07:29,855 - linear_actuator - INFO - Set S4=0,0,0[92m -> OK[0m
2023-02-07 10:07:29,855 - linear_actuator - INFO - Set S1 and S2 as limit switches for Linear Motor
2023-02-07 10:07:29,856 - linear_actuator - DEBUG - String sent: 1S1=2,1,0

2023-02-07 10:07:29,856 - linear_actuator - DEBUG - String sent: 1PR S1

2023-02-07 10:07:29,957 - linear_actuator - INFO - Set S1=2,1,0[92m -> OK[0m
2023-02-07 10:07:29,957 - linear_actuator - DEBUG - String sent: 1S2=3,1,0

2023-02-07 10:07:29,958 - linear_actuator - DEBUG - String sent: 1PR S2

2023-02-07 10:07:30,059 - linear_actuator - INFO - Set S2=3,1,0[92m -> OK[0m
2023-02-07 10:07:30,560 - linear_actuator - INFO - Set trigger from Photodiode to Linear encoder.
2023-02-07 10:07:30,561 - linear_actuator - DEBUG - String sent: 1S3=0,1

2023-02-07 10:07:30,562 - linear_actuator - DEBUG - String sent: 1PR S3

2023-02-07 10:07:30,663 - linear_actuator - ERROR - Set S3=0,1 failed
2023-02-07 10:07:31,164 - linear_actuator - INFO - Trigger is not set correctly
2023-02-07 10:07:31,165 - linear_actuator - INFO - Set trigger from Photodiode to Linear encoder.
2023-02-07 10:07:31,165 - linear_actuator - DEBUG - String sent: 1S3=0,1

2023-02-07 10:07:31,166 - linear_actuator - DEBUG - String sent: 1PR S3

2023-02-07 10:07:31,267 - linear_actuator - ERROR - Set S3=0,1 failed
2023-02-07 10:07:31,768 - linear_actuator - INFO - Trigger is not set correctly
2023-02-07 10:07:31,768 - linear_actuator - INFO - Set trigger from Photodiode to Linear encoder.
2023-02-07 10:07:31,768 - linear_actuator - DEBUG - String sent: 1S3=0,1

2023-02-07 10:07:31,768 - linear_actuator - DEBUG - String sent: 1PR S3

2023-02-07 10:07:31,869 - linear_actuator - ERROR - Set S3=0,1 failed
2023-02-07 10:07:32,370 - linear_actuator - INFO - Trigger is not set correctly
2023-02-07 10:07:32,370 - linear_actuator - INFO - Set trigger from Photodiode to Linear encoder.
2023-02-07 10:07:32,371 - linear_actuator - DEBUG - String sent: 1S3=0,1

2023-02-07 10:07:32,372 - linear_actuator - DEBUG - String sent: 1PR S3

2023-02-07 10:07:32,473 - linear_actuator - ERROR - Set S3=0,1 failed
2023-02-07 10:07:32,974 - linear_actuator - INFO - Trigger is not set correctly
2023-02-07 10:07:32,975 - linear_actuator - ERROR - Setting the trigger input failed 5 times -> exiting
