2023-04-25 15:23:37,998 - linear_actuator - INFO - started logger
2023-04-25 15:23:37,998 - linear_actuator - INFO - CAUTION USING NON SPECIFIC CONFIG FILES
2023-04-25 15:23:37,998 - linear_actuator - INFO - Using config file (/home/shivaraj/Desktop/SBN/Pyhton2_to_3/SBND_laser_control/workspace/RunControl/devices/config/config_linear_actuator.json)
2023-04-25 15:23:40,430 - linear_actuator - INFO - CAUTION USING NON SPECIFIC CONFIG FILES
2023-04-25 15:23:40,430 - linear_actuator - INFO - Using config file (/home/shivaraj/Desktop/SBN/Pyhton2_to_3/SBND_laser_control/workspace/RunControl/devices/config/com_ports.json)
2023-04-25 15:23:41,434 - linear_actuator - INFO - Com port (/dev/ttyUSB1) opened
2023-04-25 15:23:44,356 - linear_actuator - INFO - ---------------- init axis -----------------
2023-04-25 15:23:44,364 - linear_actuator - DEBUG - String sent: 1MS=256

2023-04-25 15:23:44,365 - linear_actuator - DEBUG - String sent: 1PR MS

2023-04-25 15:23:44,466 - linear_actuator - INFO - Set MS=256[92m -> OK[0m
2023-04-25 15:23:44,466 - linear_actuator - DEBUG - String sent: 1A=400

2023-04-25 15:23:44,466 - linear_actuator - DEBUG - String sent: 1PR A

2023-04-25 15:23:44,567 - linear_actuator - INFO - Set A=400[92m -> OK[0m
2023-04-25 15:23:44,567 - linear_actuator - DEBUG - String sent: 1D=1000

2023-04-25 15:23:44,568 - linear_actuator - DEBUG - String sent: 1PR D

2023-04-25 15:23:44,669 - linear_actuator - INFO - Set D=1000[92m -> OK[0m
2023-04-25 15:23:44,670 - linear_actuator - DEBUG - String sent: 1VI=300

2023-04-25 15:23:44,670 - linear_actuator - DEBUG - String sent: 1PR VI

2023-04-25 15:23:44,771 - linear_actuator - INFO - Set VI=300[92m -> OK[0m
2023-04-25 15:23:44,771 - linear_actuator - DEBUG - String sent: 1VM=1600

2023-04-25 15:23:44,772 - linear_actuator - DEBUG - String sent: 1PR VM

2023-04-25 15:23:44,872 - linear_actuator - INFO - Set VM=1600[92m -> OK[0m
2023-04-25 15:23:44,873 - linear_actuator - DEBUG - String sent: 1HC=10

2023-04-25 15:23:44,874 - linear_actuator - DEBUG - String sent: 1PR HC

2023-04-25 15:23:44,974 - linear_actuator - INFO - Set HC=10[92m -> OK[0m
2023-04-25 15:23:44,974 - linear_actuator - DEBUG - String sent: 1RC=70

2023-04-25 15:23:44,974 - linear_actuator - DEBUG - String sent: 1PR RC

2023-04-25 15:23:45,075 - linear_actuator - INFO - Set RC=70[92m -> OK[0m
2023-04-25 15:23:45,076 - linear_actuator - DEBUG - String sent: 1EE=1

2023-04-25 15:23:45,076 - linear_actuator - DEBUG - String sent: 1PR EE

2023-04-25 15:23:45,178 - linear_actuator - INFO - Set EE=1[92m -> OK[0m
2023-04-25 15:23:45,178 - linear_actuator - DEBUG - String sent: 1SM=1

2023-04-25 15:23:45,180 - linear_actuator - DEBUG - String sent: 1PR SM

2023-04-25 15:23:45,281 - linear_actuator - INFO - Set SM=1[92m -> OK[0m
2023-04-25 15:23:45,281 - linear_actuator - DEBUG - String sent: 1SF=20

2023-04-25 15:23:45,281 - linear_actuator - DEBUG - String sent: 1PR SF

2023-04-25 15:23:45,382 - linear_actuator - INFO - Set SF=20[92m -> OK[0m
2023-04-25 15:23:45,383 - linear_actuator - DEBUG - String sent: 1S3=0,0,0

2023-04-25 15:23:45,384 - linear_actuator - DEBUG - String sent: 1PR S3

2023-04-25 15:23:45,484 - linear_actuator - INFO - Set S3=0,0,0[92m -> OK[0m
2023-04-25 15:23:45,485 - linear_actuator - DEBUG - String sent: 1S4=0,0,0

2023-04-25 15:23:45,485 - linear_actuator - DEBUG - String sent: 1PR S4

2023-04-25 15:23:45,586 - linear_actuator - INFO - Set S4=0,0,0[92m -> OK[0m
2023-04-25 15:23:45,586 - linear_actuator - INFO - Set S1 and S2 as limit switches for Linear Motor
2023-04-25 15:23:45,587 - linear_actuator - DEBUG - String sent: 1S1=2,1,0

2023-04-25 15:23:45,587 - linear_actuator - DEBUG - String sent: 1PR S1

2023-04-25 15:23:45,689 - linear_actuator - INFO - Set S1=2,1,0[92m -> OK[0m
2023-04-25 15:23:45,690 - linear_actuator - DEBUG - String sent: 1S2=3,1,0

2023-04-25 15:23:45,690 - linear_actuator - DEBUG - String sent: 1PR S2

2023-04-25 15:23:45,791 - linear_actuator - INFO - Set S2=3,1,0[92m -> OK[0m
2023-04-25 15:23:46,292 - linear_actuator - INFO - Set trigger from Photodiode to Linear encoder.
2023-04-25 15:23:46,292 - linear_actuator - DEBUG - String sent: 1S3=0,0,0

2023-04-25 15:23:46,293 - linear_actuator - DEBUG - String sent: 1PR S3

2023-04-25 15:23:46,394 - linear_actuator - INFO - Set S3=0,0,0[92m -> OK[0m
2023-04-25 15:23:48,818 - linear_actuator - INFO - CAUTION USING NON SPECIFIC CONFIG FILES
2023-04-25 15:23:48,818 - linear_actuator - INFO - Using config file (/home/shivaraj/Desktop/SBN/Pyhton2_to_3/SBND_laser_control/workspace/RunControl/devices/config/com_ports.json)
2023-04-25 15:23:49,820 - linear_actuator - INFO - Com port (/dev/ttyUSB1) opened
2023-04-25 15:23:52,747 - linear_actuator - INFO - ---------------- init axis -----------------
2023-04-25 15:23:52,754 - linear_actuator - DEBUG - String sent: 1MS=256

2023-04-25 15:23:52,754 - linear_actuator - DEBUG - String sent: 1PR MS

2023-04-25 15:23:52,855 - linear_actuator - INFO - Set MS=256[92m -> OK[0m
2023-04-25 15:23:52,856 - linear_actuator - DEBUG - String sent: 1A=400

2023-04-25 15:23:52,857 - linear_actuator - DEBUG - String sent: 1PR A

2023-04-25 15:23:52,957 - linear_actuator - INFO - Set A=400[92m -> OK[0m
2023-04-25 15:23:52,958 - linear_actuator - DEBUG - String sent: 1D=1000

2023-04-25 15:23:52,958 - linear_actuator - DEBUG - String sent: 1PR D

2023-04-25 15:23:53,058 - linear_actuator - INFO - Set D=1000[92m -> OK[0m
2023-04-25 15:23:53,059 - linear_actuator - DEBUG - String sent: 1VI=300

2023-04-25 15:23:53,059 - linear_actuator - DEBUG - String sent: 1PR VI

2023-04-25 15:23:53,160 - linear_actuator - INFO - Set VI=300[92m -> OK[0m
2023-04-25 15:23:53,160 - linear_actuator - DEBUG - String sent: 1VM=1600

2023-04-25 15:23:53,161 - linear_actuator - DEBUG - String sent: 1PR VM

2023-04-25 15:23:53,261 - linear_actuator - INFO - Set VM=1600[92m -> OK[0m
2023-04-25 15:23:53,261 - linear_actuator - DEBUG - String sent: 1HC=10

2023-04-25 15:23:53,262 - linear_actuator - DEBUG - String sent: 1PR HC

2023-04-25 15:23:53,362 - linear_actuator - INFO - Set HC=10[92m -> OK[0m
2023-04-25 15:23:53,363 - linear_actuator - DEBUG - String sent: 1RC=70

2023-04-25 15:23:53,363 - linear_actuator - DEBUG - String sent: 1PR RC

2023-04-25 15:23:53,464 - linear_actuator - INFO - Set RC=70[92m -> OK[0m
2023-04-25 15:23:53,464 - linear_actuator - DEBUG - String sent: 1EE=1

2023-04-25 15:23:53,464 - linear_actuator - DEBUG - String sent: 1PR EE

2023-04-25 15:23:53,565 - linear_actuator - INFO - Set EE=1[92m -> OK[0m
2023-04-25 15:23:53,566 - linear_actuator - DEBUG - String sent: 1SM=1

2023-04-25 15:23:53,566 - linear_actuator - DEBUG - String sent: 1PR SM

2023-04-25 15:23:53,667 - linear_actuator - INFO - Set SM=1[92m -> OK[0m
2023-04-25 15:23:53,668 - linear_actuator - DEBUG - String sent: 1SF=20

2023-04-25 15:23:53,669 - linear_actuator - DEBUG - String sent: 1PR SF

2023-04-25 15:23:53,769 - linear_actuator - INFO - Set SF=20[92m -> OK[0m
2023-04-25 15:23:53,769 - linear_actuator - DEBUG - String sent: 1S3=0,0,0

2023-04-25 15:23:53,770 - linear_actuator - DEBUG - String sent: 1PR S3

2023-04-25 15:23:53,871 - linear_actuator - INFO - Set S3=0,0,0[92m -> OK[0m
2023-04-25 15:23:53,871 - linear_actuator - DEBUG - String sent: 1S4=0,0,0

2023-04-25 15:23:53,872 - linear_actuator - DEBUG - String sent: 1PR S4

2023-04-25 15:23:53,972 - linear_actuator - INFO - Set S4=0,0,0[92m -> OK[0m
2023-04-25 15:23:53,973 - linear_actuator - INFO - Set S1 and S2 as limit switches for Linear Motor
2023-04-25 15:23:53,973 - linear_actuator - DEBUG - String sent: 1S1=2,1,0

2023-04-25 15:23:53,973 - linear_actuator - DEBUG - String sent: 1PR S1

2023-04-25 15:23:54,074 - linear_actuator - INFO - Set S1=2,1,0[92m -> OK[0m
2023-04-25 15:23:54,074 - linear_actuator - DEBUG - String sent: 1S2=3,1,0

2023-04-25 15:23:54,075 - linear_actuator - DEBUG - String sent: 1PR S2

2023-04-25 15:23:54,176 - linear_actuator - INFO - Set S2=3,1,0[92m -> OK[0m
2023-04-25 15:23:54,677 - linear_actuator - INFO - Set trigger from Photodiode to Linear encoder.
2023-04-25 15:23:54,677 - linear_actuator - DEBUG - String sent: 1S3=0,0,0

2023-04-25 15:23:54,677 - linear_actuator - DEBUG - String sent: 1PR S3

2023-04-25 15:23:54,778 - linear_actuator - INFO - Set S3=0,0,0[92m -> OK[0m
