2023-02-07 11:11:57,068 - linear_actuator - INFO - started logger
2023-02-07 11:11:57,068 - linear_actuator - INFO - CAUTION USING NON SPECIFIC CONFIG FILES
2023-02-07 11:11:57,068 - linear_actuator - INFO - Using config file (/home/shivaraj/Desktop/SBN/Pyhton2_to_3/SBND_laser_control/workspace/RunControl/devices/config/config_linear_actuator.json)
2023-02-07 11:12:01,526 - linear_actuator - INFO - CAUTION USING NON SPECIFIC CONFIG FILES
2023-02-07 11:12:01,527 - linear_actuator - INFO - Using config file (/home/shivaraj/Desktop/SBN/Pyhton2_to_3/SBND_laser_control/workspace/RunControl/devices/config/com_ports.json)
2023-02-07 11:12:02,531 - linear_actuator - INFO - Com port (/dev/ttyUSB0) opened
2023-02-07 11:12:05,156 - linear_actuator - INFO - ---------------- init axis -----------------
2023-02-07 11:12:05,156 - linear_actuator - DEBUG - String sent: 1MS=256

2023-02-07 11:12:05,156 - linear_actuator - DEBUG - String sent: 1PR MS

2023-02-07 11:12:05,257 - linear_actuator - INFO - Set MS=256[92m -> OK[0m
2023-02-07 11:12:05,257 - linear_actuator - DEBUG - String sent: 1A=400

2023-02-07 11:12:05,257 - linear_actuator - DEBUG - String sent: 1PR A

2023-02-07 11:12:05,358 - linear_actuator - INFO - Set A=400[92m -> OK[0m
2023-02-07 11:12:05,359 - linear_actuator - DEBUG - String sent: 1D=700

2023-02-07 11:12:05,359 - linear_actuator - DEBUG - String sent: 1PR D

2023-02-07 11:12:05,460 - linear_actuator - INFO - Set D=700[92m -> OK[0m
2023-02-07 11:12:05,460 - linear_actuator - DEBUG - String sent: 1VI=300

2023-02-07 11:12:05,461 - linear_actuator - DEBUG - String sent: 1PR VI

2023-02-07 11:12:05,562 - linear_actuator - INFO - Set VI=300[92m -> OK[0m
2023-02-07 11:12:05,562 - linear_actuator - DEBUG - String sent: 1VM=800

2023-02-07 11:12:05,563 - linear_actuator - DEBUG - String sent: 1PR VM

2023-02-07 11:12:05,664 - linear_actuator - INFO - Set VM=800[92m -> OK[0m
2023-02-07 11:12:05,664 - linear_actuator - DEBUG - String sent: 1HC=10

2023-02-07 11:12:05,665 - linear_actuator - DEBUG - String sent: 1PR HC

2023-02-07 11:12:05,766 - linear_actuator - INFO - Set HC=10[92m -> OK[0m
2023-02-07 11:12:05,767 - linear_actuator - DEBUG - String sent: 1RC=70

2023-02-07 11:12:05,767 - linear_actuator - DEBUG - String sent: 1PR RC

2023-02-07 11:12:05,868 - linear_actuator - INFO - Set RC=70[92m -> OK[0m
2023-02-07 11:12:05,869 - linear_actuator - DEBUG - String sent: 1EE=1

2023-02-07 11:12:05,869 - linear_actuator - DEBUG - String sent: 1PR EE

2023-02-07 11:12:05,970 - linear_actuator - INFO - Set EE=1[92m -> OK[0m
2023-02-07 11:12:05,970 - linear_actuator - DEBUG - String sent: 1S4=0,0,0

2023-02-07 11:12:05,971 - linear_actuator - DEBUG - String sent: 1PR S4

2023-02-07 11:12:06,072 - linear_actuator - INFO - Set S4=0,0,0[92m -> OK[0m
2023-02-07 11:12:06,072 - linear_actuator - INFO - Set S1 and S2 as limit switches for Linear Motor
2023-02-07 11:12:06,073 - linear_actuator - DEBUG - String sent: 1S1=2,1,0

2023-02-07 11:12:06,073 - linear_actuator - DEBUG - String sent: 1PR S1

2023-02-07 11:12:06,174 - linear_actuator - INFO - Set S1=2,1,0[92m -> OK[0m
2023-02-07 11:12:06,175 - linear_actuator - DEBUG - String sent: 1S2=3,1,0

2023-02-07 11:12:06,175 - linear_actuator - DEBUG - String sent: 1PR S2

2023-02-07 11:12:06,275 - linear_actuator - INFO - Set S2=3,1,0[92m -> OK[0m
2023-02-07 11:12:06,777 - linear_actuator - INFO - Set trigger from Photodiode to Linear encoder.
2023-02-07 11:12:06,777 - linear_actuator - DEBUG - String sent: 1S3=0,1,0

2023-02-07 11:12:06,778 - linear_actuator - DEBUG - String sent: 1PR S3

2023-02-07 11:12:06,879 - linear_actuator - INFO - Set S3=0,1,0[92m -> OK[0m
2023-02-07 11:12:11,699 - linear_actuator - INFO - Moving 1000 microsteps
2023-02-07 11:12:11,700 - linear_actuator - DEBUG - String sent: 1MR 1000

2023-02-07 11:12:11,700 - linear_actuator - DEBUG - String sent: 1PR MV

2023-02-07 11:12:11,801 - linear_actuator - DEBUG - String sent: 1PR I3

