2023-04-03 17:50:18,150 - linear_actuator - INFO - started logger
2023-04-03 17:50:18,150 - linear_actuator - INFO - CAUTION USING NON SPECIFIC CONFIG FILES
2023-04-03 17:50:18,150 - linear_actuator - INFO - Using config file (/home/shivaraj/Desktop/SBN/Pyhton2_to_3/SBND_laser_control/workspace/RunControl/devices/config/config_linear_actuator.json)
2023-04-03 17:50:19,447 - linear_actuator - INFO - CAUTION USING NON SPECIFIC CONFIG FILES
2023-04-03 17:50:19,447 - linear_actuator - INFO - Using config file (/home/shivaraj/Desktop/SBN/Pyhton2_to_3/SBND_laser_control/workspace/RunControl/devices/config/com_ports.json)
2023-04-03 17:50:20,452 - linear_actuator - INFO - Com port (/dev/ttyUSB1) opened
2023-04-03 17:50:27,500 - linear_actuator - INFO - ---------------- init axis -----------------
2023-04-03 17:50:27,708 - linear_actuator - DEBUG - String sent: 1MS=256

2023-04-03 17:50:27,910 - linear_actuator - DEBUG - String sent: 1PR MS

2023-04-03 17:50:28,011 - linear_actuator - INFO - Set MS=256[92m -> OK[0m
2023-04-03 17:50:28,213 - linear_actuator - DEBUG - String sent: 1A=400

2023-04-03 17:50:28,414 - linear_actuator - DEBUG - String sent: 1PR A

2023-04-03 17:50:28,516 - linear_actuator - INFO - Set A=400[92m -> OK[0m
2023-04-03 17:50:28,717 - linear_actuator - DEBUG - String sent: 1D=700

2023-04-03 17:50:28,919 - linear_actuator - DEBUG - String sent: 1PR D

2023-04-03 17:50:29,020 - linear_actuator - INFO - Set D=700[92m -> OK[0m
2023-04-03 17:50:29,222 - linear_actuator - DEBUG - String sent: 1VI=300

2023-04-03 17:50:29,424 - linear_actuator - DEBUG - String sent: 1PR VI

2023-04-03 17:50:29,525 - linear_actuator - INFO - Set VI=300[92m -> OK[0m
2023-04-03 17:50:29,726 - linear_actuator - DEBUG - String sent: 1VM=800

2023-04-03 17:50:29,927 - linear_actuator - DEBUG - String sent: 1PR VM

2023-04-03 17:50:30,029 - linear_actuator - INFO - Set VM=800[92m -> OK[0m
2023-04-03 17:50:30,230 - linear_actuator - DEBUG - String sent: 1HC=10

2023-04-03 17:50:30,432 - linear_actuator - DEBUG - String sent: 1PR HC

2023-04-03 17:50:30,533 - linear_actuator - INFO - Set HC=10[92m -> OK[0m
2023-04-03 17:50:30,735 - linear_actuator - DEBUG - String sent: 1RC=70

2023-04-03 17:50:30,935 - linear_actuator - DEBUG - String sent: 1PR RC

2023-04-03 17:50:31,037 - linear_actuator - INFO - Set RC=70[92m -> OK[0m
2023-04-03 17:50:31,238 - linear_actuator - DEBUG - String sent: 1EE=1

2023-04-03 17:50:31,440 - linear_actuator - DEBUG - String sent: 1PR EE

2023-04-03 17:50:31,541 - linear_actuator - INFO - Set EE=1[92m -> OK[0m
2023-04-03 17:50:31,743 - linear_actuator - DEBUG - String sent: 1S4=0,0,0

2023-04-03 17:50:31,944 - linear_actuator - DEBUG - String sent: 1PR S4

2023-04-03 17:50:32,046 - linear_actuator - INFO - Set S4=0,0,0[92m -> OK[0m
2023-04-03 17:50:32,046 - linear_actuator - INFO - Set S1 and S2 as limit switches for Linear Motor
2023-04-03 17:50:32,247 - linear_actuator - DEBUG - String sent: 1S1=2,1,0

2023-04-03 17:50:32,449 - linear_actuator - DEBUG - String sent: 1PR S1

2023-04-03 17:50:32,550 - linear_actuator - INFO - Set S1=2,1,0[92m -> OK[0m
2023-04-03 17:50:32,752 - linear_actuator - DEBUG - String sent: 1S2=3,1,0

2023-04-03 17:50:32,953 - linear_actuator - DEBUG - String sent: 1PR S2

2023-04-03 17:50:33,055 - linear_actuator - INFO - Set S2=3,1,0[92m -> OK[0m
2023-04-03 17:50:33,556 - linear_actuator - INFO - Set trigger from Photodiode to Linear encoder.
2023-04-03 17:50:33,758 - linear_actuator - DEBUG - String sent: 1S3=0,0,0

2023-04-03 17:50:33,960 - linear_actuator - DEBUG - String sent: 1PR S3

2023-04-03 17:50:34,061 - linear_actuator - INFO - Set S3=0,0,0[92m -> OK[0m
