2023-04-03 14:35:51,912 - linear_actuator - INFO - started logger
2023-04-03 14:35:51,912 - linear_actuator - INFO - CAUTION USING NON SPECIFIC CONFIG FILES
2023-04-03 14:35:51,912 - linear_actuator - INFO - Using config file (/home/shivaraj/Desktop/SBN/Pyhton2_to_3/SBND_laser_control/workspace/RunControl/devices/config/config_linear_actuator.json)
2023-04-03 14:35:53,417 - linear_actuator - INFO - CAUTION USING NON SPECIFIC CONFIG FILES
2023-04-03 14:35:53,417 - linear_actuator - INFO - Using config file (/home/shivaraj/Desktop/SBN/Pyhton2_to_3/SBND_laser_control/workspace/RunControl/devices/config/com_ports.json)
2023-04-03 14:35:54,423 - linear_actuator - INFO - Com port (/dev/ttyUSB0) opened
2023-04-03 14:35:57,052 - linear_actuator - INFO - ---------------- init axis -----------------
2023-04-03 14:35:57,052 - linear_actuator - DEBUG - String sent: 1MS=256

2023-04-03 14:35:57,052 - linear_actuator - DEBUG - String sent: 1PR MS

2023-04-03 14:35:57,153 - linear_actuator - INFO - Set MS=256[92m -> OK[0m
2023-04-03 14:35:57,154 - linear_actuator - DEBUG - String sent: 1A=400

2023-04-03 14:35:57,154 - linear_actuator - DEBUG - String sent: 1PR A

2023-04-03 14:35:57,255 - linear_actuator - INFO - Set A=400[92m -> OK[0m
2023-04-03 14:35:57,256 - linear_actuator - DEBUG - String sent: 1D=700

2023-04-03 14:35:57,256 - linear_actuator - DEBUG - String sent: 1PR D

2023-04-03 14:35:57,357 - linear_actuator - INFO - Set D=700[92m -> OK[0m
2023-04-03 14:35:57,358 - linear_actuator - DEBUG - String sent: 1VI=300

2023-04-03 14:35:57,358 - linear_actuator - DEBUG - String sent: 1PR VI

2023-04-03 14:35:57,459 - linear_actuator - INFO - Set VI=300[92m -> OK[0m
2023-04-03 14:35:57,460 - linear_actuator - DEBUG - String sent: 1VM=800

2023-04-03 14:35:57,460 - linear_actuator - DEBUG - String sent: 1PR VM

2023-04-03 14:35:57,561 - linear_actuator - INFO - Set VM=800[92m -> OK[0m
2023-04-03 14:35:57,562 - linear_actuator - DEBUG - String sent: 1HC=10

2023-04-03 14:35:57,562 - linear_actuator - DEBUG - String sent: 1PR HC

2023-04-03 14:35:57,663 - linear_actuator - INFO - Set HC=10[92m -> OK[0m
2023-04-03 14:35:57,663 - linear_actuator - DEBUG - String sent: 1RC=70

2023-04-03 14:35:57,663 - linear_actuator - DEBUG - String sent: 1PR RC

2023-04-03 14:35:57,763 - linear_actuator - INFO - Set RC=70[92m -> OK[0m
2023-04-03 14:35:57,764 - linear_actuator - DEBUG - String sent: 1EE=1

2023-04-03 14:35:57,764 - linear_actuator - DEBUG - String sent: 1PR EE

2023-04-03 14:35:57,865 - linear_actuator - INFO - Set EE=1[92m -> OK[0m
2023-04-03 14:35:57,866 - linear_actuator - DEBUG - String sent: 1S4=0,0,0

2023-04-03 14:35:57,866 - linear_actuator - DEBUG - String sent: 1PR S4

2023-04-03 14:35:57,967 - linear_actuator - INFO - Set S4=0,0,0[92m -> OK[0m
2023-04-03 14:35:57,967 - linear_actuator - INFO - Set S1 and S2 as limit switches for Linear Motor
2023-04-03 14:35:57,967 - linear_actuator - DEBUG - String sent: 1S1=2,1,0

2023-04-03 14:35:57,968 - linear_actuator - DEBUG - String sent: 1PR S1

2023-04-03 14:35:58,068 - linear_actuator - INFO - Set S1=2,1,0[92m -> OK[0m
2023-04-03 14:35:58,068 - linear_actuator - DEBUG - String sent: 1S2=3,1,0

2023-04-03 14:35:58,068 - linear_actuator - DEBUG - String sent: 1PR S2

2023-04-03 14:35:58,169 - linear_actuator - INFO - Set S2=3,1,0[92m -> OK[0m
2023-04-03 14:35:58,671 - linear_actuator - INFO - Set trigger from Photodiode to Linear encoder.
2023-04-03 14:35:58,671 - linear_actuator - DEBUG - String sent: 1S3=0,0,0

2023-04-03 14:35:58,672 - linear_actuator - DEBUG - String sent: 1PR S3

2023-04-03 14:35:58,773 - linear_actuator - INFO - Set S3=0,0,0[92m -> OK[0m
