2023-04-05 15:08:05,321 - linear_actuator - INFO - started logger
2023-04-05 15:08:05,322 - linear_actuator - INFO - CAUTION USING NON SPECIFIC CONFIG FILES
2023-04-05 15:08:05,322 - linear_actuator - INFO - Using config file (/home/shivaraj/Desktop/SBN/Pyhton2_to_3/SBND_laser_control/workspace/RunControl/devices/config/config_linear_actuator.json)
2023-04-05 15:08:06,475 - linear_actuator - INFO - CAUTION USING NON SPECIFIC CONFIG FILES
2023-04-05 15:08:06,476 - linear_actuator - INFO - Using config file (/home/shivaraj/Desktop/SBN/Pyhton2_to_3/SBND_laser_control/workspace/RunControl/devices/config/com_ports.json)
2023-04-05 15:08:07,480 - linear_actuator - INFO - Com port (/dev/ttyUSB0) opened
2023-04-05 15:08:12,316 - linear_actuator - INFO - ---------------- init axis -----------------
2023-04-05 15:08:12,424 - linear_actuator - DEBUG - String sent: 1MS=256

2023-04-05 15:08:12,526 - linear_actuator - DEBUG - String sent: 1PR MS

2023-04-05 15:08:12,627 - linear_actuator - INFO - Set MS=256[92m -> OK[0m
2023-04-05 15:08:12,728 - linear_actuator - DEBUG - String sent: 1A=400

2023-04-05 15:08:12,829 - linear_actuator - DEBUG - String sent: 1PR A

2023-04-05 15:08:12,931 - linear_actuator - INFO - Set A=400[92m -> OK[0m
2023-04-05 15:08:13,032 - linear_actuator - DEBUG - String sent: 1D=700

2023-04-05 15:08:13,134 - linear_actuator - DEBUG - String sent: 1PR D

2023-04-05 15:08:13,235 - linear_actuator - INFO - Set D=700[92m -> OK[0m
2023-04-05 15:08:13,336 - linear_actuator - DEBUG - String sent: 1VI=300

2023-04-05 15:08:13,438 - linear_actuator - DEBUG - String sent: 1PR VI

2023-04-05 15:08:13,539 - linear_actuator - INFO - Set VI=300[92m -> OK[0m
2023-04-05 15:08:13,640 - linear_actuator - DEBUG - String sent: 1VM=800

2023-04-05 15:08:13,741 - linear_actuator - DEBUG - String sent: 1PR VM

2023-04-05 15:08:13,843 - linear_actuator - INFO - Set VM=800[92m -> OK[0m
2023-04-05 15:08:13,946 - linear_actuator - DEBUG - String sent: 1HC=10

2023-04-05 15:08:14,047 - linear_actuator - DEBUG - String sent: 1PR HC

2023-04-05 15:08:14,149 - linear_actuator - INFO - Set HC=10[92m -> OK[0m
2023-04-05 15:08:14,250 - linear_actuator - DEBUG - String sent: 1RC=70

2023-04-05 15:08:14,351 - linear_actuator - DEBUG - String sent: 1PR RC

2023-04-05 15:08:14,453 - linear_actuator - INFO - Set RC=70[92m -> OK[0m
2023-04-05 15:08:14,553 - linear_actuator - DEBUG - String sent: 1EE=1

2023-04-05 15:08:14,654 - linear_actuator - DEBUG - String sent: 1PR EE

2023-04-05 15:08:14,755 - linear_actuator - INFO - Set EE=1[92m -> OK[0m
2023-04-05 15:08:14,856 - linear_actuator - DEBUG - String sent: 1S4=0,0,0

2023-04-05 15:08:14,957 - linear_actuator - DEBUG - String sent: 1PR S4

2023-04-05 15:08:15,059 - linear_actuator - INFO - Set S4=0,0,0[92m -> OK[0m
2023-04-05 15:08:15,059 - linear_actuator - INFO - Set S1 and S2 as limit switches for Linear Motor
2023-04-05 15:08:15,160 - linear_actuator - DEBUG - String sent: 1S1=2,1,0

2023-04-05 15:08:15,262 - linear_actuator - DEBUG - String sent: 1PR S1

2023-04-05 15:08:15,363 - linear_actuator - INFO - Set S1=2,1,0[92m -> OK[0m
2023-04-05 15:08:15,463 - linear_actuator - DEBUG - String sent: 1S2=3,1,0

2023-04-05 15:08:15,563 - linear_actuator - DEBUG - String sent: 1PR S2

2023-04-05 15:08:15,664 - linear_actuator - INFO - Set S2=3,1,0[92m -> OK[0m
2023-04-05 15:08:16,165 - linear_actuator - INFO - Set trigger from Photodiode to Linear encoder.
2023-04-05 15:08:16,266 - linear_actuator - DEBUG - String sent: 1S3=0,0,0

2023-04-05 15:08:16,367 - linear_actuator - DEBUG - String sent: 1PR S3

2023-04-05 15:08:16,468 - linear_actuator - INFO - Set S3=0,0,0[92m -> OK[0m
