2023-04-25 15:09:14,304 - linear_actuator - INFO - started logger
2023-04-25 15:09:14,304 - linear_actuator - INFO - CAUTION USING NON SPECIFIC CONFIG FILES
2023-04-25 15:09:14,304 - linear_actuator - INFO - Using config file (/home/shivaraj/Desktop/SBN/Pyhton2_to_3/SBND_laser_control/workspace/RunControl/devices/config/config_linear_actuator.json)
2023-04-25 15:09:17,020 - linear_actuator - INFO - CAUTION USING NON SPECIFIC CONFIG FILES
2023-04-25 15:09:17,021 - linear_actuator - INFO - Using config file (/home/shivaraj/Desktop/SBN/Pyhton2_to_3/SBND_laser_control/workspace/RunControl/devices/config/com_ports.json)
2023-04-25 15:09:18,026 - linear_actuator - INFO - Com port (/dev/ttyUSB1) opened
2023-04-25 15:09:20,954 - linear_actuator - INFO - ---------------- init axis -----------------
2023-04-25 15:09:20,954 - linear_actuator - DEBUG - String sent: 1MS=256

2023-04-25 15:09:20,955 - linear_actuator - DEBUG - String sent: 1PR MS

2023-04-25 15:09:21,056 - linear_actuator - INFO - Set MS=256[92m -> OK[0m
2023-04-25 15:09:21,057 - linear_actuator - DEBUG - String sent: 1A=400

2023-04-25 15:09:21,057 - linear_actuator - DEBUG - String sent: 1PR A

2023-04-25 15:09:21,158 - linear_actuator - INFO - Set A=400[92m -> OK[0m
2023-04-25 15:09:21,159 - linear_actuator - DEBUG - String sent: 1D=1000

2023-04-25 15:09:21,159 - linear_actuator - DEBUG - String sent: 1PR D

2023-04-25 15:09:21,260 - linear_actuator - INFO - Set D=1000[92m -> OK[0m
2023-04-25 15:09:21,261 - linear_actuator - DEBUG - String sent: 1VI=300

2023-04-25 15:09:21,262 - linear_actuator - DEBUG - String sent: 1PR VI

2023-04-25 15:09:21,363 - linear_actuator - INFO - Set VI=300[92m -> OK[0m
2023-04-25 15:09:21,363 - linear_actuator - DEBUG - String sent: 1VM=1600

2023-04-25 15:09:21,364 - linear_actuator - DEBUG - String sent: 1PR VM

2023-04-25 15:09:21,465 - linear_actuator - INFO - Set VM=1600[92m -> OK[0m
2023-04-25 15:09:21,465 - linear_actuator - DEBUG - String sent: 1HC=10

2023-04-25 15:09:21,466 - linear_actuator - DEBUG - String sent: 1PR HC

2023-04-25 15:09:21,567 - linear_actuator - INFO - Set HC=10[92m -> OK[0m
2023-04-25 15:09:21,568 - linear_actuator - DEBUG - String sent: 1RC=70

2023-04-25 15:09:21,568 - linear_actuator - DEBUG - String sent: 1PR RC

2023-04-25 15:09:21,669 - linear_actuator - INFO - Set RC=70[92m -> OK[0m
2023-04-25 15:09:21,670 - linear_actuator - DEBUG - String sent: 1EE=1

2023-04-25 15:09:21,671 - linear_actuator - DEBUG - String sent: 1PR EE

2023-04-25 15:09:21,772 - linear_actuator - INFO - Set EE=1[92m -> OK[0m
2023-04-25 15:09:21,772 - linear_actuator - DEBUG - String sent: 1SM=1

2023-04-25 15:09:21,773 - linear_actuator - DEBUG - String sent: 1PR SM

2023-04-25 15:09:21,873 - linear_actuator - INFO - Set SM=1[92m -> OK[0m
2023-04-25 15:09:21,874 - linear_actuator - DEBUG - String sent: 1SF=20

2023-04-25 15:09:21,874 - linear_actuator - DEBUG - String sent: 1PR SF

2023-04-25 15:09:21,975 - linear_actuator - INFO - Set SF=20[92m -> OK[0m
2023-04-25 15:09:21,976 - linear_actuator - DEBUG - String sent: 1S3=0,0,0

2023-04-25 15:09:21,976 - linear_actuator - DEBUG - String sent: 1PR S3

2023-04-25 15:09:22,077 - linear_actuator - INFO - Set S3=0,0,0[92m -> OK[0m
2023-04-25 15:09:22,078 - linear_actuator - DEBUG - String sent: 1S4=0,0,0

2023-04-25 15:09:22,078 - linear_actuator - DEBUG - String sent: 1PR S4

2023-04-25 15:09:22,179 - linear_actuator - INFO - Set S4=0,0,0[92m -> OK[0m
2023-04-25 15:09:22,180 - linear_actuator - INFO - Set S1 and S2 as limit switches for Linear Motor
2023-04-25 15:09:22,181 - linear_actuator - DEBUG - String sent: 1S1=2,1,0

2023-04-25 15:09:22,181 - linear_actuator - DEBUG - String sent: 1PR S1

2023-04-25 15:09:22,282 - linear_actuator - INFO - Set S1=2,1,0[92m -> OK[0m
2023-04-25 15:09:22,283 - linear_actuator - DEBUG - String sent: 1S2=3,1,0

2023-04-25 15:09:22,283 - linear_actuator - DEBUG - String sent: 1PR S2

2023-04-25 15:09:22,384 - linear_actuator - INFO - Set S2=3,1,0[92m -> OK[0m
2023-04-25 15:09:22,886 - linear_actuator - INFO - Set trigger from Photodiode to Linear encoder.
2023-04-25 15:09:22,886 - linear_actuator - DEBUG - String sent: 1S3=0,0,0

2023-04-25 15:09:22,887 - linear_actuator - DEBUG - String sent: 1PR S3

2023-04-25 15:09:22,988 - linear_actuator - INFO - Set S3=0,0,0[92m -> OK[0m
