2023-04-03 16:27:42,463 - linear_actuator - INFO - started logger
2023-04-03 16:27:42,463 - linear_actuator - INFO - CAUTION USING NON SPECIFIC CONFIG FILES
2023-04-03 16:27:42,463 - linear_actuator - INFO - Using config file (/home/shivaraj/Desktop/SBN/Pyhton2_to_3/SBND_laser_control/workspace/RunControl/devices/config/config_linear_actuator.json)
2023-04-03 16:27:44,517 - linear_actuator - INFO - CAUTION USING NON SPECIFIC CONFIG FILES
2023-04-03 16:27:44,517 - linear_actuator - INFO - Using config file (/home/shivaraj/Desktop/SBN/Pyhton2_to_3/SBND_laser_control/workspace/RunControl/devices/config/com_ports.json)
2023-04-03 16:27:45,530 - linear_actuator - INFO - Com port (/dev/ttyUSB0) opened
2023-04-03 16:27:48,153 - linear_actuator - INFO - ---------------- init axis -----------------
2023-04-03 16:27:48,154 - linear_actuator - DEBUG - String sent: 1MS=256

2023-04-03 16:27:48,154 - linear_actuator - DEBUG - String sent: 1PR MS

2023-04-03 16:27:48,255 - linear_actuator - INFO - Set MS=256[92m -> OK[0m
2023-04-03 16:27:48,256 - linear_actuator - DEBUG - String sent: 1A=400

2023-04-03 16:27:48,257 - linear_actuator - DEBUG - String sent: 1PR A

2023-04-03 16:27:48,358 - linear_actuator - INFO - Set A=400[92m -> OK[0m
2023-04-03 16:27:48,358 - linear_actuator - DEBUG - String sent: 1D=700

2023-04-03 16:27:48,359 - linear_actuator - DEBUG - String sent: 1PR D

2023-04-03 16:27:48,460 - linear_actuator - INFO - Set D=700[92m -> OK[0m
2023-04-03 16:27:48,460 - linear_actuator - DEBUG - String sent: 1VI=300

2023-04-03 16:27:48,461 - linear_actuator - DEBUG - String sent: 1PR VI

2023-04-03 16:27:48,562 - linear_actuator - INFO - Set VI=300[92m -> OK[0m
2023-04-03 16:27:48,562 - linear_actuator - DEBUG - String sent: 1VM=800

2023-04-03 16:27:48,563 - linear_actuator - DEBUG - String sent: 1PR VM

2023-04-03 16:27:48,664 - linear_actuator - INFO - Set VM=800[92m -> OK[0m
2023-04-03 16:27:48,664 - linear_actuator - DEBUG - String sent: 1HC=10

2023-04-03 16:27:48,665 - linear_actuator - DEBUG - String sent: 1PR HC

2023-04-03 16:27:48,766 - linear_actuator - INFO - Set HC=10[92m -> OK[0m
2023-04-03 16:27:48,767 - linear_actuator - DEBUG - String sent: 1RC=70

2023-04-03 16:27:48,767 - linear_actuator - DEBUG - String sent: 1PR RC

2023-04-03 16:27:48,868 - linear_actuator - INFO - Set RC=70[92m -> OK[0m
2023-04-03 16:27:48,869 - linear_actuator - DEBUG - String sent: 1EE=1

2023-04-03 16:27:48,869 - linear_actuator - DEBUG - String sent: 1PR EE

2023-04-03 16:27:48,970 - linear_actuator - INFO - Set EE=1[92m -> OK[0m
2023-04-03 16:27:48,971 - linear_actuator - DEBUG - String sent: 1S4=0,0,0

2023-04-03 16:27:48,971 - linear_actuator - DEBUG - String sent: 1PR S4

2023-04-03 16:27:49,072 - linear_actuator - INFO - Set S4=0,0,0[92m -> OK[0m
2023-04-03 16:27:49,073 - linear_actuator - INFO - Set S1 and S2 as limit switches for Linear Motor
2023-04-03 16:27:49,073 - linear_actuator - DEBUG - String sent: 1S1=2,1,0

2023-04-03 16:27:49,074 - linear_actuator - DEBUG - String sent: 1PR S1

2023-04-03 16:27:49,175 - linear_actuator - INFO - Set S1=2,1,0[92m -> OK[0m
2023-04-03 16:27:49,175 - linear_actuator - DEBUG - String sent: 1S2=3,1,0

2023-04-03 16:27:49,175 - linear_actuator - DEBUG - String sent: 1PR S2

2023-04-03 16:27:49,276 - linear_actuator - INFO - Set S2=3,1,0[92m -> OK[0m
2023-04-03 16:27:49,778 - linear_actuator - INFO - Set trigger from Photodiode to Linear encoder.
2023-04-03 16:27:49,779 - linear_actuator - DEBUG - String sent: 1S3=0,0,0

2023-04-03 16:27:49,779 - linear_actuator - DEBUG - String sent: 1PR S3

2023-04-03 16:27:49,881 - linear_actuator - INFO - Set S3=0,0,0[92m -> OK[0m
