2023-02-07 10:05:04,443 - linear_actuator - INFO - started logger
2023-02-07 10:05:04,443 - linear_actuator - INFO - CAUTION USING NON SPECIFIC CONFIG FILES
2023-02-07 10:05:04,443 - linear_actuator - INFO - Using config file (/home/shivaraj/Desktop/SBN/Pyhton2_to_3/SBND_laser_control/workspace/RunControl/devices/config/config_linear_actuator.json)
2023-02-07 10:05:07,234 - linear_actuator - INFO - CAUTION USING NON SPECIFIC CONFIG FILES
2023-02-07 10:05:07,235 - linear_actuator - INFO - Using config file (/home/shivaraj/Desktop/SBN/Pyhton2_to_3/SBND_laser_control/workspace/RunControl/devices/config/com_ports.json)
2023-02-07 10:05:08,238 - linear_actuator - INFO - Com port (/dev/ttyUSB0) opened
2023-02-07 10:05:10,870 - linear_actuator - INFO - ---------------- init axis -----------------
2023-02-07 10:05:10,871 - linear_actuator - DEBUG - String sent: 1MS=256

2023-02-07 10:05:10,871 - linear_actuator - DEBUG - String sent: 1PR MS

2023-02-07 10:05:10,971 - linear_actuator - INFO - Set MS=256[92m -> OK[0m
2023-02-07 10:05:10,971 - linear_actuator - DEBUG - String sent: 1A=400

2023-02-07 10:05:10,971 - linear_actuator - DEBUG - String sent: 1PR A

2023-02-07 10:05:11,072 - linear_actuator - INFO - Set A=400[92m -> OK[0m
2023-02-07 10:05:11,073 - linear_actuator - DEBUG - String sent: 1D=700

2023-02-07 10:05:11,073 - linear_actuator - DEBUG - String sent: 1PR D

2023-02-07 10:05:11,174 - linear_actuator - INFO - Set D=700[92m -> OK[0m
2023-02-07 10:05:11,175 - linear_actuator - DEBUG - String sent: 1VI=300

2023-02-07 10:05:11,175 - linear_actuator - DEBUG - String sent: 1PR VI

2023-02-07 10:05:11,276 - linear_actuator - INFO - Set VI=300[92m -> OK[0m
2023-02-07 10:05:11,277 - linear_actuator - DEBUG - String sent: 1VM=800

2023-02-07 10:05:11,277 - linear_actuator - DEBUG - String sent: 1PR VM

2023-02-07 10:05:11,378 - linear_actuator - INFO - Set VM=800[92m -> OK[0m
2023-02-07 10:05:11,379 - linear_actuator - DEBUG - String sent: 1HC=10

2023-02-07 10:05:11,379 - linear_actuator - DEBUG - String sent: 1PR HC

2023-02-07 10:05:11,480 - linear_actuator - INFO - Set HC=10[92m -> OK[0m
2023-02-07 10:05:11,481 - linear_actuator - DEBUG - String sent: 1RC=70

2023-02-07 10:05:11,481 - linear_actuator - DEBUG - String sent: 1PR RC

2023-02-07 10:05:11,582 - linear_actuator - INFO - Set RC=70[92m -> OK[0m
2023-02-07 10:05:11,583 - linear_actuator - DEBUG - String sent: 1EE=1

2023-02-07 10:05:11,583 - linear_actuator - DEBUG - String sent: 1PR EE

2023-02-07 10:05:11,684 - linear_actuator - INFO - Set EE=1[92m -> OK[0m
2023-02-07 10:05:11,685 - linear_actuator - DEBUG - String sent: 1S4=0,0,0

2023-02-07 10:05:11,686 - linear_actuator - DEBUG - String sent: 1PR S4

2023-02-07 10:05:11,787 - linear_actuator - INFO - Set S4=0,0,0[92m -> OK[0m
2023-02-07 10:05:11,788 - linear_actuator - INFO - Set S1 and S2 as limit switches for Linear Motor
2023-02-07 10:05:11,788 - linear_actuator - DEBUG - String sent: 1S1=2,1,0

2023-02-07 10:05:11,789 - linear_actuator - DEBUG - String sent: 1PR S1

2023-02-07 10:05:11,889 - linear_actuator - INFO - Set S1=2,1,0[92m -> OK[0m
2023-02-07 10:05:11,890 - linear_actuator - DEBUG - String sent: 1S2=3,1,0

2023-02-07 10:05:11,890 - linear_actuator - DEBUG - String sent: 1PR S2

2023-02-07 10:05:11,990 - linear_actuator - INFO - Set S2=3,1,0[92m -> OK[0m
