2023-04-05 15:11:58,002 - linear_actuator - INFO - started logger
2023-04-05 15:11:58,002 - linear_actuator - INFO - CAUTION USING NON SPECIFIC CONFIG FILES
2023-04-05 15:11:58,002 - linear_actuator - INFO - Using config file (/home/shivaraj/Desktop/SBN/Pyhton2_to_3/SBND_laser_control/workspace/RunControl/devices/config/config_linear_actuator.json)
2023-04-05 15:11:59,112 - linear_actuator - INFO - CAUTION USING NON SPECIFIC CONFIG FILES
2023-04-05 15:11:59,113 - linear_actuator - INFO - Using config file (/home/shivaraj/Desktop/SBN/Pyhton2_to_3/SBND_laser_control/workspace/RunControl/devices/config/com_ports.json)
2023-04-05 15:12:00,117 - linear_actuator - INFO - Com port (/dev/ttyUSB0) opened
2023-04-05 15:12:04,955 - linear_actuator - INFO - ---------------- init axis -----------------
2023-04-05 15:12:05,056 - linear_actuator - DEBUG - String sent: 1MS=256

2023-04-05 15:12:05,158 - linear_actuator - DEBUG - String sent: 1PR MS

2023-04-05 15:12:05,259 - linear_actuator - INFO - Set MS=256[92m -> OK[0m
2023-04-05 15:12:05,361 - linear_actuator - DEBUG - String sent: 1A=400

2023-04-05 15:12:05,462 - linear_actuator - DEBUG - String sent: 1PR A

2023-04-05 15:12:05,563 - linear_actuator - INFO - Set A=400[92m -> OK[0m
2023-04-05 15:12:05,664 - linear_actuator - DEBUG - String sent: 1D=700

2023-04-05 15:12:05,765 - linear_actuator - DEBUG - String sent: 1PR D

2023-04-05 15:12:05,867 - linear_actuator - INFO - Set D=700[92m -> OK[0m
2023-04-05 15:12:05,968 - linear_actuator - DEBUG - String sent: 1VI=300

2023-04-05 15:12:06,069 - linear_actuator - DEBUG - String sent: 1PR VI

2023-04-05 15:12:06,171 - linear_actuator - INFO - Set VI=300[92m -> OK[0m
2023-04-05 15:12:06,272 - linear_actuator - DEBUG - String sent: 1VM=800

2023-04-05 15:12:06,373 - linear_actuator - DEBUG - String sent: 1PR VM

2023-04-05 15:12:06,475 - linear_actuator - INFO - Set VM=800[92m -> OK[0m
2023-04-05 15:12:06,576 - linear_actuator - DEBUG - String sent: 1HC=10

2023-04-05 15:12:06,677 - linear_actuator - DEBUG - String sent: 1PR HC

2023-04-05 15:12:06,779 - linear_actuator - INFO - Set HC=10[92m -> OK[0m
2023-04-05 15:12:06,880 - linear_actuator - DEBUG - String sent: 1RC=70

2023-04-05 15:12:06,982 - linear_actuator - DEBUG - String sent: 1PR RC

2023-04-05 15:12:07,083 - linear_actuator - INFO - Set RC=70[92m -> OK[0m
2023-04-05 15:12:07,184 - linear_actuator - DEBUG - String sent: 1EE=1

2023-04-05 15:12:07,284 - linear_actuator - DEBUG - String sent: 1PR EE

2023-04-05 15:12:07,386 - linear_actuator - INFO - Set EE=1[92m -> OK[0m
2023-04-05 15:12:07,487 - linear_actuator - DEBUG - String sent: 1S4=0,0,0

2023-04-05 15:12:07,588 - linear_actuator - DEBUG - String sent: 1PR S4

2023-04-05 15:12:07,690 - linear_actuator - INFO - Set S4=0,0,0[92m -> OK[0m
2023-04-05 15:12:07,690 - linear_actuator - INFO - Set S1 and S2 as limit switches for Linear Motor
2023-04-05 15:12:07,791 - linear_actuator - DEBUG - String sent: 1S1=2,1,0

2023-04-05 15:12:07,892 - linear_actuator - DEBUG - String sent: 1PR S1

2023-04-05 15:12:07,994 - linear_actuator - INFO - Set S1=2,1,0[92m -> OK[0m
2023-04-05 15:12:08,095 - linear_actuator - DEBUG - String sent: 1S2=3,1,0

2023-04-05 15:12:08,196 - linear_actuator - DEBUG - String sent: 1PR S2

2023-04-05 15:12:08,296 - linear_actuator - INFO - Set S2=3,1,0[92m -> OK[0m
2023-04-05 15:12:08,797 - linear_actuator - INFO - Set trigger from Photodiode to Linear encoder.
2023-04-05 15:12:08,898 - linear_actuator - DEBUG - String sent: 1S3=0,0,0

2023-04-05 15:12:09,000 - linear_actuator - DEBUG - String sent: 1PR S3

2023-04-05 15:12:09,101 - linear_actuator - INFO - Set S3=0,0,0[92m -> OK[0m
