2023-04-25 14:46:46,033 - linear_actuator - INFO - started logger
2023-04-25 14:46:46,033 - linear_actuator - INFO - CAUTION USING NON SPECIFIC CONFIG FILES
2023-04-25 14:46:46,033 - linear_actuator - INFO - Using config file (/home/shivaraj/Desktop/SBN/Pyhton2_to_3/SBND_laser_control/workspace/RunControl/devices/config/config_linear_actuator.json)
2023-04-25 14:46:48,742 - linear_actuator - INFO - CAUTION USING NON SPECIFIC CONFIG FILES
2023-04-25 14:46:48,743 - linear_actuator - INFO - Using config file (/home/shivaraj/Desktop/SBN/Pyhton2_to_3/SBND_laser_control/workspace/RunControl/devices/config/com_ports.json)
2023-04-25 14:46:49,747 - linear_actuator - INFO - Com port (/dev/ttyUSB1) opened
2023-04-25 14:46:52,676 - linear_actuator - INFO - ---------------- init axis -----------------
2023-04-25 14:46:52,677 - linear_actuator - DEBUG - String sent: 1MS=256

2023-04-25 14:46:52,677 - linear_actuator - DEBUG - String sent: 1PR MS

2023-04-25 14:46:52,779 - linear_actuator - INFO - Set MS=256[92m -> OK[0m
2023-04-25 14:46:52,779 - linear_actuator - DEBUG - String sent: 1A=400

2023-04-25 14:46:52,780 - linear_actuator - DEBUG - String sent: 1PR A

2023-04-25 14:46:52,881 - linear_actuator - INFO - Set A=400[92m -> OK[0m
2023-04-25 14:46:52,882 - linear_actuator - DEBUG - String sent: 1D=1000

2023-04-25 14:46:52,882 - linear_actuator - DEBUG - String sent: 1PR D

2023-04-25 14:46:52,983 - linear_actuator - INFO - Set D=1000[92m -> OK[0m
2023-04-25 14:46:52,984 - linear_actuator - DEBUG - String sent: 1VI=300

2023-04-25 14:46:52,985 - linear_actuator - DEBUG - String sent: 1PR VI

2023-04-25 14:46:53,086 - linear_actuator - INFO - Set VI=300[92m -> OK[0m
2023-04-25 14:46:53,086 - linear_actuator - DEBUG - String sent: 1VM=1600

2023-04-25 14:46:53,087 - linear_actuator - DEBUG - String sent: 1PR VM

2023-04-25 14:46:53,188 - linear_actuator - INFO - Set VM=1600[92m -> OK[0m
2023-04-25 14:46:53,188 - linear_actuator - DEBUG - String sent: 1HC=10

2023-04-25 14:46:53,189 - linear_actuator - DEBUG - String sent: 1PR HC

2023-04-25 14:46:53,290 - linear_actuator - INFO - Set HC=10[92m -> OK[0m
2023-04-25 14:46:53,290 - linear_actuator - DEBUG - String sent: 1RC=70

2023-04-25 14:46:53,291 - linear_actuator - DEBUG - String sent: 1PR RC

2023-04-25 14:46:53,392 - linear_actuator - INFO - Set RC=70[92m -> OK[0m
2023-04-25 14:46:53,393 - linear_actuator - DEBUG - String sent: 1EE=1

2023-04-25 14:46:53,393 - linear_actuator - DEBUG - String sent: 1PR EE

2023-04-25 14:46:53,494 - linear_actuator - INFO - Set EE=1[92m -> OK[0m
2023-04-25 14:46:53,495 - linear_actuator - DEBUG - String sent: 1SM=1

2023-04-25 14:46:53,496 - linear_actuator - DEBUG - String sent: 1PR SM

2023-04-25 14:46:53,596 - linear_actuator - INFO - Set SM=1[92m -> OK[0m
2023-04-25 14:46:53,597 - linear_actuator - DEBUG - String sent: 1SF=20

2023-04-25 14:46:53,597 - linear_actuator - DEBUG - String sent: 1PR SF

2023-04-25 14:46:53,698 - linear_actuator - INFO - Set SF=20[92m -> OK[0m
2023-04-25 14:46:53,698 - linear_actuator - DEBUG - String sent: 1S3=0,0,0

2023-04-25 14:46:53,699 - linear_actuator - DEBUG - String sent: 1PR S3

2023-04-25 14:46:53,800 - linear_actuator - INFO - Set S3=0,0,0[92m -> OK[0m
2023-04-25 14:46:53,801 - linear_actuator - DEBUG - String sent: 1S4=0,0,0

2023-04-25 14:46:53,801 - linear_actuator - DEBUG - String sent: 1PR S4

2023-04-25 14:46:53,902 - linear_actuator - INFO - Set S4=0,0,0[92m -> OK[0m
2023-04-25 14:46:53,903 - linear_actuator - INFO - Set S1 and S2 as limit switches for Linear Motor
2023-04-25 14:46:53,903 - linear_actuator - DEBUG - String sent: 1S1=2,1,0

2023-04-25 14:46:53,904 - linear_actuator - DEBUG - String sent: 1PR S1

2023-04-25 14:46:54,005 - linear_actuator - INFO - Set S1=2,1,0[92m -> OK[0m
2023-04-25 14:46:54,006 - linear_actuator - DEBUG - String sent: 1S2=3,1,0

2023-04-25 14:46:54,006 - linear_actuator - DEBUG - String sent: 1PR S2

2023-04-25 14:46:54,107 - linear_actuator - INFO - Set S2=3,1,0[92m -> OK[0m
2023-04-25 14:46:54,609 - linear_actuator - INFO - Set trigger from Photodiode to Linear encoder.
2023-04-25 14:46:54,609 - linear_actuator - DEBUG - String sent: 1S3=0,0,0

2023-04-25 14:46:54,610 - linear_actuator - DEBUG - String sent: 1PR S3

2023-04-25 14:46:54,711 - linear_actuator - INFO - Set S3=0,0,0[92m -> OK[0m
