2023-04-25 15:05:46,991 - linear_actuator - INFO - started logger
2023-04-25 15:05:46,991 - linear_actuator - INFO - CAUTION USING NON SPECIFIC CONFIG FILES
2023-04-25 15:05:46,991 - linear_actuator - INFO - Using config file (/home/shivaraj/Desktop/SBN/Pyhton2_to_3/SBND_laser_control/workspace/RunControl/devices/config/config_linear_actuator.json)
2023-04-25 15:05:49,398 - linear_actuator - INFO - CAUTION USING NON SPECIFIC CONFIG FILES
2023-04-25 15:05:49,399 - linear_actuator - INFO - Using config file (/home/shivaraj/Desktop/SBN/Pyhton2_to_3/SBND_laser_control/workspace/RunControl/devices/config/com_ports.json)
2023-04-25 15:05:50,403 - linear_actuator - INFO - Com port (/dev/ttyUSB1) opened
2023-04-25 15:05:53,340 - linear_actuator - INFO - ---------------- init axis -----------------
2023-04-25 15:05:53,340 - linear_actuator - DEBUG - String sent: 1MS=256

2023-04-25 15:05:53,340 - linear_actuator - DEBUG - String sent: 1PR MS

2023-04-25 15:05:53,441 - linear_actuator - INFO - Set MS=256[92m -> OK[0m
2023-04-25 15:05:53,442 - linear_actuator - DEBUG - String sent: 1A=400

2023-04-25 15:05:53,443 - linear_actuator - DEBUG - String sent: 1PR A

2023-04-25 15:05:53,544 - linear_actuator - INFO - Set A=400[92m -> OK[0m
2023-04-25 15:05:53,544 - linear_actuator - DEBUG - String sent: 1D=1000

2023-04-25 15:05:53,545 - linear_actuator - DEBUG - String sent: 1PR D

2023-04-25 15:05:53,646 - linear_actuator - INFO - Set D=1000[92m -> OK[0m
2023-04-25 15:05:53,646 - linear_actuator - DEBUG - String sent: 1VI=300

2023-04-25 15:05:53,647 - linear_actuator - DEBUG - String sent: 1PR VI

2023-04-25 15:05:53,748 - linear_actuator - INFO - Set VI=300[92m -> OK[0m
2023-04-25 15:05:53,749 - linear_actuator - DEBUG - String sent: 1VM=1600

2023-04-25 15:05:53,749 - linear_actuator - DEBUG - String sent: 1PR VM

2023-04-25 15:05:53,850 - linear_actuator - INFO - Set VM=1600[92m -> OK[0m
2023-04-25 15:05:53,851 - linear_actuator - DEBUG - String sent: 1HC=10

2023-04-25 15:05:53,851 - linear_actuator - DEBUG - String sent: 1PR HC

2023-04-25 15:05:53,952 - linear_actuator - INFO - Set HC=10[92m -> OK[0m
2023-04-25 15:05:53,953 - linear_actuator - DEBUG - String sent: 1RC=70

2023-04-25 15:05:53,954 - linear_actuator - DEBUG - String sent: 1PR RC

2023-04-25 15:05:54,055 - linear_actuator - INFO - Set RC=70[92m -> OK[0m
2023-04-25 15:05:54,055 - linear_actuator - DEBUG - String sent: 1EE=1

2023-04-25 15:05:54,056 - linear_actuator - DEBUG - String sent: 1PR EE

2023-04-25 15:05:54,157 - linear_actuator - INFO - Set EE=1[92m -> OK[0m
2023-04-25 15:05:54,157 - linear_actuator - DEBUG - String sent: 1SM=1

2023-04-25 15:05:54,157 - linear_actuator - DEBUG - String sent: 1PR SM

2023-04-25 15:05:54,258 - linear_actuator - INFO - Set SM=1[92m -> OK[0m
2023-04-25 15:05:54,259 - linear_actuator - DEBUG - String sent: 1SF=20

2023-04-25 15:05:54,259 - linear_actuator - DEBUG - String sent: 1PR SF

2023-04-25 15:05:54,360 - linear_actuator - INFO - Set SF=20[92m -> OK[0m
2023-04-25 15:05:54,360 - linear_actuator - DEBUG - String sent: 1S3=0,0,0

2023-04-25 15:05:54,360 - linear_actuator - DEBUG - String sent: 1PR S3

2023-04-25 15:05:54,461 - linear_actuator - INFO - Set S3=0,0,0[92m -> OK[0m
2023-04-25 15:05:54,462 - linear_actuator - DEBUG - String sent: 1S4=0,0,0

2023-04-25 15:05:54,463 - linear_actuator - DEBUG - String sent: 1PR S4

2023-04-25 15:05:54,564 - linear_actuator - INFO - Set S4=0,0,0[92m -> OK[0m
2023-04-25 15:05:54,564 - linear_actuator - INFO - Set S1 and S2 as limit switches for Linear Motor
2023-04-25 15:05:54,565 - linear_actuator - DEBUG - String sent: 1S1=2,1,0

2023-04-25 15:05:54,565 - linear_actuator - DEBUG - String sent: 1PR S1

2023-04-25 15:05:54,666 - linear_actuator - INFO - Set S1=2,1,0[92m -> OK[0m
2023-04-25 15:05:54,667 - linear_actuator - DEBUG - String sent: 1S2=3,1,0

2023-04-25 15:05:54,667 - linear_actuator - DEBUG - String sent: 1PR S2

2023-04-25 15:05:54,769 - linear_actuator - INFO - Set S2=3,1,0[92m -> OK[0m
2023-04-25 15:05:55,270 - linear_actuator - INFO - Set trigger from Photodiode to Linear encoder.
2023-04-25 15:05:55,271 - linear_actuator - DEBUG - String sent: 1S3=0,0,0

2023-04-25 15:05:55,272 - linear_actuator - DEBUG - String sent: 1PR S3

2023-04-25 15:05:55,373 - linear_actuator - INFO - Set S3=0,0,0[92m -> OK[0m
