2023-04-05 16:29:46,377 - linear_actuator - INFO - started logger
2023-04-05 16:29:46,377 - linear_actuator - INFO - CAUTION USING NON SPECIFIC CONFIG FILES
2023-04-05 16:29:46,377 - linear_actuator - INFO - Using config file (/home/shivaraj/Desktop/SBN/Pyhton2_to_3/SBND_laser_control/workspace/RunControl/devices/config/config_linear_actuator.json)
2023-04-05 16:29:48,054 - linear_actuator - INFO - CAUTION USING NON SPECIFIC CONFIG FILES
2023-04-05 16:29:48,054 - linear_actuator - INFO - Using config file (/home/shivaraj/Desktop/SBN/Pyhton2_to_3/SBND_laser_control/workspace/RunControl/devices/config/com_ports.json)
2023-04-05 16:29:49,059 - linear_actuator - INFO - Com port (/dev/ttyUSB0) opened
2023-04-05 16:29:58,304 - linear_actuator - INFO - ---------------- init axis -----------------
2023-04-05 16:29:58,405 - linear_actuator - DEBUG - String sent: 1MS=256

2023-04-05 16:29:58,506 - linear_actuator - DEBUG - String sent: 1PR MS

2023-04-05 16:29:59,008 - linear_actuator - INFO - Set MS=256[92m -> OK[0m
2023-04-05 16:29:59,109 - linear_actuator - DEBUG - String sent: 1A=400

2023-04-05 16:29:59,210 - linear_actuator - DEBUG - String sent: 1PR A

2023-04-05 16:29:59,711 - linear_actuator - INFO - Set A=400[92m -> OK[0m
2023-04-05 16:29:59,812 - linear_actuator - DEBUG - String sent: 1D=700

2023-04-05 16:29:59,913 - linear_actuator - DEBUG - String sent: 1PR D

2023-04-05 16:30:00,415 - linear_actuator - INFO - Set D=700[92m -> OK[0m
2023-04-05 16:30:00,516 - linear_actuator - DEBUG - String sent: 1VI=300

2023-04-05 16:30:00,617 - linear_actuator - DEBUG - String sent: 1PR VI

2023-04-05 16:30:01,118 - linear_actuator - INFO - Set VI=300[92m -> OK[0m
2023-04-05 16:30:01,219 - linear_actuator - DEBUG - String sent: 1VM=800

2023-04-05 16:30:01,319 - linear_actuator - DEBUG - String sent: 1PR VM

2023-04-05 16:30:01,821 - linear_actuator - INFO - Set VM=800[92m -> OK[0m
2023-04-05 16:30:01,922 - linear_actuator - DEBUG - String sent: 1HC=10

2023-04-05 16:30:02,023 - linear_actuator - DEBUG - String sent: 1PR HC

2023-04-05 16:30:02,524 - linear_actuator - INFO - Set HC=10[92m -> OK[0m
2023-04-05 16:30:02,625 - linear_actuator - DEBUG - String sent: 1RC=70

2023-04-05 16:30:02,726 - linear_actuator - DEBUG - String sent: 1PR RC

2023-04-05 16:30:03,227 - linear_actuator - INFO - Set RC=70[92m -> OK[0m
2023-04-05 16:30:03,329 - linear_actuator - DEBUG - String sent: 1EE=1

2023-04-05 16:30:03,430 - linear_actuator - DEBUG - String sent: 1PR EE

2023-04-05 16:30:03,931 - linear_actuator - INFO - Set EE=1[92m -> OK[0m
2023-04-05 16:30:04,032 - linear_actuator - DEBUG - String sent: 1S4=0,0,0

2023-04-05 16:30:04,132 - linear_actuator - DEBUG - String sent: 1PR S4

2023-04-05 16:30:04,634 - linear_actuator - INFO - Set S4=0,0,0[92m -> OK[0m
2023-04-05 16:30:04,634 - linear_actuator - INFO - Set S1 and S2 as limit switches for Linear Motor
2023-04-05 16:30:04,735 - linear_actuator - DEBUG - String sent: 1S1=2,1,0

2023-04-05 16:30:04,836 - linear_actuator - DEBUG - String sent: 1PR S1

2023-04-05 16:30:05,338 - linear_actuator - INFO - Set S1=2,1,0[92m -> OK[0m
2023-04-05 16:30:05,439 - linear_actuator - DEBUG - String sent: 1S2=3,1,0

2023-04-05 16:30:05,540 - linear_actuator - DEBUG - String sent: 1PR S2

2023-04-05 16:30:06,041 - linear_actuator - INFO - Set S2=3,1,0[92m -> OK[0m
2023-04-05 16:30:06,543 - linear_actuator - INFO - Set trigger from Photodiode to Linear encoder.
2023-04-05 16:30:06,644 - linear_actuator - DEBUG - String sent: 1S3=0,0,0

2023-04-05 16:30:06,745 - linear_actuator - DEBUG - String sent: 1PR S3

2023-04-05 16:30:07,246 - linear_actuator - INFO - Set S3=0,0,0[92m -> OK[0m
2023-04-05 16:33:11,039 - linear_actuator - DEBUG - String sent: 1PR P

2023-04-05 16:33:11,540 - linear_actuator - INFO - Moving 150 microsteps
2023-04-05 16:33:11,642 - linear_actuator - DEBUG - String sent: 1MR 150

2023-04-05 16:34:09,583 - linear_actuator - DEBUG - String sent: 1PR P

2023-04-05 16:34:10,084 - linear_actuator - INFO - Moving 150 microsteps
2023-04-05 16:34:10,185 - linear_actuator - DEBUG - String sent: 1MR 150

