2023-04-03 14:37:33,947 - linear_actuator - INFO - started logger
2023-04-03 14:37:33,947 - linear_actuator - INFO - CAUTION USING NON SPECIFIC CONFIG FILES
2023-04-03 14:37:33,947 - linear_actuator - INFO - Using config file (/home/shivaraj/Desktop/SBN/Pyhton2_to_3/SBND_laser_control/workspace/RunControl/devices/config/config_linear_actuator.json)
2023-04-03 14:37:35,029 - linear_actuator - INFO - CAUTION USING NON SPECIFIC CONFIG FILES
2023-04-03 14:37:35,029 - linear_actuator - INFO - Using config file (/home/shivaraj/Desktop/SBN/Pyhton2_to_3/SBND_laser_control/workspace/RunControl/devices/config/com_ports.json)
2023-04-03 14:37:36,035 - linear_actuator - INFO - Com port (/dev/ttyUSB0) opened
2023-04-03 14:37:38,663 - linear_actuator - INFO - ---------------- init axis -----------------
2023-04-03 14:37:38,664 - linear_actuator - DEBUG - String sent: 1MS=256

2023-04-03 14:37:38,664 - linear_actuator - DEBUG - String sent: 1PR MS

2023-04-03 14:37:38,765 - linear_actuator - INFO - Set MS=256[92m -> OK[0m
2023-04-03 14:37:38,765 - linear_actuator - DEBUG - String sent: 1A=400

2023-04-03 14:37:38,766 - linear_actuator - DEBUG - String sent: 1PR A

2023-04-03 14:37:38,866 - linear_actuator - INFO - Set A=400[92m -> OK[0m
2023-04-03 14:37:38,867 - linear_actuator - DEBUG - String sent: 1D=700

2023-04-03 14:37:38,867 - linear_actuator - DEBUG - String sent: 1PR D

2023-04-03 14:37:38,968 - linear_actuator - INFO - Set D=700[92m -> OK[0m
2023-04-03 14:37:38,969 - linear_actuator - DEBUG - String sent: 1VI=300

2023-04-03 14:37:38,969 - linear_actuator - DEBUG - String sent: 1PR VI

2023-04-03 14:37:39,070 - linear_actuator - INFO - Set VI=300[92m -> OK[0m
2023-04-03 14:37:39,071 - linear_actuator - DEBUG - String sent: 1VM=800

2023-04-03 14:37:39,071 - linear_actuator - DEBUG - String sent: 1PR VM

2023-04-03 14:37:39,172 - linear_actuator - INFO - Set VM=800[92m -> OK[0m
2023-04-03 14:37:39,172 - linear_actuator - DEBUG - String sent: 1HC=10

2023-04-03 14:37:39,173 - linear_actuator - DEBUG - String sent: 1PR HC

2023-04-03 14:37:39,273 - linear_actuator - INFO - Set HC=10[92m -> OK[0m
2023-04-03 14:37:39,274 - linear_actuator - DEBUG - String sent: 1RC=70

2023-04-03 14:37:39,274 - linear_actuator - DEBUG - String sent: 1PR RC

2023-04-03 14:37:39,375 - linear_actuator - INFO - Set RC=70[92m -> OK[0m
2023-04-03 14:37:39,376 - linear_actuator - DEBUG - String sent: 1EE=1

2023-04-03 14:37:39,376 - linear_actuator - DEBUG - String sent: 1PR EE

2023-04-03 14:37:39,477 - linear_actuator - INFO - Set EE=1[92m -> OK[0m
2023-04-03 14:37:39,477 - linear_actuator - DEBUG - String sent: 1S4=0,0,0

2023-04-03 14:37:39,478 - linear_actuator - DEBUG - String sent: 1PR S4

2023-04-03 14:37:39,578 - linear_actuator - INFO - Set S4=0,0,0[92m -> OK[0m
2023-04-03 14:37:39,578 - linear_actuator - INFO - Set S1 and S2 as limit switches for Linear Motor
2023-04-03 14:37:39,578 - linear_actuator - DEBUG - String sent: 1S1=2,1,0

2023-04-03 14:37:39,578 - linear_actuator - DEBUG - String sent: 1PR S1

2023-04-03 14:37:39,679 - linear_actuator - INFO - Set S1=2,1,0[92m -> OK[0m
2023-04-03 14:37:39,679 - linear_actuator - DEBUG - String sent: 1S2=3,1,0

2023-04-03 14:37:39,679 - linear_actuator - DEBUG - String sent: 1PR S2

2023-04-03 14:37:39,780 - linear_actuator - INFO - Set S2=3,1,0[92m -> OK[0m
2023-04-03 14:37:40,282 - linear_actuator - INFO - Set trigger from Photodiode to Linear encoder.
2023-04-03 14:37:40,282 - linear_actuator - DEBUG - String sent: 1S3=0,0,0

2023-04-03 14:37:40,283 - linear_actuator - DEBUG - String sent: 1PR S3

2023-04-03 14:37:40,384 - linear_actuator - INFO - Set S3=0,0,0[92m -> OK[0m
2023-04-03 14:37:41,652 - linear_actuator - INFO - CAUTION USING NON SPECIFIC CONFIG FILES
2023-04-03 14:37:41,652 - linear_actuator - INFO - Using config file (/home/shivaraj/Desktop/SBN/Pyhton2_to_3/SBND_laser_control/workspace/RunControl/devices/config/com_ports.json)
2023-04-03 14:37:42,654 - linear_actuator - INFO - Com port (/dev/ttyUSB0) opened
2023-04-03 14:37:45,279 - linear_actuator - INFO - ---------------- init axis -----------------
2023-04-03 14:37:45,280 - linear_actuator - DEBUG - String sent: 1MS=256

2023-04-03 14:37:45,280 - linear_actuator - DEBUG - String sent: 1PR MS

2023-04-03 14:37:45,381 - linear_actuator - INFO - Set MS=256[92m -> OK[0m
2023-04-03 14:37:45,382 - linear_actuator - DEBUG - String sent: 1A=400

2023-04-03 14:37:45,382 - linear_actuator - DEBUG - String sent: 1PR A

2023-04-03 14:37:45,483 - linear_actuator - INFO - Set A=400[92m -> OK[0m
2023-04-03 14:37:45,484 - linear_actuator - DEBUG - String sent: 1D=700

2023-04-03 14:37:45,484 - linear_actuator - DEBUG - String sent: 1PR D

2023-04-03 14:37:45,585 - linear_actuator - INFO - Set D=700[92m -> OK[0m
2023-04-03 14:37:45,585 - linear_actuator - DEBUG - String sent: 1VI=300

2023-04-03 14:37:45,586 - linear_actuator - DEBUG - String sent: 1PR VI

2023-04-03 14:37:45,687 - linear_actuator - INFO - Set VI=300[92m -> OK[0m
2023-04-03 14:37:45,688 - linear_actuator - DEBUG - String sent: 1VM=800

2023-04-03 14:37:45,688 - linear_actuator - DEBUG - String sent: 1PR VM

2023-04-03 14:37:45,789 - linear_actuator - INFO - Set VM=800[92m -> OK[0m
2023-04-03 14:37:45,789 - linear_actuator - DEBUG - String sent: 1HC=10

2023-04-03 14:37:45,789 - linear_actuator - DEBUG - String sent: 1PR HC

2023-04-03 14:37:45,889 - linear_actuator - INFO - Set HC=10[92m -> OK[0m
2023-04-03 14:37:45,890 - linear_actuator - DEBUG - String sent: 1RC=70

2023-04-03 14:37:45,890 - linear_actuator - DEBUG - String sent: 1PR RC

2023-04-03 14:37:45,990 - linear_actuator - INFO - Set RC=70[92m -> OK[0m
2023-04-03 14:37:45,991 - linear_actuator - DEBUG - String sent: 1EE=1

2023-04-03 14:37:45,991 - linear_actuator - DEBUG - String sent: 1PR EE

2023-04-03 14:37:46,092 - linear_actuator - INFO - Set EE=1[92m -> OK[0m
2023-04-03 14:37:46,093 - linear_actuator - DEBUG - String sent: 1S4=0,0,0

2023-04-03 14:37:46,094 - linear_actuator - DEBUG - String sent: 1PR S4

2023-04-03 14:37:46,195 - linear_actuator - INFO - Set S4=0,0,0[92m -> OK[0m
2023-04-03 14:37:46,195 - linear_actuator - INFO - Set S1 and S2 as limit switches for Linear Motor
2023-04-03 14:37:46,196 - linear_actuator - DEBUG - String sent: 1S1=2,1,0

2023-04-03 14:37:46,196 - linear_actuator - DEBUG - String sent: 1PR S1

2023-04-03 14:37:46,297 - linear_actuator - INFO - Set S1=2,1,0[92m -> OK[0m
2023-04-03 14:37:46,298 - linear_actuator - DEBUG - String sent: 1S2=3,1,0

2023-04-03 14:37:46,299 - linear_actuator - DEBUG - String sent: 1PR S2

2023-04-03 14:37:46,400 - linear_actuator - INFO - Set S2=3,1,0[92m -> OK[0m
2023-04-03 14:37:46,901 - linear_actuator - INFO - Set trigger from Photodiode to Linear encoder.
2023-04-03 14:37:46,902 - linear_actuator - DEBUG - String sent: 1S3=0,0,0

2023-04-03 14:37:46,902 - linear_actuator - DEBUG - String sent: 1PR S3

2023-04-03 14:37:47,003 - linear_actuator - INFO - Set S3=0,0,0[92m -> OK[0m
