2021-09-14 16:23:22,350 - rotary_actuator - INFO - started logger
2021-09-14 16:23:22,350 - rotary_actuator - INFO - CAUTION USING NON SPECIFIC CONFIG FILES
2021-09-14 16:23:22,350 - rotary_actuator - INFO - Using config file (/home/shivaraj/Desktop/SBN/Pyhton2_to_3/LCS-master/workspace/RunControl/devices/config/config_rotary_actuator.json)
2021-09-14 16:23:23,353 - rotary_actuator - INFO - CAUTION USING NON SPECIFIC CONFIG FILES
2021-09-14 16:23:23,354 - rotary_actuator - INFO - Using config file (/home/shivaraj/Desktop/SBN/Pyhton2_to_3/LCS-master/workspace/RunControl/devices/config/com_ports.json)
2021-09-14 16:23:24,357 - rotary_actuator - INFO - Com port (/dev/ttyUSB0) opened
2021-09-14 16:23:24,358 - rotary_actuator - INFO - ---------------- init axis -----------------
2021-09-14 16:23:24,359 - rotary_actuator - DEBUG - String sent: 2MS=256

2021-09-14 16:23:24,359 - rotary_actuator - DEBUG - String sent: 2PR MS

2021-09-14 16:23:24,460 - rotary_actuator - ERROR - Set MS=256 failed
2021-09-14 16:23:24,460 - rotary_actuator - DEBUG - String sent: 2A=30000

2021-09-14 16:23:24,461 - rotary_actuator - DEBUG - String sent: 2PR A

2021-09-14 16:23:24,562 - rotary_actuator - ERROR - Set A=30000 failed
2021-09-14 16:23:24,562 - rotary_actuator - DEBUG - String sent: 2D=30000

2021-09-14 16:23:24,563 - rotary_actuator - DEBUG - String sent: 2PR D

2021-09-14 16:23:24,664 - rotary_actuator - ERROR - Set D=30000 failed
2021-09-14 16:23:24,664 - rotary_actuator - DEBUG - String sent: 2VI=1000

2021-09-14 16:23:24,665 - rotary_actuator - DEBUG - String sent: 2PR VI

2021-09-14 16:23:24,766 - rotary_actuator - ERROR - Set VI=1000 failed
2021-09-14 16:23:24,766 - rotary_actuator - DEBUG - String sent: 2VM=15000

2021-09-14 16:23:24,766 - rotary_actuator - DEBUG - String sent: 2PR VM

2021-09-14 16:23:24,866 - rotary_actuator - ERROR - Set VM=15000 failed
2021-09-14 16:23:24,866 - rotary_actuator - DEBUG - String sent: 2HC=5

2021-09-14 16:23:24,866 - rotary_actuator - DEBUG - String sent: 2PR HC

2021-09-14 16:23:24,967 - rotary_actuator - ERROR - Set HC=5 failed
2021-09-14 16:23:24,967 - rotary_actuator - DEBUG - String sent: 2RC=90

2021-09-14 16:23:24,967 - rotary_actuator - DEBUG - String sent: 2PR RC

2021-09-14 16:23:25,067 - rotary_actuator - ERROR - Set RC=90 failed
2021-09-14 16:23:25,067 - rotary_actuator - DEBUG - String sent: 2S3=0,0,0

2021-09-14 16:23:25,067 - rotary_actuator - DEBUG - String sent: 2PR S3

2021-09-14 16:23:25,167 - rotary_actuator - ERROR - Set S3=0,0,0 failed
2021-09-14 16:23:25,168 - rotary_actuator - DEBUG - String sent: 2S4=0,0,0

2021-09-14 16:23:25,168 - rotary_actuator - DEBUG - String sent: 2PR S4

2021-09-14 16:23:25,268 - rotary_actuator - ERROR - Set S4=0,0,0 failed
2021-09-14 16:23:25,268 - rotary_actuator - INFO - Set S1 and S2 as limit switches
2021-09-14 16:23:25,268 - rotary_actuator - DEBUG - String sent: 2S1=2,1,0

2021-09-14 16:23:25,268 - rotary_actuator - DEBUG - String sent: 2PR S1

2021-09-14 16:23:25,368 - rotary_actuator - ERROR - Set S1=2,1,0 failed
2021-09-14 16:23:25,369 - rotary_actuator - DEBUG - String sent: 2S2=3,1,0

2021-09-14 16:23:25,369 - rotary_actuator - DEBUG - String sent: 2PR S2

2021-09-14 16:23:25,469 - rotary_actuator - ERROR - Set S2=3,1,0 failed
2021-09-14 16:23:25,970 - rotary_actuator - INFO - limit switches were not set correctly
2021-09-14 16:23:25,970 - rotary_actuator - INFO - Set S1 and S2 as limit switches
2021-09-14 16:23:25,971 - rotary_actuator - DEBUG - String sent: 2S1=2,1,0

2021-09-14 16:23:25,971 - rotary_actuator - DEBUG - String sent: 2PR S1

2021-09-14 16:23:26,072 - rotary_actuator - ERROR - Set S1=2,1,0 failed
2021-09-14 16:23:26,072 - rotary_actuator - DEBUG - String sent: 2S2=3,1,0

2021-09-14 16:23:26,072 - rotary_actuator - DEBUG - String sent: 2PR S2

2021-09-14 16:23:26,173 - rotary_actuator - ERROR - Set S2=3,1,0 failed
2021-09-14 16:23:26,674 - rotary_actuator - INFO - limit switches were not set correctly
2021-09-14 16:23:26,675 - rotary_actuator - INFO - Set S1 and S2 as limit switches
2021-09-14 16:23:26,675 - rotary_actuator - DEBUG - String sent: 2S1=2,1,0

2021-09-14 16:23:26,676 - rotary_actuator - DEBUG - String sent: 2PR S1

2021-09-14 16:23:26,777 - rotary_actuator - ERROR - Set S1=2,1,0 failed
2021-09-14 16:23:26,777 - rotary_actuator - DEBUG - String sent: 2S2=3,1,0

2021-09-14 16:23:26,778 - rotary_actuator - DEBUG - String sent: 2PR S2

2021-09-14 16:23:26,878 - rotary_actuator - ERROR - Set S2=3,1,0 failed
2021-09-14 16:23:27,380 - rotary_actuator - INFO - limit switches were not set correctly
2021-09-14 16:23:27,381 - rotary_actuator - INFO - Set S1 and S2 as limit switches
2021-09-14 16:23:27,381 - rotary_actuator - DEBUG - String sent: 2S1=2,1,0

2021-09-14 16:23:27,382 - rotary_actuator - DEBUG - String sent: 2PR S1

2021-09-14 16:23:27,482 - rotary_actuator - ERROR - Set S1=2,1,0 failed
2021-09-14 16:23:27,483 - rotary_actuator - DEBUG - String sent: 2S2=3,1,0

2021-09-14 16:23:27,483 - rotary_actuator - DEBUG - String sent: 2PR S2

2021-09-14 16:23:27,584 - rotary_actuator - ERROR - Set S2=3,1,0 failed
2021-09-14 16:23:28,085 - rotary_actuator - INFO - limit switches were not set correctly
2021-09-14 16:23:28,086 - rotary_actuator - ERROR - Setting the limit switch failed 5 times -> exiting
