2021-09-14 16:49:31,723 - rotary_actuator - INFO - started logger
2021-09-14 16:49:31,723 - rotary_actuator - INFO - CAUTION USING NON SPECIFIC CONFIG FILES
2021-09-14 16:49:31,724 - rotary_actuator - INFO - Using config file (/home/shivaraj/Desktop/SBN/Pyhton2_to_3/LCS-master/workspace/RunControl/devices/config/config_rotary_actuator.json)
2021-09-14 16:49:32,727 - rotary_actuator - INFO - ---------------- init axis -----------------
2021-09-14 16:49:32,735 - rotary_actuator - DEBUG - String sent: 2MS=256

2021-09-14 16:49:32,736 - rotary_actuator - DEBUG - String sent: 2PR MS

2021-09-14 16:49:32,837 - rotary_actuator - INFO - Set MS=256 -> OK
2021-09-14 16:49:32,838 - rotary_actuator - DEBUG - String sent: 2A=30000

2021-09-14 16:49:32,838 - rotary_actuator - DEBUG - String sent: 2PR A

2021-09-14 16:49:32,939 - rotary_actuator - INFO - Set A=30000 -> OK
2021-09-14 16:49:32,940 - rotary_actuator - DEBUG - String sent: 2D=30000

2021-09-14 16:49:32,940 - rotary_actuator - DEBUG - String sent: 2PR D

2021-09-14 16:49:33,041 - rotary_actuator - INFO - Set D=30000 -> OK
2021-09-14 16:49:33,042 - rotary_actuator - DEBUG - String sent: 2VI=1000

2021-09-14 16:49:33,042 - rotary_actuator - DEBUG - String sent: 2PR VI

2021-09-14 16:49:33,143 - rotary_actuator - INFO - Set VI=1000 -> OK
2021-09-14 16:49:33,144 - rotary_actuator - DEBUG - String sent: 2VM=15000

2021-09-14 16:49:33,144 - rotary_actuator - DEBUG - String sent: 2PR VM

2021-09-14 16:49:33,245 - rotary_actuator - INFO - Set VM=15000 -> OK
2021-09-14 16:49:33,246 - rotary_actuator - DEBUG - String sent: 2HC=5

2021-09-14 16:49:33,246 - rotary_actuator - DEBUG - String sent: 2PR HC

2021-09-14 16:49:33,347 - rotary_actuator - INFO - Set HC=5 -> OK
2021-09-14 16:49:33,348 - rotary_actuator - DEBUG - String sent: 2RC=90

2021-09-14 16:49:33,349 - rotary_actuator - DEBUG - String sent: 2PR RC

2021-09-14 16:49:33,450 - rotary_actuator - INFO - Set RC=90 -> OK
2021-09-14 16:49:33,450 - rotary_actuator - DEBUG - String sent: 2S3=0,0,0

2021-09-14 16:49:33,451 - rotary_actuator - DEBUG - String sent: 2PR S3

2021-09-14 16:49:33,551 - rotary_actuator - INFO - Set S3=0,0,0 -> OK
2021-09-14 16:49:33,552 - rotary_actuator - DEBUG - String sent: 2S4=0,0,0

2021-09-14 16:49:33,552 - rotary_actuator - DEBUG - String sent: 2PR S4

2021-09-14 16:49:33,653 - rotary_actuator - INFO - Set S4=0,0,0 -> OK
2021-09-14 16:49:33,654 - rotary_actuator - INFO - Set S1 and S2 as limit switches
2021-09-14 16:49:33,655 - rotary_actuator - DEBUG - String sent: 2S1=2,1,0

2021-09-14 16:49:33,655 - rotary_actuator - DEBUG - String sent: 2PR S1

2021-09-14 16:49:33,756 - rotary_actuator - INFO - Set S1=2,1,0 -> OK
2021-09-14 16:49:33,757 - rotary_actuator - DEBUG - String sent: 2S2=3,1,0

2021-09-14 16:49:33,757 - rotary_actuator - DEBUG - String sent: 2PR S2

2021-09-14 16:49:33,858 - rotary_actuator - INFO - Set S2=3,1,0 -> OK
2021-09-14 16:49:35,985 - rotary_actuator - DEBUG - String sent: 2PR ALL

2021-09-14 16:49:36,086 - rotary_actuator - INFO - Info: 2PR ALL

