2021-09-14 16:42:27,812 - rotary_actuator - INFO - started logger
2021-09-14 16:42:27,812 - rotary_actuator - INFO - CAUTION USING NON SPECIFIC CONFIG FILES
2021-09-14 16:42:27,812 - rotary_actuator - INFO - Using config file (/home/shivaraj/Desktop/SBN/Pyhton2_to_3/LCS-master/workspace/RunControl/devices/config/config_rotary_actuator.json)
2021-09-14 16:42:28,816 - rotary_actuator - INFO - ---------------- init axis -----------------
2021-09-14 16:42:28,817 - rotary_actuator - DEBUG - String sent: 2MS=256

2021-09-14 16:42:28,817 - rotary_actuator - DEBUG - String sent: 2PR MS

2021-09-14 16:42:28,918 - rotary_actuator - ERROR - Set MS=256 failed
2021-09-14 16:42:28,919 - rotary_actuator - DEBUG - String sent: 2A=30000

2021-09-14 16:42:28,920 - rotary_actuator - DEBUG - String sent: 2PR A

2021-09-14 16:42:29,021 - rotary_actuator - ERROR - Set A=30000 failed
2021-09-14 16:42:29,022 - rotary_actuator - DEBUG - String sent: 2D=30000

2021-09-14 16:42:29,022 - rotary_actuator - DEBUG - String sent: 2PR D

2021-09-14 16:42:29,123 - rotary_actuator - ERROR - Set D=30000 failed
2021-09-14 16:42:29,124 - rotary_actuator - DEBUG - String sent: 2VI=1000

2021-09-14 16:42:29,124 - rotary_actuator - DEBUG - String sent: 2PR VI

2021-09-14 16:42:29,225 - rotary_actuator - ERROR - Set VI=1000 failed
2021-09-14 16:42:29,225 - rotary_actuator - DEBUG - String sent: 2VM=15000

2021-09-14 16:42:29,226 - rotary_actuator - DEBUG - String sent: 2PR VM

2021-09-14 16:42:29,327 - rotary_actuator - ERROR - Set VM=15000 failed
2021-09-14 16:42:29,327 - rotary_actuator - DEBUG - String sent: 2HC=5

2021-09-14 16:42:29,328 - rotary_actuator - DEBUG - String sent: 2PR HC

2021-09-14 16:42:29,429 - rotary_actuator - ERROR - Set HC=5 failed
2021-09-14 16:42:29,429 - rotary_actuator - DEBUG - String sent: 2RC=90

2021-09-14 16:42:29,430 - rotary_actuator - DEBUG - String sent: 2PR RC

2021-09-14 16:42:29,531 - rotary_actuator - ERROR - Set RC=90 failed
2021-09-14 16:42:29,532 - rotary_actuator - DEBUG - String sent: 2S3=0,0,0

2021-09-14 16:42:29,532 - rotary_actuator - DEBUG - String sent: 2PR S3

2021-09-14 16:42:29,633 - rotary_actuator - ERROR - Set S3=0,0,0 failed
2021-09-14 16:42:29,634 - rotary_actuator - DEBUG - String sent: 2S4=0,0,0

2021-09-14 16:42:29,634 - rotary_actuator - DEBUG - String sent: 2PR S4

2021-09-14 16:42:29,735 - rotary_actuator - ERROR - Set S4=0,0,0 failed
2021-09-14 16:42:29,735 - rotary_actuator - INFO - Set S1 and S2 as limit switches
2021-09-14 16:42:29,736 - rotary_actuator - DEBUG - String sent: 2S1=2,1,0

2021-09-14 16:42:29,736 - rotary_actuator - DEBUG - String sent: 2PR S1

2021-09-14 16:42:29,837 - rotary_actuator - ERROR - Set S1=2,1,0 failed
2021-09-14 16:42:29,838 - rotary_actuator - DEBUG - String sent: 2S2=3,1,0

2021-09-14 16:42:29,839 - rotary_actuator - DEBUG - String sent: 2PR S2

2021-09-14 16:42:29,940 - rotary_actuator - ERROR - Set S2=3,1,0 failed
2021-09-14 16:42:30,441 - rotary_actuator - INFO - limit switches were not set correctly
2021-09-14 16:42:30,442 - rotary_actuator - INFO - Set S1 and S2 as limit switches
2021-09-14 16:42:30,442 - rotary_actuator - DEBUG - String sent: 2S1=2,1,0

2021-09-14 16:42:30,443 - rotary_actuator - DEBUG - String sent: 2PR S1

2021-09-14 16:42:30,543 - rotary_actuator - ERROR - Set S1=2,1,0 failed
2021-09-14 16:42:30,544 - rotary_actuator - DEBUG - String sent: 2S2=3,1,0

2021-09-14 16:42:30,544 - rotary_actuator - DEBUG - String sent: 2PR S2

2021-09-14 16:42:30,645 - rotary_actuator - ERROR - Set S2=3,1,0 failed
2021-09-14 16:42:31,147 - rotary_actuator - INFO - limit switches were not set correctly
2021-09-14 16:42:31,148 - rotary_actuator - INFO - Set S1 and S2 as limit switches
2021-09-14 16:42:31,148 - rotary_actuator - DEBUG - String sent: 2S1=2,1,0

2021-09-14 16:42:31,149 - rotary_actuator - DEBUG - String sent: 2PR S1

2021-09-14 16:42:31,250 - rotary_actuator - ERROR - Set S1=2,1,0 failed
2021-09-14 16:42:31,250 - rotary_actuator - DEBUG - String sent: 2S2=3,1,0

2021-09-14 16:42:31,251 - rotary_actuator - DEBUG - String sent: 2PR S2

2021-09-14 16:42:31,352 - rotary_actuator - ERROR - Set S2=3,1,0 failed
2021-09-14 16:42:31,853 - rotary_actuator - INFO - limit switches were not set correctly
2021-09-14 16:42:31,854 - rotary_actuator - INFO - Set S1 and S2 as limit switches
2021-09-14 16:42:31,854 - rotary_actuator - DEBUG - String sent: 2S1=2,1,0

2021-09-14 16:42:31,855 - rotary_actuator - DEBUG - String sent: 2PR S1

2021-09-14 16:42:31,956 - rotary_actuator - ERROR - Set S1=2,1,0 failed
2021-09-14 16:42:31,956 - rotary_actuator - DEBUG - String sent: 2S2=3,1,0

2021-09-14 16:42:31,957 - rotary_actuator - DEBUG - String sent: 2PR S2

2021-09-14 16:42:32,058 - rotary_actuator - ERROR - Set S2=3,1,0 failed
2021-09-14 16:42:32,559 - rotary_actuator - INFO - limit switches were not set correctly
2021-09-14 16:42:32,559 - rotary_actuator - ERROR - Setting the limit switch failed 5 times -> exiting
