2021-09-14 16:40:44,824 - rotary_actuator - INFO - started logger
2021-09-14 16:40:44,824 - rotary_actuator - INFO - CAUTION USING NON SPECIFIC CONFIG FILES
2021-09-14 16:40:44,824 - rotary_actuator - INFO - Using config file (/home/shivaraj/Desktop/SBN/Pyhton2_to_3/LCS-master/workspace/RunControl/devices/config/config_rotary_actuator.json)
2021-09-14 16:40:45,828 - rotary_actuator - INFO - ---------------- init axis -----------------
2021-09-14 16:40:45,829 - rotary_actuator - DEBUG - String sent: 2MS=256

2021-09-14 16:40:45,829 - rotary_actuator - DEBUG - String sent: 2PR MS

2021-09-14 16:40:45,931 - rotary_actuator - ERROR - Set MS=256 failed
2021-09-14 16:40:45,932 - rotary_actuator - DEBUG - String sent: 2A=30000

2021-09-14 16:40:45,932 - rotary_actuator - DEBUG - String sent: 2PR A

2021-09-14 16:40:46,033 - rotary_actuator - ERROR - Set A=30000 failed
2021-09-14 16:40:46,034 - rotary_actuator - DEBUG - String sent: 2D=30000

2021-09-14 16:40:46,034 - rotary_actuator - DEBUG - String sent: 2PR D

2021-09-14 16:40:46,136 - rotary_actuator - ERROR - Set D=30000 failed
2021-09-14 16:40:46,136 - rotary_actuator - DEBUG - String sent: 2VI=1000

2021-09-14 16:40:46,137 - rotary_actuator - DEBUG - String sent: 2PR VI

2021-09-14 16:40:46,238 - rotary_actuator - ERROR - Set VI=1000 failed
2021-09-14 16:40:46,238 - rotary_actuator - DEBUG - String sent: 2VM=15000

2021-09-14 16:40:46,239 - rotary_actuator - DEBUG - String sent: 2PR VM

2021-09-14 16:40:46,340 - rotary_actuator - ERROR - Set VM=15000 failed
2021-09-14 16:40:46,340 - rotary_actuator - DEBUG - String sent: 2HC=5

2021-09-14 16:40:46,341 - rotary_actuator - DEBUG - String sent: 2PR HC

2021-09-14 16:40:46,442 - rotary_actuator - ERROR - Set HC=5 failed
2021-09-14 16:40:46,442 - rotary_actuator - DEBUG - String sent: 2RC=90

2021-09-14 16:40:46,443 - rotary_actuator - DEBUG - String sent: 2PR RC

2021-09-14 16:40:46,544 - rotary_actuator - ERROR - Set RC=90 failed
2021-09-14 16:40:46,545 - rotary_actuator - DEBUG - String sent: 2S3=0,0,0

2021-09-14 16:40:46,545 - rotary_actuator - DEBUG - String sent: 2PR S3

2021-09-14 16:40:46,646 - rotary_actuator - ERROR - Set S3=0,0,0 failed
2021-09-14 16:40:46,647 - rotary_actuator - DEBUG - String sent: 2S4=0,0,0

2021-09-14 16:40:46,647 - rotary_actuator - DEBUG - String sent: 2PR S4

2021-09-14 16:40:46,748 - rotary_actuator - ERROR - Set S4=0,0,0 failed
2021-09-14 16:40:46,749 - rotary_actuator - INFO - Set S1 and S2 as limit switches
2021-09-14 16:40:46,749 - rotary_actuator - DEBUG - String sent: 2S1=2,1,0

2021-09-14 16:40:46,750 - rotary_actuator - DEBUG - String sent: 2PR S1

2021-09-14 16:40:46,851 - rotary_actuator - ERROR - Set S1=2,1,0 failed
2021-09-14 16:40:46,851 - rotary_actuator - DEBUG - String sent: 2S2=3,1,0

2021-09-14 16:40:46,852 - rotary_actuator - DEBUG - String sent: 2PR S2

2021-09-14 16:40:46,953 - rotary_actuator - ERROR - Set S2=3,1,0 failed
2021-09-14 16:40:47,454 - rotary_actuator - INFO - limit switches were not set correctly
2021-09-14 16:40:47,455 - rotary_actuator - INFO - Set S1 and S2 as limit switches
2021-09-14 16:40:47,455 - rotary_actuator - DEBUG - String sent: 2S1=2,1,0

2021-09-14 16:40:47,456 - rotary_actuator - DEBUG - String sent: 2PR S1

2021-09-14 16:40:47,557 - rotary_actuator - ERROR - Set S1=2,1,0 failed
2021-09-14 16:40:47,557 - rotary_actuator - DEBUG - String sent: 2S2=3,1,0

2021-09-14 16:40:47,558 - rotary_actuator - DEBUG - String sent: 2PR S2

2021-09-14 16:40:47,659 - rotary_actuator - ERROR - Set S2=3,1,0 failed
2021-09-14 16:40:48,160 - rotary_actuator - INFO - limit switches were not set correctly
2021-09-14 16:40:48,161 - rotary_actuator - INFO - Set S1 and S2 as limit switches
2021-09-14 16:40:48,161 - rotary_actuator - DEBUG - String sent: 2S1=2,1,0

2021-09-14 16:40:48,161 - rotary_actuator - DEBUG - String sent: 2PR S1

2021-09-14 16:40:48,262 - rotary_actuator - ERROR - Set S1=2,1,0 failed
2021-09-14 16:40:48,263 - rotary_actuator - DEBUG - String sent: 2S2=3,1,0

2021-09-14 16:40:48,263 - rotary_actuator - DEBUG - String sent: 2PR S2

2021-09-14 16:40:48,364 - rotary_actuator - ERROR - Set S2=3,1,0 failed
2021-09-14 16:40:48,866 - rotary_actuator - INFO - limit switches were not set correctly
2021-09-14 16:40:48,866 - rotary_actuator - INFO - Set S1 and S2 as limit switches
2021-09-14 16:40:48,867 - rotary_actuator - DEBUG - String sent: 2S1=2,1,0

2021-09-14 16:40:48,868 - rotary_actuator - DEBUG - String sent: 2PR S1

2021-09-14 16:40:48,968 - rotary_actuator - ERROR - Set S1=2,1,0 failed
2021-09-14 16:40:48,969 - rotary_actuator - DEBUG - String sent: 2S2=3,1,0

2021-09-14 16:40:48,969 - rotary_actuator - DEBUG - String sent: 2PR S2

2021-09-14 16:40:49,070 - rotary_actuator - ERROR - Set S2=3,1,0 failed
2021-09-14 16:40:49,571 - rotary_actuator - INFO - limit switches were not set correctly
2021-09-14 16:40:49,572 - rotary_actuator - ERROR - Setting the limit switch failed 5 times -> exiting
