2021-09-14 16:28:32,270 - rotary_actuator - INFO - started logger
2021-09-14 16:28:32,270 - rotary_actuator - INFO - CAUTION USING NON SPECIFIC CONFIG FILES
2021-09-14 16:28:32,270 - rotary_actuator - INFO - Using config file (/home/shivaraj/Desktop/SBN/Pyhton2_to_3/LCS-master/workspace/RunControl/devices/config/config_rotary_actuator.json)
2021-09-14 16:28:33,273 - rotary_actuator - INFO - ---------------- init axis -----------------
2021-09-14 16:28:33,273 - rotary_actuator - DEBUG - String sent: 2MS=256

2021-09-14 16:28:33,273 - rotary_actuator - DEBUG - String sent: 2PR MS

2021-09-14 16:28:33,375 - rotary_actuator - ERROR - Set MS=256 failed
2021-09-14 16:28:33,375 - rotary_actuator - DEBUG - String sent: 2A=30000

2021-09-14 16:28:33,376 - rotary_actuator - DEBUG - String sent: 2PR A

2021-09-14 16:28:33,477 - rotary_actuator - ERROR - Set A=30000 failed
2021-09-14 16:28:33,477 - rotary_actuator - DEBUG - String sent: 2D=30000

2021-09-14 16:28:33,477 - rotary_actuator - DEBUG - String sent: 2PR D

2021-09-14 16:28:33,578 - rotary_actuator - ERROR - Set D=30000 failed
2021-09-14 16:28:33,579 - rotary_actuator - DEBUG - String sent: 2VI=1000

2021-09-14 16:28:33,579 - rotary_actuator - DEBUG - String sent: 2PR VI

2021-09-14 16:28:33,680 - rotary_actuator - ERROR - Set VI=1000 failed
2021-09-14 16:28:33,681 - rotary_actuator - DEBUG - String sent: 2VM=15000

2021-09-14 16:28:33,681 - rotary_actuator - DEBUG - String sent: 2PR VM

2021-09-14 16:28:33,782 - rotary_actuator - ERROR - Set VM=15000 failed
2021-09-14 16:28:33,783 - rotary_actuator - DEBUG - String sent: 2HC=5

2021-09-14 16:28:33,783 - rotary_actuator - DEBUG - String sent: 2PR HC

2021-09-14 16:28:33,884 - rotary_actuator - ERROR - Set HC=5 failed
2021-09-14 16:28:33,885 - rotary_actuator - DEBUG - String sent: 2RC=90

2021-09-14 16:28:33,885 - rotary_actuator - DEBUG - String sent: 2PR RC

2021-09-14 16:28:33,986 - rotary_actuator - ERROR - Set RC=90 failed
2021-09-14 16:28:33,987 - rotary_actuator - DEBUG - String sent: 2S3=0,0,0

2021-09-14 16:28:33,987 - rotary_actuator - DEBUG - String sent: 2PR S3

2021-09-14 16:28:34,088 - rotary_actuator - ERROR - Set S3=0,0,0 failed
2021-09-14 16:28:34,089 - rotary_actuator - DEBUG - String sent: 2S4=0,0,0

2021-09-14 16:28:34,089 - rotary_actuator - DEBUG - String sent: 2PR S4

2021-09-14 16:28:34,189 - rotary_actuator - ERROR - Set S4=0,0,0 failed
2021-09-14 16:28:34,190 - rotary_actuator - INFO - Set S1 and S2 as limit switches
2021-09-14 16:28:34,190 - rotary_actuator - DEBUG - String sent: 2S1=2,1,0

2021-09-14 16:28:34,190 - rotary_actuator - DEBUG - String sent: 2PR S1

2021-09-14 16:28:34,291 - rotary_actuator - ERROR - Set S1=2,1,0 failed
2021-09-14 16:30:36,735 - rotary_actuator - DEBUG - String sent: 2S2=3,1,0

2021-09-14 16:30:36,736 - rotary_actuator - DEBUG - String sent: 2PR S2

2021-09-14 16:30:36,837 - rotary_actuator - ERROR - Set S2=3,1,0 failed
2021-09-14 16:30:37,338 - rotary_actuator - INFO - limit switches were not set correctly
2021-09-14 16:30:37,339 - rotary_actuator - INFO - Set S1 and S2 as limit switches
2021-09-14 16:30:37,340 - rotary_actuator - DEBUG - String sent: 2S1=2,1,0

2021-09-14 16:30:37,340 - rotary_actuator - DEBUG - String sent: 2PR S1

2021-09-14 16:30:37,441 - rotary_actuator - ERROR - Set S1=2,1,0 failed
2021-09-14 16:31:47,072 - rotary_actuator - DEBUG - String sent: 2S2=3,1,0

2021-09-14 16:31:47,072 - rotary_actuator - DEBUG - String sent: 2PR S2

2021-09-14 16:31:47,174 - rotary_actuator - ERROR - Set S2=3,1,0 failed
2021-09-14 16:31:47,675 - rotary_actuator - INFO - limit switches were not set correctly
2021-09-14 16:31:47,675 - rotary_actuator - INFO - Set S1 and S2 as limit switches
2021-09-14 16:31:47,676 - rotary_actuator - DEBUG - String sent: 2S1=2,1,0

2021-09-14 16:31:47,676 - rotary_actuator - DEBUG - String sent: 2PR S1

2021-09-14 16:31:47,777 - rotary_actuator - ERROR - Set S1=2,1,0 failed
