2021-09-14 16:16:33,932 - rotary_actuator - INFO - started logger
2021-09-14 16:16:33,932 - rotary_actuator - INFO - CAUTION USING NON SPECIFIC CONFIG FILES
2021-09-14 16:16:33,932 - rotary_actuator - INFO - Using config file (/home/shivaraj/Desktop/SBN/Pyhton2_to_3/LCS-master/workspace/RunControl/devices/config/config_rotary_actuator.json)
2021-09-14 16:16:34,935 - rotary_actuator - INFO - ---------------- init axis -----------------
2021-09-14 16:16:34,936 - rotary_actuator - DEBUG - String sent: 2MS=256

2021-09-14 16:16:34,936 - rotary_actuator - DEBUG - String sent: 2PR MS

2021-09-14 16:16:35,037 - rotary_actuator - ERROR - Set MS=256 failed
2021-09-14 16:16:35,038 - rotary_actuator - DEBUG - String sent: 2A=30000

2021-09-14 16:16:35,038 - rotary_actuator - DEBUG - String sent: 2PR A

2021-09-14 16:16:35,139 - rotary_actuator - ERROR - Set A=30000 failed
2021-09-14 16:16:35,140 - rotary_actuator - DEBUG - String sent: 2D=30000

2021-09-14 16:16:35,140 - rotary_actuator - DEBUG - String sent: 2PR D

2021-09-14 16:16:35,241 - rotary_actuator - ERROR - Set D=30000 failed
2021-09-14 16:16:35,242 - rotary_actuator - DEBUG - String sent: 2VI=1000

2021-09-14 16:16:35,242 - rotary_actuator - DEBUG - String sent: 2PR VI

2021-09-14 16:16:35,343 - rotary_actuator - ERROR - Set VI=1000 failed
2021-09-14 16:16:35,344 - rotary_actuator - DEBUG - String sent: 2VM=15000

2021-09-14 16:16:35,344 - rotary_actuator - DEBUG - String sent: 2PR VM

2021-09-14 16:16:35,445 - rotary_actuator - ERROR - Set VM=15000 failed
2021-09-14 16:16:35,446 - rotary_actuator - DEBUG - String sent: 2HC=5

2021-09-14 16:16:35,446 - rotary_actuator - DEBUG - String sent: 2PR HC

2021-09-14 16:16:35,547 - rotary_actuator - ERROR - Set HC=5 failed
2021-09-14 16:16:35,548 - rotary_actuator - DEBUG - String sent: 2RC=90

2021-09-14 16:16:35,548 - rotary_actuator - DEBUG - String sent: 2PR RC

2021-09-14 16:16:35,649 - rotary_actuator - ERROR - Set RC=90 failed
2021-09-14 16:16:35,650 - rotary_actuator - DEBUG - String sent: 2S3=0,0,0

2021-09-14 16:16:35,650 - rotary_actuator - DEBUG - String sent: 2PR S3

2021-09-14 16:16:35,751 - rotary_actuator - ERROR - Set S3=0,0,0 failed
2021-09-14 16:16:35,752 - rotary_actuator - DEBUG - String sent: 2S4=0,0,0

2021-09-14 16:16:35,752 - rotary_actuator - DEBUG - String sent: 2PR S4

2021-09-14 16:16:35,853 - rotary_actuator - ERROR - Set S4=0,0,0 failed
2021-09-14 16:16:35,854 - rotary_actuator - INFO - Set S1 and S2 as limit switches
2021-09-14 16:16:35,854 - rotary_actuator - DEBUG - String sent: 2S1=2,1,0

2021-09-14 16:16:35,855 - rotary_actuator - DEBUG - String sent: 2PR S1

2021-09-14 16:16:35,955 - rotary_actuator - ERROR - Set S1=2,1,0 failed
2021-09-14 16:16:35,956 - rotary_actuator - DEBUG - String sent: 2S2=3,1,0

2021-09-14 16:16:35,957 - rotary_actuator - DEBUG - String sent: 2PR S2

2021-09-14 16:16:36,057 - rotary_actuator - ERROR - Set S2=3,1,0 failed
2021-09-14 16:16:36,559 - rotary_actuator - INFO - limit switches were not set correctly
2021-09-14 16:16:36,560 - rotary_actuator - INFO - Set S1 and S2 as limit switches
2021-09-14 16:16:36,560 - rotary_actuator - DEBUG - String sent: 2S1=2,1,0

2021-09-14 16:16:36,561 - rotary_actuator - DEBUG - String sent: 2PR S1

2021-09-14 16:16:36,662 - rotary_actuator - ERROR - Set S1=2,1,0 failed
2021-09-14 16:16:36,662 - rotary_actuator - DEBUG - String sent: 2S2=3,1,0

2021-09-14 16:16:36,663 - rotary_actuator - DEBUG - String sent: 2PR S2

2021-09-14 16:16:36,763 - rotary_actuator - ERROR - Set S2=3,1,0 failed
2021-09-14 16:16:37,264 - rotary_actuator - INFO - limit switches were not set correctly
2021-09-14 16:16:37,265 - rotary_actuator - INFO - Set S1 and S2 as limit switches
2021-09-14 16:16:37,266 - rotary_actuator - DEBUG - String sent: 2S1=2,1,0

2021-09-14 16:16:37,266 - rotary_actuator - DEBUG - String sent: 2PR S1

2021-09-14 16:16:37,367 - rotary_actuator - ERROR - Set S1=2,1,0 failed
2021-09-14 16:16:37,367 - rotary_actuator - DEBUG - String sent: 2S2=3,1,0

2021-09-14 16:16:37,368 - rotary_actuator - DEBUG - String sent: 2PR S2

2021-09-14 16:16:37,469 - rotary_actuator - ERROR - Set S2=3,1,0 failed
2021-09-14 16:16:37,970 - rotary_actuator - INFO - limit switches were not set correctly
2021-09-14 16:16:37,971 - rotary_actuator - INFO - Set S1 and S2 as limit switches
2021-09-14 16:16:37,972 - rotary_actuator - DEBUG - String sent: 2S1=2,1,0

2021-09-14 16:16:37,972 - rotary_actuator - DEBUG - String sent: 2PR S1

2021-09-14 16:16:38,073 - rotary_actuator - ERROR - Set S1=2,1,0 failed
2021-09-14 16:16:38,073 - rotary_actuator - DEBUG - String sent: 2S2=3,1,0

2021-09-14 16:16:38,074 - rotary_actuator - DEBUG - String sent: 2PR S2

2021-09-14 16:16:38,175 - rotary_actuator - ERROR - Set S2=3,1,0 failed
2021-09-14 16:16:38,676 - rotary_actuator - INFO - limit switches were not set correctly
2021-09-14 16:16:38,676 - rotary_actuator - ERROR - Setting the limit switch failed 5 times -> exiting
