2021-10-04 10:07:38,191 - rotary_actuator - INFO - started logger
2021-10-04 10:07:38,191 - rotary_actuator - INFO - CAUTION USING NON SPECIFIC CONFIG FILES
2021-10-04 10:07:38,191 - rotary_actuator - INFO - Using config file (/home/shivaraj/Desktop/SBN/Pyhton2_to_3/LCS-master/workspace/RunControl/devices/config/config_rotary_actuator.json)
2021-10-04 10:07:39,195 - rotary_actuator - INFO - ---------------- init axis -----------------
2021-10-04 10:07:39,196 - rotary_actuator - DEBUG - String sent: 2MS=256

2021-10-04 10:07:39,196 - rotary_actuator - DEBUG - String sent: 2PR MS

2021-10-04 10:07:39,297 - rotary_actuator - INFO - Set MS=256 -> OK
2021-10-04 10:07:39,298 - rotary_actuator - DEBUG - String sent: 2A=500

2021-10-04 10:07:39,298 - rotary_actuator - DEBUG - String sent: 2PR A

2021-10-04 10:07:39,399 - rotary_actuator - INFO - Set A=500 -> OK
2021-10-04 10:07:39,399 - rotary_actuator - DEBUG - String sent: 2D=500

2021-10-04 10:07:39,400 - rotary_actuator - DEBUG - String sent: 2PR D

2021-10-04 10:07:39,500 - rotary_actuator - INFO - Set D=500 -> OK
2021-10-04 10:07:39,501 - rotary_actuator - DEBUG - String sent: 2VI=500

2021-10-04 10:07:39,501 - rotary_actuator - DEBUG - String sent: 2PR VI

2021-10-04 10:07:39,602 - rotary_actuator - INFO - Set VI=500 -> OK
2021-10-04 10:07:39,603 - rotary_actuator - DEBUG - String sent: 2VM=1000

2021-10-04 10:07:39,603 - rotary_actuator - DEBUG - String sent: 2PR VM

2021-10-04 10:07:39,704 - rotary_actuator - INFO - Set VM=1000 -> OK
2021-10-04 10:07:39,705 - rotary_actuator - DEBUG - String sent: 2HC=5

2021-10-04 10:07:39,705 - rotary_actuator - DEBUG - String sent: 2PR HC

2021-10-04 10:07:39,806 - rotary_actuator - INFO - Set HC=5 -> OK
2021-10-04 10:07:39,806 - rotary_actuator - DEBUG - String sent: 2RC=90

2021-10-04 10:07:39,807 - rotary_actuator - DEBUG - String sent: 2PR RC

2021-10-04 10:07:39,908 - rotary_actuator - INFO - Set RC=90 -> OK
2021-10-04 10:07:39,908 - rotary_actuator - DEBUG - String sent: 2EE=1

2021-10-04 10:07:39,909 - rotary_actuator - DEBUG - String sent: 2PR EE

2021-10-04 10:07:40,009 - rotary_actuator - INFO - Set EE=1 -> OK
2021-10-04 10:07:40,010 - rotary_actuator - DEBUG - String sent: 2S3=0,0,0

2021-10-04 10:07:40,011 - rotary_actuator - DEBUG - String sent: 2PR S3

2021-10-04 10:07:40,112 - rotary_actuator - INFO - Set S3=0,0,0 -> OK
2021-10-04 10:07:40,112 - rotary_actuator - DEBUG - String sent: 2S4=0,0,0

2021-10-04 10:07:40,113 - rotary_actuator - DEBUG - String sent: 2PR S4

2021-10-04 10:07:40,214 - rotary_actuator - INFO - Set S4=0,0,0 -> OK
2021-10-04 10:07:40,214 - rotary_actuator - INFO - Set S1 and S2 as limit switches
2021-10-04 10:07:40,214 - rotary_actuator - DEBUG - String sent: 2S1=2,0,0

2021-10-04 10:07:40,215 - rotary_actuator - DEBUG - String sent: 2PR S1

2021-10-04 10:07:40,315 - rotary_actuator - INFO - Set S1=2,0,0 -> OK
2021-10-04 10:07:40,316 - rotary_actuator - DEBUG - String sent: 2S2=3,0,0

2021-10-04 10:07:40,317 - rotary_actuator - DEBUG - String sent: 2PR S2

2021-10-04 10:07:40,418 - rotary_actuator - INFO - Set S2=3,0,0 -> OK
2021-10-04 10:07:42,642 - rotary_actuator - DEBUG - String sent: 2PR ALL

2021-10-04 10:07:42,743 - rotary_actuator - INFO - Info: 2PR ALL
?
2021-10-04 10:07:49,606 - rotary_actuator - INFO - Moving 100 microsteps
2021-10-04 10:07:49,607 - rotary_actuator - DEBUG - String sent: 2MR 100

