2022-11-25 14:58:31,121 - rotary_actuator - INFO - started logger
2022-11-25 14:58:31,122 - rotary_actuator - INFO - CAUTION USING NON SPECIFIC CONFIG FILES
2022-11-25 14:58:31,122 - rotary_actuator - INFO - Using config file (/home/shivaraj/Desktop/SBN/Pyhton2_to_3/SBND_laser_control/workspace/RunControl/devices/config/config_rotary_actuator.json)
2022-11-25 14:58:32,795 - rotary_actuator - INFO - CAUTION USING NON SPECIFIC CONFIG FILES
2022-11-25 14:58:32,795 - rotary_actuator - INFO - Using config file (/home/shivaraj/Desktop/SBN/Pyhton2_to_3/SBND_laser_control/workspace/RunControl/devices/config/com_ports.json)
2022-11-25 14:58:33,798 - rotary_actuator - INFO - Com port (/dev/ttyUSB0) opened
2022-11-25 14:58:33,799 - rotary_actuator - INFO - ---------------- init axis -----------------
2022-11-25 14:58:33,799 - rotary_actuator - DEBUG - String sent: 2MS=256

2022-11-25 14:58:33,800 - rotary_actuator - DEBUG - String sent: 2PR MS

2022-11-25 14:58:33,901 - rotary_actuator - ERROR - Set MS=256 failed
2022-11-25 14:58:33,901 - rotary_actuator - DEBUG - String sent: 2A=500

2022-11-25 14:58:33,902 - rotary_actuator - DEBUG - String sent: 2PR A

2022-11-25 14:58:34,003 - rotary_actuator - ERROR - Set A=500 failed
2022-11-25 14:58:34,003 - rotary_actuator - DEBUG - String sent: 2D=500

2022-11-25 14:58:34,004 - rotary_actuator - DEBUG - String sent: 2PR D

2022-11-25 14:58:34,105 - rotary_actuator - INFO - Set D=500[92m -> OK[0m
2022-11-25 14:58:34,105 - rotary_actuator - DEBUG - String sent: 2VI=200

2022-11-25 14:58:34,106 - rotary_actuator - DEBUG - String sent: 2PR VI

2022-11-25 14:58:34,207 - rotary_actuator - INFO - Set VI=200[92m -> OK[0m
2022-11-25 14:58:34,207 - rotary_actuator - DEBUG - String sent: 2VM=800

2022-11-25 14:58:34,207 - rotary_actuator - DEBUG - String sent: 2PR VM

2022-11-25 14:58:34,308 - rotary_actuator - ERROR - Set VM=800 failed
2022-11-25 14:58:34,308 - rotary_actuator - DEBUG - String sent: 2HC=5

2022-11-25 14:58:34,308 - rotary_actuator - DEBUG - String sent: 2PR HC

2022-11-25 14:58:34,409 - rotary_actuator - ERROR - Set HC=5 failed
2022-11-25 14:58:34,409 - rotary_actuator - DEBUG - String sent: 2RC=90

2022-11-25 14:58:34,409 - rotary_actuator - DEBUG - String sent: 2PR RC

2022-11-25 14:58:34,510 - rotary_actuator - ERROR - Set RC=90 failed
2022-11-25 14:58:34,510 - rotary_actuator - DEBUG - String sent: 2EE=1

2022-11-25 14:58:34,511 - rotary_actuator - DEBUG - String sent: 2PR EE

2022-11-25 14:58:34,612 - rotary_actuator - INFO - Set EE=1[92m -> OK[0m
2022-11-25 14:58:34,612 - rotary_actuator - DEBUG - String sent: 2S3=0,0,0

2022-11-25 14:58:34,613 - rotary_actuator - DEBUG - String sent: 2PR S3

2022-11-25 14:58:34,714 - rotary_actuator - INFO - Set S3=0,0,0[92m -> OK[0m
2022-11-25 14:58:34,714 - rotary_actuator - DEBUG - String sent: 2S4=0,0,0

2022-11-25 14:58:34,715 - rotary_actuator - DEBUG - String sent: 2PR S4

2022-11-25 14:58:34,816 - rotary_actuator - INFO - Set S4=0,0,0[92m -> OK[0m
2022-11-25 14:58:34,816 - rotary_actuator - INFO - Set S1 and S2 as limit switches
2022-11-25 14:58:34,816 - rotary_actuator - DEBUG - String sent: 2S1=2,0,0

2022-11-25 14:58:34,816 - rotary_actuator - DEBUG - String sent: 2PR S1

2022-11-25 14:58:34,917 - rotary_actuator - INFO - Set S1=2,0,0[92m -> OK[0m
2022-11-25 14:58:34,917 - rotary_actuator - DEBUG - String sent: 2S2=3,0,0

2022-11-25 14:58:34,917 - rotary_actuator - DEBUG - String sent: 2PR S2

2022-11-25 14:58:35,018 - rotary_actuator - INFO - Set S2=3,0,0[92m -> OK[0m
