2022-11-18 22:30:50,902 - rotary_actuator - INFO - started logger
2022-11-18 22:30:50,902 - rotary_actuator - INFO - CAUTION USING NON SPECIFIC CONFIG FILES
2022-11-18 22:30:50,902 - rotary_actuator - INFO - Using config file (/home/shivaraj/Desktop/SBN/Pyhton2_to_3/SBND_laser_control/workspace/RunControl/devices/config/config_rotary_actuator.json)
2022-11-18 22:30:55,435 - rotary_actuator - INFO - CAUTION USING NON SPECIFIC CONFIG FILES
2022-11-18 22:30:55,435 - rotary_actuator - INFO - Using config file (/home/shivaraj/Desktop/SBN/Pyhton2_to_3/SBND_laser_control/workspace/RunControl/devices/config/com_ports.json)
2022-11-18 22:30:56,438 - rotary_actuator - INFO - Com port (/dev/ttyUSB0) opened
2022-11-18 22:30:56,438 - rotary_actuator - INFO - ---------------- init axis -----------------
2022-11-18 22:30:56,439 - rotary_actuator - DEBUG - String sent: 2MS=256

2022-11-18 22:30:56,439 - rotary_actuator - DEBUG - String sent: 2PR MS

2022-11-18 22:30:56,540 - rotary_actuator - INFO - Set MS=256[92m -> OK[0m
2022-11-18 22:30:56,540 - rotary_actuator - DEBUG - String sent: 2A=500

2022-11-18 22:30:56,541 - rotary_actuator - DEBUG - String sent: 2PR A

2022-11-18 22:30:56,642 - rotary_actuator - ERROR - Set A=500 failed
2022-11-18 22:30:56,642 - rotary_actuator - DEBUG - String sent: 2D=500

2022-11-18 22:30:56,643 - rotary_actuator - DEBUG - String sent: 2PR D

2022-11-18 22:30:56,744 - rotary_actuator - ERROR - Set D=500 failed
2022-11-18 22:30:56,744 - rotary_actuator - DEBUG - String sent: 2VI=500

2022-11-18 22:30:56,744 - rotary_actuator - DEBUG - String sent: 2PR VI

2022-11-18 22:30:56,845 - rotary_actuator - INFO - Set VI=500[92m -> OK[0m
2022-11-18 22:30:56,846 - rotary_actuator - DEBUG - String sent: 2VM=1000

2022-11-18 22:30:56,846 - rotary_actuator - DEBUG - String sent: 2PR VM

2022-11-18 22:30:56,947 - rotary_actuator - INFO - Set VM=1000[92m -> OK[0m
2022-11-18 22:30:56,947 - rotary_actuator - DEBUG - String sent: 2HC=5

2022-11-18 22:30:56,947 - rotary_actuator - DEBUG - String sent: 2PR HC

2022-11-18 22:30:57,048 - rotary_actuator - ERROR - Set HC=5 failed
2022-11-18 22:30:57,049 - rotary_actuator - DEBUG - String sent: 2RC=90

2022-11-18 22:30:57,049 - rotary_actuator - DEBUG - String sent: 2PR RC

2022-11-18 22:30:57,150 - rotary_actuator - ERROR - Set RC=90 failed
2022-11-18 22:30:57,150 - rotary_actuator - DEBUG - String sent: 2EE=1

2022-11-18 22:30:57,150 - rotary_actuator - DEBUG - String sent: 2PR EE

2022-11-18 22:30:57,251 - rotary_actuator - ERROR - Set EE=1 failed
2022-11-18 22:30:57,252 - rotary_actuator - DEBUG - String sent: 2S3=0,0,0

2022-11-18 22:30:57,252 - rotary_actuator - DEBUG - String sent: 2PR S3

2022-11-18 22:30:57,353 - rotary_actuator - INFO - Set S3=0,0,0[92m -> OK[0m
2022-11-18 22:30:57,353 - rotary_actuator - DEBUG - String sent: 2S4=0,0,0

2022-11-18 22:30:57,354 - rotary_actuator - DEBUG - String sent: 2PR S4

2022-11-18 22:30:57,455 - rotary_actuator - INFO - Set S4=0,0,0[92m -> OK[0m
2022-11-18 22:30:57,455 - rotary_actuator - INFO - Set S1 and S2 as limit switches
2022-11-18 22:30:57,455 - rotary_actuator - DEBUG - String sent: 2S1=2,0,0

2022-11-18 22:30:57,456 - rotary_actuator - DEBUG - String sent: 2PR S1

2022-11-18 22:30:57,557 - rotary_actuator - INFO - Set S1=2,0,0[92m -> OK[0m
2022-11-18 22:30:57,557 - rotary_actuator - DEBUG - String sent: 2S2=3,0,0

2022-11-18 22:30:57,557 - rotary_actuator - DEBUG - String sent: 2PR S2

2022-11-18 22:30:57,658 - rotary_actuator - INFO - Set S2=3,0,0[92m -> OK[0m
