2022-11-25 15:39:36,181 - rotary_actuator - INFO - started logger
2022-11-25 15:39:36,181 - rotary_actuator - INFO - CAUTION USING NON SPECIFIC CONFIG FILES
2022-11-25 15:39:36,181 - rotary_actuator - INFO - Using config file (/home/shivaraj/Desktop/SBN/Pyhton2_to_3/SBND_laser_control/workspace/RunControl/devices/config/config_rotary_actuator.json)
2022-11-25 15:39:39,639 - rotary_actuator - INFO - CAUTION USING NON SPECIFIC CONFIG FILES
2022-11-25 15:39:39,640 - rotary_actuator - INFO - Using config file (/home/shivaraj/Desktop/SBN/Pyhton2_to_3/SBND_laser_control/workspace/RunControl/devices/config/com_ports.json)
2022-11-25 15:39:40,643 - rotary_actuator - INFO - Com port (/dev/ttyUSB0) opened
2022-11-25 15:39:40,643 - rotary_actuator - INFO - ---------------- init axis -----------------
2022-11-25 15:39:40,644 - rotary_actuator - DEBUG - String sent: 2MS=256

2022-11-25 15:39:40,644 - rotary_actuator - DEBUG - String sent: 2PR MS

2022-11-25 15:39:40,745 - rotary_actuator - INFO - Set MS=256[92m -> OK[0m
2022-11-25 15:39:40,746 - rotary_actuator - DEBUG - String sent: 2A=500

2022-11-25 15:39:40,746 - rotary_actuator - DEBUG - String sent: 2PR A

2022-11-25 15:39:40,847 - rotary_actuator - INFO - Set A=500[92m -> OK[0m
2022-11-25 15:39:40,848 - rotary_actuator - DEBUG - String sent: 2D=500

2022-11-25 15:39:40,848 - rotary_actuator - DEBUG - String sent: 2PR D

2022-11-25 15:39:40,949 - rotary_actuator - INFO - Set D=500[92m -> OK[0m
2022-11-25 15:39:40,949 - rotary_actuator - DEBUG - String sent: 2VI=200

2022-11-25 15:39:40,950 - rotary_actuator - DEBUG - String sent: 2PR VI

2022-11-25 15:39:41,051 - rotary_actuator - INFO - Set VI=200[92m -> OK[0m
2022-11-25 15:39:41,051 - rotary_actuator - DEBUG - String sent: 2VM=800

2022-11-25 15:39:41,051 - rotary_actuator - DEBUG - String sent: 2PR VM

2022-11-25 15:39:41,152 - rotary_actuator - INFO - Set VM=800[92m -> OK[0m
2022-11-25 15:39:41,152 - rotary_actuator - DEBUG - String sent: 2HC=5

2022-11-25 15:39:41,152 - rotary_actuator - DEBUG - String sent: 2PR HC

2022-11-25 15:39:41,253 - rotary_actuator - INFO - Set HC=5[92m -> OK[0m
2022-11-25 15:39:41,254 - rotary_actuator - DEBUG - String sent: 2RC=90

2022-11-25 15:39:41,254 - rotary_actuator - DEBUG - String sent: 2PR RC

2022-11-25 15:39:41,355 - rotary_actuator - INFO - Set RC=90[92m -> OK[0m
2022-11-25 15:39:41,356 - rotary_actuator - DEBUG - String sent: 2EE=1

2022-11-25 15:39:41,356 - rotary_actuator - DEBUG - String sent: 2PR EE

2022-11-25 15:39:41,457 - rotary_actuator - INFO - Set EE=1[92m -> OK[0m
2022-11-25 15:39:41,457 - rotary_actuator - DEBUG - String sent: 2S3=0,0,0

2022-11-25 15:39:41,457 - rotary_actuator - DEBUG - String sent: 2PR S3

2022-11-25 15:39:41,558 - rotary_actuator - INFO - Set S3=0,0,0[92m -> OK[0m
2022-11-25 15:39:41,559 - rotary_actuator - DEBUG - String sent: 2S4=0,0,0

2022-11-25 15:39:41,559 - rotary_actuator - DEBUG - String sent: 2PR S4

2022-11-25 15:39:41,660 - rotary_actuator - INFO - Set S4=0,0,0[92m -> OK[0m
2022-11-25 15:39:41,660 - rotary_actuator - INFO - Set S1 and S2 as limit switches
2022-11-25 15:39:41,661 - rotary_actuator - DEBUG - String sent: 2S1=2,1,0

2022-11-25 15:39:41,661 - rotary_actuator - DEBUG - String sent: 2PR S1

2022-11-25 15:39:41,762 - rotary_actuator - INFO - Set S1=2,1,0[92m -> OK[0m
2022-11-25 15:39:41,762 - rotary_actuator - DEBUG - String sent: 2S2=3,1,0

2022-11-25 15:39:41,762 - rotary_actuator - DEBUG - String sent: 2PR S2

2022-11-25 15:39:41,863 - rotary_actuator - INFO - Set S2=3,1,0[92m -> OK[0m
2022-11-25 15:40:18,420 - rotary_actuator - INFO - Moving 1000 microsteps
2022-11-25 15:40:18,420 - rotary_actuator - DEBUG - String sent: 2MR 1000

2022-11-25 15:40:24,218 - rotary_actuator - INFO - Moving -1000 microsteps
2022-11-25 15:40:24,219 - rotary_actuator - DEBUG - String sent: 2MR -1000

2022-11-25 15:41:13,520 - rotary_actuator - INFO - Moving to position: 1000
2022-11-25 15:41:13,521 - rotary_actuator - DEBUG - String sent: 2MA 1000

