2022-11-25 14:21:59,098 - rotary_actuator - INFO - started logger
2022-11-25 14:21:59,099 - rotary_actuator - INFO - CAUTION USING NON SPECIFIC CONFIG FILES
2022-11-25 14:21:59,099 - rotary_actuator - INFO - Using config file (/home/shivaraj/Desktop/SBN/Pyhton2_to_3/SBND_laser_control/workspace/RunControl/devices/config/config_rotary_actuator.json)
2022-11-25 14:22:01,609 - rotary_actuator - INFO - CAUTION USING NON SPECIFIC CONFIG FILES
2022-11-25 14:22:01,609 - rotary_actuator - INFO - Using config file (/home/shivaraj/Desktop/SBN/Pyhton2_to_3/SBND_laser_control/workspace/RunControl/devices/config/com_ports.json)
2022-11-25 14:22:02,612 - rotary_actuator - INFO - Com port (/dev/ttyUSB0) opened
2022-11-25 14:22:02,613 - rotary_actuator - INFO - ---------------- init axis -----------------
2022-11-25 14:22:02,613 - rotary_actuator - DEBUG - String sent: 2MS=256

2022-11-25 14:22:02,614 - rotary_actuator - DEBUG - String sent: 2PR MS

2022-11-25 14:22:02,715 - rotary_actuator - INFO - Set MS=256[92m -> OK[0m
2022-11-25 14:22:02,715 - rotary_actuator - DEBUG - String sent: 2A=500

2022-11-25 14:22:02,716 - rotary_actuator - DEBUG - String sent: 2PR A

2022-11-25 14:22:02,817 - rotary_actuator - INFO - Set A=500[92m -> OK[0m
2022-11-25 14:22:02,817 - rotary_actuator - DEBUG - String sent: 2D=500

2022-11-25 14:22:02,818 - rotary_actuator - DEBUG - String sent: 2PR D

2022-11-25 14:22:02,919 - rotary_actuator - INFO - Set D=500[92m -> OK[0m
2022-11-25 14:22:02,919 - rotary_actuator - DEBUG - String sent: 2VI=200

2022-11-25 14:22:02,920 - rotary_actuator - DEBUG - String sent: 2PR VI

2022-11-25 14:22:03,021 - rotary_actuator - INFO - Set VI=200[92m -> OK[0m
2022-11-25 14:22:03,021 - rotary_actuator - DEBUG - String sent: 2VM=800

2022-11-25 14:22:03,021 - rotary_actuator - DEBUG - String sent: 2PR VM

2022-11-25 14:22:03,122 - rotary_actuator - INFO - Set VM=800[92m -> OK[0m
2022-11-25 14:22:03,122 - rotary_actuator - DEBUG - String sent: 2HC=5

2022-11-25 14:22:03,122 - rotary_actuator - DEBUG - String sent: 2PR HC

2022-11-25 14:22:03,223 - rotary_actuator - INFO - Set HC=5[92m -> OK[0m
2022-11-25 14:22:03,223 - rotary_actuator - DEBUG - String sent: 2RC=90

2022-11-25 14:22:03,224 - rotary_actuator - DEBUG - String sent: 2PR RC

2022-11-25 14:22:03,324 - rotary_actuator - INFO - Set RC=90[92m -> OK[0m
2022-11-25 14:22:03,325 - rotary_actuator - DEBUG - String sent: 2EE=1

2022-11-25 14:22:03,325 - rotary_actuator - DEBUG - String sent: 2PR EE

2022-11-25 14:22:03,426 - rotary_actuator - INFO - Set EE=1[92m -> OK[0m
2022-11-25 14:22:03,427 - rotary_actuator - DEBUG - String sent: 2S3=0,0,0

2022-11-25 14:22:03,427 - rotary_actuator - DEBUG - String sent: 2PR S3

2022-11-25 14:22:03,528 - rotary_actuator - INFO - Set S3=0,0,0[92m -> OK[0m
2022-11-25 14:22:03,529 - rotary_actuator - DEBUG - String sent: 2S4=0,0,0

2022-11-25 14:22:03,529 - rotary_actuator - DEBUG - String sent: 2PR S4

2022-11-25 14:22:03,630 - rotary_actuator - INFO - Set S4=0,0,0[92m -> OK[0m
2022-11-25 14:22:03,631 - rotary_actuator - INFO - Set S1 and S2 as limit switches
2022-11-25 14:22:03,631 - rotary_actuator - DEBUG - String sent: 2S1=2,0,0

2022-11-25 14:22:03,631 - rotary_actuator - DEBUG - String sent: 2PR S1

2022-11-25 14:22:03,732 - rotary_actuator - INFO - Set S1=2,0,0[92m -> OK[0m
2022-11-25 14:22:03,732 - rotary_actuator - DEBUG - String sent: 2S2=3,0,0

2022-11-25 14:22:03,732 - rotary_actuator - DEBUG - String sent: 2PR S2

2022-11-25 14:22:03,833 - rotary_actuator - INFO - Set S2=3,0,0[92m -> OK[0m
