2022-11-18 22:06:38,230 - rotary_actuator - INFO - started logger
2022-11-18 22:06:38,230 - rotary_actuator - INFO - CAUTION USING NON SPECIFIC CONFIG FILES
2022-11-18 22:06:38,230 - rotary_actuator - INFO - Using config file (/home/shivaraj/Desktop/SBN/Pyhton2_to_3/SBND_laser_control/workspace/RunControl/devices/config/config_rotary_actuator.json)
2022-11-18 22:06:41,167 - rotary_actuator - INFO - CAUTION USING NON SPECIFIC CONFIG FILES
2022-11-18 22:06:41,167 - rotary_actuator - INFO - Using config file (/home/shivaraj/Desktop/SBN/Pyhton2_to_3/SBND_laser_control/workspace/RunControl/devices/config/com_ports.json)
2022-11-18 22:06:42,169 - rotary_actuator - INFO - Com port (/dev/ttyUSB0) opened
2022-11-18 22:06:42,169 - rotary_actuator - INFO - ---------------- init axis -----------------
2022-11-18 22:06:42,169 - rotary_actuator - DEBUG - String sent: 2MS=256

2022-11-18 22:06:42,169 - rotary_actuator - DEBUG - String sent: 2PR MS

2022-11-18 22:06:42,270 - rotary_actuator - ERROR - Set MS=256 failed
2022-11-18 22:06:42,271 - rotary_actuator - DEBUG - String sent: 2A=500

2022-11-18 22:06:42,271 - rotary_actuator - DEBUG - String sent: 2PR A

2022-11-18 22:06:42,372 - rotary_actuator - ERROR - Set A=500 failed
2022-11-18 22:06:42,372 - rotary_actuator - DEBUG - String sent: 2D=500

2022-11-18 22:06:42,373 - rotary_actuator - DEBUG - String sent: 2PR D

2022-11-18 22:06:42,473 - rotary_actuator - ERROR - Set D=500 failed
2022-11-18 22:06:42,474 - rotary_actuator - DEBUG - String sent: 2VI=500

2022-11-18 22:06:42,474 - rotary_actuator - DEBUG - String sent: 2PR VI

2022-11-18 22:06:42,575 - rotary_actuator - ERROR - Set VI=500 failed
2022-11-18 22:06:42,575 - rotary_actuator - DEBUG - String sent: 2VM=1000

2022-11-18 22:06:42,576 - rotary_actuator - DEBUG - String sent: 2PR VM

2022-11-18 22:06:42,676 - rotary_actuator - ERROR - Set VM=1000 failed
2022-11-18 22:06:42,677 - rotary_actuator - DEBUG - String sent: 2HC=5

2022-11-18 22:06:42,677 - rotary_actuator - DEBUG - String sent: 2PR HC

2022-11-18 22:06:42,778 - rotary_actuator - ERROR - Set HC=5 failed
2022-11-18 22:06:42,778 - rotary_actuator - DEBUG - String sent: 2RC=90

2022-11-18 22:06:42,779 - rotary_actuator - DEBUG - String sent: 2PR RC

2022-11-18 22:06:42,880 - rotary_actuator - ERROR - Set RC=90 failed
2022-11-18 22:06:42,880 - rotary_actuator - DEBUG - String sent: 2EE=1

2022-11-18 22:06:42,881 - rotary_actuator - DEBUG - String sent: 2PR EE

2022-11-18 22:06:42,982 - rotary_actuator - ERROR - Set EE=1 failed
2022-11-18 22:06:42,982 - rotary_actuator - DEBUG - String sent: 2S3=0,0,0

2022-11-18 22:06:42,982 - rotary_actuator - DEBUG - String sent: 2PR S3

2022-11-18 22:06:43,083 - rotary_actuator - ERROR - Set S3=0,0,0 failed
2022-11-18 22:06:43,084 - rotary_actuator - DEBUG - String sent: 2S4=0,0,0

2022-11-18 22:06:43,084 - rotary_actuator - DEBUG - String sent: 2PR S4

2022-11-18 22:06:43,184 - rotary_actuator - ERROR - Set S4=0,0,0 failed
2022-11-18 22:06:43,185 - rotary_actuator - INFO - Set S1 and S2 as limit switches
2022-11-18 22:06:43,192 - rotary_actuator - DEBUG - String sent: 2S1=2,0,0

2022-11-18 22:06:43,192 - rotary_actuator - DEBUG - String sent: 2PR S1

2022-11-18 22:06:43,292 - rotary_actuator - ERROR - Set S1=2,0,0 failed
2022-11-18 22:06:43,292 - rotary_actuator - DEBUG - String sent: 2S2=3,0,0

2022-11-18 22:06:43,293 - rotary_actuator - DEBUG - String sent: 2PR S2

2022-11-18 22:06:43,393 - rotary_actuator - ERROR - Set S2=3,0,0 failed
2022-11-18 22:06:43,894 - rotary_actuator - INFO - limit switches were not set correctly
2022-11-18 22:06:43,894 - rotary_actuator - INFO - Set S1 and S2 as limit switches
2022-11-18 22:06:43,895 - rotary_actuator - DEBUG - String sent: 2S1=2,0,0

2022-11-18 22:06:43,895 - rotary_actuator - DEBUG - String sent: 2PR S1

2022-11-18 22:06:43,996 - rotary_actuator - ERROR - Set S1=2,0,0 failed
2022-11-18 22:06:43,997 - rotary_actuator - DEBUG - String sent: 2S2=3,0,0

2022-11-18 22:06:43,997 - rotary_actuator - DEBUG - String sent: 2PR S2

2022-11-18 22:06:44,098 - rotary_actuator - ERROR - Set S2=3,0,0 failed
2022-11-18 22:06:44,599 - rotary_actuator - INFO - limit switches were not set correctly
2022-11-18 22:06:44,599 - rotary_actuator - INFO - Set S1 and S2 as limit switches
2022-11-18 22:06:44,600 - rotary_actuator - DEBUG - String sent: 2S1=2,0,0

2022-11-18 22:06:44,600 - rotary_actuator - DEBUG - String sent: 2PR S1

2022-11-18 22:06:44,701 - rotary_actuator - ERROR - Set S1=2,0,0 failed
2022-11-18 22:06:44,701 - rotary_actuator - DEBUG - String sent: 2S2=3,0,0

2022-11-18 22:06:44,702 - rotary_actuator - DEBUG - String sent: 2PR S2

2022-11-18 22:06:44,803 - rotary_actuator - ERROR - Set S2=3,0,0 failed
2022-11-18 22:06:45,304 - rotary_actuator - INFO - limit switches were not set correctly
2022-11-18 22:06:45,304 - rotary_actuator - INFO - Set S1 and S2 as limit switches
2022-11-18 22:06:45,305 - rotary_actuator - DEBUG - String sent: 2S1=2,0,0

2022-11-18 22:06:45,305 - rotary_actuator - DEBUG - String sent: 2PR S1

2022-11-18 22:06:45,406 - rotary_actuator - ERROR - Set S1=2,0,0 failed
2022-11-18 22:06:45,406 - rotary_actuator - DEBUG - String sent: 2S2=3,0,0

2022-11-18 22:06:45,407 - rotary_actuator - DEBUG - String sent: 2PR S2

2022-11-18 22:06:45,508 - rotary_actuator - ERROR - Set S2=3,0,0 failed
2022-11-18 22:06:46,009 - rotary_actuator - INFO - limit switches were not set correctly
2022-11-18 22:06:46,009 - rotary_actuator - ERROR - Setting the limit switch failed 5 times -> exiting
