2022-11-25 14:43:12,660 - rotary_actuator - INFO - started logger
2022-11-25 14:43:12,660 - rotary_actuator - INFO - CAUTION USING NON SPECIFIC CONFIG FILES
2022-11-25 14:43:12,660 - rotary_actuator - INFO - Using config file (/home/shivaraj/Desktop/SBN/Pyhton2_to_3/SBND_laser_control/workspace/RunControl/devices/config/config_rotary_actuator.json)
2022-11-25 14:43:14,885 - rotary_actuator - INFO - CAUTION USING NON SPECIFIC CONFIG FILES
2022-11-25 14:43:14,886 - rotary_actuator - INFO - Using config file (/home/shivaraj/Desktop/SBN/Pyhton2_to_3/SBND_laser_control/workspace/RunControl/devices/config/com_ports.json)
2022-11-25 14:43:15,889 - rotary_actuator - INFO - Com port (/dev/ttyUSB0) opened
2022-11-25 14:43:15,889 - rotary_actuator - INFO - ---------------- init axis -----------------
2022-11-25 14:43:15,890 - rotary_actuator - DEBUG - String sent: 2MS=256

2022-11-25 14:43:15,890 - rotary_actuator - DEBUG - String sent: 2PR MS

2022-11-25 14:43:15,991 - rotary_actuator - ERROR - Set MS=256 failed
2022-11-25 14:43:15,992 - rotary_actuator - DEBUG - String sent: 2A=500

2022-11-25 14:43:15,992 - rotary_actuator - DEBUG - String sent: 2PR A

2022-11-25 14:43:16,093 - rotary_actuator - ERROR - Set A=500 failed
2022-11-25 14:43:16,094 - rotary_actuator - DEBUG - String sent: 2D=500

2022-11-25 14:43:16,094 - rotary_actuator - DEBUG - String sent: 2PR D

2022-11-25 14:43:16,195 - rotary_actuator - ERROR - Set D=500 failed
2022-11-25 14:43:16,196 - rotary_actuator - DEBUG - String sent: 2VI=200

2022-11-25 14:43:16,196 - rotary_actuator - DEBUG - String sent: 2PR VI

2022-11-25 14:43:16,297 - rotary_actuator - ERROR - Set VI=200 failed
2022-11-25 14:43:16,298 - rotary_actuator - DEBUG - String sent: 2VM=800

2022-11-25 14:43:16,298 - rotary_actuator - DEBUG - String sent: 2PR VM

2022-11-25 14:43:16,399 - rotary_actuator - ERROR - Set VM=800 failed
2022-11-25 14:43:16,399 - rotary_actuator - DEBUG - String sent: 2HC=5

2022-11-25 14:43:16,400 - rotary_actuator - DEBUG - String sent: 2PR HC

2022-11-25 14:43:16,501 - rotary_actuator - ERROR - Set HC=5 failed
2022-11-25 14:43:16,501 - rotary_actuator - DEBUG - String sent: 2RC=90

2022-11-25 14:43:16,502 - rotary_actuator - DEBUG - String sent: 2PR RC

2022-11-25 14:43:16,603 - rotary_actuator - ERROR - Set RC=90 failed
2022-11-25 14:43:16,603 - rotary_actuator - DEBUG - String sent: 2EE=1

2022-11-25 14:43:16,603 - rotary_actuator - DEBUG - String sent: 2PR EE

2022-11-25 14:43:16,704 - rotary_actuator - ERROR - Set EE=1 failed
2022-11-25 14:43:16,704 - rotary_actuator - DEBUG - String sent: 2S3=0,0,0

2022-11-25 14:43:16,704 - rotary_actuator - DEBUG - String sent: 2PR S3

2022-11-25 14:43:16,805 - rotary_actuator - ERROR - Set S3=0,0,0 failed
2022-11-25 14:43:16,806 - rotary_actuator - DEBUG - String sent: 2S4=0,0,0

2022-11-25 14:43:16,806 - rotary_actuator - DEBUG - String sent: 2PR S4

2022-11-25 14:43:16,907 - rotary_actuator - ERROR - Set S4=0,0,0 failed
2022-11-25 14:43:16,907 - rotary_actuator - INFO - Set S1 and S2 as limit switches
2022-11-25 14:43:16,908 - rotary_actuator - DEBUG - String sent: 2S1=2,0,0

2022-11-25 14:43:16,908 - rotary_actuator - DEBUG - String sent: 2PR S1

2022-11-25 14:43:17,009 - rotary_actuator - ERROR - Set S1=2,0,0 failed
2022-11-25 14:43:17,009 - rotary_actuator - DEBUG - String sent: 2S2=3,0,0

2022-11-25 14:43:17,010 - rotary_actuator - DEBUG - String sent: 2PR S2

2022-11-25 14:43:17,111 - rotary_actuator - ERROR - Set S2=3,0,0 failed
2022-11-25 14:43:17,612 - rotary_actuator - INFO - limit switches were not set correctly
2022-11-25 14:43:17,612 - rotary_actuator - INFO - Set S1 and S2 as limit switches
2022-11-25 14:43:17,613 - rotary_actuator - DEBUG - String sent: 2S1=2,0,0

2022-11-25 14:43:17,613 - rotary_actuator - DEBUG - String sent: 2PR S1

2022-11-25 14:43:17,714 - rotary_actuator - ERROR - Set S1=2,0,0 failed
2022-11-25 14:43:17,714 - rotary_actuator - DEBUG - String sent: 2S2=3,0,0

2022-11-25 14:43:17,714 - rotary_actuator - DEBUG - String sent: 2PR S2

2022-11-25 14:43:17,814 - rotary_actuator - ERROR - Set S2=3,0,0 failed
2022-11-25 14:43:18,315 - rotary_actuator - INFO - limit switches were not set correctly
2022-11-25 14:43:18,316 - rotary_actuator - INFO - Set S1 and S2 as limit switches
2022-11-25 14:43:18,316 - rotary_actuator - DEBUG - String sent: 2S1=2,0,0

2022-11-25 14:43:18,317 - rotary_actuator - DEBUG - String sent: 2PR S1

2022-11-25 14:43:18,418 - rotary_actuator - ERROR - Set S1=2,0,0 failed
2022-11-25 14:43:18,418 - rotary_actuator - DEBUG - String sent: 2S2=3,0,0

2022-11-25 14:43:18,418 - rotary_actuator - DEBUG - String sent: 2PR S2

2022-11-25 14:43:18,520 - rotary_actuator - ERROR - Set S2=3,0,0 failed
2022-11-25 14:43:19,021 - rotary_actuator - INFO - limit switches were not set correctly
2022-11-25 14:43:19,021 - rotary_actuator - INFO - Set S1 and S2 as limit switches
2022-11-25 14:43:19,022 - rotary_actuator - DEBUG - String sent: 2S1=2,0,0

2022-11-25 14:43:19,022 - rotary_actuator - DEBUG - String sent: 2PR S1

2022-11-25 14:43:19,124 - rotary_actuator - ERROR - Set S1=2,0,0 failed
2022-11-25 14:43:19,124 - rotary_actuator - DEBUG - String sent: 2S2=3,0,0

2022-11-25 14:43:19,124 - rotary_actuator - DEBUG - String sent: 2PR S2

2022-11-25 14:43:19,226 - rotary_actuator - ERROR - Set S2=3,0,0 failed
2022-11-25 14:43:19,726 - rotary_actuator - INFO - limit switches were not set correctly
2022-11-25 14:43:19,726 - rotary_actuator - ERROR - Setting the limit switch failed 5 times -> exiting
