2022-11-25 15:10:28,036 - rotary_actuator - INFO - started logger
2022-11-25 15:10:28,036 - rotary_actuator - INFO - CAUTION USING NON SPECIFIC CONFIG FILES
2022-11-25 15:10:28,036 - rotary_actuator - INFO - Using config file (/home/shivaraj/Desktop/SBN/Pyhton2_to_3/SBND_laser_control/workspace/RunControl/devices/config/config_rotary_actuator.json)
2022-11-25 15:10:29,802 - rotary_actuator - INFO - CAUTION USING NON SPECIFIC CONFIG FILES
2022-11-25 15:10:29,803 - rotary_actuator - INFO - Using config file (/home/shivaraj/Desktop/SBN/Pyhton2_to_3/SBND_laser_control/workspace/RunControl/devices/config/com_ports.json)
2022-11-25 15:10:30,805 - rotary_actuator - INFO - Com port (/dev/ttyUSB0) opened
2022-11-25 15:10:30,806 - rotary_actuator - INFO - ---------------- init axis -----------------
2022-11-25 15:10:30,807 - rotary_actuator - DEBUG - String sent: 2MS=256

2022-11-25 15:10:30,807 - rotary_actuator - DEBUG - String sent: 2PR MS

2022-11-25 15:10:30,908 - rotary_actuator - INFO - Set MS=256[92m -> OK[0m
2022-11-25 15:10:30,909 - rotary_actuator - DEBUG - String sent: 2A=500

2022-11-25 15:10:30,909 - rotary_actuator - DEBUG - String sent: 2PR A

2022-11-25 15:10:31,009 - rotary_actuator - INFO - Set A=500[92m -> OK[0m
2022-11-25 15:10:31,010 - rotary_actuator - DEBUG - String sent: 2D=500

2022-11-25 15:10:31,010 - rotary_actuator - DEBUG - String sent: 2PR D

2022-11-25 15:10:31,110 - rotary_actuator - INFO - Set D=500[92m -> OK[0m
2022-11-25 15:10:31,111 - rotary_actuator - DEBUG - String sent: 2VI=200

2022-11-25 15:10:31,111 - rotary_actuator - DEBUG - String sent: 2PR VI

2022-11-25 15:10:31,212 - rotary_actuator - INFO - Set VI=200[92m -> OK[0m
2022-11-25 15:10:31,212 - rotary_actuator - DEBUG - String sent: 2VM=800

2022-11-25 15:10:31,213 - rotary_actuator - DEBUG - String sent: 2PR VM

2022-11-25 15:10:31,314 - rotary_actuator - INFO - Set VM=800[92m -> OK[0m
2022-11-25 15:10:31,314 - rotary_actuator - DEBUG - String sent: 2HC=5

2022-11-25 15:10:31,315 - rotary_actuator - DEBUG - String sent: 2PR HC

2022-11-25 15:10:31,416 - rotary_actuator - INFO - Set HC=5[92m -> OK[0m
2022-11-25 15:10:31,416 - rotary_actuator - DEBUG - String sent: 2RC=90

2022-11-25 15:10:31,417 - rotary_actuator - DEBUG - String sent: 2PR RC

2022-11-25 15:10:31,518 - rotary_actuator - INFO - Set RC=90[92m -> OK[0m
2022-11-25 15:10:31,518 - rotary_actuator - DEBUG - String sent: 2EE=1

2022-11-25 15:10:31,519 - rotary_actuator - DEBUG - String sent: 2PR EE

2022-11-25 15:10:31,620 - rotary_actuator - INFO - Set EE=1[92m -> OK[0m
2022-11-25 15:10:31,621 - rotary_actuator - DEBUG - String sent: 2S3=0,0,0

2022-11-25 15:10:31,621 - rotary_actuator - DEBUG - String sent: 2PR S3

2022-11-25 15:10:31,722 - rotary_actuator - INFO - Set S3=0,0,0[92m -> OK[0m
2022-11-25 15:10:31,722 - rotary_actuator - DEBUG - String sent: 2S4=0,0,0

2022-11-25 15:10:31,723 - rotary_actuator - DEBUG - String sent: 2PR S4

2022-11-25 15:10:31,824 - rotary_actuator - INFO - Set S4=0,0,0[92m -> OK[0m
2022-11-25 15:10:31,824 - rotary_actuator - INFO - Set S1 and S2 as limit switches
2022-11-25 15:10:31,824 - rotary_actuator - DEBUG - String sent: 2S1=2,0,0

2022-11-25 15:10:31,825 - rotary_actuator - DEBUG - String sent: 2PR S1

2022-11-25 15:10:31,925 - rotary_actuator - INFO - Set S1=2,0,0[92m -> OK[0m
2022-11-25 15:10:31,926 - rotary_actuator - DEBUG - String sent: 2S2=3,0,0

2022-11-25 15:10:31,926 - rotary_actuator - DEBUG - String sent: 2PR S2

2022-11-25 15:10:32,026 - rotary_actuator - INFO - Set S2=3,0,0[92m -> OK[0m
2022-11-25 15:10:38,123 - rotary_actuator - DEBUG - String sent: 2PR P

2022-11-25 15:10:43,185 - rotary_actuator - INFO - Moving -1000 microsteps
2022-11-25 15:10:43,185 - rotary_actuator - DEBUG - String sent: 2MR -1000

2022-11-25 15:11:02,795 - rotary_actuator - DEBUG - String sent: 2PR P

2022-11-25 15:12:18,829 - rotary_actuator - DEBUG - String sent: 2PR P

2022-11-25 15:12:25,434 - rotary_actuator - INFO - Moving -1000 microsteps
2022-11-25 15:12:25,434 - rotary_actuator - DEBUG - String sent: 2MR -1000

2022-11-25 15:12:27,231 - rotary_actuator - DEBUG - String sent: 2PR P

2022-11-25 15:12:29,603 - rotary_actuator - DEBUG - String sent: 2PR P

2022-11-25 15:12:32,405 - rotary_actuator - DEBUG - String sent: 2PR P

2022-11-25 15:12:34,851 - rotary_actuator - INFO - Moving -1000 microsteps
2022-11-25 15:12:34,852 - rotary_actuator - DEBUG - String sent: 2MR -1000

2022-11-25 15:12:37,577 - rotary_actuator - DEBUG - String sent: 2PR P

2022-11-25 15:12:43,597 - rotary_actuator - DEBUG - String sent: 2PR P

2022-11-25 15:12:53,923 - rotary_actuator - INFO - Moving -1000 microsteps
2022-11-25 15:12:53,923 - rotary_actuator - DEBUG - String sent: 2MR -1000

2022-11-25 15:12:55,345 - rotary_actuator - DEBUG - String sent: 2PR P

2022-11-25 15:13:39,171 - rotary_actuator - DEBUG - String sent: 2PR P

2022-11-25 15:15:43,550 - rotary_actuator - DEBUG - String sent: 2PR P

2022-11-25 15:15:44,775 - rotary_actuator - INFO - Moving -1000 microsteps
2022-11-25 15:15:44,775 - rotary_actuator - DEBUG - String sent: 2MR -1000

2022-11-25 15:15:45,876 - rotary_actuator - DEBUG - String sent: 2PR P

