2022-11-25 15:37:17,374 - rotary_actuator - INFO - started logger
2022-11-25 15:37:17,374 - rotary_actuator - INFO - CAUTION USING NON SPECIFIC CONFIG FILES
2022-11-25 15:37:17,374 - rotary_actuator - INFO - Using config file (/home/shivaraj/Desktop/SBN/Pyhton2_to_3/SBND_laser_control/workspace/RunControl/devices/config/config_rotary_actuator.json)
2022-11-25 15:37:19,358 - rotary_actuator - INFO - CAUTION USING NON SPECIFIC CONFIG FILES
2022-11-25 15:37:19,358 - rotary_actuator - INFO - Using config file (/home/shivaraj/Desktop/SBN/Pyhton2_to_3/SBND_laser_control/workspace/RunControl/devices/config/com_ports.json)
2022-11-25 15:37:20,362 - rotary_actuator - INFO - Com port (/dev/ttyUSB0) opened
2022-11-25 15:37:20,362 - rotary_actuator - INFO - ---------------- init axis -----------------
2022-11-25 15:37:20,363 - rotary_actuator - DEBUG - String sent: 2MS=256

2022-11-25 15:37:20,363 - rotary_actuator - DEBUG - String sent: 2PR MS

2022-11-25 15:37:20,464 - rotary_actuator - INFO - Set MS=256[92m -> OK[0m
2022-11-25 15:37:20,464 - rotary_actuator - DEBUG - String sent: 2A=500

2022-11-25 15:37:20,465 - rotary_actuator - DEBUG - String sent: 2PR A

2022-11-25 15:37:20,565 - rotary_actuator - INFO - Set A=500[92m -> OK[0m
2022-11-25 15:37:20,565 - rotary_actuator - DEBUG - String sent: 2D=500

2022-11-25 15:37:20,565 - rotary_actuator - DEBUG - String sent: 2PR D

2022-11-25 15:37:20,666 - rotary_actuator - INFO - Set D=500[92m -> OK[0m
2022-11-25 15:37:20,667 - rotary_actuator - DEBUG - String sent: 2VI=200

2022-11-25 15:37:20,667 - rotary_actuator - DEBUG - String sent: 2PR VI

2022-11-25 15:37:20,768 - rotary_actuator - INFO - Set VI=200[92m -> OK[0m
2022-11-25 15:37:20,768 - rotary_actuator - DEBUG - String sent: 2VM=800

2022-11-25 15:37:20,769 - rotary_actuator - DEBUG - String sent: 2PR VM

2022-11-25 15:37:20,869 - rotary_actuator - INFO - Set VM=800[92m -> OK[0m
2022-11-25 15:37:20,870 - rotary_actuator - DEBUG - String sent: 2HC=5

2022-11-25 15:37:20,870 - rotary_actuator - DEBUG - String sent: 2PR HC

2022-11-25 15:37:20,971 - rotary_actuator - INFO - Set HC=5[92m -> OK[0m
2022-11-25 15:37:20,971 - rotary_actuator - DEBUG - String sent: 2RC=90

2022-11-25 15:37:20,972 - rotary_actuator - DEBUG - String sent: 2PR RC

2022-11-25 15:37:21,073 - rotary_actuator - INFO - Set RC=90[92m -> OK[0m
2022-11-25 15:37:21,073 - rotary_actuator - DEBUG - String sent: 2EE=1

2022-11-25 15:37:21,073 - rotary_actuator - DEBUG - String sent: 2PR EE

2022-11-25 15:37:21,174 - rotary_actuator - INFO - Set EE=1[92m -> OK[0m
2022-11-25 15:37:21,175 - rotary_actuator - DEBUG - String sent: 2S3=0,0,0

2022-11-25 15:37:21,175 - rotary_actuator - DEBUG - String sent: 2PR S3

2022-11-25 15:37:21,276 - rotary_actuator - INFO - Set S3=0,0,0[92m -> OK[0m
2022-11-25 15:37:21,276 - rotary_actuator - DEBUG - String sent: 2S4=0,0,0

2022-11-25 15:37:21,277 - rotary_actuator - DEBUG - String sent: 2PR S4

2022-11-25 15:37:21,378 - rotary_actuator - INFO - Set S4=0,0,0[92m -> OK[0m
2022-11-25 15:37:21,378 - rotary_actuator - INFO - Set S1 and S2 as limit switches
2022-11-25 15:37:21,378 - rotary_actuator - DEBUG - String sent: 2S1=2,0,0

2022-11-25 15:37:21,379 - rotary_actuator - DEBUG - String sent: 2PR S1

2022-11-25 15:37:21,479 - rotary_actuator - INFO - Set S1=2,0,0[92m -> OK[0m
2022-11-25 15:37:21,479 - rotary_actuator - DEBUG - String sent: 2S2=3,0,0

2022-11-25 15:37:21,479 - rotary_actuator - DEBUG - String sent: 2PR S2

2022-11-25 15:37:21,580 - rotary_actuator - INFO - Set S2=3,0,0[92m -> OK[0m
