2022-11-18 22:24:26,409 - rotary_actuator - INFO - started logger
2022-11-18 22:24:26,409 - rotary_actuator - INFO - CAUTION USING NON SPECIFIC CONFIG FILES
2022-11-18 22:24:26,410 - rotary_actuator - INFO - Using config file (/home/shivaraj/Desktop/SBN/Pyhton2_to_3/SBND_laser_control/workspace/RunControl/devices/config/config_rotary_actuator.json)
2022-11-18 22:24:28,514 - rotary_actuator - INFO - CAUTION USING NON SPECIFIC CONFIG FILES
2022-11-18 22:24:28,515 - rotary_actuator - INFO - Using config file (/home/shivaraj/Desktop/SBN/Pyhton2_to_3/SBND_laser_control/workspace/RunControl/devices/config/com_ports.json)
2022-11-18 22:24:29,518 - rotary_actuator - INFO - Com port (/dev/ttyUSB0) opened
2022-11-18 22:24:29,518 - rotary_actuator - INFO - ---------------- init axis -----------------
2022-11-18 22:24:29,519 - rotary_actuator - DEBUG - String sent: 2MS=256

2022-11-18 22:24:29,519 - rotary_actuator - DEBUG - String sent: 2PR MS

2022-11-18 22:24:29,620 - rotary_actuator - ERROR - Set MS=256 failed
2022-11-18 22:24:29,621 - rotary_actuator - DEBUG - String sent: 2A=500

2022-11-18 22:24:29,621 - rotary_actuator - DEBUG - String sent: 2PR A

2022-11-18 22:24:29,722 - rotary_actuator - ERROR - Set A=500 failed
2022-11-18 22:24:29,722 - rotary_actuator - DEBUG - String sent: 2D=500

2022-11-18 22:24:29,723 - rotary_actuator - DEBUG - String sent: 2PR D

2022-11-18 22:24:29,824 - rotary_actuator - ERROR - Set D=500 failed
2022-11-18 22:24:29,824 - rotary_actuator - DEBUG - String sent: 2VI=500

2022-11-18 22:24:29,825 - rotary_actuator - DEBUG - String sent: 2PR VI

2022-11-18 22:24:29,926 - rotary_actuator - ERROR - Set VI=500 failed
2022-11-18 22:24:29,926 - rotary_actuator - DEBUG - String sent: 2VM=1000

2022-11-18 22:24:29,926 - rotary_actuator - DEBUG - String sent: 2PR VM

2022-11-18 22:24:30,028 - rotary_actuator - ERROR - Set VM=1000 failed
2022-11-18 22:24:30,028 - rotary_actuator - DEBUG - String sent: 2HC=5

2022-11-18 22:24:30,028 - rotary_actuator - DEBUG - String sent: 2PR HC

2022-11-18 22:24:30,129 - rotary_actuator - ERROR - Set HC=5 failed
2022-11-18 22:24:30,130 - rotary_actuator - DEBUG - String sent: 2RC=90

2022-11-18 22:24:30,130 - rotary_actuator - DEBUG - String sent: 2PR RC

2022-11-18 22:24:30,231 - rotary_actuator - ERROR - Set RC=90 failed
2022-11-18 22:24:30,232 - rotary_actuator - DEBUG - String sent: 2EE=1

2022-11-18 22:24:30,232 - rotary_actuator - DEBUG - String sent: 2PR EE

2022-11-18 22:24:30,333 - rotary_actuator - ERROR - Set EE=1 failed
2022-11-18 22:24:30,334 - rotary_actuator - DEBUG - String sent: 2S3=0,0,0

2022-11-18 22:24:30,334 - rotary_actuator - DEBUG - String sent: 2PR S3

2022-11-18 22:24:30,434 - rotary_actuator - ERROR - Set S3=0,0,0 failed
2022-11-18 22:24:30,435 - rotary_actuator - DEBUG - String sent: 2S4=0,0,0

2022-11-18 22:24:30,435 - rotary_actuator - DEBUG - String sent: 2PR S4

2022-11-18 22:24:30,536 - rotary_actuator - ERROR - Set S4=0,0,0 failed
2022-11-18 22:24:30,536 - rotary_actuator - INFO - Set S1 and S2 as limit switches
2022-11-18 22:24:30,537 - rotary_actuator - DEBUG - String sent: 2S1=2,0,0

2022-11-18 22:24:30,537 - rotary_actuator - DEBUG - String sent: 2PR S1

2022-11-18 22:24:30,638 - rotary_actuator - ERROR - Set S1=2,0,0 failed
2022-11-18 22:24:30,638 - rotary_actuator - DEBUG - String sent: 2S2=3,0,0

2022-11-18 22:24:30,639 - rotary_actuator - DEBUG - String sent: 2PR S2

2022-11-18 22:24:30,740 - rotary_actuator - ERROR - Set S2=3,0,0 failed
2022-11-18 22:24:31,241 - rotary_actuator - INFO - limit switches were not set correctly
2022-11-18 22:24:31,242 - rotary_actuator - INFO - Set S1 and S2 as limit switches
2022-11-18 22:24:31,242 - rotary_actuator - DEBUG - String sent: 2S1=2,0,0

2022-11-18 22:24:31,243 - rotary_actuator - DEBUG - String sent: 2PR S1

2022-11-18 22:24:31,344 - rotary_actuator - ERROR - Set S1=2,0,0 failed
2022-11-18 22:24:31,344 - rotary_actuator - DEBUG - String sent: 2S2=3,0,0

2022-11-18 22:24:31,344 - rotary_actuator - DEBUG - String sent: 2PR S2

2022-11-18 22:24:31,445 - rotary_actuator - ERROR - Set S2=3,0,0 failed
2022-11-18 22:24:31,946 - rotary_actuator - INFO - limit switches were not set correctly
2022-11-18 22:24:31,947 - rotary_actuator - INFO - Set S1 and S2 as limit switches
2022-11-18 22:24:31,947 - rotary_actuator - DEBUG - String sent: 2S1=2,0,0

2022-11-18 22:24:31,947 - rotary_actuator - DEBUG - String sent: 2PR S1

2022-11-18 22:24:32,048 - rotary_actuator - ERROR - Set S1=2,0,0 failed
2022-11-18 22:24:32,049 - rotary_actuator - DEBUG - String sent: 2S2=3,0,0

2022-11-18 22:24:32,049 - rotary_actuator - DEBUG - String sent: 2PR S2

2022-11-18 22:24:32,150 - rotary_actuator - ERROR - Set S2=3,0,0 failed
2022-11-18 22:24:32,652 - rotary_actuator - INFO - limit switches were not set correctly
2022-11-18 22:24:32,652 - rotary_actuator - INFO - Set S1 and S2 as limit switches
2022-11-18 22:24:32,653 - rotary_actuator - DEBUG - String sent: 2S1=2,0,0

2022-11-18 22:24:32,653 - rotary_actuator - DEBUG - String sent: 2PR S1

2022-11-18 22:24:32,754 - rotary_actuator - ERROR - Set S1=2,0,0 failed
2022-11-18 22:24:32,755 - rotary_actuator - DEBUG - String sent: 2S2=3,0,0

2022-11-18 22:24:32,755 - rotary_actuator - DEBUG - String sent: 2PR S2

2022-11-18 22:24:32,856 - rotary_actuator - ERROR - Set S2=3,0,0 failed
2022-11-18 22:24:33,357 - rotary_actuator - INFO - limit switches were not set correctly
2022-11-18 22:24:33,357 - rotary_actuator - ERROR - Setting the limit switch failed 5 times -> exiting
