2022-11-21 11:52:07,708 - rotary_actuator - INFO - started logger
2022-11-21 11:52:07,708 - rotary_actuator - INFO - CAUTION USING NON SPECIFIC CONFIG FILES
2022-11-21 11:52:07,708 - rotary_actuator - INFO - Using config file (/home/shivaraj/Desktop/SBN/Pyhton2_to_3/SBND_laser_control/workspace/RunControl/devices/config/config_rotary_actuator.json)
2022-11-21 11:52:11,178 - rotary_actuator - INFO - CAUTION USING NON SPECIFIC CONFIG FILES
2022-11-21 11:52:11,179 - rotary_actuator - INFO - Using config file (/home/shivaraj/Desktop/SBN/Pyhton2_to_3/SBND_laser_control/workspace/RunControl/devices/config/com_ports.json)
2022-11-21 11:52:12,181 - rotary_actuator - INFO - Com port (/dev/ttyUSB0) opened
2022-11-21 11:52:12,182 - rotary_actuator - INFO - ---------------- init axis -----------------
2022-11-21 11:52:12,183 - rotary_actuator - DEBUG - String sent: 2MS=256

2022-11-21 11:52:12,183 - rotary_actuator - DEBUG - String sent: 2PR MS

2022-11-21 11:52:12,284 - rotary_actuator - INFO - Set MS=256[92m -> OK[0m
2022-11-21 11:52:12,284 - rotary_actuator - DEBUG - String sent: 2A=500

2022-11-21 11:52:12,285 - rotary_actuator - DEBUG - String sent: 2PR A

2022-11-21 11:52:12,386 - rotary_actuator - INFO - Set A=500[92m -> OK[0m
2022-11-21 11:52:12,386 - rotary_actuator - DEBUG - String sent: 2D=500

2022-11-21 11:52:12,387 - rotary_actuator - DEBUG - String sent: 2PR D

2022-11-21 11:52:12,488 - rotary_actuator - INFO - Set D=500[92m -> OK[0m
2022-11-21 11:52:12,488 - rotary_actuator - DEBUG - String sent: 2VI=200

2022-11-21 11:52:12,489 - rotary_actuator - DEBUG - String sent: 2PR VI

2022-11-21 11:52:12,590 - rotary_actuator - INFO - Set VI=200[92m -> OK[0m
2022-11-21 11:52:12,590 - rotary_actuator - DEBUG - String sent: 2VM=800

2022-11-21 11:52:12,590 - rotary_actuator - DEBUG - String sent: 2PR VM

2022-11-21 11:52:12,691 - rotary_actuator - INFO - Set VM=800[92m -> OK[0m
2022-11-21 11:52:12,692 - rotary_actuator - DEBUG - String sent: 2HC=5

2022-11-21 11:52:12,692 - rotary_actuator - DEBUG - String sent: 2PR HC

2022-11-21 11:52:12,793 - rotary_actuator - INFO - Set HC=5[92m -> OK[0m
2022-11-21 11:52:12,793 - rotary_actuator - DEBUG - String sent: 2RC=90

2022-11-21 11:52:12,794 - rotary_actuator - DEBUG - String sent: 2PR RC

2022-11-21 11:52:12,895 - rotary_actuator - INFO - Set RC=90[92m -> OK[0m
2022-11-21 11:52:12,895 - rotary_actuator - DEBUG - String sent: 2EE=1

2022-11-21 11:52:12,895 - rotary_actuator - DEBUG - String sent: 2PR EE

2022-11-21 11:52:12,996 - rotary_actuator - INFO - Set EE=1[92m -> OK[0m
2022-11-21 11:52:12,997 - rotary_actuator - DEBUG - String sent: 2S3=0,0,0

2022-11-21 11:52:12,997 - rotary_actuator - DEBUG - String sent: 2PR S3

2022-11-21 11:52:13,098 - rotary_actuator - INFO - Set S3=0,0,0[92m -> OK[0m
2022-11-21 11:52:13,099 - rotary_actuator - DEBUG - String sent: 2S4=0,0,0

2022-11-21 11:52:13,099 - rotary_actuator - DEBUG - String sent: 2PR S4

2022-11-21 11:52:13,200 - rotary_actuator - INFO - Set S4=0,0,0[92m -> OK[0m
2022-11-21 11:52:13,200 - rotary_actuator - INFO - Set S1 and S2 as limit switches
2022-11-21 11:52:13,201 - rotary_actuator - DEBUG - String sent: 2S1=2,0,0

2022-11-21 11:52:13,201 - rotary_actuator - DEBUG - String sent: 2PR S1

2022-11-21 11:52:13,302 - rotary_actuator - INFO - Set S1=2,0,0[92m -> OK[0m
2022-11-21 11:52:13,302 - rotary_actuator - DEBUG - String sent: 2S2=3,0,0

2022-11-21 11:52:13,302 - rotary_actuator - DEBUG - String sent: 2PR S2

2022-11-21 11:52:13,403 - rotary_actuator - INFO - Set S2=3,0,0[92m -> OK[0m
2022-11-21 11:52:18,685 - rotary_actuator - INFO - Moving 1000 microsteps
2022-11-21 11:52:18,686 - rotary_actuator - DEBUG - String sent: 2MR 1000

2022-11-21 11:52:23,638 - rotary_actuator - INFO - Moving -1000 microsteps
2022-11-21 11:52:23,638 - rotary_actuator - DEBUG - String sent: 2MR -1000

