2022-11-18 22:00:54,129 - rotary_actuator - INFO - started logger
2022-11-18 22:00:54,129 - rotary_actuator - INFO - CAUTION USING NON SPECIFIC CONFIG FILES
2022-11-18 22:00:54,129 - rotary_actuator - INFO - Using config file (/home/shivaraj/Desktop/SBN/Pyhton2_to_3/SBND_laser_control/workspace/RunControl/devices/config/config_rotary_actuator.json)
2022-11-18 22:00:56,133 - rotary_actuator - INFO - CAUTION USING NON SPECIFIC CONFIG FILES
2022-11-18 22:00:56,134 - rotary_actuator - INFO - Using config file (/home/shivaraj/Desktop/SBN/Pyhton2_to_3/SBND_laser_control/workspace/RunControl/devices/config/com_ports.json)
2022-11-18 22:00:57,136 - rotary_actuator - INFO - Com port (/dev/ttyUSB0) opened
2022-11-18 22:00:57,136 - rotary_actuator - INFO - ---------------- init axis -----------------
2022-11-18 22:00:57,136 - rotary_actuator - DEBUG - String sent: 2MS=256

2022-11-18 22:00:57,136 - rotary_actuator - DEBUG - String sent: 2PR MS

2022-11-18 22:00:57,236 - rotary_actuator - ERROR - Set MS=256 failed
2022-11-18 22:00:57,236 - rotary_actuator - DEBUG - String sent: 2A=500

2022-11-18 22:00:57,237 - rotary_actuator - DEBUG - String sent: 2PR A

2022-11-18 22:00:57,337 - rotary_actuator - ERROR - Set A=500 failed
2022-11-18 22:00:57,337 - rotary_actuator - DEBUG - String sent: 2D=500

2022-11-18 22:00:57,337 - rotary_actuator - DEBUG - String sent: 2PR D

2022-11-18 22:00:57,438 - rotary_actuator - ERROR - Set D=500 failed
2022-11-18 22:00:57,438 - rotary_actuator - DEBUG - String sent: 2VI=500

2022-11-18 22:00:57,439 - rotary_actuator - DEBUG - String sent: 2PR VI

2022-11-18 22:00:57,540 - rotary_actuator - ERROR - Set VI=500 failed
2022-11-18 22:00:57,540 - rotary_actuator - DEBUG - String sent: 2VM=1000

2022-11-18 22:00:57,541 - rotary_actuator - DEBUG - String sent: 2PR VM

2022-11-18 22:00:57,642 - rotary_actuator - ERROR - Set VM=1000 failed
2022-11-18 22:00:57,642 - rotary_actuator - DEBUG - String sent: 2HC=5

2022-11-18 22:00:57,642 - rotary_actuator - DEBUG - String sent: 2PR HC

2022-11-18 22:00:57,743 - rotary_actuator - ERROR - Set HC=5 failed
2022-11-18 22:00:57,744 - rotary_actuator - DEBUG - String sent: 2RC=90

2022-11-18 22:00:57,744 - rotary_actuator - DEBUG - String sent: 2PR RC

2022-11-18 22:00:57,845 - rotary_actuator - ERROR - Set RC=90 failed
2022-11-18 22:00:57,845 - rotary_actuator - DEBUG - String sent: 2EE=1

2022-11-18 22:00:57,846 - rotary_actuator - DEBUG - String sent: 2PR EE

2022-11-18 22:00:57,946 - rotary_actuator - ERROR - Set EE=1 failed
2022-11-18 22:00:57,947 - rotary_actuator - DEBUG - String sent: 2S3=0,0,0

2022-11-18 22:00:57,947 - rotary_actuator - DEBUG - String sent: 2PR S3

2022-11-18 22:00:58,048 - rotary_actuator - ERROR - Set S3=0,0,0 failed
2022-11-18 22:00:58,049 - rotary_actuator - DEBUG - String sent: 2S4=0,0,0

2022-11-18 22:00:58,049 - rotary_actuator - DEBUG - String sent: 2PR S4

2022-11-18 22:00:58,150 - rotary_actuator - ERROR - Set S4=0,0,0 failed
2022-11-18 22:00:58,150 - rotary_actuator - INFO - Set S1 and S2 as limit switches
2022-11-18 22:00:58,151 - rotary_actuator - DEBUG - String sent: 2S1=2,0,0

2022-11-18 22:00:58,151 - rotary_actuator - DEBUG - String sent: 2PR S1

2022-11-18 22:00:58,252 - rotary_actuator - ERROR - Set S1=2,0,0 failed
2022-11-18 22:00:58,252 - rotary_actuator - DEBUG - String sent: 2S2=3,0,0

2022-11-18 22:00:58,253 - rotary_actuator - DEBUG - String sent: 2PR S2

2022-11-18 22:00:58,354 - rotary_actuator - ERROR - Set S2=3,0,0 failed
2022-11-18 22:00:58,855 - rotary_actuator - INFO - limit switches were not set correctly
2022-11-18 22:00:58,855 - rotary_actuator - INFO - Set S1 and S2 as limit switches
2022-11-18 22:00:58,856 - rotary_actuator - DEBUG - String sent: 2S1=2,0,0

2022-11-18 22:00:58,856 - rotary_actuator - DEBUG - String sent: 2PR S1

2022-11-18 22:00:58,957 - rotary_actuator - ERROR - Set S1=2,0,0 failed
2022-11-18 22:00:58,957 - rotary_actuator - DEBUG - String sent: 2S2=3,0,0

2022-11-18 22:00:58,957 - rotary_actuator - DEBUG - String sent: 2PR S2

2022-11-18 22:00:59,058 - rotary_actuator - ERROR - Set S2=3,0,0 failed
2022-11-18 22:00:59,560 - rotary_actuator - INFO - limit switches were not set correctly
2022-11-18 22:00:59,560 - rotary_actuator - INFO - Set S1 and S2 as limit switches
2022-11-18 22:00:59,561 - rotary_actuator - DEBUG - String sent: 2S1=2,0,0

2022-11-18 22:00:59,561 - rotary_actuator - DEBUG - String sent: 2PR S1

2022-11-18 22:00:59,662 - rotary_actuator - ERROR - Set S1=2,0,0 failed
2022-11-18 22:00:59,662 - rotary_actuator - DEBUG - String sent: 2S2=3,0,0

2022-11-18 22:00:59,663 - rotary_actuator - DEBUG - String sent: 2PR S2

2022-11-18 22:00:59,763 - rotary_actuator - ERROR - Set S2=3,0,0 failed
2022-11-18 22:01:00,264 - rotary_actuator - INFO - limit switches were not set correctly
2022-11-18 22:01:00,264 - rotary_actuator - INFO - Set S1 and S2 as limit switches
2022-11-18 22:01:00,265 - rotary_actuator - DEBUG - String sent: 2S1=2,0,0

2022-11-18 22:01:00,265 - rotary_actuator - DEBUG - String sent: 2PR S1

2022-11-18 22:01:00,366 - rotary_actuator - ERROR - Set S1=2,0,0 failed
2022-11-18 22:01:00,366 - rotary_actuator - DEBUG - String sent: 2S2=3,0,0

2022-11-18 22:01:00,367 - rotary_actuator - DEBUG - String sent: 2PR S2

2022-11-18 22:01:00,468 - rotary_actuator - ERROR - Set S2=3,0,0 failed
2022-11-18 22:01:00,969 - rotary_actuator - INFO - limit switches were not set correctly
2022-11-18 22:01:00,969 - rotary_actuator - ERROR - Setting the limit switch failed 5 times -> exiting
