2022-11-18 21:52:53,379 - rotary_actuator - INFO - started logger
2022-11-18 21:52:53,380 - rotary_actuator - INFO - CAUTION USING NON SPECIFIC CONFIG FILES
2022-11-18 21:52:53,380 - rotary_actuator - INFO - Using config file (/home/shivaraj/Desktop/SBN/Pyhton2_to_3/SBND_laser_control/workspace/RunControl/devices/config/config_rotary_actuator.json)
2022-11-18 21:52:55,198 - rotary_actuator - INFO - CAUTION USING NON SPECIFIC CONFIG FILES
2022-11-18 21:52:55,198 - rotary_actuator - INFO - Using config file (/home/shivaraj/Desktop/SBN/Pyhton2_to_3/SBND_laser_control/workspace/RunControl/devices/config/com_ports.json)
2022-11-18 21:52:56,202 - rotary_actuator - INFO - Com port (/dev/ttyUSB0) opened
2022-11-18 21:52:56,202 - rotary_actuator - INFO - ---------------- init axis -----------------
2022-11-18 21:52:56,203 - rotary_actuator - DEBUG - String sent: 2MS=256

2022-11-18 21:52:56,203 - rotary_actuator - DEBUG - String sent: 2PR MS

2022-11-18 21:52:56,304 - rotary_actuator - ERROR - Set MS=256 failed
2022-11-18 21:52:56,304 - rotary_actuator - DEBUG - String sent: 2A=500

2022-11-18 21:52:56,305 - rotary_actuator - DEBUG - String sent: 2PR A

2022-11-18 21:52:56,405 - rotary_actuator - ERROR - Set A=500 failed
2022-11-18 21:52:56,405 - rotary_actuator - DEBUG - String sent: 2D=500

2022-11-18 21:52:56,405 - rotary_actuator - DEBUG - String sent: 2PR D

2022-11-18 21:52:56,506 - rotary_actuator - ERROR - Set D=500 failed
2022-11-18 21:52:56,507 - rotary_actuator - DEBUG - String sent: 2VI=500

2022-11-18 21:52:56,507 - rotary_actuator - DEBUG - String sent: 2PR VI

2022-11-18 21:52:56,608 - rotary_actuator - ERROR - Set VI=500 failed
2022-11-18 21:52:56,608 - rotary_actuator - DEBUG - String sent: 2VM=1000

2022-11-18 21:52:56,609 - rotary_actuator - DEBUG - String sent: 2PR VM

2022-11-18 21:52:56,710 - rotary_actuator - ERROR - Set VM=1000 failed
2022-11-18 21:52:56,710 - rotary_actuator - DEBUG - String sent: 2HC=5

2022-11-18 21:52:56,711 - rotary_actuator - DEBUG - String sent: 2PR HC

2022-11-18 21:52:56,812 - rotary_actuator - ERROR - Set HC=5 failed
2022-11-18 21:52:56,812 - rotary_actuator - DEBUG - String sent: 2RC=90

2022-11-18 21:52:56,812 - rotary_actuator - DEBUG - String sent: 2PR RC

2022-11-18 21:52:56,913 - rotary_actuator - ERROR - Set RC=90 failed
2022-11-18 21:52:56,914 - rotary_actuator - DEBUG - String sent: 2EE=1

2022-11-18 21:52:56,914 - rotary_actuator - DEBUG - String sent: 2PR EE

2022-11-18 21:52:57,015 - rotary_actuator - ERROR - Set EE=1 failed
2022-11-18 21:52:57,016 - rotary_actuator - DEBUG - String sent: 2S3=0,0,0

2022-11-18 21:52:57,016 - rotary_actuator - DEBUG - String sent: 2PR S3

2022-11-18 21:52:57,117 - rotary_actuator - ERROR - Set S3=0,0,0 failed
2022-11-18 21:52:57,117 - rotary_actuator - DEBUG - String sent: 2S4=0,0,0

2022-11-18 21:52:57,118 - rotary_actuator - DEBUG - String sent: 2PR S4

2022-11-18 21:52:57,219 - rotary_actuator - ERROR - Set S4=0,0,0 failed
2022-11-18 21:52:57,219 - rotary_actuator - INFO - Set S1 and S2 as limit switches
2022-11-18 21:52:57,219 - rotary_actuator - DEBUG - String sent: 2S1=2,0,0

2022-11-18 21:52:57,220 - rotary_actuator - DEBUG - String sent: 2PR S1

2022-11-18 21:52:57,320 - rotary_actuator - ERROR - Set S1=2,0,0 failed
2022-11-18 21:52:57,321 - rotary_actuator - DEBUG - String sent: 2S2=3,0,0

2022-11-18 21:52:57,328 - rotary_actuator - DEBUG - String sent: 2PR S2

2022-11-18 21:52:57,429 - rotary_actuator - ERROR - Set S2=3,0,0 failed
2022-11-18 21:52:57,930 - rotary_actuator - INFO - limit switches were not set correctly
2022-11-18 21:52:57,930 - rotary_actuator - INFO - Set S1 and S2 as limit switches
2022-11-18 21:52:57,930 - rotary_actuator - DEBUG - String sent: 2S1=2,0,0

2022-11-18 21:52:57,930 - rotary_actuator - DEBUG - String sent: 2PR S1

2022-11-18 21:52:58,031 - rotary_actuator - ERROR - Set S1=2,0,0 failed
2022-11-18 21:52:58,031 - rotary_actuator - DEBUG - String sent: 2S2=3,0,0

2022-11-18 21:52:58,031 - rotary_actuator - DEBUG - String sent: 2PR S2

2022-11-18 21:52:58,132 - rotary_actuator - ERROR - Set S2=3,0,0 failed
2022-11-18 21:52:58,633 - rotary_actuator - INFO - limit switches were not set correctly
2022-11-18 21:52:58,634 - rotary_actuator - INFO - Set S1 and S2 as limit switches
2022-11-18 21:52:58,634 - rotary_actuator - DEBUG - String sent: 2S1=2,0,0

2022-11-18 21:52:58,635 - rotary_actuator - DEBUG - String sent: 2PR S1

2022-11-18 21:52:58,736 - rotary_actuator - ERROR - Set S1=2,0,0 failed
2022-11-18 21:52:58,736 - rotary_actuator - DEBUG - String sent: 2S2=3,0,0

2022-11-18 21:52:58,737 - rotary_actuator - DEBUG - String sent: 2PR S2

2022-11-18 21:52:58,838 - rotary_actuator - ERROR - Set S2=3,0,0 failed
2022-11-18 21:52:59,339 - rotary_actuator - INFO - limit switches were not set correctly
2022-11-18 21:52:59,340 - rotary_actuator - INFO - Set S1 and S2 as limit switches
2022-11-18 21:52:59,340 - rotary_actuator - DEBUG - String sent: 2S1=2,0,0

2022-11-18 21:52:59,341 - rotary_actuator - DEBUG - String sent: 2PR S1

2022-11-18 21:52:59,442 - rotary_actuator - ERROR - Set S1=2,0,0 failed
2022-11-18 21:52:59,442 - rotary_actuator - DEBUG - String sent: 2S2=3,0,0

2022-11-18 21:52:59,443 - rotary_actuator - DEBUG - String sent: 2PR S2

2022-11-18 21:52:59,543 - rotary_actuator - ERROR - Set S2=3,0,0 failed
2022-11-18 21:53:00,044 - rotary_actuator - INFO - limit switches were not set correctly
2022-11-18 21:53:00,045 - rotary_actuator - ERROR - Setting the limit switch failed 5 times -> exiting
