2022-11-21 11:28:30,817 - rotary_actuator - INFO - started logger
2022-11-21 11:28:30,817 - rotary_actuator - INFO - CAUTION USING NON SPECIFIC CONFIG FILES
2022-11-21 11:28:30,817 - rotary_actuator - INFO - Using config file (/home/shivaraj/Desktop/SBN/Pyhton2_to_3/SBND_laser_control/workspace/RunControl/devices/config/config_rotary_actuator.json)
2022-11-21 11:28:33,984 - rotary_actuator - INFO - CAUTION USING NON SPECIFIC CONFIG FILES
2022-11-21 11:28:33,985 - rotary_actuator - INFO - Using config file (/home/shivaraj/Desktop/SBN/Pyhton2_to_3/SBND_laser_control/workspace/RunControl/devices/config/com_ports.json)
2022-11-21 11:28:34,988 - rotary_actuator - INFO - Com port (/dev/ttyUSB0) opened
2022-11-21 11:28:34,988 - rotary_actuator - INFO - ---------------- init axis -----------------
2022-11-21 11:28:34,989 - rotary_actuator - DEBUG - String sent: 2MS=256

2022-11-21 11:28:34,989 - rotary_actuator - DEBUG - String sent: 2PR MS

2022-11-21 11:28:35,090 - rotary_actuator - INFO - Set MS=256[92m -> OK[0m
2022-11-21 11:28:35,091 - rotary_actuator - DEBUG - String sent: 2A=500

2022-11-21 11:28:35,091 - rotary_actuator - DEBUG - String sent: 2PR A

2022-11-21 11:28:35,192 - rotary_actuator - INFO - Set A=500[92m -> OK[0m
2022-11-21 11:28:35,193 - rotary_actuator - DEBUG - String sent: 2D=500

2022-11-21 11:28:35,193 - rotary_actuator - DEBUG - String sent: 2PR D

2022-11-21 11:28:35,294 - rotary_actuator - INFO - Set D=500[92m -> OK[0m
2022-11-21 11:28:35,295 - rotary_actuator - DEBUG - String sent: 2VI=500

2022-11-21 11:28:35,295 - rotary_actuator - DEBUG - String sent: 2PR VI

2022-11-21 11:28:35,396 - rotary_actuator - INFO - Set VI=500[92m -> OK[0m
2022-11-21 11:28:35,397 - rotary_actuator - DEBUG - String sent: 2VM=1000

2022-11-21 11:28:35,397 - rotary_actuator - DEBUG - String sent: 2PR VM

2022-11-21 11:28:35,498 - rotary_actuator - INFO - Set VM=1000[92m -> OK[0m
2022-11-21 11:28:35,499 - rotary_actuator - DEBUG - String sent: 2HC=5

2022-11-21 11:28:35,499 - rotary_actuator - DEBUG - String sent: 2PR HC

2022-11-21 11:28:35,600 - rotary_actuator - INFO - Set HC=5[92m -> OK[0m
2022-11-21 11:28:35,601 - rotary_actuator - DEBUG - String sent: 2RC=90

2022-11-21 11:28:35,601 - rotary_actuator - DEBUG - String sent: 2PR RC

2022-11-21 11:28:35,702 - rotary_actuator - INFO - Set RC=90[92m -> OK[0m
2022-11-21 11:28:35,702 - rotary_actuator - DEBUG - String sent: 2EE=1

2022-11-21 11:28:35,703 - rotary_actuator - DEBUG - String sent: 2PR EE

2022-11-21 11:28:35,804 - rotary_actuator - INFO - Set EE=1[92m -> OK[0m
2022-11-21 11:28:35,804 - rotary_actuator - DEBUG - String sent: 2S3=0,0,0

2022-11-21 11:28:35,805 - rotary_actuator - DEBUG - String sent: 2PR S3

2022-11-21 11:28:35,906 - rotary_actuator - INFO - Set S3=0,0,0[92m -> OK[0m
2022-11-21 11:28:35,906 - rotary_actuator - DEBUG - String sent: 2S4=0,0,0

2022-11-21 11:28:35,907 - rotary_actuator - DEBUG - String sent: 2PR S4

2022-11-21 11:28:36,007 - rotary_actuator - INFO - Set S4=0,0,0[92m -> OK[0m
2022-11-21 11:28:36,008 - rotary_actuator - INFO - Set S1 and S2 as limit switches
2022-11-21 11:28:36,008 - rotary_actuator - DEBUG - String sent: 2S1=2,0,0

2022-11-21 11:28:36,009 - rotary_actuator - DEBUG - String sent: 2PR S1

2022-11-21 11:28:36,110 - rotary_actuator - INFO - Set S1=2,0,0[92m -> OK[0m
2022-11-21 11:28:36,110 - rotary_actuator - DEBUG - String sent: 2S2=3,0,0

2022-11-21 11:28:36,111 - rotary_actuator - DEBUG - String sent: 2PR S2

2022-11-21 11:28:36,212 - rotary_actuator - INFO - Set S2=3,0,0[92m -> OK[0m
