2022-11-25 14:55:08,989 - rotary_actuator - INFO - started logger
2022-11-25 14:55:08,989 - rotary_actuator - INFO - CAUTION USING NON SPECIFIC CONFIG FILES
2022-11-25 14:55:08,989 - rotary_actuator - INFO - Using config file (/home/shivaraj/Desktop/SBN/Pyhton2_to_3/SBND_laser_control/workspace/RunControl/devices/config/config_rotary_actuator.json)
2022-11-25 14:55:10,738 - rotary_actuator - INFO - CAUTION USING NON SPECIFIC CONFIG FILES
2022-11-25 14:55:10,739 - rotary_actuator - INFO - Using config file (/home/shivaraj/Desktop/SBN/Pyhton2_to_3/SBND_laser_control/workspace/RunControl/devices/config/com_ports.json)
2022-11-25 14:55:11,742 - rotary_actuator - INFO - Com port (/dev/ttyUSB0) opened
2022-11-25 14:55:11,742 - rotary_actuator - INFO - ---------------- init axis -----------------
2022-11-25 14:55:11,743 - rotary_actuator - DEBUG - String sent: 2MS=256

2022-11-25 14:55:11,743 - rotary_actuator - DEBUG - String sent: 2PR MS

2022-11-25 14:55:11,844 - rotary_actuator - ERROR - Set MS=256 failed
2022-11-25 14:55:11,844 - rotary_actuator - DEBUG - String sent: 2A=500

2022-11-25 14:55:11,845 - rotary_actuator - DEBUG - String sent: 2PR A

2022-11-25 14:55:11,945 - rotary_actuator - ERROR - Set A=500 failed
2022-11-25 14:55:11,945 - rotary_actuator - DEBUG - String sent: 2D=500

2022-11-25 14:55:11,946 - rotary_actuator - DEBUG - String sent: 2PR D

2022-11-25 14:55:12,046 - rotary_actuator - ERROR - Set D=500 failed
2022-11-25 14:55:12,046 - rotary_actuator - DEBUG - String sent: 2VI=200

2022-11-25 14:55:12,046 - rotary_actuator - DEBUG - String sent: 2PR VI

2022-11-25 14:55:12,147 - rotary_actuator - ERROR - Set VI=200 failed
2022-11-25 14:55:12,147 - rotary_actuator - DEBUG - String sent: 2VM=800

2022-11-25 14:55:12,148 - rotary_actuator - DEBUG - String sent: 2PR VM

2022-11-25 14:55:12,249 - rotary_actuator - ERROR - Set VM=800 failed
2022-11-25 14:55:12,249 - rotary_actuator - DEBUG - String sent: 2HC=5

2022-11-25 14:55:12,250 - rotary_actuator - DEBUG - String sent: 2PR HC

2022-11-25 14:55:12,351 - rotary_actuator - ERROR - Set HC=5 failed
2022-11-25 14:55:12,351 - rotary_actuator - DEBUG - String sent: 2RC=90

2022-11-25 14:55:12,352 - rotary_actuator - DEBUG - String sent: 2PR RC

2022-11-25 14:55:12,453 - rotary_actuator - ERROR - Set RC=90 failed
2022-11-25 14:55:12,453 - rotary_actuator - DEBUG - String sent: 2EE=1

2022-11-25 14:55:12,453 - rotary_actuator - DEBUG - String sent: 2PR EE

2022-11-25 14:55:12,554 - rotary_actuator - ERROR - Set EE=1 failed
2022-11-25 14:55:12,555 - rotary_actuator - DEBUG - String sent: 2S3=0,0,0

2022-11-25 14:55:12,555 - rotary_actuator - DEBUG - String sent: 2PR S3

2022-11-25 14:55:12,656 - rotary_actuator - ERROR - Set S3=0,0,0 failed
2022-11-25 14:55:12,657 - rotary_actuator - DEBUG - String sent: 2S4=0,0,0

2022-11-25 14:55:12,657 - rotary_actuator - DEBUG - String sent: 2PR S4

2022-11-25 14:55:12,758 - rotary_actuator - ERROR - Set S4=0,0,0 failed
2022-11-25 14:55:12,759 - rotary_actuator - INFO - Set S1 and S2 as limit switches
2022-11-25 14:55:12,759 - rotary_actuator - DEBUG - String sent: 2S1=2,0,0

2022-11-25 14:55:12,759 - rotary_actuator - DEBUG - String sent: 2PR S1

2022-11-25 14:55:12,860 - rotary_actuator - ERROR - Set S1=2,0,0 failed
2022-11-25 14:55:12,860 - rotary_actuator - DEBUG - String sent: 2S2=3,0,0

2022-11-25 14:55:12,860 - rotary_actuator - DEBUG - String sent: 2PR S2

2022-11-25 14:55:12,960 - rotary_actuator - ERROR - Set S2=3,0,0 failed
2022-11-25 14:55:13,461 - rotary_actuator - INFO - limit switches were not set correctly
2022-11-25 14:55:13,462 - rotary_actuator - INFO - Set S1 and S2 as limit switches
2022-11-25 14:55:13,462 - rotary_actuator - DEBUG - String sent: 2S1=2,0,0

2022-11-25 14:55:13,463 - rotary_actuator - DEBUG - String sent: 2PR S1

2022-11-25 14:55:13,564 - rotary_actuator - ERROR - Set S1=2,0,0 failed
2022-11-25 14:55:13,564 - rotary_actuator - DEBUG - String sent: 2S2=3,0,0

2022-11-25 14:55:13,565 - rotary_actuator - DEBUG - String sent: 2PR S2

2022-11-25 14:55:13,666 - rotary_actuator - ERROR - Set S2=3,0,0 failed
2022-11-25 14:55:14,168 - rotary_actuator - INFO - limit switches were not set correctly
2022-11-25 14:55:14,168 - rotary_actuator - INFO - Set S1 and S2 as limit switches
2022-11-25 14:55:14,176 - rotary_actuator - DEBUG - String sent: 2S1=2,0,0

2022-11-25 14:55:14,177 - rotary_actuator - DEBUG - String sent: 2PR S1

2022-11-25 14:55:14,278 - rotary_actuator - ERROR - Set S1=2,0,0 failed
2022-11-25 14:55:14,278 - rotary_actuator - DEBUG - String sent: 2S2=3,0,0

2022-11-25 14:55:14,279 - rotary_actuator - DEBUG - String sent: 2PR S2

2022-11-25 14:55:14,379 - rotary_actuator - ERROR - Set S2=3,0,0 failed
2022-11-25 14:55:14,881 - rotary_actuator - INFO - limit switches were not set correctly
2022-11-25 14:55:14,881 - rotary_actuator - INFO - Set S1 and S2 as limit switches
2022-11-25 14:55:14,882 - rotary_actuator - DEBUG - String sent: 2S1=2,0,0

2022-11-25 14:55:14,882 - rotary_actuator - DEBUG - String sent: 2PR S1

2022-11-25 14:55:14,983 - rotary_actuator - ERROR - Set S1=2,0,0 failed
2022-11-25 14:55:14,984 - rotary_actuator - DEBUG - String sent: 2S2=3,0,0

2022-11-25 14:55:14,984 - rotary_actuator - DEBUG - String sent: 2PR S2

2022-11-25 14:55:15,085 - rotary_actuator - ERROR - Set S2=3,0,0 failed
2022-11-25 14:55:15,586 - rotary_actuator - INFO - limit switches were not set correctly
2022-11-25 14:55:15,587 - rotary_actuator - ERROR - Setting the limit switch failed 5 times -> exiting
