2022-11-25 15:33:16,703 - rotary_actuator - INFO - started logger
2022-11-25 15:33:16,703 - rotary_actuator - INFO - CAUTION USING NON SPECIFIC CONFIG FILES
2022-11-25 15:33:16,703 - rotary_actuator - INFO - Using config file (/home/shivaraj/Desktop/SBN/Pyhton2_to_3/SBND_laser_control/workspace/RunControl/devices/config/config_rotary_actuator.json)
2022-11-25 15:33:19,763 - rotary_actuator - INFO - CAUTION USING NON SPECIFIC CONFIG FILES
2022-11-25 15:33:19,763 - rotary_actuator - INFO - Using config file (/home/shivaraj/Desktop/SBN/Pyhton2_to_3/SBND_laser_control/workspace/RunControl/devices/config/com_ports.json)
2022-11-25 15:33:20,766 - rotary_actuator - INFO - Com port (/dev/ttyUSB0) opened
2022-11-25 15:33:20,766 - rotary_actuator - INFO - ---------------- init axis -----------------
2022-11-25 15:33:20,766 - rotary_actuator - DEBUG - String sent: 2MS=256

2022-11-25 15:33:20,766 - rotary_actuator - DEBUG - String sent: 2PR MS

2022-11-25 15:33:20,867 - rotary_actuator - INFO - Set MS=256[92m -> OK[0m
2022-11-25 15:33:20,868 - rotary_actuator - DEBUG - String sent: 2A=500

2022-11-25 15:33:20,868 - rotary_actuator - DEBUG - String sent: 2PR A

2022-11-25 15:33:20,969 - rotary_actuator - INFO - Set A=500[92m -> OK[0m
2022-11-25 15:33:20,969 - rotary_actuator - DEBUG - String sent: 2D=500

2022-11-25 15:33:20,970 - rotary_actuator - DEBUG - String sent: 2PR D

2022-11-25 15:33:21,071 - rotary_actuator - INFO - Set D=500[92m -> OK[0m
2022-11-25 15:33:21,071 - rotary_actuator - DEBUG - String sent: 2VI=200

2022-11-25 15:33:21,072 - rotary_actuator - DEBUG - String sent: 2PR VI

2022-11-25 15:33:21,172 - rotary_actuator - INFO - Set VI=200[92m -> OK[0m
2022-11-25 15:33:21,173 - rotary_actuator - DEBUG - String sent: 2VM=800

2022-11-25 15:33:21,173 - rotary_actuator - DEBUG - String sent: 2PR VM

2022-11-25 15:33:21,274 - rotary_actuator - INFO - Set VM=800[92m -> OK[0m
2022-11-25 15:33:21,275 - rotary_actuator - DEBUG - String sent: 2HC=5

2022-11-25 15:33:21,275 - rotary_actuator - DEBUG - String sent: 2PR HC

2022-11-25 15:33:21,376 - rotary_actuator - INFO - Set HC=5[92m -> OK[0m
2022-11-25 15:33:21,377 - rotary_actuator - DEBUG - String sent: 2RC=90

2022-11-25 15:33:21,377 - rotary_actuator - DEBUG - String sent: 2PR RC

2022-11-25 15:33:21,478 - rotary_actuator - INFO - Set RC=90[92m -> OK[0m
2022-11-25 15:33:21,479 - rotary_actuator - DEBUG - String sent: 2EE=1

2022-11-25 15:33:21,479 - rotary_actuator - DEBUG - String sent: 2PR EE

2022-11-25 15:33:21,580 - rotary_actuator - INFO - Set EE=1[92m -> OK[0m
2022-11-25 15:33:21,580 - rotary_actuator - DEBUG - String sent: 2S3=0,0,0

2022-11-25 15:33:21,581 - rotary_actuator - DEBUG - String sent: 2PR S3

2022-11-25 15:33:21,681 - rotary_actuator - INFO - Set S3=0,0,0[92m -> OK[0m
2022-11-25 15:33:21,681 - rotary_actuator - DEBUG - String sent: 2S4=0,0,0

2022-11-25 15:33:21,682 - rotary_actuator - DEBUG - String sent: 2PR S4

2022-11-25 15:33:21,782 - rotary_actuator - INFO - Set S4=0,0,0[92m -> OK[0m
2022-11-25 15:33:21,783 - rotary_actuator - INFO - Set S1 and S2 as limit switches
2022-11-25 15:33:21,783 - rotary_actuator - DEBUG - String sent: 2S1=2,0,0

2022-11-25 15:33:21,784 - rotary_actuator - DEBUG - String sent: 2PR S1

2022-11-25 15:33:21,884 - rotary_actuator - INFO - Set S1=2,0,0[92m -> OK[0m
2022-11-25 15:33:21,884 - rotary_actuator - DEBUG - String sent: 2S2=3,0,0

2022-11-25 15:33:21,884 - rotary_actuator - DEBUG - String sent: 2PR S2

2022-11-25 15:33:21,985 - rotary_actuator - INFO - Set S2=3,0,0[92m -> OK[0m
