2022-11-18 21:55:38,480 - rotary_actuator - INFO - started logger
2022-11-18 21:55:38,480 - rotary_actuator - INFO - CAUTION USING NON SPECIFIC CONFIG FILES
2022-11-18 21:55:38,480 - rotary_actuator - INFO - Using config file (/home/shivaraj/Desktop/SBN/Pyhton2_to_3/SBND_laser_control/workspace/RunControl/devices/config/config_rotary_actuator.json)
2022-11-18 21:55:40,505 - rotary_actuator - INFO - CAUTION USING NON SPECIFIC CONFIG FILES
2022-11-18 21:55:40,513 - rotary_actuator - INFO - Using config file (/home/shivaraj/Desktop/SBN/Pyhton2_to_3/SBND_laser_control/workspace/RunControl/devices/config/com_ports.json)
2022-11-18 21:55:41,516 - rotary_actuator - INFO - Com port (/dev/ttyUSB0) opened
2022-11-18 21:55:41,516 - rotary_actuator - INFO - ---------------- init axis -----------------
2022-11-18 21:55:41,516 - rotary_actuator - DEBUG - String sent: 2MS=256

2022-11-18 21:55:41,516 - rotary_actuator - DEBUG - String sent: 2PR MS

2022-11-18 21:55:41,616 - rotary_actuator - ERROR - Set MS=256 failed
2022-11-18 21:55:41,616 - rotary_actuator - DEBUG - String sent: 2A=500

2022-11-18 21:55:41,616 - rotary_actuator - DEBUG - String sent: 2PR A

2022-11-18 21:55:41,717 - rotary_actuator - ERROR - Set A=500 failed
2022-11-18 21:55:41,717 - rotary_actuator - DEBUG - String sent: 2D=500

2022-11-18 21:55:41,718 - rotary_actuator - DEBUG - String sent: 2PR D

2022-11-18 21:55:41,818 - rotary_actuator - ERROR - Set D=500 failed
2022-11-18 21:55:41,819 - rotary_actuator - DEBUG - String sent: 2VI=500

2022-11-18 21:55:41,819 - rotary_actuator - DEBUG - String sent: 2PR VI

2022-11-18 21:55:41,920 - rotary_actuator - ERROR - Set VI=500 failed
2022-11-18 21:55:41,920 - rotary_actuator - DEBUG - String sent: 2VM=1000

2022-11-18 21:55:41,921 - rotary_actuator - DEBUG - String sent: 2PR VM

2022-11-18 21:55:42,021 - rotary_actuator - ERROR - Set VM=1000 failed
2022-11-18 21:55:42,022 - rotary_actuator - DEBUG - String sent: 2HC=5

2022-11-18 21:55:42,022 - rotary_actuator - DEBUG - String sent: 2PR HC

2022-11-18 21:55:42,123 - rotary_actuator - ERROR - Set HC=5 failed
2022-11-18 21:55:42,124 - rotary_actuator - DEBUG - String sent: 2RC=90

2022-11-18 21:55:42,124 - rotary_actuator - DEBUG - String sent: 2PR RC

2022-11-18 21:55:42,224 - rotary_actuator - ERROR - Set RC=90 failed
2022-11-18 21:55:42,225 - rotary_actuator - DEBUG - String sent: 2EE=1

2022-11-18 21:55:42,225 - rotary_actuator - DEBUG - String sent: 2PR EE

2022-11-18 21:55:42,325 - rotary_actuator - ERROR - Set EE=1 failed
2022-11-18 21:55:42,326 - rotary_actuator - DEBUG - String sent: 2S3=0,0,0

2022-11-18 21:55:42,326 - rotary_actuator - DEBUG - String sent: 2PR S3

2022-11-18 21:55:42,427 - rotary_actuator - ERROR - Set S3=0,0,0 failed
2022-11-18 21:55:42,427 - rotary_actuator - DEBUG - String sent: 2S4=0,0,0

2022-11-18 21:55:42,427 - rotary_actuator - DEBUG - String sent: 2PR S4

2022-11-18 21:55:42,528 - rotary_actuator - ERROR - Set S4=0,0,0 failed
2022-11-18 21:55:42,528 - rotary_actuator - INFO - Set S1 and S2 as limit switches
2022-11-18 21:55:42,529 - rotary_actuator - DEBUG - String sent: 2S1=2,0,0

2022-11-18 21:55:42,529 - rotary_actuator - DEBUG - String sent: 2PR S1

2022-11-18 21:55:42,630 - rotary_actuator - ERROR - Set S1=2,0,0 failed
2022-11-18 21:55:42,630 - rotary_actuator - DEBUG - String sent: 2S2=3,0,0

2022-11-18 21:55:42,630 - rotary_actuator - DEBUG - String sent: 2PR S2

2022-11-18 21:55:42,731 - rotary_actuator - ERROR - Set S2=3,0,0 failed
2022-11-18 21:55:43,233 - rotary_actuator - INFO - limit switches were not set correctly
2022-11-18 21:55:43,233 - rotary_actuator - INFO - Set S1 and S2 as limit switches
2022-11-18 21:55:43,234 - rotary_actuator - DEBUG - String sent: 2S1=2,0,0

2022-11-18 21:55:43,234 - rotary_actuator - DEBUG - String sent: 2PR S1

2022-11-18 21:55:43,334 - rotary_actuator - ERROR - Set S1=2,0,0 failed
2022-11-18 21:55:43,335 - rotary_actuator - DEBUG - String sent: 2S2=3,0,0

2022-11-18 21:55:43,335 - rotary_actuator - DEBUG - String sent: 2PR S2

2022-11-18 21:55:43,436 - rotary_actuator - ERROR - Set S2=3,0,0 failed
2022-11-18 21:55:43,937 - rotary_actuator - INFO - limit switches were not set correctly
2022-11-18 21:55:43,938 - rotary_actuator - INFO - Set S1 and S2 as limit switches
2022-11-18 21:55:43,938 - rotary_actuator - DEBUG - String sent: 2S1=2,0,0

2022-11-18 21:55:43,939 - rotary_actuator - DEBUG - String sent: 2PR S1

2022-11-18 21:55:44,040 - rotary_actuator - ERROR - Set S1=2,0,0 failed
2022-11-18 21:55:44,040 - rotary_actuator - DEBUG - String sent: 2S2=3,0,0

2022-11-18 21:55:44,040 - rotary_actuator - DEBUG - String sent: 2PR S2

2022-11-18 21:55:44,140 - rotary_actuator - ERROR - Set S2=3,0,0 failed
2022-11-18 21:55:44,641 - rotary_actuator - INFO - limit switches were not set correctly
2022-11-18 21:55:44,642 - rotary_actuator - INFO - Set S1 and S2 as limit switches
2022-11-18 21:55:44,642 - rotary_actuator - DEBUG - String sent: 2S1=2,0,0

2022-11-18 21:55:44,643 - rotary_actuator - DEBUG - String sent: 2PR S1

2022-11-18 21:55:44,744 - rotary_actuator - ERROR - Set S1=2,0,0 failed
2022-11-18 21:55:44,744 - rotary_actuator - DEBUG - String sent: 2S2=3,0,0

2022-11-18 21:55:44,745 - rotary_actuator - DEBUG - String sent: 2PR S2

2022-11-18 21:55:44,846 - rotary_actuator - ERROR - Set S2=3,0,0 failed
2022-11-18 21:55:45,347 - rotary_actuator - INFO - limit switches were not set correctly
2022-11-18 21:55:45,347 - rotary_actuator - ERROR - Setting the limit switch failed 5 times -> exiting
