2022-11-18 22:20:38,849 - rotary_actuator - INFO - started logger
2022-11-18 22:20:38,849 - rotary_actuator - INFO - CAUTION USING NON SPECIFIC CONFIG FILES
2022-11-18 22:20:38,849 - rotary_actuator - INFO - Using config file (/home/shivaraj/Desktop/SBN/Pyhton2_to_3/SBND_laser_control/workspace/RunControl/devices/config/config_rotary_actuator.json)
2022-11-18 22:20:40,864 - rotary_actuator - INFO - CAUTION USING NON SPECIFIC CONFIG FILES
2022-11-18 22:20:40,873 - rotary_actuator - INFO - Using config file (/home/shivaraj/Desktop/SBN/Pyhton2_to_3/SBND_laser_control/workspace/RunControl/devices/config/com_ports.json)
2022-11-18 22:20:41,876 - rotary_actuator - INFO - Com port (/dev/ttyUSB0) opened
2022-11-18 22:20:41,876 - rotary_actuator - INFO - ---------------- init axis -----------------
2022-11-18 22:20:41,876 - rotary_actuator - DEBUG - String sent: 2MS=256

2022-11-18 22:20:41,876 - rotary_actuator - DEBUG - String sent: 2PR MS

2022-11-18 22:20:41,977 - rotary_actuator - ERROR - Set MS=256 failed
2022-11-18 22:20:41,978 - rotary_actuator - DEBUG - String sent: 2A=500

2022-11-18 22:20:41,978 - rotary_actuator - DEBUG - String sent: 2PR A

2022-11-18 22:20:42,079 - rotary_actuator - ERROR - Set A=500 failed
2022-11-18 22:20:42,080 - rotary_actuator - DEBUG - String sent: 2D=500

2022-11-18 22:20:42,080 - rotary_actuator - DEBUG - String sent: 2PR D

2022-11-18 22:20:42,181 - rotary_actuator - ERROR - Set D=500 failed
2022-11-18 22:20:42,181 - rotary_actuator - DEBUG - String sent: 2VI=500

2022-11-18 22:20:42,182 - rotary_actuator - DEBUG - String sent: 2PR VI

2022-11-18 22:20:42,282 - rotary_actuator - ERROR - Set VI=500 failed
2022-11-18 22:20:42,283 - rotary_actuator - DEBUG - String sent: 2VM=1000

2022-11-18 22:20:42,283 - rotary_actuator - DEBUG - String sent: 2PR VM

2022-11-18 22:20:42,384 - rotary_actuator - ERROR - Set VM=1000 failed
2022-11-18 22:20:42,384 - rotary_actuator - DEBUG - String sent: 2HC=5

2022-11-18 22:20:42,385 - rotary_actuator - DEBUG - String sent: 2PR HC

2022-11-18 22:20:42,486 - rotary_actuator - ERROR - Set HC=5 failed
2022-11-18 22:20:42,486 - rotary_actuator - DEBUG - String sent: 2RC=90

2022-11-18 22:20:42,486 - rotary_actuator - DEBUG - String sent: 2PR RC

2022-11-18 22:20:42,587 - rotary_actuator - ERROR - Set RC=90 failed
2022-11-18 22:20:42,588 - rotary_actuator - DEBUG - String sent: 2EE=1

2022-11-18 22:20:42,588 - rotary_actuator - DEBUG - String sent: 2PR EE

2022-11-18 22:20:42,689 - rotary_actuator - ERROR - Set EE=1 failed
2022-11-18 22:20:42,689 - rotary_actuator - DEBUG - String sent: 2S3=0,0,0

2022-11-18 22:20:42,690 - rotary_actuator - DEBUG - String sent: 2PR S3

2022-11-18 22:20:42,790 - rotary_actuator - ERROR - Set S3=0,0,0 failed
2022-11-18 22:20:42,791 - rotary_actuator - DEBUG - String sent: 2S4=0,0,0

2022-11-18 22:20:42,791 - rotary_actuator - DEBUG - String sent: 2PR S4

2022-11-18 22:20:42,891 - rotary_actuator - ERROR - Set S4=0,0,0 failed
2022-11-18 22:20:42,891 - rotary_actuator - INFO - Set S1 and S2 as limit switches
2022-11-18 22:20:42,891 - rotary_actuator - DEBUG - String sent: 2S1=2,0,0

2022-11-18 22:20:42,891 - rotary_actuator - DEBUG - String sent: 2PR S1

2022-11-18 22:20:42,992 - rotary_actuator - ERROR - Set S1=2,0,0 failed
2022-11-18 22:20:42,993 - rotary_actuator - DEBUG - String sent: 2S2=3,0,0

2022-11-18 22:20:42,993 - rotary_actuator - DEBUG - String sent: 2PR S2

2022-11-18 22:20:43,094 - rotary_actuator - ERROR - Set S2=3,0,0 failed
2022-11-18 22:20:43,595 - rotary_actuator - INFO - limit switches were not set correctly
2022-11-18 22:20:43,595 - rotary_actuator - INFO - Set S1 and S2 as limit switches
2022-11-18 22:20:43,596 - rotary_actuator - DEBUG - String sent: 2S1=2,0,0

2022-11-18 22:20:43,596 - rotary_actuator - DEBUG - String sent: 2PR S1

2022-11-18 22:20:43,697 - rotary_actuator - ERROR - Set S1=2,0,0 failed
2022-11-18 22:20:43,698 - rotary_actuator - DEBUG - String sent: 2S2=3,0,0

2022-11-18 22:20:43,698 - rotary_actuator - DEBUG - String sent: 2PR S2

2022-11-18 22:20:43,799 - rotary_actuator - ERROR - Set S2=3,0,0 failed
2022-11-18 22:20:44,300 - rotary_actuator - INFO - limit switches were not set correctly
2022-11-18 22:20:44,300 - rotary_actuator - INFO - Set S1 and S2 as limit switches
2022-11-18 22:20:44,301 - rotary_actuator - DEBUG - String sent: 2S1=2,0,0

2022-11-18 22:20:44,301 - rotary_actuator - DEBUG - String sent: 2PR S1

2022-11-18 22:20:44,402 - rotary_actuator - ERROR - Set S1=2,0,0 failed
2022-11-18 22:20:44,403 - rotary_actuator - DEBUG - String sent: 2S2=3,0,0

2022-11-18 22:20:44,403 - rotary_actuator - DEBUG - String sent: 2PR S2

2022-11-18 22:20:44,504 - rotary_actuator - ERROR - Set S2=3,0,0 failed
2022-11-18 22:20:45,006 - rotary_actuator - INFO - limit switches were not set correctly
2022-11-18 22:20:45,006 - rotary_actuator - INFO - Set S1 and S2 as limit switches
2022-11-18 22:20:45,007 - rotary_actuator - DEBUG - String sent: 2S1=2,0,0

2022-11-18 22:20:45,007 - rotary_actuator - DEBUG - String sent: 2PR S1

2022-11-18 22:20:45,108 - rotary_actuator - ERROR - Set S1=2,0,0 failed
2022-11-18 22:20:45,109 - rotary_actuator - DEBUG - String sent: 2S2=3,0,0

2022-11-18 22:20:45,109 - rotary_actuator - DEBUG - String sent: 2PR S2

2022-11-18 22:20:45,210 - rotary_actuator - ERROR - Set S2=3,0,0 failed
2022-11-18 22:20:45,711 - rotary_actuator - INFO - limit switches were not set correctly
2022-11-18 22:20:45,712 - rotary_actuator - ERROR - Setting the limit switch failed 5 times -> exiting
