2022-11-18 22:09:03,297 - rotary_actuator - INFO - started logger
2022-11-18 22:09:03,297 - rotary_actuator - INFO - CAUTION USING NON SPECIFIC CONFIG FILES
2022-11-18 22:09:03,297 - rotary_actuator - INFO - Using config file (/home/shivaraj/Desktop/SBN/Pyhton2_to_3/SBND_laser_control/workspace/RunControl/devices/config/config_rotary_actuator.json)
2022-11-18 22:09:05,600 - rotary_actuator - INFO - CAUTION USING NON SPECIFIC CONFIG FILES
2022-11-18 22:09:05,601 - rotary_actuator - INFO - Using config file (/home/shivaraj/Desktop/SBN/Pyhton2_to_3/SBND_laser_control/workspace/RunControl/devices/config/com_ports.json)
2022-11-18 22:09:06,604 - rotary_actuator - INFO - Com port (/dev/ttyUSB0) opened
2022-11-18 22:09:06,604 - rotary_actuator - INFO - ---------------- init axis -----------------
2022-11-18 22:09:06,605 - rotary_actuator - DEBUG - String sent: 2MS=256

2022-11-18 22:09:06,605 - rotary_actuator - DEBUG - String sent: 2PR MS

2022-11-18 22:09:06,706 - rotary_actuator - ERROR - Set MS=256 failed
2022-11-18 22:09:06,707 - rotary_actuator - DEBUG - String sent: 2A=500

2022-11-18 22:09:06,707 - rotary_actuator - DEBUG - String sent: 2PR A

2022-11-18 22:09:06,808 - rotary_actuator - ERROR - Set A=500 failed
2022-11-18 22:09:06,808 - rotary_actuator - DEBUG - String sent: 2D=500

2022-11-18 22:09:06,809 - rotary_actuator - DEBUG - String sent: 2PR D

2022-11-18 22:09:06,910 - rotary_actuator - ERROR - Set D=500 failed
2022-11-18 22:09:06,910 - rotary_actuator - DEBUG - String sent: 2VI=500

2022-11-18 22:09:06,910 - rotary_actuator - DEBUG - String sent: 2PR VI

2022-11-18 22:09:07,011 - rotary_actuator - ERROR - Set VI=500 failed
2022-11-18 22:09:07,012 - rotary_actuator - DEBUG - String sent: 2VM=1000

2022-11-18 22:09:07,012 - rotary_actuator - DEBUG - String sent: 2PR VM

2022-11-18 22:09:07,113 - rotary_actuator - ERROR - Set VM=1000 failed
2022-11-18 22:09:07,113 - rotary_actuator - DEBUG - String sent: 2HC=5

2022-11-18 22:09:07,114 - rotary_actuator - DEBUG - String sent: 2PR HC

2022-11-18 22:09:07,215 - rotary_actuator - ERROR - Set HC=5 failed
2022-11-18 22:09:07,215 - rotary_actuator - DEBUG - String sent: 2RC=90

2022-11-18 22:09:07,215 - rotary_actuator - DEBUG - String sent: 2PR RC

2022-11-18 22:09:07,316 - rotary_actuator - ERROR - Set RC=90 failed
2022-11-18 22:09:07,316 - rotary_actuator - DEBUG - String sent: 2EE=1

2022-11-18 22:09:07,316 - rotary_actuator - DEBUG - String sent: 2PR EE

2022-11-18 22:09:07,417 - rotary_actuator - ERROR - Set EE=1 failed
2022-11-18 22:09:07,418 - rotary_actuator - DEBUG - String sent: 2S3=0,0,0

2022-11-18 22:09:07,418 - rotary_actuator - DEBUG - String sent: 2PR S3

2022-11-18 22:09:07,519 - rotary_actuator - ERROR - Set S3=0,0,0 failed
2022-11-18 22:09:07,519 - rotary_actuator - DEBUG - String sent: 2S4=0,0,0

2022-11-18 22:09:07,520 - rotary_actuator - DEBUG - String sent: 2PR S4

2022-11-18 22:09:07,621 - rotary_actuator - ERROR - Set S4=0,0,0 failed
2022-11-18 22:09:07,621 - rotary_actuator - INFO - Set S1 and S2 as limit switches
2022-11-18 22:09:07,622 - rotary_actuator - DEBUG - String sent: 2S1=2,0,0

2022-11-18 22:09:07,622 - rotary_actuator - DEBUG - String sent: 2PR S1

2022-11-18 22:09:07,723 - rotary_actuator - ERROR - Set S1=2,0,0 failed
2022-11-18 22:09:07,724 - rotary_actuator - DEBUG - String sent: 2S2=3,0,0

2022-11-18 22:09:07,724 - rotary_actuator - DEBUG - String sent: 2PR S2

2022-11-18 22:09:07,825 - rotary_actuator - ERROR - Set S2=3,0,0 failed
2022-11-18 22:09:08,326 - rotary_actuator - INFO - limit switches were not set correctly
2022-11-18 22:09:08,326 - rotary_actuator - INFO - Set S1 and S2 as limit switches
2022-11-18 22:09:08,326 - rotary_actuator - DEBUG - String sent: 2S1=2,0,0

2022-11-18 22:09:08,327 - rotary_actuator - DEBUG - String sent: 2PR S1

2022-11-18 22:09:08,427 - rotary_actuator - ERROR - Set S1=2,0,0 failed
2022-11-18 22:09:08,427 - rotary_actuator - DEBUG - String sent: 2S2=3,0,0

2022-11-18 22:09:08,427 - rotary_actuator - DEBUG - String sent: 2PR S2

2022-11-18 22:09:08,528 - rotary_actuator - ERROR - Set S2=3,0,0 failed
2022-11-18 22:09:09,030 - rotary_actuator - INFO - limit switches were not set correctly
2022-11-18 22:09:09,030 - rotary_actuator - INFO - Set S1 and S2 as limit switches
2022-11-18 22:09:09,031 - rotary_actuator - DEBUG - String sent: 2S1=2,0,0

2022-11-18 22:09:09,031 - rotary_actuator - DEBUG - String sent: 2PR S1

2022-11-18 22:09:09,132 - rotary_actuator - ERROR - Set S1=2,0,0 failed
2022-11-18 22:09:09,133 - rotary_actuator - DEBUG - String sent: 2S2=3,0,0

2022-11-18 22:09:09,133 - rotary_actuator - DEBUG - String sent: 2PR S2

2022-11-18 22:09:09,234 - rotary_actuator - ERROR - Set S2=3,0,0 failed
2022-11-18 22:09:09,735 - rotary_actuator - INFO - limit switches were not set correctly
2022-11-18 22:09:09,736 - rotary_actuator - INFO - Set S1 and S2 as limit switches
2022-11-18 22:09:09,736 - rotary_actuator - DEBUG - String sent: 2S1=2,0,0

2022-11-18 22:09:09,736 - rotary_actuator - DEBUG - String sent: 2PR S1

2022-11-18 22:09:09,837 - rotary_actuator - ERROR - Set S1=2,0,0 failed
2022-11-18 22:09:09,838 - rotary_actuator - DEBUG - String sent: 2S2=3,0,0

2022-11-18 22:09:09,838 - rotary_actuator - DEBUG - String sent: 2PR S2

2022-11-18 22:09:09,939 - rotary_actuator - ERROR - Set S2=3,0,0 failed
2022-11-18 22:09:10,440 - rotary_actuator - INFO - limit switches were not set correctly
2022-11-18 22:09:10,440 - rotary_actuator - ERROR - Setting the limit switch failed 5 times -> exiting
