2022-12-16 14:27:22,513 - rotary_actuator - INFO - started logger
2022-12-16 14:27:22,513 - rotary_actuator - INFO - CAUTION USING NON SPECIFIC CONFIG FILES
2022-12-16 14:27:22,514 - rotary_actuator - INFO - Using config file (/home/shivaraj/Desktop/SBN/Pyhton2_to_3/SBND_laser_control/workspace/RunControl/devices/config/config_rotary_actuator.json)
2022-12-16 14:27:30,956 - rotary_actuator - INFO - CAUTION USING NON SPECIFIC CONFIG FILES
2022-12-16 14:27:30,957 - rotary_actuator - INFO - Using config file (/home/shivaraj/Desktop/SBN/Pyhton2_to_3/SBND_laser_control/workspace/RunControl/devices/config/com_ports.json)
2022-12-16 14:27:31,959 - rotary_actuator - INFO - Com port (/dev/ttyUSB0) opened
2022-12-16 14:27:31,960 - rotary_actuator - INFO - ---------------- init axis -----------------
2022-12-16 14:27:31,968 - rotary_actuator - DEBUG - String sent: 2MS=256

2022-12-16 14:27:31,968 - rotary_actuator - DEBUG - String sent: 2PR MS

2022-12-16 14:27:32,069 - rotary_actuator - INFO - Set MS=256[92m -> OK[0m
2022-12-16 14:27:32,070 - rotary_actuator - DEBUG - String sent: 2A=500

2022-12-16 14:27:32,070 - rotary_actuator - DEBUG - String sent: 2PR A

2022-12-16 14:27:32,171 - rotary_actuator - INFO - Set A=500[92m -> OK[0m
2022-12-16 14:27:32,171 - rotary_actuator - DEBUG - String sent: 2D=500

2022-12-16 14:27:32,172 - rotary_actuator - DEBUG - String sent: 2PR D

2022-12-16 14:27:32,272 - rotary_actuator - INFO - Set D=500[92m -> OK[0m
2022-12-16 14:27:32,273 - rotary_actuator - DEBUG - String sent: 2VI=200

2022-12-16 14:27:32,273 - rotary_actuator - DEBUG - String sent: 2PR VI

2022-12-16 14:27:32,374 - rotary_actuator - INFO - Set VI=200[92m -> OK[0m
2022-12-16 14:27:32,375 - rotary_actuator - DEBUG - String sent: 2VM=800

2022-12-16 14:27:32,375 - rotary_actuator - DEBUG - String sent: 2PR VM

2022-12-16 14:27:32,476 - rotary_actuator - INFO - Set VM=800[92m -> OK[0m
2022-12-16 14:27:32,477 - rotary_actuator - DEBUG - String sent: 2HC=5

2022-12-16 14:27:32,477 - rotary_actuator - DEBUG - String sent: 2PR HC

2022-12-16 14:27:32,578 - rotary_actuator - INFO - Set HC=5[92m -> OK[0m
2022-12-16 14:27:32,578 - rotary_actuator - DEBUG - String sent: 2RC=90

2022-12-16 14:27:32,579 - rotary_actuator - DEBUG - String sent: 2PR RC

2022-12-16 14:27:32,680 - rotary_actuator - INFO - Set RC=90[92m -> OK[0m
2022-12-16 14:27:32,680 - rotary_actuator - DEBUG - String sent: 2EE=1

2022-12-16 14:27:32,681 - rotary_actuator - DEBUG - String sent: 2PR EE

2022-12-16 14:27:32,781 - rotary_actuator - INFO - Set EE=1[92m -> OK[0m
2022-12-16 14:27:32,782 - rotary_actuator - DEBUG - String sent: 2S3=0,0,0

2022-12-16 14:27:32,782 - rotary_actuator - DEBUG - String sent: 2PR S3

2022-12-16 14:27:32,883 - rotary_actuator - INFO - Set S3=0,0,0[92m -> OK[0m
2022-12-16 14:27:32,884 - rotary_actuator - DEBUG - String sent: 2S4=0,0,0

2022-12-16 14:27:32,884 - rotary_actuator - DEBUG - String sent: 2PR S4

2022-12-16 14:27:32,985 - rotary_actuator - INFO - Set S4=0,0,0[92m -> OK[0m
2022-12-16 14:27:32,985 - rotary_actuator - INFO - Set S1 and S2 as limit switches
2022-12-16 14:27:32,986 - rotary_actuator - DEBUG - String sent: 2S1=2,0,0

2022-12-16 14:27:32,986 - rotary_actuator - DEBUG - String sent: 2PR S1

2022-12-16 14:27:33,087 - rotary_actuator - INFO - Set S1=2,0,0[92m -> OK[0m
2022-12-16 14:27:33,087 - rotary_actuator - DEBUG - String sent: 2S2=3,0,0

2022-12-16 14:27:33,088 - rotary_actuator - DEBUG - String sent: 2PR S2

2022-12-16 14:27:33,189 - rotary_actuator - INFO - Set S2=3,0,0[92m -> OK[0m
2022-12-16 14:27:46,636 - rotary_actuator - INFO - Moving -100 microsteps
2022-12-16 14:27:46,637 - rotary_actuator - DEBUG - String sent: 2MR -100

2022-12-16 14:33:38,875 - rotary_actuator - INFO - Moving -500 microsteps
2022-12-16 14:33:38,875 - rotary_actuator - DEBUG - String sent: 2MR -500

2022-12-16 14:33:48,773 - rotary_actuator - DEBUG - String sent: 2PR P

2022-12-16 14:33:50,832 - rotary_actuator - INFO - Moving -500 microsteps
2022-12-16 14:33:50,832 - rotary_actuator - DEBUG - String sent: 2MR -500

2022-12-16 14:33:55,499 - rotary_actuator - DEBUG - String sent: 2PR P

2022-12-16 14:33:57,461 - rotary_actuator - INFO - Moving -500 microsteps
2022-12-16 14:33:57,462 - rotary_actuator - DEBUG - String sent: 2MR -500

2022-12-16 14:34:02,205 - rotary_actuator - DEBUG - String sent: 2PR P

2022-12-16 14:34:19,620 - rotary_actuator - INFO - Moving -25000 microsteps
2022-12-16 14:34:19,620 - rotary_actuator - DEBUG - String sent: 2MR -25000

