2022-11-21 11:06:48,934 - rotary_actuator - INFO - started logger
2022-11-21 11:06:48,934 - rotary_actuator - INFO - CAUTION USING NON SPECIFIC CONFIG FILES
2022-11-21 11:06:48,934 - rotary_actuator - INFO - Using config file (/home/shivaraj/Desktop/SBN/Pyhton2_to_3/SBND_laser_control/workspace/RunControl/devices/config/config_rotary_actuator.json)
2022-11-21 11:06:54,545 - rotary_actuator - INFO - CAUTION USING NON SPECIFIC CONFIG FILES
2022-11-21 11:06:54,546 - rotary_actuator - INFO - Using config file (/home/shivaraj/Desktop/SBN/Pyhton2_to_3/SBND_laser_control/workspace/RunControl/devices/config/com_ports.json)
2022-11-21 11:06:55,549 - rotary_actuator - INFO - Com port (/dev/ttyUSB0) opened
2022-11-21 11:06:55,549 - rotary_actuator - INFO - ---------------- init axis -----------------
2022-11-21 11:06:55,550 - rotary_actuator - DEBUG - String sent: 2MS=256

2022-11-21 11:06:55,551 - rotary_actuator - DEBUG - String sent: 2PR MS

2022-11-21 11:06:55,651 - rotary_actuator - INFO - Set MS=256[92m -> OK[0m
2022-11-21 11:06:55,652 - rotary_actuator - DEBUG - String sent: 2A=500

2022-11-21 11:06:55,652 - rotary_actuator - DEBUG - String sent: 2PR A

2022-11-21 11:06:55,753 - rotary_actuator - INFO - Set A=500[92m -> OK[0m
2022-11-21 11:06:55,754 - rotary_actuator - DEBUG - String sent: 2D=500

2022-11-21 11:06:55,754 - rotary_actuator - DEBUG - String sent: 2PR D

2022-11-21 11:06:55,855 - rotary_actuator - INFO - Set D=500[92m -> OK[0m
2022-11-21 11:06:55,855 - rotary_actuator - DEBUG - String sent: 2VI=500

2022-11-21 11:06:55,856 - rotary_actuator - DEBUG - String sent: 2PR VI

2022-11-21 11:06:55,957 - rotary_actuator - INFO - Set VI=500[92m -> OK[0m
2022-11-21 11:06:55,957 - rotary_actuator - DEBUG - String sent: 2VM=1000

2022-11-21 11:06:55,957 - rotary_actuator - DEBUG - String sent: 2PR VM

2022-11-21 11:06:56,058 - rotary_actuator - INFO - Set VM=1000[92m -> OK[0m
2022-11-21 11:06:56,059 - rotary_actuator - DEBUG - String sent: 2HC=5

2022-11-21 11:06:56,059 - rotary_actuator - DEBUG - String sent: 2PR HC

2022-11-21 11:06:56,160 - rotary_actuator - INFO - Set HC=5[92m -> OK[0m
2022-11-21 11:06:56,161 - rotary_actuator - DEBUG - String sent: 2RC=90

2022-11-21 11:06:56,161 - rotary_actuator - DEBUG - String sent: 2PR RC

2022-11-21 11:06:56,262 - rotary_actuator - INFO - Set RC=90[92m -> OK[0m
2022-11-21 11:06:56,263 - rotary_actuator - DEBUG - String sent: 2EE=1

2022-11-21 11:06:56,263 - rotary_actuator - DEBUG - String sent: 2PR EE

2022-11-21 11:06:56,364 - rotary_actuator - INFO - Set EE=1[92m -> OK[0m
2022-11-21 11:06:56,365 - rotary_actuator - DEBUG - String sent: 2S3=0,0,0

2022-11-21 11:06:56,365 - rotary_actuator - DEBUG - String sent: 2PR S3

2022-11-21 11:06:56,466 - rotary_actuator - INFO - Set S3=0,0,0[92m -> OK[0m
2022-11-21 11:06:56,467 - rotary_actuator - DEBUG - String sent: 2S4=0,0,0

2022-11-21 11:06:56,467 - rotary_actuator - DEBUG - String sent: 2PR S4

2022-11-21 11:06:56,568 - rotary_actuator - INFO - Set S4=0,0,0[92m -> OK[0m
2022-11-21 11:06:56,569 - rotary_actuator - INFO - Set S1 and S2 as limit switches
2022-11-21 11:06:56,569 - rotary_actuator - DEBUG - String sent: 2S1=2,0,0

2022-11-21 11:06:56,569 - rotary_actuator - DEBUG - String sent: 2PR S1

2022-11-21 11:06:56,670 - rotary_actuator - INFO - Set S1=2,0,0[92m -> OK[0m
2022-11-21 11:06:56,671 - rotary_actuator - DEBUG - String sent: 2S2=3,0,0

2022-11-21 11:06:56,671 - rotary_actuator - DEBUG - String sent: 2PR S2

2022-11-21 11:06:56,772 - rotary_actuator - INFO - Set S2=3,0,0[92m -> OK[0m
2022-11-21 11:07:21,158 - rotary_actuator - INFO - Moving 100 microsteps
2022-11-21 11:07:21,159 - rotary_actuator - DEBUG - String sent: 2MR 100

