2022-11-18 22:57:32,635 - rotary_actuator - INFO - started logger
2022-11-18 22:57:32,635 - rotary_actuator - INFO - CAUTION USING NON SPECIFIC CONFIG FILES
2022-11-18 22:57:32,635 - rotary_actuator - INFO - Using config file (/home/shivaraj/Desktop/SBN/Pyhton2_to_3/SBND_laser_control/workspace/RunControl/devices/config/config_rotary_actuator.json)
2022-11-18 22:57:35,787 - rotary_actuator - INFO - CAUTION USING NON SPECIFIC CONFIG FILES
2022-11-18 22:57:35,787 - rotary_actuator - INFO - Using config file (/home/shivaraj/Desktop/SBN/Pyhton2_to_3/SBND_laser_control/workspace/RunControl/devices/config/com_ports.json)
2022-11-18 22:57:36,789 - rotary_actuator - INFO - Com port (/dev/ttyUSB0) opened
2022-11-18 22:57:36,790 - rotary_actuator - INFO - ---------------- init axis -----------------
2022-11-18 22:57:36,790 - rotary_actuator - DEBUG - String sent: 2MS=256

2022-11-18 22:57:36,791 - rotary_actuator - DEBUG - String sent: 2PR MS

2022-11-18 22:57:36,892 - rotary_actuator - INFO - Set MS=256[92m -> OK[0m
2022-11-18 22:57:36,892 - rotary_actuator - DEBUG - String sent: 2A=500

2022-11-18 22:57:36,892 - rotary_actuator - DEBUG - String sent: 2PR A

2022-11-18 22:57:36,993 - rotary_actuator - INFO - Set A=500[92m -> OK[0m
2022-11-18 22:57:36,994 - rotary_actuator - DEBUG - String sent: 2D=500

2022-11-18 22:57:36,994 - rotary_actuator - DEBUG - String sent: 2PR D

2022-11-18 22:57:37,095 - rotary_actuator - INFO - Set D=500[92m -> OK[0m
2022-11-18 22:57:37,096 - rotary_actuator - DEBUG - String sent: 2VI=500

2022-11-18 22:57:37,096 - rotary_actuator - DEBUG - String sent: 2PR VI

2022-11-18 22:57:37,197 - rotary_actuator - INFO - Set VI=500[92m -> OK[0m
2022-11-18 22:57:37,197 - rotary_actuator - DEBUG - String sent: 2VM=1000

2022-11-18 22:57:37,198 - rotary_actuator - DEBUG - String sent: 2PR VM

2022-11-18 22:57:37,299 - rotary_actuator - INFO - Set VM=1000[92m -> OK[0m
2022-11-18 22:57:37,299 - rotary_actuator - DEBUG - String sent: 2HC=5

2022-11-18 22:57:37,300 - rotary_actuator - DEBUG - String sent: 2PR HC

2022-11-18 22:57:37,401 - rotary_actuator - INFO - Set HC=5[92m -> OK[0m
2022-11-18 22:57:37,402 - rotary_actuator - DEBUG - String sent: 2RC=90

2022-11-18 22:57:37,402 - rotary_actuator - DEBUG - String sent: 2PR RC

2022-11-18 22:57:37,503 - rotary_actuator - INFO - Set RC=90[92m -> OK[0m
2022-11-18 22:57:37,504 - rotary_actuator - DEBUG - String sent: 2EE=1

2022-11-18 22:57:37,504 - rotary_actuator - DEBUG - String sent: 2PR EE

2022-11-18 22:57:37,605 - rotary_actuator - INFO - Set EE=1[92m -> OK[0m
2022-11-18 22:57:37,606 - rotary_actuator - DEBUG - String sent: 2S3=0,0,0

2022-11-18 22:57:37,606 - rotary_actuator - DEBUG - String sent: 2PR S3

2022-11-18 22:57:37,707 - rotary_actuator - INFO - Set S3=0,0,0[92m -> OK[0m
2022-11-18 22:57:37,708 - rotary_actuator - DEBUG - String sent: 2S4=0,0,0

2022-11-18 22:57:37,708 - rotary_actuator - DEBUG - String sent: 2PR S4

2022-11-18 22:57:37,809 - rotary_actuator - INFO - Set S4=0,0,0[92m -> OK[0m
2022-11-18 22:57:37,809 - rotary_actuator - INFO - Set S1 and S2 as limit switches
2022-11-18 22:57:37,810 - rotary_actuator - DEBUG - String sent: 2S1=2,0,0

2022-11-18 22:57:37,810 - rotary_actuator - DEBUG - String sent: 2PR S1

2022-11-18 22:57:37,911 - rotary_actuator - INFO - Set S1=2,0,0[92m -> OK[0m
2022-11-18 22:57:37,911 - rotary_actuator - DEBUG - String sent: 2S2=3,0,0

2022-11-18 22:57:37,912 - rotary_actuator - DEBUG - String sent: 2PR S2

2022-11-18 22:57:38,013 - rotary_actuator - INFO - Set S2=3,0,0[92m -> OK[0m
2022-11-18 22:57:51,616 - rotary_actuator - DEBUG - String sent: 2PR P

2022-11-18 22:58:09,097 - rotary_actuator - INFO - Moving 100 microsteps
2022-11-18 22:58:09,098 - rotary_actuator - DEBUG - String sent: 2MR 100

2022-11-18 22:58:17,564 - rotary_actuator - DEBUG - String sent: 2PR P

