2022-11-25 15:21:46,924 - rotary_actuator - INFO - started logger
2022-11-25 15:21:46,924 - rotary_actuator - INFO - CAUTION USING NON SPECIFIC CONFIG FILES
2022-11-25 15:21:46,924 - rotary_actuator - INFO - Using config file (/home/shivaraj/Desktop/SBN/Pyhton2_to_3/SBND_laser_control/workspace/RunControl/devices/config/config_rotary_actuator.json)
2022-11-25 15:21:55,398 - rotary_actuator - INFO - CAUTION USING NON SPECIFIC CONFIG FILES
2022-11-25 15:21:55,406 - rotary_actuator - INFO - Using config file (/home/shivaraj/Desktop/SBN/Pyhton2_to_3/SBND_laser_control/workspace/RunControl/devices/config/com_ports.json)
2022-11-25 15:21:56,409 - rotary_actuator - INFO - Com port (/dev/ttyUSB0) opened
2022-11-25 15:21:56,409 - rotary_actuator - INFO - ---------------- init axis -----------------
2022-11-25 15:21:56,410 - rotary_actuator - DEBUG - String sent: 2MS=256

2022-11-25 15:21:56,410 - rotary_actuator - DEBUG - String sent: 2PR MS

2022-11-25 15:21:56,511 - rotary_actuator - INFO - Set MS=256[92m -> OK[0m
2022-11-25 15:21:56,511 - rotary_actuator - DEBUG - String sent: 2A=500

2022-11-25 15:21:56,512 - rotary_actuator - DEBUG - String sent: 2PR A

2022-11-25 15:21:56,613 - rotary_actuator - INFO - Set A=500[92m -> OK[0m
2022-11-25 15:21:56,613 - rotary_actuator - DEBUG - String sent: 2D=500

2022-11-25 15:21:56,614 - rotary_actuator - DEBUG - String sent: 2PR D

2022-11-25 15:21:56,715 - rotary_actuator - INFO - Set D=500[92m -> OK[0m
2022-11-25 15:21:56,715 - rotary_actuator - DEBUG - String sent: 2VI=200

2022-11-25 15:21:56,715 - rotary_actuator - DEBUG - String sent: 2PR VI

2022-11-25 15:21:56,816 - rotary_actuator - INFO - Set VI=200[92m -> OK[0m
2022-11-25 15:21:56,817 - rotary_actuator - DEBUG - String sent: 2VM=800

2022-11-25 15:21:56,817 - rotary_actuator - DEBUG - String sent: 2PR VM

2022-11-25 15:21:56,918 - rotary_actuator - INFO - Set VM=800[92m -> OK[0m
2022-11-25 15:21:56,919 - rotary_actuator - DEBUG - String sent: 2HC=5

2022-11-25 15:21:56,919 - rotary_actuator - DEBUG - String sent: 2PR HC

2022-11-25 15:21:57,020 - rotary_actuator - INFO - Set HC=5[92m -> OK[0m
2022-11-25 15:21:57,021 - rotary_actuator - DEBUG - String sent: 2RC=90

2022-11-25 15:21:57,021 - rotary_actuator - DEBUG - String sent: 2PR RC

2022-11-25 15:21:57,122 - rotary_actuator - INFO - Set RC=90[92m -> OK[0m
2022-11-25 15:21:57,123 - rotary_actuator - DEBUG - String sent: 2EE=1

2022-11-25 15:21:57,123 - rotary_actuator - DEBUG - String sent: 2PR EE

2022-11-25 15:21:57,224 - rotary_actuator - INFO - Set EE=1[92m -> OK[0m
2022-11-25 15:21:57,224 - rotary_actuator - DEBUG - String sent: 2S3=0,0,0

2022-11-25 15:21:57,225 - rotary_actuator - DEBUG - String sent: 2PR S3

2022-11-25 15:21:57,326 - rotary_actuator - INFO - Set S3=0,0,0[92m -> OK[0m
2022-11-25 15:21:57,326 - rotary_actuator - DEBUG - String sent: 2S4=0,0,0

2022-11-25 15:21:57,327 - rotary_actuator - DEBUG - String sent: 2PR S4

2022-11-25 15:21:57,428 - rotary_actuator - INFO - Set S4=0,0,0[92m -> OK[0m
2022-11-25 15:21:57,428 - rotary_actuator - INFO - Set S1 and S2 as limit switches
2022-11-25 15:21:57,428 - rotary_actuator - DEBUG - String sent: 2S1=2,0,0

2022-11-25 15:21:57,429 - rotary_actuator - DEBUG - String sent: 2PR S1

2022-11-25 15:21:57,530 - rotary_actuator - INFO - Set S1=2,0,0[92m -> OK[0m
2022-11-25 15:21:57,530 - rotary_actuator - DEBUG - String sent: 2S2=3,0,0

2022-11-25 15:21:57,530 - rotary_actuator - DEBUG - String sent: 2PR S2

2022-11-25 15:21:57,632 - rotary_actuator - INFO - Set S2=3,0,0[92m -> OK[0m
