2022-11-25 15:27:14,612 - rotary_actuator - INFO - started logger
2022-11-25 15:27:14,612 - rotary_actuator - INFO - CAUTION USING NON SPECIFIC CONFIG FILES
2022-11-25 15:27:14,612 - rotary_actuator - INFO - Using config file (/home/shivaraj/Desktop/SBN/Pyhton2_to_3/SBND_laser_control/workspace/RunControl/devices/config/config_rotary_actuator.json)
2022-11-25 15:27:16,797 - rotary_actuator - INFO - CAUTION USING NON SPECIFIC CONFIG FILES
2022-11-25 15:27:16,797 - rotary_actuator - INFO - Using config file (/home/shivaraj/Desktop/SBN/Pyhton2_to_3/SBND_laser_control/workspace/RunControl/devices/config/com_ports.json)
2022-11-25 15:27:17,800 - rotary_actuator - INFO - Com port (/dev/ttyUSB0) opened
2022-11-25 15:27:17,800 - rotary_actuator - INFO - ---------------- init axis -----------------
2022-11-25 15:27:17,801 - rotary_actuator - DEBUG - String sent: 2MS=256

2022-11-25 15:27:17,801 - rotary_actuator - DEBUG - String sent: 2PR MS

2022-11-25 15:27:17,902 - rotary_actuator - INFO - Set MS=256[92m -> OK[0m
2022-11-25 15:27:17,902 - rotary_actuator - DEBUG - String sent: 2A=500

2022-11-25 15:27:17,903 - rotary_actuator - DEBUG - String sent: 2PR A

2022-11-25 15:27:18,004 - rotary_actuator - INFO - Set A=500[92m -> OK[0m
2022-11-25 15:27:18,004 - rotary_actuator - DEBUG - String sent: 2D=500

2022-11-25 15:27:18,005 - rotary_actuator - DEBUG - String sent: 2PR D

2022-11-25 15:27:18,105 - rotary_actuator - INFO - Set D=500[92m -> OK[0m
2022-11-25 15:27:18,106 - rotary_actuator - DEBUG - String sent: 2VI=200

2022-11-25 15:27:18,106 - rotary_actuator - DEBUG - String sent: 2PR VI

2022-11-25 15:27:18,207 - rotary_actuator - INFO - Set VI=200[92m -> OK[0m
2022-11-25 15:27:18,208 - rotary_actuator - DEBUG - String sent: 2VM=800

2022-11-25 15:27:18,208 - rotary_actuator - DEBUG - String sent: 2PR VM

2022-11-25 15:27:18,309 - rotary_actuator - INFO - Set VM=800[92m -> OK[0m
2022-11-25 15:27:18,309 - rotary_actuator - DEBUG - String sent: 2HC=5

2022-11-25 15:27:18,310 - rotary_actuator - DEBUG - String sent: 2PR HC

2022-11-25 15:27:18,411 - rotary_actuator - INFO - Set HC=5[92m -> OK[0m
2022-11-25 15:27:18,411 - rotary_actuator - DEBUG - String sent: 2RC=90

2022-11-25 15:27:18,411 - rotary_actuator - DEBUG - String sent: 2PR RC

2022-11-25 15:27:18,512 - rotary_actuator - INFO - Set RC=90[92m -> OK[0m
2022-11-25 15:27:18,513 - rotary_actuator - DEBUG - String sent: 2EE=1

2022-11-25 15:27:18,513 - rotary_actuator - DEBUG - String sent: 2PR EE

2022-11-25 15:27:18,614 - rotary_actuator - INFO - Set EE=1[92m -> OK[0m
2022-11-25 15:27:18,614 - rotary_actuator - DEBUG - String sent: 2S3=0,0,0

2022-11-25 15:27:18,614 - rotary_actuator - DEBUG - String sent: 2PR S3

2022-11-25 15:27:18,715 - rotary_actuator - INFO - Set S3=0,0,0[92m -> OK[0m
2022-11-25 15:27:18,715 - rotary_actuator - DEBUG - String sent: 2S4=0,0,0

2022-11-25 15:27:18,715 - rotary_actuator - DEBUG - String sent: 2PR S4

2022-11-25 15:27:18,816 - rotary_actuator - INFO - Set S4=0,0,0[92m -> OK[0m
2022-11-25 15:27:18,816 - rotary_actuator - INFO - Set S1 and S2 as limit switches
2022-11-25 15:27:18,816 - rotary_actuator - DEBUG - String sent: 2S1=2,0,0

2022-11-25 15:27:18,817 - rotary_actuator - DEBUG - String sent: 2PR S1

2022-11-25 15:27:18,918 - rotary_actuator - INFO - Set S1=2,0,0[92m -> OK[0m
2022-11-25 15:27:18,918 - rotary_actuator - DEBUG - String sent: 2S2=3,0,0

2022-11-25 15:27:18,919 - rotary_actuator - DEBUG - String sent: 2PR S2

2022-11-25 15:27:19,019 - rotary_actuator - INFO - Set S2=3,0,0[92m -> OK[0m
2022-11-25 15:27:29,030 - rotary_actuator - DEBUG - String sent: 2PR P

2022-11-25 15:27:32,430 - rotary_actuator - INFO - Moving -1000 microsteps
2022-11-25 15:27:32,430 - rotary_actuator - DEBUG - String sent: 2MR -1000

2022-11-25 15:27:36,690 - rotary_actuator - DEBUG - String sent: 2PR P

2022-11-25 15:27:52,074 - rotary_actuator - INFO - Moving 1000 microsteps
2022-11-25 15:27:52,074 - rotary_actuator - DEBUG - String sent: 2MR 1000

2022-11-25 15:27:59,218 - rotary_actuator - DEBUG - String sent: 2PR P

2022-11-25 15:30:58,792 - rotary_actuator - DEBUG - String sent: 2PR P

