2022-11-25 15:31:54,763 - rotary_actuator - INFO - started logger
2022-11-25 15:31:54,763 - rotary_actuator - INFO - CAUTION USING NON SPECIFIC CONFIG FILES
2022-11-25 15:31:54,763 - rotary_actuator - INFO - Using config file (/home/shivaraj/Desktop/SBN/Pyhton2_to_3/SBND_laser_control/workspace/RunControl/devices/config/config_rotary_actuator.json)
2022-11-25 15:31:59,222 - rotary_actuator - INFO - CAUTION USING NON SPECIFIC CONFIG FILES
2022-11-25 15:31:59,222 - rotary_actuator - INFO - Using config file (/home/shivaraj/Desktop/SBN/Pyhton2_to_3/SBND_laser_control/workspace/RunControl/devices/config/com_ports.json)
2022-11-25 15:32:00,225 - rotary_actuator - INFO - Com port (/dev/ttyUSB0) opened
2022-11-25 15:32:00,226 - rotary_actuator - INFO - ---------------- init axis -----------------
2022-11-25 15:32:00,226 - rotary_actuator - DEBUG - String sent: 2MS=256

2022-11-25 15:32:00,227 - rotary_actuator - DEBUG - String sent: 2PR MS

2022-11-25 15:32:00,328 - rotary_actuator - INFO - Set MS=256[92m -> OK[0m
2022-11-25 15:32:00,328 - rotary_actuator - DEBUG - String sent: 2A=500

2022-11-25 15:32:00,328 - rotary_actuator - DEBUG - String sent: 2PR A

2022-11-25 15:32:00,429 - rotary_actuator - INFO - Set A=500[92m -> OK[0m
2022-11-25 15:32:00,430 - rotary_actuator - DEBUG - String sent: 2D=500

2022-11-25 15:32:00,430 - rotary_actuator - DEBUG - String sent: 2PR D

2022-11-25 15:32:00,531 - rotary_actuator - INFO - Set D=500[92m -> OK[0m
2022-11-25 15:32:00,532 - rotary_actuator - DEBUG - String sent: 2VI=200

2022-11-25 15:32:00,532 - rotary_actuator - DEBUG - String sent: 2PR VI

2022-11-25 15:32:00,634 - rotary_actuator - INFO - Set VI=200[92m -> OK[0m
2022-11-25 15:32:00,634 - rotary_actuator - DEBUG - String sent: 2VM=800

2022-11-25 15:32:00,635 - rotary_actuator - DEBUG - String sent: 2PR VM

2022-11-25 15:32:00,735 - rotary_actuator - INFO - Set VM=800[92m -> OK[0m
2022-11-25 15:32:00,736 - rotary_actuator - DEBUG - String sent: 2HC=5

2022-11-25 15:32:00,736 - rotary_actuator - DEBUG - String sent: 2PR HC

2022-11-25 15:32:00,837 - rotary_actuator - INFO - Set HC=5[92m -> OK[0m
2022-11-25 15:32:00,838 - rotary_actuator - DEBUG - String sent: 2RC=90

2022-11-25 15:32:00,838 - rotary_actuator - DEBUG - String sent: 2PR RC

2022-11-25 15:32:00,939 - rotary_actuator - INFO - Set RC=90[92m -> OK[0m
2022-11-25 15:32:00,939 - rotary_actuator - DEBUG - String sent: 2EE=1

2022-11-25 15:32:00,940 - rotary_actuator - DEBUG - String sent: 2PR EE

2022-11-25 15:32:01,041 - rotary_actuator - INFO - Set EE=1[92m -> OK[0m
2022-11-25 15:32:01,041 - rotary_actuator - DEBUG - String sent: 2S3=0,0,0

2022-11-25 15:32:01,042 - rotary_actuator - DEBUG - String sent: 2PR S3

2022-11-25 15:32:01,143 - rotary_actuator - INFO - Set S3=0,0,0[92m -> OK[0m
2022-11-25 15:32:01,143 - rotary_actuator - DEBUG - String sent: 2S4=0,0,0

2022-11-25 15:32:01,143 - rotary_actuator - DEBUG - String sent: 2PR S4

2022-11-25 15:32:01,244 - rotary_actuator - INFO - Set S4=0,0,0[92m -> OK[0m
2022-11-25 15:32:01,245 - rotary_actuator - INFO - Set S1 and S2 as limit switches
2022-11-25 15:32:01,245 - rotary_actuator - DEBUG - String sent: 2S1=2,0,0

2022-11-25 15:32:01,245 - rotary_actuator - DEBUG - String sent: 2PR S1

2022-11-25 15:32:01,346 - rotary_actuator - INFO - Set S1=2,0,0[92m -> OK[0m
2022-11-25 15:32:01,347 - rotary_actuator - DEBUG - String sent: 2S2=3,0,0

2022-11-25 15:32:01,347 - rotary_actuator - DEBUG - String sent: 2PR S2

2022-11-25 15:32:01,448 - rotary_actuator - INFO - Set S2=3,0,0[92m -> OK[0m
