2022-11-18 22:47:00,485 - rotary_actuator - INFO - started logger
2022-11-18 22:47:00,485 - rotary_actuator - INFO - CAUTION USING NON SPECIFIC CONFIG FILES
2022-11-18 22:47:00,485 - rotary_actuator - INFO - Using config file (/home/shivaraj/Desktop/SBN/Pyhton2_to_3/SBND_laser_control/workspace/RunControl/devices/config/config_rotary_actuator.json)
2022-11-18 22:47:02,910 - rotary_actuator - INFO - CAUTION USING NON SPECIFIC CONFIG FILES
2022-11-18 22:47:02,911 - rotary_actuator - INFO - Using config file (/home/shivaraj/Desktop/SBN/Pyhton2_to_3/SBND_laser_control/workspace/RunControl/devices/config/com_ports.json)
2022-11-18 22:47:03,914 - rotary_actuator - INFO - Com port (/dev/ttyUSB0) opened
2022-11-18 22:47:03,914 - rotary_actuator - INFO - ---------------- init axis -----------------
2022-11-18 22:47:03,915 - rotary_actuator - DEBUG - String sent: 2MS=256

2022-11-18 22:47:03,915 - rotary_actuator - DEBUG - String sent: 2PR MS

2022-11-18 22:47:04,016 - rotary_actuator - ERROR - Set MS=256 failed
2022-11-18 22:47:04,017 - rotary_actuator - DEBUG - String sent: 2A=500

2022-11-18 22:47:04,017 - rotary_actuator - DEBUG - String sent: 2PR A

2022-11-18 22:47:04,118 - rotary_actuator - ERROR - Set A=500 failed
2022-11-18 22:47:04,118 - rotary_actuator - DEBUG - String sent: 2D=500

2022-11-18 22:47:04,119 - rotary_actuator - DEBUG - String sent: 2PR D

2022-11-18 22:47:04,219 - rotary_actuator - ERROR - Set D=500 failed
2022-11-18 22:47:04,219 - rotary_actuator - DEBUG - String sent: 2VI=500

2022-11-18 22:47:04,219 - rotary_actuator - DEBUG - String sent: 2PR VI

2022-11-18 22:47:04,320 - rotary_actuator - ERROR - Set VI=500 failed
2022-11-18 22:47:04,321 - rotary_actuator - DEBUG - String sent: 2VM=1000

2022-11-18 22:47:04,321 - rotary_actuator - DEBUG - String sent: 2PR VM

2022-11-18 22:47:04,422 - rotary_actuator - ERROR - Set VM=1000 failed
2022-11-18 22:47:04,423 - rotary_actuator - DEBUG - String sent: 2HC=5

2022-11-18 22:47:04,423 - rotary_actuator - DEBUG - String sent: 2PR HC

2022-11-18 22:47:04,524 - rotary_actuator - ERROR - Set HC=5 failed
2022-11-18 22:47:04,524 - rotary_actuator - DEBUG - String sent: 2RC=90

2022-11-18 22:47:04,532 - rotary_actuator - DEBUG - String sent: 2PR RC

2022-11-18 22:47:04,633 - rotary_actuator - ERROR - Set RC=90 failed
2022-11-18 22:47:04,633 - rotary_actuator - DEBUG - String sent: 2EE=1

2022-11-18 22:47:04,633 - rotary_actuator - DEBUG - String sent: 2PR EE

2022-11-18 22:47:04,735 - rotary_actuator - ERROR - Set EE=1 failed
2022-11-18 22:47:04,735 - rotary_actuator - DEBUG - String sent: 2S3=0,0,0

2022-11-18 22:47:04,735 - rotary_actuator - DEBUG - String sent: 2PR S3

2022-11-18 22:47:04,836 - rotary_actuator - ERROR - Set S3=0,0,0 failed
2022-11-18 22:47:04,837 - rotary_actuator - DEBUG - String sent: 2S4=0,0,0

2022-11-18 22:47:04,837 - rotary_actuator - DEBUG - String sent: 2PR S4

2022-11-18 22:47:04,938 - rotary_actuator - ERROR - Set S4=0,0,0 failed
2022-11-18 22:47:04,939 - rotary_actuator - INFO - Set S1 and S2 as limit switches
2022-11-18 22:47:04,939 - rotary_actuator - DEBUG - String sent: 2S1=2,0,0

2022-11-18 22:47:04,939 - rotary_actuator - DEBUG - String sent: 2PR S1

2022-11-18 22:47:05,039 - rotary_actuator - ERROR - Set S1=2,0,0 failed
2022-11-18 22:47:05,040 - rotary_actuator - DEBUG - String sent: 2S2=3,0,0

2022-11-18 22:47:05,040 - rotary_actuator - DEBUG - String sent: 2PR S2

2022-11-18 22:47:05,140 - rotary_actuator - ERROR - Set S2=3,0,0 failed
2022-11-18 22:47:05,642 - rotary_actuator - INFO - limit switches were not set correctly
2022-11-18 22:47:05,642 - rotary_actuator - INFO - Set S1 and S2 as limit switches
2022-11-18 22:47:05,643 - rotary_actuator - DEBUG - String sent: 2S1=2,0,0

2022-11-18 22:47:05,643 - rotary_actuator - DEBUG - String sent: 2PR S1

2022-11-18 22:47:05,744 - rotary_actuator - ERROR - Set S1=2,0,0 failed
2022-11-18 22:47:05,745 - rotary_actuator - DEBUG - String sent: 2S2=3,0,0

2022-11-18 22:47:05,745 - rotary_actuator - DEBUG - String sent: 2PR S2

2022-11-18 22:47:05,846 - rotary_actuator - ERROR - Set S2=3,0,0 failed
2022-11-18 22:47:06,347 - rotary_actuator - INFO - limit switches were not set correctly
2022-11-18 22:47:06,348 - rotary_actuator - INFO - Set S1 and S2 as limit switches
2022-11-18 22:47:06,348 - rotary_actuator - DEBUG - String sent: 2S1=2,0,0

2022-11-18 22:47:06,349 - rotary_actuator - DEBUG - String sent: 2PR S1

2022-11-18 22:47:06,450 - rotary_actuator - ERROR - Set S1=2,0,0 failed
2022-11-18 22:47:06,450 - rotary_actuator - DEBUG - String sent: 2S2=3,0,0

2022-11-18 22:47:06,451 - rotary_actuator - DEBUG - String sent: 2PR S2

2022-11-18 22:47:06,552 - rotary_actuator - ERROR - Set S2=3,0,0 failed
2022-11-18 22:47:07,053 - rotary_actuator - INFO - limit switches were not set correctly
2022-11-18 22:47:07,054 - rotary_actuator - INFO - Set S1 and S2 as limit switches
2022-11-18 22:47:07,054 - rotary_actuator - DEBUG - String sent: 2S1=2,0,0

2022-11-18 22:47:07,054 - rotary_actuator - DEBUG - String sent: 2PR S1

2022-11-18 22:47:07,155 - rotary_actuator - ERROR - Set S1=2,0,0 failed
2022-11-18 22:47:07,156 - rotary_actuator - DEBUG - String sent: 2S2=3,0,0

2022-11-18 22:47:07,156 - rotary_actuator - DEBUG - String sent: 2PR S2

2022-11-18 22:47:07,257 - rotary_actuator - ERROR - Set S2=3,0,0 failed
2022-11-18 22:47:07,758 - rotary_actuator - INFO - limit switches were not set correctly
2022-11-18 22:47:07,759 - rotary_actuator - ERROR - Setting the limit switch failed 5 times -> exiting
