2022-11-18 22:02:59,327 - rotary_actuator - INFO - started logger
2022-11-18 22:02:59,327 - rotary_actuator - INFO - CAUTION USING NON SPECIFIC CONFIG FILES
2022-11-18 22:02:59,327 - rotary_actuator - INFO - Using config file (/home/shivaraj/Desktop/SBN/Pyhton2_to_3/SBND_laser_control/workspace/RunControl/devices/config/config_rotary_actuator.json)
2022-11-18 22:03:01,105 - rotary_actuator - INFO - CAUTION USING NON SPECIFIC CONFIG FILES
2022-11-18 22:03:01,105 - rotary_actuator - INFO - Using config file (/home/shivaraj/Desktop/SBN/Pyhton2_to_3/SBND_laser_control/workspace/RunControl/devices/config/com_ports.json)
2022-11-18 22:03:02,108 - rotary_actuator - INFO - Com port (/dev/ttyUSB0) opened
2022-11-18 22:03:02,108 - rotary_actuator - INFO - ---------------- init axis -----------------
2022-11-18 22:03:02,109 - rotary_actuator - DEBUG - String sent: 2MS=256

2022-11-18 22:03:02,109 - rotary_actuator - DEBUG - String sent: 2PR MS

2022-11-18 22:03:02,210 - rotary_actuator - ERROR - Set MS=256 failed
2022-11-18 22:03:02,210 - rotary_actuator - DEBUG - String sent: 2A=500

2022-11-18 22:03:02,211 - rotary_actuator - DEBUG - String sent: 2PR A

2022-11-18 22:03:02,312 - rotary_actuator - ERROR - Set A=500 failed
2022-11-18 22:03:02,312 - rotary_actuator - DEBUG - String sent: 2D=500

2022-11-18 22:03:02,312 - rotary_actuator - DEBUG - String sent: 2PR D

2022-11-18 22:03:02,413 - rotary_actuator - ERROR - Set D=500 failed
2022-11-18 22:03:02,414 - rotary_actuator - DEBUG - String sent: 2VI=500

2022-11-18 22:03:02,414 - rotary_actuator - DEBUG - String sent: 2PR VI

2022-11-18 22:03:02,515 - rotary_actuator - ERROR - Set VI=500 failed
2022-11-18 22:03:02,515 - rotary_actuator - DEBUG - String sent: 2VM=1000

2022-11-18 22:03:02,516 - rotary_actuator - DEBUG - String sent: 2PR VM

2022-11-18 22:03:02,617 - rotary_actuator - ERROR - Set VM=1000 failed
2022-11-18 22:03:02,617 - rotary_actuator - DEBUG - String sent: 2HC=5

2022-11-18 22:03:02,617 - rotary_actuator - DEBUG - String sent: 2PR HC

2022-11-18 22:03:02,718 - rotary_actuator - ERROR - Set HC=5 failed
2022-11-18 22:03:02,719 - rotary_actuator - DEBUG - String sent: 2RC=90

2022-11-18 22:03:02,719 - rotary_actuator - DEBUG - String sent: 2PR RC

2022-11-18 22:03:02,820 - rotary_actuator - ERROR - Set RC=90 failed
2022-11-18 22:03:02,821 - rotary_actuator - DEBUG - String sent: 2EE=1

2022-11-18 22:03:02,821 - rotary_actuator - DEBUG - String sent: 2PR EE

2022-11-18 22:03:02,922 - rotary_actuator - ERROR - Set EE=1 failed
2022-11-18 22:03:02,922 - rotary_actuator - DEBUG - String sent: 2S3=0,0,0

2022-11-18 22:03:02,923 - rotary_actuator - DEBUG - String sent: 2PR S3

2022-11-18 22:03:03,024 - rotary_actuator - ERROR - Set S3=0,0,0 failed
2022-11-18 22:03:03,025 - rotary_actuator - DEBUG - String sent: 2S4=0,0,0

2022-11-18 22:03:03,025 - rotary_actuator - DEBUG - String sent: 2PR S4

2022-11-18 22:03:03,126 - rotary_actuator - ERROR - Set S4=0,0,0 failed
2022-11-18 22:03:03,126 - rotary_actuator - INFO - Set S1 and S2 as limit switches
2022-11-18 22:03:03,126 - rotary_actuator - DEBUG - String sent: 2S1=2,0,0

2022-11-18 22:03:03,127 - rotary_actuator - DEBUG - String sent: 2PR S1

2022-11-18 22:03:03,227 - rotary_actuator - ERROR - Set S1=2,0,0 failed
2022-11-18 22:03:03,227 - rotary_actuator - DEBUG - String sent: 2S2=3,0,0

2022-11-18 22:03:03,227 - rotary_actuator - DEBUG - String sent: 2PR S2

2022-11-18 22:03:03,328 - rotary_actuator - ERROR - Set S2=3,0,0 failed
2022-11-18 22:03:03,830 - rotary_actuator - INFO - limit switches were not set correctly
2022-11-18 22:03:03,830 - rotary_actuator - INFO - Set S1 and S2 as limit switches
2022-11-18 22:03:03,831 - rotary_actuator - DEBUG - String sent: 2S1=2,0,0

2022-11-18 22:03:03,831 - rotary_actuator - DEBUG - String sent: 2PR S1

2022-11-18 22:03:03,932 - rotary_actuator - ERROR - Set S1=2,0,0 failed
2022-11-18 22:03:03,933 - rotary_actuator - DEBUG - String sent: 2S2=3,0,0

2022-11-18 22:03:03,933 - rotary_actuator - DEBUG - String sent: 2PR S2

2022-11-18 22:03:04,035 - rotary_actuator - ERROR - Set S2=3,0,0 failed
2022-11-18 22:03:04,536 - rotary_actuator - INFO - limit switches were not set correctly
2022-11-18 22:03:04,536 - rotary_actuator - INFO - Set S1 and S2 as limit switches
2022-11-18 22:03:04,537 - rotary_actuator - DEBUG - String sent: 2S1=2,0,0

2022-11-18 22:03:04,537 - rotary_actuator - DEBUG - String sent: 2PR S1

2022-11-18 22:03:04,638 - rotary_actuator - ERROR - Set S1=2,0,0 failed
2022-11-18 22:03:04,639 - rotary_actuator - DEBUG - String sent: 2S2=3,0,0

2022-11-18 22:03:04,639 - rotary_actuator - DEBUG - String sent: 2PR S2

2022-11-18 22:03:04,741 - rotary_actuator - ERROR - Set S2=3,0,0 failed
2022-11-18 22:03:05,242 - rotary_actuator - INFO - limit switches were not set correctly
2022-11-18 22:03:05,242 - rotary_actuator - INFO - Set S1 and S2 as limit switches
2022-11-18 22:03:05,243 - rotary_actuator - DEBUG - String sent: 2S1=2,0,0

2022-11-18 22:03:05,243 - rotary_actuator - DEBUG - String sent: 2PR S1

2022-11-18 22:03:05,344 - rotary_actuator - ERROR - Set S1=2,0,0 failed
2022-11-18 22:03:05,344 - rotary_actuator - DEBUG - String sent: 2S2=3,0,0

2022-11-18 22:03:05,345 - rotary_actuator - DEBUG - String sent: 2PR S2

2022-11-18 22:03:05,446 - rotary_actuator - ERROR - Set S2=3,0,0 failed
2022-11-18 22:03:05,947 - rotary_actuator - INFO - limit switches were not set correctly
2022-11-18 22:03:05,947 - rotary_actuator - ERROR - Setting the limit switch failed 5 times -> exiting
