2022-11-21 11:47:49,434 - rotary_actuator - INFO - started logger
2022-11-21 11:47:49,434 - rotary_actuator - INFO - CAUTION USING NON SPECIFIC CONFIG FILES
2022-11-21 11:47:49,434 - rotary_actuator - INFO - Using config file (/home/shivaraj/Desktop/SBN/Pyhton2_to_3/SBND_laser_control/workspace/RunControl/devices/config/config_rotary_actuator.json)
2022-11-21 11:47:55,949 - rotary_actuator - INFO - CAUTION USING NON SPECIFIC CONFIG FILES
2022-11-21 11:47:55,950 - rotary_actuator - INFO - Using config file (/home/shivaraj/Desktop/SBN/Pyhton2_to_3/SBND_laser_control/workspace/RunControl/devices/config/com_ports.json)
2022-11-21 11:47:56,952 - rotary_actuator - INFO - Com port (/dev/ttyUSB0) opened
2022-11-21 11:47:56,953 - rotary_actuator - INFO - ---------------- init axis -----------------
2022-11-21 11:47:56,953 - rotary_actuator - DEBUG - String sent: 2MS=256

2022-11-21 11:47:56,954 - rotary_actuator - DEBUG - String sent: 2PR MS

2022-11-21 11:47:57,055 - rotary_actuator - ERROR - Set MS=256 failed
2022-11-21 11:47:57,055 - rotary_actuator - DEBUG - String sent: 2A=500

2022-11-21 11:47:57,055 - rotary_actuator - DEBUG - String sent: 2PR A

2022-11-21 11:47:57,156 - rotary_actuator - INFO - Set A=500[92m -> OK[0m
2022-11-21 11:47:57,157 - rotary_actuator - DEBUG - String sent: 2D=500

2022-11-21 11:47:57,157 - rotary_actuator - DEBUG - String sent: 2PR D

2022-11-21 11:47:57,258 - rotary_actuator - INFO - Set D=500[92m -> OK[0m
2022-11-21 11:47:57,258 - rotary_actuator - DEBUG - String sent: 2VI=200

2022-11-21 11:47:57,266 - rotary_actuator - DEBUG - String sent: 2PR VI

2022-11-21 11:47:57,367 - rotary_actuator - INFO - Set VI=200[92m -> OK[0m
2022-11-21 11:47:57,368 - rotary_actuator - DEBUG - String sent: 2VM=800

2022-11-21 11:47:57,368 - rotary_actuator - DEBUG - String sent: 2PR VM

2022-11-21 11:47:57,469 - rotary_actuator - INFO - Set VM=800[92m -> OK[0m
2022-11-21 11:47:57,470 - rotary_actuator - DEBUG - String sent: 2HC=5

2022-11-21 11:47:57,470 - rotary_actuator - DEBUG - String sent: 2PR HC

2022-11-21 11:47:57,571 - rotary_actuator - INFO - Set HC=5[92m -> OK[0m
2022-11-21 11:47:57,572 - rotary_actuator - DEBUG - String sent: 2RC=90

2022-11-21 11:47:57,572 - rotary_actuator - DEBUG - String sent: 2PR RC

2022-11-21 11:47:57,673 - rotary_actuator - INFO - Set RC=90[92m -> OK[0m
2022-11-21 11:47:57,674 - rotary_actuator - DEBUG - String sent: 2EE=1

2022-11-21 11:47:57,674 - rotary_actuator - DEBUG - String sent: 2PR EE

2022-11-21 11:47:57,775 - rotary_actuator - INFO - Set EE=1[92m -> OK[0m
2022-11-21 11:47:57,775 - rotary_actuator - DEBUG - String sent: 2S3=0,0,0

2022-11-21 11:47:57,776 - rotary_actuator - DEBUG - String sent: 2PR S3

2022-11-21 11:47:57,877 - rotary_actuator - INFO - Set S3=0,0,0[92m -> OK[0m
2022-11-21 11:47:57,877 - rotary_actuator - DEBUG - String sent: 2S4=0,0,0

2022-11-21 11:47:57,878 - rotary_actuator - DEBUG - String sent: 2PR S4

2022-11-21 11:47:57,979 - rotary_actuator - INFO - Set S4=0,0,0[92m -> OK[0m
2022-11-21 11:47:57,979 - rotary_actuator - INFO - Set S1 and S2 as limit switches
2022-11-21 11:47:57,980 - rotary_actuator - DEBUG - String sent: 2S1=2,1,0

2022-11-21 11:47:57,980 - rotary_actuator - DEBUG - String sent: 2PR S1

2022-11-21 11:47:58,081 - rotary_actuator - INFO - Set S1=2,1,0[92m -> OK[0m
2022-11-21 11:47:58,081 - rotary_actuator - DEBUG - String sent: 2S2=3,1,0

2022-11-21 11:47:58,082 - rotary_actuator - DEBUG - String sent: 2PR S2

2022-11-21 11:47:58,183 - rotary_actuator - INFO - Set S2=3,1,0[92m -> OK[0m
2022-11-21 11:48:02,296 - rotary_actuator - INFO - CAUTION USING NON SPECIFIC CONFIG FILES
2022-11-21 11:48:02,303 - rotary_actuator - INFO - Using config file (/home/shivaraj/Desktop/SBN/Pyhton2_to_3/SBND_laser_control/workspace/RunControl/devices/config/com_ports.json)
2022-11-21 11:48:03,307 - rotary_actuator - INFO - Com port (/dev/ttyUSB0) opened
2022-11-21 11:48:03,307 - rotary_actuator - INFO - ---------------- init axis -----------------
2022-11-21 11:48:03,308 - rotary_actuator - DEBUG - String sent: 2MS=256

2022-11-21 11:48:03,308 - rotary_actuator - DEBUG - String sent: 2PR MS

2022-11-21 11:48:03,409 - rotary_actuator - INFO - Set MS=256[92m -> OK[0m
2022-11-21 11:48:03,410 - rotary_actuator - DEBUG - String sent: 2A=500

2022-11-21 11:48:03,410 - rotary_actuator - DEBUG - String sent: 2PR A

2022-11-21 11:48:03,511 - rotary_actuator - INFO - Set A=500[92m -> OK[0m
2022-11-21 11:48:03,512 - rotary_actuator - DEBUG - String sent: 2D=500

2022-11-21 11:48:03,512 - rotary_actuator - DEBUG - String sent: 2PR D

2022-11-21 11:48:03,613 - rotary_actuator - INFO - Set D=500[92m -> OK[0m
2022-11-21 11:48:03,614 - rotary_actuator - DEBUG - String sent: 2VI=200

2022-11-21 11:48:03,614 - rotary_actuator - DEBUG - String sent: 2PR VI

2022-11-21 11:48:03,716 - rotary_actuator - INFO - Set VI=200[92m -> OK[0m
2022-11-21 11:48:03,716 - rotary_actuator - DEBUG - String sent: 2VM=800

2022-11-21 11:48:03,717 - rotary_actuator - DEBUG - String sent: 2PR VM

2022-11-21 11:48:03,818 - rotary_actuator - INFO - Set VM=800[92m -> OK[0m
2022-11-21 11:48:03,818 - rotary_actuator - DEBUG - String sent: 2HC=5

2022-11-21 11:48:03,819 - rotary_actuator - DEBUG - String sent: 2PR HC

2022-11-21 11:48:03,920 - rotary_actuator - INFO - Set HC=5[92m -> OK[0m
2022-11-21 11:48:03,920 - rotary_actuator - DEBUG - String sent: 2RC=90

2022-11-21 11:48:03,921 - rotary_actuator - DEBUG - String sent: 2PR RC

2022-11-21 11:48:04,022 - rotary_actuator - INFO - Set RC=90[92m -> OK[0m
2022-11-21 11:48:04,022 - rotary_actuator - DEBUG - String sent: 2EE=1

2022-11-21 11:48:04,022 - rotary_actuator - DEBUG - String sent: 2PR EE

2022-11-21 11:48:04,124 - rotary_actuator - INFO - Set EE=1[92m -> OK[0m
2022-11-21 11:48:04,124 - rotary_actuator - DEBUG - String sent: 2S3=0,0,0

2022-11-21 11:48:04,125 - rotary_actuator - DEBUG - String sent: 2PR S3

2022-11-21 11:48:04,226 - rotary_actuator - INFO - Set S3=0,0,0[92m -> OK[0m
2022-11-21 11:48:04,226 - rotary_actuator - DEBUG - String sent: 2S4=0,0,0

2022-11-21 11:48:04,227 - rotary_actuator - DEBUG - String sent: 2PR S4

2022-11-21 11:48:04,328 - rotary_actuator - INFO - Set S4=0,0,0[92m -> OK[0m
2022-11-21 11:48:04,328 - rotary_actuator - INFO - Set S1 and S2 as limit switches
2022-11-21 11:48:04,329 - rotary_actuator - DEBUG - String sent: 2S1=2,1,0

2022-11-21 11:48:04,329 - rotary_actuator - DEBUG - String sent: 2PR S1

2022-11-21 11:48:04,430 - rotary_actuator - INFO - Set S1=2,1,0[92m -> OK[0m
2022-11-21 11:48:04,431 - rotary_actuator - DEBUG - String sent: 2S2=3,1,0

2022-11-21 11:48:04,432 - rotary_actuator - DEBUG - String sent: 2PR S2

2022-11-21 11:48:04,533 - rotary_actuator - INFO - Set S2=3,1,0[92m -> OK[0m
2022-11-21 11:48:15,252 - rotary_actuator - INFO - Moving 100 microsteps
2022-11-21 11:48:15,252 - rotary_actuator - DEBUG - String sent: 2MR 100

2022-11-21 11:48:20,193 - rotary_actuator - INFO - Moving 1000 microsteps
2022-11-21 11:48:20,193 - rotary_actuator - DEBUG - String sent: 2MR 1000

2022-11-21 11:48:24,228 - rotary_actuator - INFO - Moving -1000 microsteps
2022-11-21 11:48:24,228 - rotary_actuator - DEBUG - String sent: 2MR -1000

