2022-11-21 11:21:05,165 - rotary_actuator - INFO - started logger
2022-11-21 11:21:05,165 - rotary_actuator - INFO - CAUTION USING NON SPECIFIC CONFIG FILES
2022-11-21 11:21:05,165 - rotary_actuator - INFO - Using config file (/home/shivaraj/Desktop/SBN/Pyhton2_to_3/SBND_laser_control/workspace/RunControl/devices/config/config_rotary_actuator.json)
2022-11-21 11:21:08,814 - rotary_actuator - INFO - CAUTION USING NON SPECIFIC CONFIG FILES
2022-11-21 11:21:08,814 - rotary_actuator - INFO - Using config file (/home/shivaraj/Desktop/SBN/Pyhton2_to_3/SBND_laser_control/workspace/RunControl/devices/config/com_ports.json)
2022-11-21 11:21:09,817 - rotary_actuator - INFO - Com port (/dev/ttyUSB0) opened
2022-11-21 11:21:09,818 - rotary_actuator - INFO - ---------------- init axis -----------------
2022-11-21 11:21:09,818 - rotary_actuator - DEBUG - String sent: 2MS=256

2022-11-21 11:21:09,818 - rotary_actuator - DEBUG - String sent: 2PR MS

2022-11-21 11:21:09,919 - rotary_actuator - INFO - Set MS=256[92m -> OK[0m
2022-11-21 11:21:09,920 - rotary_actuator - DEBUG - String sent: 2A=500

2022-11-21 11:21:09,920 - rotary_actuator - DEBUG - String sent: 2PR A

2022-11-21 11:21:10,021 - rotary_actuator - INFO - Set A=500[92m -> OK[0m
2022-11-21 11:21:10,022 - rotary_actuator - DEBUG - String sent: 2D=500

2022-11-21 11:21:10,022 - rotary_actuator - DEBUG - String sent: 2PR D

2022-11-21 11:21:10,123 - rotary_actuator - INFO - Set D=500[92m -> OK[0m
2022-11-21 11:21:10,123 - rotary_actuator - DEBUG - String sent: 2VI=500

2022-11-21 11:21:10,123 - rotary_actuator - DEBUG - String sent: 2PR VI

2022-11-21 11:21:10,224 - rotary_actuator - INFO - Set VI=500[92m -> OK[0m
2022-11-21 11:21:10,225 - rotary_actuator - DEBUG - String sent: 2VM=1000

2022-11-21 11:21:10,225 - rotary_actuator - DEBUG - String sent: 2PR VM

2022-11-21 11:21:10,326 - rotary_actuator - INFO - Set VM=1000[92m -> OK[0m
2022-11-21 11:21:10,326 - rotary_actuator - DEBUG - String sent: 2HC=5

2022-11-21 11:21:10,327 - rotary_actuator - DEBUG - String sent: 2PR HC

2022-11-21 11:21:10,428 - rotary_actuator - INFO - Set HC=5[92m -> OK[0m
2022-11-21 11:21:10,428 - rotary_actuator - DEBUG - String sent: 2RC=90

2022-11-21 11:21:10,429 - rotary_actuator - DEBUG - String sent: 2PR RC

2022-11-21 11:21:10,530 - rotary_actuator - INFO - Set RC=90[92m -> OK[0m
2022-11-21 11:21:10,530 - rotary_actuator - DEBUG - String sent: 2EE=1

2022-11-21 11:21:10,531 - rotary_actuator - DEBUG - String sent: 2PR EE

2022-11-21 11:21:10,632 - rotary_actuator - INFO - Set EE=1[92m -> OK[0m
2022-11-21 11:21:10,632 - rotary_actuator - DEBUG - String sent: 2S3=0,0,0

2022-11-21 11:21:10,633 - rotary_actuator - DEBUG - String sent: 2PR S3

2022-11-21 11:21:10,734 - rotary_actuator - INFO - Set S3=0,0,0[92m -> OK[0m
2022-11-21 11:21:10,734 - rotary_actuator - DEBUG - String sent: 2S4=0,0,0

2022-11-21 11:21:10,734 - rotary_actuator - DEBUG - String sent: 2PR S4

2022-11-21 11:21:10,835 - rotary_actuator - INFO - Set S4=0,0,0[92m -> OK[0m
2022-11-21 11:21:10,836 - rotary_actuator - INFO - Set S1 and S2 as limit switches
2022-11-21 11:21:10,836 - rotary_actuator - DEBUG - String sent: 2S1=2,0,0

2022-11-21 11:21:10,836 - rotary_actuator - DEBUG - String sent: 2PR S1

2022-11-21 11:21:10,937 - rotary_actuator - INFO - Set S1=2,0,0[92m -> OK[0m
2022-11-21 11:21:10,937 - rotary_actuator - DEBUG - String sent: 2S2=3,0,0

2022-11-21 11:21:10,937 - rotary_actuator - DEBUG - String sent: 2PR S2

2022-11-21 11:21:11,038 - rotary_actuator - INFO - Set S2=3,0,0[92m -> OK[0m
