2022-11-18 21:56:42,238 - rotary_actuator - INFO - started logger
2022-11-18 21:56:42,238 - rotary_actuator - INFO - CAUTION USING NON SPECIFIC CONFIG FILES
2022-11-18 21:56:42,238 - rotary_actuator - INFO - Using config file (/home/shivaraj/Desktop/SBN/Pyhton2_to_3/SBND_laser_control/workspace/RunControl/devices/config/config_rotary_actuator.json)
2022-11-18 21:56:44,034 - rotary_actuator - INFO - CAUTION USING NON SPECIFIC CONFIG FILES
2022-11-18 21:56:44,034 - rotary_actuator - INFO - Using config file (/home/shivaraj/Desktop/SBN/Pyhton2_to_3/SBND_laser_control/workspace/RunControl/devices/config/com_ports.json)
2022-11-18 21:56:45,037 - rotary_actuator - INFO - Com port (/dev/ttyUSB0) opened
2022-11-18 21:56:45,038 - rotary_actuator - INFO - ---------------- init axis -----------------
2022-11-18 21:56:45,038 - rotary_actuator - DEBUG - String sent: 2MS=256

2022-11-18 21:56:45,039 - rotary_actuator - DEBUG - String sent: 2PR MS

2022-11-18 21:56:45,140 - rotary_actuator - ERROR - Set MS=256 failed
2022-11-18 21:56:45,140 - rotary_actuator - DEBUG - String sent: 2A=500

2022-11-18 21:56:45,140 - rotary_actuator - DEBUG - String sent: 2PR A

2022-11-18 21:56:45,241 - rotary_actuator - ERROR - Set A=500 failed
2022-11-18 21:56:45,241 - rotary_actuator - DEBUG - String sent: 2D=500

2022-11-18 21:56:45,241 - rotary_actuator - DEBUG - String sent: 2PR D

2022-11-18 21:56:45,342 - rotary_actuator - ERROR - Set D=500 failed
2022-11-18 21:56:45,342 - rotary_actuator - DEBUG - String sent: 2VI=500

2022-11-18 21:56:45,342 - rotary_actuator - DEBUG - String sent: 2PR VI

2022-11-18 21:56:45,443 - rotary_actuator - ERROR - Set VI=500 failed
2022-11-18 21:56:45,444 - rotary_actuator - DEBUG - String sent: 2VM=1000

2022-11-18 21:56:45,444 - rotary_actuator - DEBUG - String sent: 2PR VM

2022-11-18 21:56:45,545 - rotary_actuator - ERROR - Set VM=1000 failed
2022-11-18 21:56:45,545 - rotary_actuator - DEBUG - String sent: 2HC=5

2022-11-18 21:56:45,545 - rotary_actuator - DEBUG - String sent: 2PR HC

2022-11-18 21:56:45,646 - rotary_actuator - ERROR - Set HC=5 failed
2022-11-18 21:56:45,647 - rotary_actuator - DEBUG - String sent: 2RC=90

2022-11-18 21:56:45,647 - rotary_actuator - DEBUG - String sent: 2PR RC

2022-11-18 21:56:45,748 - rotary_actuator - ERROR - Set RC=90 failed
2022-11-18 21:56:45,748 - rotary_actuator - DEBUG - String sent: 2EE=1

2022-11-18 21:56:45,749 - rotary_actuator - DEBUG - String sent: 2PR EE

2022-11-18 21:56:45,850 - rotary_actuator - ERROR - Set EE=1 failed
2022-11-18 21:56:45,850 - rotary_actuator - DEBUG - String sent: 2S3=0,0,0

2022-11-18 21:56:45,850 - rotary_actuator - DEBUG - String sent: 2PR S3

2022-11-18 21:56:45,951 - rotary_actuator - ERROR - Set S3=0,0,0 failed
2022-11-18 21:56:45,952 - rotary_actuator - DEBUG - String sent: 2S4=0,0,0

2022-11-18 21:56:45,952 - rotary_actuator - DEBUG - String sent: 2PR S4

2022-11-18 21:56:46,053 - rotary_actuator - ERROR - Set S4=0,0,0 failed
2022-11-18 21:56:46,053 - rotary_actuator - INFO - Set S1 and S2 as limit switches
2022-11-18 21:56:46,054 - rotary_actuator - DEBUG - String sent: 2S1=2,0,0

2022-11-18 21:56:46,054 - rotary_actuator - DEBUG - String sent: 2PR S1

2022-11-18 21:56:46,154 - rotary_actuator - ERROR - Set S1=2,0,0 failed
2022-11-18 21:56:46,154 - rotary_actuator - DEBUG - String sent: 2S2=3,0,0

2022-11-18 21:56:46,154 - rotary_actuator - DEBUG - String sent: 2PR S2

2022-11-18 21:56:46,255 - rotary_actuator - ERROR - Set S2=3,0,0 failed
2022-11-18 21:56:46,756 - rotary_actuator - INFO - limit switches were not set correctly
2022-11-18 21:56:46,757 - rotary_actuator - INFO - Set S1 and S2 as limit switches
2022-11-18 21:56:46,758 - rotary_actuator - DEBUG - String sent: 2S1=2,0,0

2022-11-18 21:56:46,758 - rotary_actuator - DEBUG - String sent: 2PR S1

2022-11-18 21:56:46,859 - rotary_actuator - ERROR - Set S1=2,0,0 failed
2022-11-18 21:56:46,859 - rotary_actuator - DEBUG - String sent: 2S2=3,0,0

2022-11-18 21:56:46,860 - rotary_actuator - DEBUG - String sent: 2PR S2

2022-11-18 21:56:46,960 - rotary_actuator - ERROR - Set S2=3,0,0 failed
2022-11-18 21:56:47,462 - rotary_actuator - INFO - limit switches were not set correctly
2022-11-18 21:56:47,462 - rotary_actuator - INFO - Set S1 and S2 as limit switches
2022-11-18 21:56:47,463 - rotary_actuator - DEBUG - String sent: 2S1=2,0,0

2022-11-18 21:56:47,463 - rotary_actuator - DEBUG - String sent: 2PR S1

2022-11-18 21:56:47,564 - rotary_actuator - ERROR - Set S1=2,0,0 failed
2022-11-18 21:56:47,565 - rotary_actuator - DEBUG - String sent: 2S2=3,0,0

2022-11-18 21:56:47,565 - rotary_actuator - DEBUG - String sent: 2PR S2

2022-11-18 21:56:47,666 - rotary_actuator - ERROR - Set S2=3,0,0 failed
2022-11-18 21:56:48,167 - rotary_actuator - INFO - limit switches were not set correctly
2022-11-18 21:56:48,168 - rotary_actuator - INFO - Set S1 and S2 as limit switches
2022-11-18 21:56:48,168 - rotary_actuator - DEBUG - String sent: 2S1=2,0,0

2022-11-18 21:56:48,168 - rotary_actuator - DEBUG - String sent: 2PR S1

2022-11-18 21:56:48,269 - rotary_actuator - ERROR - Set S1=2,0,0 failed
2022-11-18 21:56:48,270 - rotary_actuator - DEBUG - String sent: 2S2=3,0,0

2022-11-18 21:56:48,270 - rotary_actuator - DEBUG - String sent: 2PR S2

2022-11-18 21:56:48,370 - rotary_actuator - ERROR - Set S2=3,0,0 failed
2022-11-18 21:56:48,872 - rotary_actuator - INFO - limit switches were not set correctly
2022-11-18 21:56:48,872 - rotary_actuator - ERROR - Setting the limit switch failed 5 times -> exiting
