2022-11-21 11:42:07,447 - rotary_actuator - INFO - started logger
2022-11-21 11:42:07,447 - rotary_actuator - INFO - CAUTION USING NON SPECIFIC CONFIG FILES
2022-11-21 11:42:07,447 - rotary_actuator - INFO - Using config file (/home/shivaraj/Desktop/SBN/Pyhton2_to_3/SBND_laser_control/workspace/RunControl/devices/config/config_rotary_actuator.json)
2022-11-21 11:42:09,865 - rotary_actuator - INFO - CAUTION USING NON SPECIFIC CONFIG FILES
2022-11-21 11:42:09,865 - rotary_actuator - INFO - Using config file (/home/shivaraj/Desktop/SBN/Pyhton2_to_3/SBND_laser_control/workspace/RunControl/devices/config/com_ports.json)
2022-11-21 11:42:10,868 - rotary_actuator - INFO - Com port (/dev/ttyUSB0) opened
2022-11-21 11:42:10,869 - rotary_actuator - INFO - ---------------- init axis -----------------
2022-11-21 11:42:10,870 - rotary_actuator - DEBUG - String sent: 2MS=256

2022-11-21 11:42:10,870 - rotary_actuator - DEBUG - String sent: 2PR MS

2022-11-21 11:42:10,971 - rotary_actuator - INFO - Set MS=256[92m -> OK[0m
2022-11-21 11:42:10,971 - rotary_actuator - DEBUG - String sent: 2A=500

2022-11-21 11:42:10,972 - rotary_actuator - DEBUG - String sent: 2PR A

2022-11-21 11:42:11,073 - rotary_actuator - INFO - Set A=500[92m -> OK[0m
2022-11-21 11:42:11,073 - rotary_actuator - DEBUG - String sent: 2D=500

2022-11-21 11:42:11,074 - rotary_actuator - DEBUG - String sent: 2PR D

2022-11-21 11:42:11,174 - rotary_actuator - INFO - Set D=500[92m -> OK[0m
2022-11-21 11:42:11,175 - rotary_actuator - DEBUG - String sent: 2VI=200

2022-11-21 11:42:11,175 - rotary_actuator - DEBUG - String sent: 2PR VI

2022-11-21 11:42:11,276 - rotary_actuator - INFO - Set VI=200[92m -> OK[0m
2022-11-21 11:42:11,277 - rotary_actuator - DEBUG - String sent: 2VM=800

2022-11-21 11:42:11,277 - rotary_actuator - DEBUG - String sent: 2PR VM

2022-11-21 11:42:11,378 - rotary_actuator - INFO - Set VM=800[92m -> OK[0m
2022-11-21 11:42:11,378 - rotary_actuator - DEBUG - String sent: 2HC=5

2022-11-21 11:42:11,378 - rotary_actuator - DEBUG - String sent: 2PR HC

2022-11-21 11:42:11,479 - rotary_actuator - INFO - Set HC=5[92m -> OK[0m
2022-11-21 11:42:11,480 - rotary_actuator - DEBUG - String sent: 2RC=90

2022-11-21 11:42:11,480 - rotary_actuator - DEBUG - String sent: 2PR RC

2022-11-21 11:42:11,581 - rotary_actuator - INFO - Set RC=90[92m -> OK[0m
2022-11-21 11:42:11,582 - rotary_actuator - DEBUG - String sent: 2EE=1

2022-11-21 11:42:11,582 - rotary_actuator - DEBUG - String sent: 2PR EE

2022-11-21 11:42:11,683 - rotary_actuator - INFO - Set EE=1[92m -> OK[0m
2022-11-21 11:42:11,684 - rotary_actuator - DEBUG - String sent: 2S3=0,0,0

2022-11-21 11:42:11,684 - rotary_actuator - DEBUG - String sent: 2PR S3

2022-11-21 11:42:11,785 - rotary_actuator - INFO - Set S3=0,0,0[92m -> OK[0m
2022-11-21 11:42:11,786 - rotary_actuator - DEBUG - String sent: 2S4=0,0,0

2022-11-21 11:42:11,786 - rotary_actuator - DEBUG - String sent: 2PR S4

2022-11-21 11:42:11,887 - rotary_actuator - INFO - Set S4=0,0,0[92m -> OK[0m
2022-11-21 11:42:11,887 - rotary_actuator - INFO - Set S1 and S2 as limit switches
2022-11-21 11:42:11,888 - rotary_actuator - DEBUG - String sent: 2S1=2,0,0

2022-11-21 11:42:11,888 - rotary_actuator - DEBUG - String sent: 2PR S1

2022-11-21 11:42:11,989 - rotary_actuator - INFO - Set S1=2,0,0[92m -> OK[0m
2022-11-21 11:42:11,989 - rotary_actuator - DEBUG - String sent: 2S2=3,0,0

2022-11-21 11:42:11,989 - rotary_actuator - DEBUG - String sent: 2PR S2

2022-11-21 11:42:12,090 - rotary_actuator - INFO - Set S2=3,0,0[92m -> OK[0m
2022-11-21 11:43:16,058 - rotary_actuator - INFO - Moving 100 microsteps
2022-11-21 11:43:16,059 - rotary_actuator - DEBUG - String sent: 2MR 100

2022-11-21 11:43:19,041 - rotary_actuator - INFO - Moving 1000 microsteps
2022-11-21 11:43:19,041 - rotary_actuator - DEBUG - String sent: 2MR 1000

2022-11-21 11:43:22,482 - rotary_actuator - INFO - Moving 10000 microsteps
2022-11-21 11:43:22,483 - rotary_actuator - DEBUG - String sent: 2MR 10000

2022-11-21 11:43:26,698 - rotary_actuator - INFO - Moving -10000 microsteps
2022-11-21 11:43:26,705 - rotary_actuator - DEBUG - String sent: 2MR -10000

2022-11-21 11:43:29,651 - rotary_actuator - INFO - Moving -10000 microsteps
2022-11-21 11:43:29,652 - rotary_actuator - DEBUG - String sent: 2MR -10000

2022-11-21 11:43:32,784 - rotary_actuator - INFO - Moving -10000 microsteps
2022-11-21 11:43:32,785 - rotary_actuator - DEBUG - String sent: 2MR -10000

