2022-11-18 21:35:40,119 - rotary_actuator - INFO - started logger
2022-11-18 21:35:40,119 - rotary_actuator - INFO - CAUTION USING NON SPECIFIC CONFIG FILES
2022-11-18 21:35:40,119 - rotary_actuator - INFO - Using config file (/home/shivaraj/Desktop/SBN/Pyhton2_to_3/SBND_laser_control/workspace/RunControl/devices/config/config_rotary_actuator.json)
2022-11-18 21:35:48,542 - rotary_actuator - INFO - CAUTION USING NON SPECIFIC CONFIG FILES
2022-11-18 21:35:48,542 - rotary_actuator - INFO - Using config file (/home/shivaraj/Desktop/SBN/Pyhton2_to_3/SBND_laser_control/workspace/RunControl/devices/config/com_ports.json)
2022-11-18 21:35:49,544 - rotary_actuator - INFO - Com port (/dev/ttyUSB0) opened
2022-11-18 21:35:49,544 - rotary_actuator - INFO - ---------------- init axis -----------------
2022-11-18 21:35:49,545 - rotary_actuator - DEBUG - String sent: 2MS=256

2022-11-18 21:35:49,545 - rotary_actuator - DEBUG - String sent: 2PR MS

2022-11-18 21:35:49,646 - rotary_actuator - INFO - Set MS=256[92m -> OK[0m
2022-11-18 21:35:49,646 - rotary_actuator - DEBUG - String sent: 2A=500

2022-11-18 21:35:49,646 - rotary_actuator - DEBUG - String sent: 2PR A

2022-11-18 21:35:49,747 - rotary_actuator - INFO - Set A=500[92m -> OK[0m
2022-11-18 21:35:49,747 - rotary_actuator - DEBUG - String sent: 2D=500

2022-11-18 21:35:49,748 - rotary_actuator - DEBUG - String sent: 2PR D

2022-11-18 21:35:49,848 - rotary_actuator - INFO - Set D=500[92m -> OK[0m
2022-11-18 21:35:49,848 - rotary_actuator - DEBUG - String sent: 2VI=500

2022-11-18 21:35:49,849 - rotary_actuator - DEBUG - String sent: 2PR VI

2022-11-18 21:35:49,949 - rotary_actuator - INFO - Set VI=500[92m -> OK[0m
2022-11-18 21:35:49,949 - rotary_actuator - DEBUG - String sent: 2VM=1000

2022-11-18 21:35:49,950 - rotary_actuator - DEBUG - String sent: 2PR VM

2022-11-18 21:35:50,050 - rotary_actuator - INFO - Set VM=1000[92m -> OK[0m
2022-11-18 21:35:50,051 - rotary_actuator - DEBUG - String sent: 2HC=5

2022-11-18 21:35:50,051 - rotary_actuator - DEBUG - String sent: 2PR HC

2022-11-18 21:35:50,152 - rotary_actuator - INFO - Set HC=5[92m -> OK[0m
2022-11-18 21:35:50,152 - rotary_actuator - DEBUG - String sent: 2RC=90

2022-11-18 21:35:50,153 - rotary_actuator - DEBUG - String sent: 2PR RC

2022-11-18 21:35:50,253 - rotary_actuator - INFO - Set RC=90[92m -> OK[0m
2022-11-18 21:35:50,254 - rotary_actuator - DEBUG - String sent: 2EE=1

2022-11-18 21:35:50,254 - rotary_actuator - DEBUG - String sent: 2PR EE

2022-11-18 21:35:50,355 - rotary_actuator - INFO - Set EE=1[92m -> OK[0m
2022-11-18 21:35:50,355 - rotary_actuator - DEBUG - String sent: 2S3=0,0,0

2022-11-18 21:35:50,356 - rotary_actuator - DEBUG - String sent: 2PR S3

2022-11-18 21:35:50,456 - rotary_actuator - INFO - Set S3=0,0,0[92m -> OK[0m
2022-11-18 21:35:50,457 - rotary_actuator - DEBUG - String sent: 2S4=0,0,0

2022-11-18 21:35:50,457 - rotary_actuator - DEBUG - String sent: 2PR S4

2022-11-18 21:35:50,558 - rotary_actuator - INFO - Set S4=0,0,0[92m -> OK[0m
2022-11-18 21:35:50,558 - rotary_actuator - INFO - Set S1 and S2 as limit switches
2022-11-18 21:35:50,558 - rotary_actuator - DEBUG - String sent: 2S1=2,0,0

2022-11-18 21:35:50,559 - rotary_actuator - DEBUG - String sent: 2PR S1

2022-11-18 21:35:50,659 - rotary_actuator - INFO - Set S1=2,0,0[92m -> OK[0m
2022-11-18 21:35:50,660 - rotary_actuator - DEBUG - String sent: 2S2=3,0,0

2022-11-18 21:35:50,660 - rotary_actuator - DEBUG - String sent: 2PR S2

2022-11-18 21:35:50,761 - rotary_actuator - INFO - Set S2=3,0,0[92m -> OK[0m
2022-11-18 21:36:00,372 - rotary_actuator - DEBUG - String sent: 2PR P

