2022-11-25 14:49:06,985 - rotary_actuator - INFO - started logger
2022-11-25 14:49:06,986 - rotary_actuator - INFO - CAUTION USING NON SPECIFIC CONFIG FILES
2022-11-25 14:49:06,986 - rotary_actuator - INFO - Using config file (/home/shivaraj/Desktop/SBN/Pyhton2_to_3/SBND_laser_control/workspace/RunControl/devices/config/config_rotary_actuator.json)
2022-11-25 14:49:08,991 - rotary_actuator - INFO - CAUTION USING NON SPECIFIC CONFIG FILES
2022-11-25 14:49:08,992 - rotary_actuator - INFO - Using config file (/home/shivaraj/Desktop/SBN/Pyhton2_to_3/SBND_laser_control/workspace/RunControl/devices/config/com_ports.json)
2022-11-25 14:49:09,994 - rotary_actuator - INFO - Com port (/dev/ttyUSB0) opened
2022-11-25 14:49:09,995 - rotary_actuator - INFO - ---------------- init axis -----------------
2022-11-25 14:49:09,995 - rotary_actuator - DEBUG - String sent: 2MS=256

2022-11-25 14:49:09,995 - rotary_actuator - DEBUG - String sent: 2PR MS

2022-11-25 14:49:10,096 - rotary_actuator - ERROR - Set MS=256 failed
2022-11-25 14:49:10,097 - rotary_actuator - DEBUG - String sent: 2A=500

2022-11-25 14:49:10,097 - rotary_actuator - DEBUG - String sent: 2PR A

2022-11-25 14:49:10,198 - rotary_actuator - ERROR - Set A=500 failed
2022-11-25 14:49:10,198 - rotary_actuator - DEBUG - String sent: 2D=500

2022-11-25 14:49:10,199 - rotary_actuator - DEBUG - String sent: 2PR D

2022-11-25 14:49:10,300 - rotary_actuator - ERROR - Set D=500 failed
2022-11-25 14:49:10,300 - rotary_actuator - DEBUG - String sent: 2VI=200

2022-11-25 14:49:10,301 - rotary_actuator - DEBUG - String sent: 2PR VI

2022-11-25 14:49:10,402 - rotary_actuator - ERROR - Set VI=200 failed
2022-11-25 14:49:10,403 - rotary_actuator - DEBUG - String sent: 2VM=800

2022-11-25 14:49:10,403 - rotary_actuator - DEBUG - String sent: 2PR VM

2022-11-25 14:49:10,504 - rotary_actuator - ERROR - Set VM=800 failed
2022-11-25 14:49:10,505 - rotary_actuator - DEBUG - String sent: 2HC=5

2022-11-25 14:49:10,505 - rotary_actuator - DEBUG - String sent: 2PR HC

2022-11-25 14:49:10,606 - rotary_actuator - ERROR - Set HC=5 failed
2022-11-25 14:49:10,607 - rotary_actuator - DEBUG - String sent: 2RC=90

2022-11-25 14:49:10,607 - rotary_actuator - DEBUG - String sent: 2PR RC

2022-11-25 14:49:10,708 - rotary_actuator - ERROR - Set RC=90 failed
2022-11-25 14:49:10,709 - rotary_actuator - DEBUG - String sent: 2EE=1

2022-11-25 14:49:10,709 - rotary_actuator - DEBUG - String sent: 2PR EE

2022-11-25 14:49:10,811 - rotary_actuator - ERROR - Set EE=1 failed
2022-11-25 14:49:10,811 - rotary_actuator - DEBUG - String sent: 2S3=0,0,0

2022-11-25 14:49:10,811 - rotary_actuator - DEBUG - String sent: 2PR S3

2022-11-25 14:49:10,915 - rotary_actuator - ERROR - Set S3=0,0,0 failed
2022-11-25 14:49:10,915 - rotary_actuator - DEBUG - String sent: 2S4=0,0,0

2022-11-25 14:49:10,916 - rotary_actuator - DEBUG - String sent: 2PR S4

2022-11-25 14:49:11,016 - rotary_actuator - ERROR - Set S4=0,0,0 failed
2022-11-25 14:49:11,016 - rotary_actuator - INFO - Set S1 and S2 as limit switches
2022-11-25 14:49:11,016 - rotary_actuator - DEBUG - String sent: 2S1=2,0,0

2022-11-25 14:49:11,017 - rotary_actuator - DEBUG - String sent: 2PR S1

2022-11-25 14:49:11,118 - rotary_actuator - ERROR - Set S1=2,0,0 failed
2022-11-25 14:49:11,118 - rotary_actuator - DEBUG - String sent: 2S2=3,0,0

2022-11-25 14:49:11,118 - rotary_actuator - DEBUG - String sent: 2PR S2

2022-11-25 14:49:11,220 - rotary_actuator - ERROR - Set S2=3,0,0 failed
2022-11-25 14:49:11,721 - rotary_actuator - INFO - limit switches were not set correctly
2022-11-25 14:49:11,721 - rotary_actuator - INFO - Set S1 and S2 as limit switches
2022-11-25 14:49:11,721 - rotary_actuator - DEBUG - String sent: 2S1=2,0,0

2022-11-25 14:49:11,722 - rotary_actuator - DEBUG - String sent: 2PR S1

2022-11-25 14:49:11,823 - rotary_actuator - ERROR - Set S1=2,0,0 failed
2022-11-25 14:49:11,823 - rotary_actuator - DEBUG - String sent: 2S2=3,0,0

2022-11-25 14:49:11,824 - rotary_actuator - DEBUG - String sent: 2PR S2

2022-11-25 14:49:11,925 - rotary_actuator - ERROR - Set S2=3,0,0 failed
2022-11-25 14:49:12,426 - rotary_actuator - INFO - limit switches were not set correctly
2022-11-25 14:49:12,427 - rotary_actuator - INFO - Set S1 and S2 as limit switches
2022-11-25 14:49:12,427 - rotary_actuator - DEBUG - String sent: 2S1=2,0,0

2022-11-25 14:49:12,428 - rotary_actuator - DEBUG - String sent: 2PR S1

2022-11-25 14:49:12,529 - rotary_actuator - ERROR - Set S1=2,0,0 failed
2022-11-25 14:49:12,530 - rotary_actuator - DEBUG - String sent: 2S2=3,0,0

2022-11-25 14:49:12,530 - rotary_actuator - DEBUG - String sent: 2PR S2

2022-11-25 14:49:12,631 - rotary_actuator - ERROR - Set S2=3,0,0 failed
2022-11-25 14:49:13,132 - rotary_actuator - INFO - limit switches were not set correctly
2022-11-25 14:49:13,132 - rotary_actuator - INFO - Set S1 and S2 as limit switches
2022-11-25 14:49:13,140 - rotary_actuator - DEBUG - String sent: 2S1=2,0,0

2022-11-25 14:49:13,140 - rotary_actuator - DEBUG - String sent: 2PR S1

2022-11-25 14:49:13,241 - rotary_actuator - ERROR - Set S1=2,0,0 failed
2022-11-25 14:49:13,242 - rotary_actuator - DEBUG - String sent: 2S2=3,0,0

2022-11-25 14:49:13,242 - rotary_actuator - DEBUG - String sent: 2PR S2

2022-11-25 14:49:13,343 - rotary_actuator - ERROR - Set S2=3,0,0 failed
2022-11-25 14:49:13,844 - rotary_actuator - INFO - limit switches were not set correctly
2022-11-25 14:49:13,845 - rotary_actuator - ERROR - Setting the limit switch failed 5 times -> exiting
