2022-11-21 11:55:49,997 - rotary_actuator - INFO - started logger
2022-11-21 11:55:49,997 - rotary_actuator - INFO - CAUTION USING NON SPECIFIC CONFIG FILES
2022-11-21 11:55:49,998 - rotary_actuator - INFO - Using config file (/home/shivaraj/Desktop/SBN/Pyhton2_to_3/SBND_laser_control/workspace/RunControl/devices/config/config_rotary_actuator.json)
2022-11-21 11:55:55,045 - rotary_actuator - INFO - CAUTION USING NON SPECIFIC CONFIG FILES
2022-11-21 11:55:55,052 - rotary_actuator - INFO - Using config file (/home/shivaraj/Desktop/SBN/Pyhton2_to_3/SBND_laser_control/workspace/RunControl/devices/config/com_ports.json)
2022-11-21 11:55:56,055 - rotary_actuator - INFO - Com port (/dev/ttyUSB0) opened
2022-11-21 11:55:56,055 - rotary_actuator - INFO - ---------------- init axis -----------------
2022-11-21 11:55:56,056 - rotary_actuator - DEBUG - String sent: 2MS=256

2022-11-21 11:55:56,057 - rotary_actuator - DEBUG - String sent: 2PR MS

2022-11-21 11:55:56,158 - rotary_actuator - INFO - Set MS=256[92m -> OK[0m
2022-11-21 11:55:56,158 - rotary_actuator - DEBUG - String sent: 2A=500

2022-11-21 11:55:56,158 - rotary_actuator - DEBUG - String sent: 2PR A

2022-11-21 11:55:56,260 - rotary_actuator - INFO - Set A=500[92m -> OK[0m
2022-11-21 11:55:56,260 - rotary_actuator - DEBUG - String sent: 2D=500

2022-11-21 11:55:56,260 - rotary_actuator - DEBUG - String sent: 2PR D

2022-11-21 11:55:56,362 - rotary_actuator - INFO - Set D=500[92m -> OK[0m
2022-11-21 11:55:56,362 - rotary_actuator - DEBUG - String sent: 2VI=200

2022-11-21 11:55:56,362 - rotary_actuator - DEBUG - String sent: 2PR VI

2022-11-21 11:55:56,463 - rotary_actuator - INFO - Set VI=200[92m -> OK[0m
2022-11-21 11:55:56,464 - rotary_actuator - DEBUG - String sent: 2VM=800

2022-11-21 11:55:56,464 - rotary_actuator - DEBUG - String sent: 2PR VM

2022-11-21 11:55:56,565 - rotary_actuator - INFO - Set VM=800[92m -> OK[0m
2022-11-21 11:55:56,566 - rotary_actuator - DEBUG - String sent: 2HC=5

2022-11-21 11:55:56,566 - rotary_actuator - DEBUG - String sent: 2PR HC

2022-11-21 11:55:56,667 - rotary_actuator - INFO - Set HC=5[92m -> OK[0m
2022-11-21 11:55:56,667 - rotary_actuator - DEBUG - String sent: 2RC=90

2022-11-21 11:55:56,668 - rotary_actuator - DEBUG - String sent: 2PR RC

2022-11-21 11:55:56,769 - rotary_actuator - INFO - Set RC=90[92m -> OK[0m
2022-11-21 11:55:56,769 - rotary_actuator - DEBUG - String sent: 2EE=1

2022-11-21 11:55:56,770 - rotary_actuator - DEBUG - String sent: 2PR EE

2022-11-21 11:55:56,871 - rotary_actuator - INFO - Set EE=1[92m -> OK[0m
2022-11-21 11:55:56,871 - rotary_actuator - DEBUG - String sent: 2S3=0,0,0

2022-11-21 11:55:56,872 - rotary_actuator - DEBUG - String sent: 2PR S3

2022-11-21 11:55:56,973 - rotary_actuator - INFO - Set S3=0,0,0[92m -> OK[0m
2022-11-21 11:55:56,974 - rotary_actuator - DEBUG - String sent: 2S4=0,0,0

2022-11-21 11:55:56,974 - rotary_actuator - DEBUG - String sent: 2PR S4

2022-11-21 11:55:57,075 - rotary_actuator - INFO - Set S4=0,0,0[92m -> OK[0m
2022-11-21 11:55:57,075 - rotary_actuator - INFO - Set S1 and S2 as limit switches
2022-11-21 11:55:57,076 - rotary_actuator - DEBUG - String sent: 2S1=2,0,0

2022-11-21 11:55:57,076 - rotary_actuator - DEBUG - String sent: 2PR S1

2022-11-21 11:55:57,177 - rotary_actuator - INFO - Set S1=2,0,0[92m -> OK[0m
2022-11-21 11:55:57,177 - rotary_actuator - DEBUG - String sent: 2S2=3,0,0

2022-11-21 11:55:57,177 - rotary_actuator - DEBUG - String sent: 2PR S2

2022-11-21 11:55:57,278 - rotary_actuator - INFO - Set S2=3,0,0[92m -> OK[0m
2022-11-21 11:56:09,258 - rotary_actuator - INFO - Moving -1000 microsteps
2022-11-21 11:56:09,258 - rotary_actuator - DEBUG - String sent: 2MR -1000

