2023-04-05 15:31:40,727 - rotary_actuator - INFO - started logger
2023-04-05 15:31:40,727 - rotary_actuator - INFO - CAUTION USING NON SPECIFIC CONFIG FILES
2023-04-05 15:31:40,727 - rotary_actuator - INFO - Using config file (/home/shivaraj/Desktop/SBN/Pyhton2_to_3/SBND_laser_control/workspace/RunControl/devices/config/config_rotary_actuator.json)
2023-04-05 15:31:42,898 - rotary_actuator - INFO - CAUTION USING NON SPECIFIC CONFIG FILES
2023-04-05 15:31:42,898 - rotary_actuator - INFO - Using config file (/home/shivaraj/Desktop/SBN/Pyhton2_to_3/SBND_laser_control/workspace/RunControl/devices/config/com_ports.json)
2023-04-05 15:31:43,901 - rotary_actuator - INFO - Com port (/dev/ttyUSB0) opened
2023-04-05 15:31:43,901 - rotary_actuator - INFO - ---------------- init axis -----------------
2023-04-05 15:31:44,002 - rotary_actuator - DEBUG - String sent: 2MS=256

2023-04-05 15:31:44,102 - rotary_actuator - DEBUG - String sent: 2PR MS

2023-04-05 15:31:44,203 - rotary_actuator - INFO - Set MS=256[92m -> OK[0m
2023-04-05 15:31:44,304 - rotary_actuator - DEBUG - String sent: 2A=500

2023-04-05 15:31:44,406 - rotary_actuator - DEBUG - String sent: 2PR A

2023-04-05 15:31:44,507 - rotary_actuator - INFO - Set A=500[92m -> OK[0m
2023-04-05 15:31:44,608 - rotary_actuator - DEBUG - String sent: 2D=500

2023-04-05 15:31:44,709 - rotary_actuator - DEBUG - String sent: 2PR D

2023-04-05 15:31:44,810 - rotary_actuator - INFO - Set D=500[92m -> OK[0m
2023-04-05 15:31:44,911 - rotary_actuator - DEBUG - String sent: 2VI=200

2023-04-05 15:31:45,012 - rotary_actuator - DEBUG - String sent: 2PR VI

2023-04-05 15:31:45,113 - rotary_actuator - INFO - Set VI=200[92m -> OK[0m
2023-04-05 15:31:45,214 - rotary_actuator - DEBUG - String sent: 2VM=800

2023-04-05 15:31:45,315 - rotary_actuator - DEBUG - String sent: 2PR VM

2023-04-05 15:31:45,416 - rotary_actuator - INFO - Set VM=800[92m -> OK[0m
2023-04-05 15:31:45,517 - rotary_actuator - DEBUG - String sent: 2HC=5

2023-04-05 15:31:45,618 - rotary_actuator - DEBUG - String sent: 2PR HC

2023-04-05 15:31:45,719 - rotary_actuator - INFO - Set HC=5[92m -> OK[0m
2023-04-05 15:31:45,820 - rotary_actuator - DEBUG - String sent: 2RC=90

2023-04-05 15:31:45,921 - rotary_actuator - DEBUG - String sent: 2PR RC

2023-04-05 15:31:46,022 - rotary_actuator - INFO - Set RC=90[92m -> OK[0m
2023-04-05 15:31:46,123 - rotary_actuator - DEBUG - String sent: 2EE=1

2023-04-05 15:31:46,224 - rotary_actuator - DEBUG - String sent: 2PR EE

2023-04-05 15:31:46,325 - rotary_actuator - INFO - Set EE=1[92m -> OK[0m
2023-04-05 15:31:46,425 - rotary_actuator - DEBUG - String sent: 2S4=0,0,0

2023-04-05 15:31:46,526 - rotary_actuator - DEBUG - String sent: 2PR S4

2023-04-05 15:31:46,626 - rotary_actuator - INFO - Set S4=0,0,0[92m -> OK[0m
2023-04-05 15:31:46,627 - rotary_actuator - INFO - Set S1 and S2 as limit switches
2023-04-05 15:31:46,727 - rotary_actuator - DEBUG - String sent: 2S1=2,0,0

2023-04-05 15:31:46,828 - rotary_actuator - DEBUG - String sent: 2PR S1

2023-04-05 15:31:46,930 - rotary_actuator - INFO - Set S1=2,0,0[92m -> OK[0m
2023-04-05 15:31:47,031 - rotary_actuator - DEBUG - String sent: 2S2=3,0,0

2023-04-05 15:31:47,132 - rotary_actuator - DEBUG - String sent: 2PR S2

2023-04-05 15:31:47,233 - rotary_actuator - INFO - Set S2=3,0,0[92m -> OK[0m
2023-04-05 15:32:23,826 - rotary_actuator - DEBUG - String sent: 2PR P

2023-04-05 15:32:23,927 - rotary_actuator - INFO - Moving 100 microsteps
2023-04-05 15:32:24,028 - rotary_actuator - DEBUG - String sent: 2MR 100

