2023-04-03 16:27:42,463 - rotary_actuator - INFO - started logger
2023-04-03 16:27:42,463 - rotary_actuator - INFO - CAUTION USING NON SPECIFIC CONFIG FILES
2023-04-03 16:27:42,463 - rotary_actuator - INFO - Using config file (/home/shivaraj/Desktop/SBN/Pyhton2_to_3/SBND_laser_control/workspace/RunControl/devices/config/config_rotary_actuator.json)
2023-04-03 16:27:45,530 - rotary_actuator - INFO - CAUTION USING NON SPECIFIC CONFIG FILES
2023-04-03 16:27:45,530 - rotary_actuator - INFO - Using config file (/home/shivaraj/Desktop/SBN/Pyhton2_to_3/SBND_laser_control/workspace/RunControl/devices/config/com_ports.json)
2023-04-03 16:27:46,532 - rotary_actuator - INFO - Com port (/dev/ttyUSB0) opened
2023-04-03 16:27:46,532 - rotary_actuator - INFO - ---------------- init axis -----------------
2023-04-03 16:27:46,533 - rotary_actuator - DEBUG - String sent: 2MS=256

2023-04-03 16:27:46,533 - rotary_actuator - DEBUG - String sent: 2PR MS

2023-04-03 16:27:46,634 - rotary_actuator - INFO - Set MS=256[92m -> OK[0m
2023-04-03 16:27:46,635 - rotary_actuator - DEBUG - String sent: 2A=500

2023-04-03 16:27:46,635 - rotary_actuator - DEBUG - String sent: 2PR A

2023-04-03 16:27:46,736 - rotary_actuator - INFO - Set A=500[92m -> OK[0m
2023-04-03 16:27:46,736 - rotary_actuator - DEBUG - String sent: 2D=500

2023-04-03 16:27:46,737 - rotary_actuator - DEBUG - String sent: 2PR D

2023-04-03 16:27:46,838 - rotary_actuator - INFO - Set D=500[92m -> OK[0m
2023-04-03 16:27:46,838 - rotary_actuator - DEBUG - String sent: 2VI=200

2023-04-03 16:27:46,839 - rotary_actuator - DEBUG - String sent: 2PR VI

2023-04-03 16:27:46,940 - rotary_actuator - INFO - Set VI=200[92m -> OK[0m
2023-04-03 16:27:46,940 - rotary_actuator - DEBUG - String sent: 2VM=800

2023-04-03 16:27:46,941 - rotary_actuator - DEBUG - String sent: 2PR VM

2023-04-03 16:27:47,042 - rotary_actuator - INFO - Set VM=800[92m -> OK[0m
2023-04-03 16:27:47,042 - rotary_actuator - DEBUG - String sent: 2HC=5

2023-04-03 16:27:47,043 - rotary_actuator - DEBUG - String sent: 2PR HC

2023-04-03 16:27:47,143 - rotary_actuator - INFO - Set HC=5[92m -> OK[0m
2023-04-03 16:27:47,144 - rotary_actuator - DEBUG - String sent: 2RC=90

2023-04-03 16:27:47,145 - rotary_actuator - DEBUG - String sent: 2PR RC

2023-04-03 16:27:47,245 - rotary_actuator - INFO - Set RC=90[92m -> OK[0m
2023-04-03 16:27:47,246 - rotary_actuator - DEBUG - String sent: 2EE=1

2023-04-03 16:27:47,246 - rotary_actuator - DEBUG - String sent: 2PR EE

2023-04-03 16:27:47,347 - rotary_actuator - INFO - Set EE=1[92m -> OK[0m
2023-04-03 16:27:47,348 - rotary_actuator - DEBUG - String sent: 2S4=0,0,0

2023-04-03 16:27:47,348 - rotary_actuator - DEBUG - String sent: 2PR S4

2023-04-03 16:27:47,449 - rotary_actuator - INFO - Set S4=0,0,0[92m -> OK[0m
2023-04-03 16:27:47,449 - rotary_actuator - INFO - Set S1 and S2 as limit switches
2023-04-03 16:27:47,449 - rotary_actuator - DEBUG - String sent: 2S1=2,0,0

2023-04-03 16:27:47,449 - rotary_actuator - DEBUG - String sent: 2PR S1

2023-04-03 16:27:47,550 - rotary_actuator - INFO - Set S1=2,0,0[92m -> OK[0m
2023-04-03 16:27:47,550 - rotary_actuator - DEBUG - String sent: 2S2=3,0,0

2023-04-03 16:27:47,551 - rotary_actuator - DEBUG - String sent: 2PR S2

2023-04-03 16:27:47,652 - rotary_actuator - INFO - Set S2=3,0,0[92m -> OK[0m
2023-04-03 16:27:54,085 - rotary_actuator - INFO - Moving 400 microsteps
2023-04-03 16:27:54,085 - rotary_actuator - DEBUG - String sent: 2MR 400

