2023-04-20 16:20:37,998 - rotary_actuator - INFO - started logger
2023-04-20 16:20:37,998 - rotary_actuator - INFO - CAUTION USING NON SPECIFIC CONFIG FILES
2023-04-20 16:20:37,998 - rotary_actuator - INFO - Using config file (/home/shivaraj/Desktop/SBN/Pyhton2_to_3/SBND_laser_control/workspace/RunControl/devices/config/config_rotary_actuator.json)
2023-04-20 16:20:43,634 - rotary_actuator - INFO - CAUTION USING NON SPECIFIC CONFIG FILES
2023-04-20 16:20:43,635 - rotary_actuator - INFO - Using config file (/home/shivaraj/Desktop/SBN/Pyhton2_to_3/SBND_laser_control/workspace/RunControl/devices/config/com_ports.json)
2023-04-20 16:20:44,637 - rotary_actuator - INFO - Com port (/dev/ttyUSB0) opened
2023-04-20 16:20:44,638 - rotary_actuator - INFO - ---------------- init axis -----------------
2023-04-20 16:20:44,739 - rotary_actuator - DEBUG - String sent: 2MS=256

2023-04-20 16:20:44,840 - rotary_actuator - DEBUG - String sent: 2PR MS

2023-04-20 16:20:44,941 - rotary_actuator - ERROR - Set MS=256 failed
2023-04-20 16:20:45,042 - rotary_actuator - DEBUG - String sent: 2A=500

2023-04-20 16:20:45,142 - rotary_actuator - DEBUG - String sent: 2PR A

2023-04-20 16:20:45,244 - rotary_actuator - INFO - Set A=500[92m -> OK[0m
2023-04-20 16:20:45,345 - rotary_actuator - DEBUG - String sent: 2D=500

2023-04-20 16:20:45,446 - rotary_actuator - DEBUG - String sent: 2PR D

2023-04-20 16:20:45,547 - rotary_actuator - INFO - Set D=500[92m -> OK[0m
2023-04-20 16:20:45,648 - rotary_actuator - DEBUG - String sent: 2VI=200

2023-04-20 16:20:45,749 - rotary_actuator - DEBUG - String sent: 2PR VI

2023-04-20 16:20:45,850 - rotary_actuator - INFO - Set VI=200[92m -> OK[0m
2023-04-20 16:20:45,951 - rotary_actuator - DEBUG - String sent: 2VM=800

2023-04-20 16:20:46,052 - rotary_actuator - DEBUG - String sent: 2PR VM

2023-04-20 16:20:46,153 - rotary_actuator - INFO - Set VM=800[92m -> OK[0m
2023-04-20 16:20:46,254 - rotary_actuator - DEBUG - String sent: 2HC=5

2023-04-20 16:20:46,355 - rotary_actuator - DEBUG - String sent: 2PR HC

2023-04-20 16:20:46,456 - rotary_actuator - INFO - Set HC=5[92m -> OK[0m
2023-04-20 16:20:46,556 - rotary_actuator - DEBUG - String sent: 2RC=90

2023-04-20 16:20:46,657 - rotary_actuator - DEBUG - String sent: 2PR RC

2023-04-20 16:20:46,758 - rotary_actuator - INFO - Set RC=90[92m -> OK[0m
2023-04-20 16:20:46,859 - rotary_actuator - DEBUG - String sent: 2EE=1

2023-04-20 16:20:46,960 - rotary_actuator - DEBUG - String sent: 2PR EE

2023-04-20 16:20:47,061 - rotary_actuator - INFO - Set EE=1[92m -> OK[0m
2023-04-20 16:20:47,162 - rotary_actuator - DEBUG - String sent: 2SM=1

2023-04-20 16:20:47,263 - rotary_actuator - DEBUG - String sent: 2PR SM

2023-04-20 16:20:47,364 - rotary_actuator - INFO - Set SM=1[92m -> OK[0m
2023-04-20 16:20:47,465 - rotary_actuator - DEBUG - String sent: 2SF=20

2023-04-20 16:20:47,565 - rotary_actuator - DEBUG - String sent: 2PR SF

2023-04-20 16:20:47,666 - rotary_actuator - INFO - Set SF=20[92m -> OK[0m
2023-04-20 16:20:47,767 - rotary_actuator - DEBUG - String sent: 2S3=0,0,0

2023-04-20 16:20:47,868 - rotary_actuator - DEBUG - String sent: 2PR S3

2023-04-20 16:20:47,969 - rotary_actuator - INFO - Set S3=0,0,0[92m -> OK[0m
2023-04-20 16:20:48,070 - rotary_actuator - DEBUG - String sent: 2S4=0,0,0

2023-04-20 16:20:48,171 - rotary_actuator - DEBUG - String sent: 2PR S4

2023-04-20 16:20:48,273 - rotary_actuator - INFO - Set S4=0,0,0[92m -> OK[0m
2023-04-20 16:20:48,273 - rotary_actuator - INFO - Set S1 and S2 as limit switches
2023-04-20 16:20:48,374 - rotary_actuator - DEBUG - String sent: 2S1=2,0,0

2023-04-20 16:20:48,475 - rotary_actuator - DEBUG - String sent: 2PR S1

2023-04-20 16:20:48,576 - rotary_actuator - INFO - Set S1=2,0,0[92m -> OK[0m
2023-04-20 16:20:48,677 - rotary_actuator - DEBUG - String sent: 2S2=3,0,0

2023-04-20 16:20:48,778 - rotary_actuator - DEBUG - String sent: 2PR S2

2023-04-20 16:20:48,879 - rotary_actuator - INFO - Set S2=3,0,0[92m -> OK[0m
2023-04-20 16:20:58,585 - rotary_actuator - INFO - CAUTION USING NON SPECIFIC CONFIG FILES
2023-04-20 16:20:58,585 - rotary_actuator - INFO - Using config file (/home/shivaraj/Desktop/SBN/Pyhton2_to_3/SBND_laser_control/workspace/RunControl/devices/config/com_ports.json)
2023-04-20 16:20:59,589 - rotary_actuator - INFO - Com port (/dev/ttyUSB0) opened
2023-04-20 16:20:59,589 - rotary_actuator - INFO - ---------------- init axis -----------------
2023-04-20 16:20:59,690 - rotary_actuator - DEBUG - String sent: 2MS=256

2023-04-20 16:20:59,792 - rotary_actuator - DEBUG - String sent: 2PR MS

2023-04-20 16:20:59,893 - rotary_actuator - INFO - Set MS=256[92m -> OK[0m
2023-04-20 16:20:59,994 - rotary_actuator - DEBUG - String sent: 2A=500

2023-04-20 16:21:00,095 - rotary_actuator - DEBUG - String sent: 2PR A

2023-04-20 16:21:00,196 - rotary_actuator - INFO - Set A=500[92m -> OK[0m
2023-04-20 16:21:00,297 - rotary_actuator - DEBUG - String sent: 2D=500

2023-04-20 16:21:00,398 - rotary_actuator - DEBUG - String sent: 2PR D

2023-04-20 16:21:00,499 - rotary_actuator - INFO - Set D=500[92m -> OK[0m
2023-04-20 16:21:00,600 - rotary_actuator - DEBUG - String sent: 2VI=200

2023-04-20 16:21:00,701 - rotary_actuator - DEBUG - String sent: 2PR VI

2023-04-20 16:21:00,802 - rotary_actuator - INFO - Set VI=200[92m -> OK[0m
2023-04-20 16:21:00,903 - rotary_actuator - DEBUG - String sent: 2VM=800

2023-04-20 16:21:01,004 - rotary_actuator - DEBUG - String sent: 2PR VM

2023-04-20 16:21:01,105 - rotary_actuator - INFO - Set VM=800[92m -> OK[0m
2023-04-20 16:21:01,206 - rotary_actuator - DEBUG - String sent: 2HC=5

2023-04-20 16:21:01,307 - rotary_actuator - DEBUG - String sent: 2PR HC

2023-04-20 16:21:01,408 - rotary_actuator - INFO - Set HC=5[92m -> OK[0m
2023-04-20 16:21:01,508 - rotary_actuator - DEBUG - String sent: 2RC=90

2023-04-20 16:21:01,609 - rotary_actuator - DEBUG - String sent: 2PR RC

2023-04-20 16:21:01,711 - rotary_actuator - INFO - Set RC=90[92m -> OK[0m
2023-04-20 16:21:01,812 - rotary_actuator - DEBUG - String sent: 2EE=1

2023-04-20 16:21:01,913 - rotary_actuator - DEBUG - String sent: 2PR EE

2023-04-20 16:21:02,014 - rotary_actuator - INFO - Set EE=1[92m -> OK[0m
2023-04-20 16:21:02,115 - rotary_actuator - DEBUG - String sent: 2SM=1

2023-04-20 16:21:02,216 - rotary_actuator - DEBUG - String sent: 2PR SM

2023-04-20 16:21:02,317 - rotary_actuator - INFO - Set SM=1[92m -> OK[0m
2023-04-20 16:21:02,418 - rotary_actuator - DEBUG - String sent: 2SF=20

2023-04-20 16:21:02,518 - rotary_actuator - DEBUG - String sent: 2PR SF

2023-04-20 16:21:02,619 - rotary_actuator - INFO - Set SF=20[92m -> OK[0m
2023-04-20 16:21:02,719 - rotary_actuator - DEBUG - String sent: 2S3=0,0,0

2023-04-20 16:21:02,820 - rotary_actuator - DEBUG - String sent: 2PR S3

2023-04-20 16:21:02,921 - rotary_actuator - INFO - Set S3=0,0,0[92m -> OK[0m
2023-04-20 16:21:03,022 - rotary_actuator - DEBUG - String sent: 2S4=0,0,0

2023-04-20 16:21:03,123 - rotary_actuator - DEBUG - String sent: 2PR S4

2023-04-20 16:21:03,224 - rotary_actuator - INFO - Set S4=0,0,0[92m -> OK[0m
2023-04-20 16:21:03,225 - rotary_actuator - INFO - Set S1 and S2 as limit switches
2023-04-20 16:21:03,326 - rotary_actuator - DEBUG - String sent: 2S1=2,0,0

2023-04-20 16:21:03,427 - rotary_actuator - DEBUG - String sent: 2PR S1

2023-04-20 16:21:03,528 - rotary_actuator - INFO - Set S1=2,0,0[92m -> OK[0m
2023-04-20 16:21:03,629 - rotary_actuator - DEBUG - String sent: 2S2=3,0,0

2023-04-20 16:21:03,730 - rotary_actuator - DEBUG - String sent: 2PR S2

2023-04-20 16:21:03,831 - rotary_actuator - INFO - Set S2=3,0,0[92m -> OK[0m
2023-04-20 16:22:05,920 - rotary_actuator - DEBUG - String sent: 2PR P

2023-04-20 16:22:06,021 - rotary_actuator - INFO - Moving -1000 microsteps
2023-04-20 16:22:06,122 - rotary_actuator - DEBUG - String sent: 2MR -1000

2023-04-20 16:22:20,863 - rotary_actuator - DEBUG - String sent: 2PR P

2023-04-20 16:22:20,964 - rotary_actuator - INFO - Moving 8000 microsteps
2023-04-20 16:22:21,065 - rotary_actuator - DEBUG - String sent: 2MR 8000

