2023-04-03 18:06:15,731 - rotary_actuator - INFO - started logger
2023-04-03 18:06:15,731 - rotary_actuator - INFO - CAUTION USING NON SPECIFIC CONFIG FILES
2023-04-03 18:06:15,731 - rotary_actuator - INFO - Using config file (/home/shivaraj/Desktop/SBN/Pyhton2_to_3/SBND_laser_control/workspace/RunControl/devices/config/config_rotary_actuator.json)
2023-04-03 18:06:18,436 - rotary_actuator - INFO - CAUTION USING NON SPECIFIC CONFIG FILES
2023-04-03 18:06:18,436 - rotary_actuator - INFO - Using config file (/home/shivaraj/Desktop/SBN/Pyhton2_to_3/SBND_laser_control/workspace/RunControl/devices/config/com_ports.json)
2023-04-03 18:06:19,440 - rotary_actuator - INFO - Com port (/dev/ttyUSB1) opened
2023-04-03 18:06:19,440 - rotary_actuator - INFO - ---------------- init axis -----------------
2023-04-03 18:06:19,642 - rotary_actuator - DEBUG - String sent: 2MS=256

2023-04-03 18:06:19,843 - rotary_actuator - DEBUG - String sent: 2PR MS

2023-04-03 18:06:19,944 - rotary_actuator - INFO - Set MS=256[92m -> OK[0m
2023-04-03 18:06:20,146 - rotary_actuator - DEBUG - String sent: 2A=500

2023-04-03 18:06:20,347 - rotary_actuator - DEBUG - String sent: 2PR A

2023-04-03 18:06:20,448 - rotary_actuator - INFO - Set A=500[92m -> OK[0m
2023-04-03 18:06:20,649 - rotary_actuator - DEBUG - String sent: 2D=500

2023-04-03 18:06:20,851 - rotary_actuator - DEBUG - String sent: 2PR D

2023-04-03 18:06:20,952 - rotary_actuator - INFO - Set D=500[92m -> OK[0m
2023-04-03 18:06:21,153 - rotary_actuator - DEBUG - String sent: 2VI=200

2023-04-03 18:06:21,355 - rotary_actuator - DEBUG - String sent: 2PR VI

2023-04-03 18:06:21,456 - rotary_actuator - INFO - Set VI=200[92m -> OK[0m
2023-04-03 18:06:21,657 - rotary_actuator - DEBUG - String sent: 2VM=800

2023-04-03 18:06:21,858 - rotary_actuator - DEBUG - String sent: 2PR VM

2023-04-03 18:06:21,960 - rotary_actuator - INFO - Set VM=800[92m -> OK[0m
2023-04-03 18:06:22,161 - rotary_actuator - DEBUG - String sent: 2HC=5

2023-04-03 18:06:22,363 - rotary_actuator - DEBUG - String sent: 2PR HC

2023-04-03 18:06:22,464 - rotary_actuator - INFO - Set HC=5[92m -> OK[0m
2023-04-03 18:06:22,666 - rotary_actuator - DEBUG - String sent: 2RC=90

2023-04-03 18:06:22,867 - rotary_actuator - DEBUG - String sent: 2PR RC

2023-04-03 18:06:22,968 - rotary_actuator - INFO - Set RC=90[92m -> OK[0m
2023-04-03 18:06:23,170 - rotary_actuator - DEBUG - String sent: 2EE=1

2023-04-03 18:06:23,371 - rotary_actuator - DEBUG - String sent: 2PR EE

2023-04-03 18:06:23,473 - rotary_actuator - INFO - Set EE=1[92m -> OK[0m
2023-04-03 18:06:23,674 - rotary_actuator - DEBUG - String sent: 2S4=0,0,0

2023-04-03 18:06:23,876 - rotary_actuator - DEBUG - String sent: 2PR S4

2023-04-03 18:06:23,977 - rotary_actuator - INFO - Set S4=0,0,0[92m -> OK[0m
2023-04-03 18:06:23,978 - rotary_actuator - INFO - Set S1 and S2 as limit switches
2023-04-03 18:06:24,179 - rotary_actuator - DEBUG - String sent: 2S1=2,0,0

2023-04-03 18:06:24,381 - rotary_actuator - DEBUG - String sent: 2PR S1

2023-04-03 18:06:24,483 - rotary_actuator - INFO - Set S1=2,0,0[92m -> OK[0m
2023-04-03 18:06:24,684 - rotary_actuator - DEBUG - String sent: 2S2=3,0,0

2023-04-03 18:06:24,886 - rotary_actuator - DEBUG - String sent: 2PR S2

2023-04-03 18:06:24,987 - rotary_actuator - INFO - Set S2=3,0,0[92m -> OK[0m
2023-04-03 18:07:06,592 - rotary_actuator - DEBUG - String sent: 2PR P

2023-04-03 18:07:06,700 - rotary_actuator - INFO - Moving 100 microsteps
2023-04-03 18:07:06,901 - rotary_actuator - DEBUG - String sent: 2MR 100

2023-04-03 18:07:41,625 - rotary_actuator - DEBUG - String sent: 2PR P

2023-04-03 18:07:41,726 - rotary_actuator - INFO - Moving 100 microsteps
2023-04-03 18:07:41,927 - rotary_actuator - DEBUG - String sent: 2MR 100

