2023-04-03 16:50:37,708 - rotary_actuator - INFO - started logger
2023-04-03 16:50:37,708 - rotary_actuator - INFO - CAUTION USING NON SPECIFIC CONFIG FILES
2023-04-03 16:50:37,709 - rotary_actuator - INFO - Using config file (/home/shivaraj/Desktop/SBN/Pyhton2_to_3/SBND_laser_control/workspace/RunControl/devices/config/config_rotary_actuator.json)
2023-04-03 16:50:40,596 - rotary_actuator - INFO - CAUTION USING NON SPECIFIC CONFIG FILES
2023-04-03 16:50:40,596 - rotary_actuator - INFO - Using config file (/home/shivaraj/Desktop/SBN/Pyhton2_to_3/SBND_laser_control/workspace/RunControl/devices/config/com_ports.json)
2023-04-03 16:50:41,598 - rotary_actuator - INFO - Com port (/dev/ttyUSB0) opened
2023-04-03 16:50:41,598 - rotary_actuator - INFO - ---------------- init axis -----------------
2023-04-03 16:50:41,599 - rotary_actuator - DEBUG - String sent: 2MS=256

2023-04-03 16:50:41,599 - rotary_actuator - DEBUG - String sent: 2PR MS

2023-04-03 16:50:41,700 - rotary_actuator - INFO - Set MS=256[92m -> OK[0m
2023-04-03 16:50:41,701 - rotary_actuator - DEBUG - String sent: 2A=500

2023-04-03 16:50:41,701 - rotary_actuator - DEBUG - String sent: 2PR A

2023-04-03 16:50:41,802 - rotary_actuator - INFO - Set A=500[92m -> OK[0m
2023-04-03 16:50:41,803 - rotary_actuator - DEBUG - String sent: 2D=500

2023-04-03 16:50:41,803 - rotary_actuator - DEBUG - String sent: 2PR D

2023-04-03 16:50:41,905 - rotary_actuator - INFO - Set D=500[92m -> OK[0m
2023-04-03 16:50:41,905 - rotary_actuator - DEBUG - String sent: 2VI=200

2023-04-03 16:50:41,906 - rotary_actuator - DEBUG - String sent: 2PR VI

2023-04-03 16:50:42,006 - rotary_actuator - INFO - Set VI=200[92m -> OK[0m
2023-04-03 16:50:42,007 - rotary_actuator - DEBUG - String sent: 2VM=800

2023-04-03 16:50:42,007 - rotary_actuator - DEBUG - String sent: 2PR VM

2023-04-03 16:50:42,108 - rotary_actuator - INFO - Set VM=800[92m -> OK[0m
2023-04-03 16:50:42,108 - rotary_actuator - DEBUG - String sent: 2HC=5

2023-04-03 16:50:42,109 - rotary_actuator - DEBUG - String sent: 2PR HC

2023-04-03 16:50:42,209 - rotary_actuator - INFO - Set HC=5[92m -> OK[0m
2023-04-03 16:50:42,210 - rotary_actuator - DEBUG - String sent: 2RC=90

2023-04-03 16:50:42,210 - rotary_actuator - DEBUG - String sent: 2PR RC

2023-04-03 16:50:42,311 - rotary_actuator - INFO - Set RC=90[92m -> OK[0m
2023-04-03 16:50:42,312 - rotary_actuator - DEBUG - String sent: 2EE=1

2023-04-03 16:50:42,312 - rotary_actuator - DEBUG - String sent: 2PR EE

2023-04-03 16:50:42,413 - rotary_actuator - INFO - Set EE=1[92m -> OK[0m
2023-04-03 16:50:42,414 - rotary_actuator - DEBUG - String sent: 2S4=0,0,0

2023-04-03 16:50:42,414 - rotary_actuator - DEBUG - String sent: 2PR S4

2023-04-03 16:50:42,515 - rotary_actuator - INFO - Set S4=0,0,0[92m -> OK[0m
2023-04-03 16:50:42,516 - rotary_actuator - INFO - Set S1 and S2 as limit switches
2023-04-03 16:50:42,516 - rotary_actuator - DEBUG - String sent: 2S1=2,0,0

2023-04-03 16:50:42,517 - rotary_actuator - DEBUG - String sent: 2PR S1

2023-04-03 16:50:42,617 - rotary_actuator - INFO - Set S1=2,0,0[92m -> OK[0m
2023-04-03 16:50:42,618 - rotary_actuator - DEBUG - String sent: 2S2=3,0,0

2023-04-03 16:50:42,618 - rotary_actuator - DEBUG - String sent: 2PR S2

2023-04-03 16:50:42,719 - rotary_actuator - INFO - Set S2=3,0,0[92m -> OK[0m
2023-04-03 16:50:49,114 - rotary_actuator - INFO - Moving 100 microsteps
2023-04-03 16:50:49,114 - rotary_actuator - DEBUG - String sent: 2MR 100

2023-04-03 16:50:51,694 - rotary_actuator - INFO - Moving 100 microsteps
2023-04-03 16:50:51,694 - rotary_actuator - DEBUG - String sent: 2MR 100

2023-04-03 16:51:10,408 - rotary_actuator - INFO - CAUTION USING NON SPECIFIC CONFIG FILES
2023-04-03 16:51:10,408 - rotary_actuator - INFO - Using config file (/home/shivaraj/Desktop/SBN/Pyhton2_to_3/SBND_laser_control/workspace/RunControl/devices/config/com_ports.json)
2023-04-03 16:51:11,411 - rotary_actuator - INFO - Com port (/dev/ttyUSB0) opened
2023-04-03 16:51:11,412 - rotary_actuator - INFO - ---------------- init axis -----------------
2023-04-03 16:51:11,412 - rotary_actuator - DEBUG - String sent: 2MS=256

2023-04-03 16:51:11,413 - rotary_actuator - DEBUG - String sent: 2PR MS

2023-04-03 16:51:11,514 - rotary_actuator - INFO - Set MS=256[92m -> OK[0m
2023-04-03 16:51:11,514 - rotary_actuator - DEBUG - String sent: 2A=500

2023-04-03 16:51:11,515 - rotary_actuator - DEBUG - String sent: 2PR A

2023-04-03 16:51:11,616 - rotary_actuator - INFO - Set A=500[92m -> OK[0m
2023-04-03 16:51:11,616 - rotary_actuator - DEBUG - String sent: 2D=500

2023-04-03 16:51:11,617 - rotary_actuator - DEBUG - String sent: 2PR D

2023-04-03 16:51:11,718 - rotary_actuator - INFO - Set D=500[92m -> OK[0m
2023-04-03 16:51:11,718 - rotary_actuator - DEBUG - String sent: 2VI=200

2023-04-03 16:51:11,719 - rotary_actuator - DEBUG - String sent: 2PR VI

2023-04-03 16:51:11,819 - rotary_actuator - INFO - Set VI=200[92m -> OK[0m
2023-04-03 16:51:11,820 - rotary_actuator - DEBUG - String sent: 2VM=800

2023-04-03 16:51:11,820 - rotary_actuator - DEBUG - String sent: 2PR VM

2023-04-03 16:51:11,921 - rotary_actuator - INFO - Set VM=800[92m -> OK[0m
2023-04-03 16:51:11,922 - rotary_actuator - DEBUG - String sent: 2HC=5

2023-04-03 16:51:11,922 - rotary_actuator - DEBUG - String sent: 2PR HC

2023-04-03 16:51:12,023 - rotary_actuator - INFO - Set HC=5[92m -> OK[0m
2023-04-03 16:51:12,024 - rotary_actuator - DEBUG - String sent: 2RC=90

2023-04-03 16:51:12,025 - rotary_actuator - DEBUG - String sent: 2PR RC

2023-04-03 16:51:12,125 - rotary_actuator - INFO - Set RC=90[92m -> OK[0m
2023-04-03 16:51:12,126 - rotary_actuator - DEBUG - String sent: 2EE=1

2023-04-03 16:51:12,126 - rotary_actuator - DEBUG - String sent: 2PR EE

2023-04-03 16:51:12,227 - rotary_actuator - INFO - Set EE=1[92m -> OK[0m
2023-04-03 16:51:12,228 - rotary_actuator - DEBUG - String sent: 2S4=0,0,0

2023-04-03 16:51:12,228 - rotary_actuator - DEBUG - String sent: 2PR S4

2023-04-03 16:51:12,329 - rotary_actuator - INFO - Set S4=0,0,0[92m -> OK[0m
2023-04-03 16:51:12,330 - rotary_actuator - INFO - Set S1 and S2 as limit switches
2023-04-03 16:51:12,330 - rotary_actuator - DEBUG - String sent: 2S1=2,0,0

2023-04-03 16:51:12,331 - rotary_actuator - DEBUG - String sent: 2PR S1

2023-04-03 16:51:12,431 - rotary_actuator - INFO - Set S1=2,0,0[92m -> OK[0m
2023-04-03 16:51:12,432 - rotary_actuator - DEBUG - String sent: 2S2=3,0,0

2023-04-03 16:51:12,433 - rotary_actuator - DEBUG - String sent: 2PR S2

2023-04-03 16:51:12,533 - rotary_actuator - INFO - Set S2=3,0,0[92m -> OK[0m
2023-04-03 16:51:17,212 - rotary_actuator - INFO - Moving 100 microsteps
2023-04-03 16:51:17,213 - rotary_actuator - DEBUG - String sent: 2MR 100

2023-04-03 16:51:40,864 - rotary_actuator - INFO - Moving 100 microsteps
2023-04-03 16:51:40,865 - rotary_actuator - DEBUG - String sent: 2MR 100

2023-04-03 16:51:46,304 - rotary_actuator - INFO - Moving -100 microsteps
2023-04-03 16:51:46,311 - rotary_actuator - DEBUG - String sent: 2MR -100

2023-04-03 16:51:53,030 - rotary_actuator - INFO - Moving 100 microsteps
2023-04-03 16:51:53,030 - rotary_actuator - DEBUG - String sent: 2MR 100

2023-04-03 16:52:36,142 - rotary_actuator - INFO - Moving -100 microsteps
2023-04-03 16:52:36,143 - rotary_actuator - DEBUG - String sent: 2MR -100

2023-04-03 16:52:53,778 - rotary_actuator - INFO - Moving 100 microsteps
2023-04-03 16:52:53,779 - rotary_actuator - DEBUG - String sent: 2MR 100

2023-04-03 16:53:09,055 - rotary_actuator - INFO - Moving -100 microsteps
2023-04-03 16:53:09,055 - rotary_actuator - DEBUG - String sent: 2MR -100

2023-04-03 16:53:19,914 - rotary_actuator - INFO - Moving 100 microsteps
2023-04-03 16:53:19,921 - rotary_actuator - DEBUG - String sent: 2MR 100

2023-04-03 16:53:51,449 - rotary_actuator - INFO - Moving 100 microsteps
2023-04-03 16:53:51,449 - rotary_actuator - DEBUG - String sent: 2MR 100

2023-04-03 16:53:57,023 - rotary_actuator - INFO - Moving -100 microsteps
2023-04-03 16:53:57,023 - rotary_actuator - DEBUG - String sent: 2MR -100

