2023-04-25 15:59:37,246 - rotary_actuator - INFO - started logger
2023-04-25 15:59:37,246 - rotary_actuator - INFO - CAUTION USING NON SPECIFIC CONFIG FILES
2023-04-25 15:59:37,246 - rotary_actuator - INFO - Using config file (/home/shivaraj/Desktop/SBN/Pyhton2_to_3/SBND_laser_control/workspace/RunControl/devices/config/config_rotary_actuator.json)
2023-04-25 15:59:43,198 - rotary_actuator - INFO - CAUTION USING NON SPECIFIC CONFIG FILES
2023-04-25 15:59:43,199 - rotary_actuator - INFO - Using config file (/home/shivaraj/Desktop/SBN/Pyhton2_to_3/SBND_laser_control/workspace/RunControl/devices/config/com_ports.json)
2023-04-25 15:59:44,200 - rotary_actuator - INFO - Com port (/dev/ttyUSB1) opened
2023-04-25 15:59:44,201 - rotary_actuator - INFO - ---------------- init axis -----------------
2023-04-25 15:59:44,202 - rotary_actuator - DEBUG - String sent: 2MS=256

2023-04-25 15:59:44,202 - rotary_actuator - DEBUG - String sent: 2PR MS

2023-04-25 15:59:44,303 - rotary_actuator - INFO - Set MS=256[92m -> OK[0m
2023-04-25 15:59:44,304 - rotary_actuator - DEBUG - String sent: 2A=500

2023-04-25 15:59:44,304 - rotary_actuator - DEBUG - String sent: 2PR A

2023-04-25 15:59:44,405 - rotary_actuator - INFO - Set A=500[92m -> OK[0m
2023-04-25 15:59:44,406 - rotary_actuator - DEBUG - String sent: 2D=500

2023-04-25 15:59:44,406 - rotary_actuator - DEBUG - String sent: 2PR D

2023-04-25 15:59:44,507 - rotary_actuator - INFO - Set D=500[92m -> OK[0m
2023-04-25 15:59:44,508 - rotary_actuator - DEBUG - String sent: 2VI=200

2023-04-25 15:59:44,508 - rotary_actuator - DEBUG - String sent: 2PR VI

2023-04-25 15:59:44,609 - rotary_actuator - INFO - Set VI=200[92m -> OK[0m
2023-04-25 15:59:44,609 - rotary_actuator - DEBUG - String sent: 2VM=800

2023-04-25 15:59:44,610 - rotary_actuator - DEBUG - String sent: 2PR VM

2023-04-25 15:59:44,711 - rotary_actuator - INFO - Set VM=800[92m -> OK[0m
2023-04-25 15:59:44,711 - rotary_actuator - DEBUG - String sent: 2HC=5

2023-04-25 15:59:44,711 - rotary_actuator - DEBUG - String sent: 2PR HC

2023-04-25 15:59:44,812 - rotary_actuator - INFO - Set HC=5[92m -> OK[0m
2023-04-25 15:59:44,812 - rotary_actuator - DEBUG - String sent: 2RC=90

2023-04-25 15:59:44,812 - rotary_actuator - DEBUG - String sent: 2PR RC

2023-04-25 15:59:44,913 - rotary_actuator - INFO - Set RC=90[92m -> OK[0m
2023-04-25 15:59:44,914 - rotary_actuator - DEBUG - String sent: 2EE=1

2023-04-25 15:59:44,914 - rotary_actuator - DEBUG - String sent: 2PR EE

2023-04-25 15:59:45,015 - rotary_actuator - INFO - Set EE=1[92m -> OK[0m
2023-04-25 15:59:45,015 - rotary_actuator - DEBUG - String sent: 2SM=1

2023-04-25 15:59:45,015 - rotary_actuator - DEBUG - String sent: 2PR SM

2023-04-25 15:59:45,116 - rotary_actuator - INFO - Set SM=1[92m -> OK[0m
2023-04-25 15:59:45,116 - rotary_actuator - DEBUG - String sent: 2SF=20

2023-04-25 15:59:45,117 - rotary_actuator - DEBUG - String sent: 2PR SF

2023-04-25 15:59:45,217 - rotary_actuator - INFO - Set SF=20[92m -> OK[0m
2023-04-25 15:59:45,218 - rotary_actuator - DEBUG - String sent: 2S3=0,0,0

2023-04-25 15:59:45,225 - rotary_actuator - DEBUG - String sent: 2PR S3

2023-04-25 15:59:45,326 - rotary_actuator - INFO - Set S3=0,0,0[92m -> OK[0m
2023-04-25 15:59:45,326 - rotary_actuator - DEBUG - String sent: 2S4=0,0,0

2023-04-25 15:59:45,327 - rotary_actuator - DEBUG - String sent: 2PR S4

2023-04-25 15:59:45,428 - rotary_actuator - INFO - Set S4=0,0,0[92m -> OK[0m
2023-04-25 15:59:45,428 - rotary_actuator - INFO - Set S1 and S2 as limit switches
2023-04-25 15:59:45,429 - rotary_actuator - DEBUG - String sent: 2S1=2,0,0

2023-04-25 15:59:45,429 - rotary_actuator - DEBUG - String sent: 2PR S1

2023-04-25 15:59:45,530 - rotary_actuator - INFO - Set S1=2,0,0[92m -> OK[0m
2023-04-25 15:59:45,530 - rotary_actuator - DEBUG - String sent: 2S2=3,0,0

2023-04-25 15:59:45,530 - rotary_actuator - DEBUG - String sent: 2PR S2

2023-04-25 15:59:45,631 - rotary_actuator - INFO - Set S2=3,0,0[92m -> OK[0m
2023-04-25 15:59:50,866 - rotary_actuator - DEBUG - String sent: 2PR P

2023-04-25 15:59:50,967 - rotary_actuator - INFO - Moving 100 microsteps
2023-04-25 15:59:50,967 - rotary_actuator - DEBUG - String sent: 2MR 100

2023-04-25 15:59:56,906 - rotary_actuator - DEBUG - String sent: 2PR P

2023-04-25 15:59:57,007 - rotary_actuator - INFO - Moving 1000 microsteps
2023-04-25 15:59:57,007 - rotary_actuator - DEBUG - String sent: 2MR 1000

