2023-04-27 10:58:57,471 - rotary_actuator - INFO - started logger
2023-04-27 10:58:57,471 - rotary_actuator - INFO - CAUTION USING NON SPECIFIC CONFIG FILES
2023-04-27 10:58:57,471 - rotary_actuator - INFO - Using config file (/home/shivaraj/Desktop/SBN/Pyhton2_to_3/SBND_laser_control/workspace/RunControl/devices/config/config_rotary_actuator.json)
2023-04-27 10:59:01,399 - rotary_actuator - INFO - CAUTION USING NON SPECIFIC CONFIG FILES
2023-04-27 10:59:01,399 - rotary_actuator - INFO - Using config file (/home/shivaraj/Desktop/SBN/Pyhton2_to_3/SBND_laser_control/workspace/RunControl/devices/config/com_ports.json)
2023-04-27 10:59:02,401 - rotary_actuator - INFO - Com port (/dev/ttyUSB0) opened
2023-04-27 10:59:02,401 - rotary_actuator - INFO - ---------------- init axis -----------------
2023-04-27 10:59:02,402 - rotary_actuator - DEBUG - String sent: 2MS=256

2023-04-27 10:59:02,403 - rotary_actuator - DEBUG - String sent: 2PR MS

2023-04-27 10:59:02,503 - rotary_actuator - ERROR - Set MS=256 failed
2023-04-27 10:59:02,504 - rotary_actuator - DEBUG - String sent: 2A=100

2023-04-27 10:59:02,511 - rotary_actuator - DEBUG - String sent: 2PR A

2023-04-27 10:59:02,612 - rotary_actuator - INFO - Set A=100[92m -> OK[0m
2023-04-27 10:59:02,613 - rotary_actuator - DEBUG - String sent: 2D=500

2023-04-27 10:59:02,613 - rotary_actuator - DEBUG - String sent: 2PR D

2023-04-27 10:59:02,714 - rotary_actuator - INFO - Set D=500[92m -> OK[0m
2023-04-27 10:59:02,715 - rotary_actuator - DEBUG - String sent: 2VI=100

2023-04-27 10:59:02,715 - rotary_actuator - DEBUG - String sent: 2PR VI

2023-04-27 10:59:02,816 - rotary_actuator - INFO - Set VI=100[92m -> OK[0m
2023-04-27 10:59:02,817 - rotary_actuator - DEBUG - String sent: 2VM=400

2023-04-27 10:59:02,817 - rotary_actuator - DEBUG - String sent: 2PR VM

2023-04-27 10:59:02,918 - rotary_actuator - INFO - Set VM=400[92m -> OK[0m
2023-04-27 10:59:02,919 - rotary_actuator - DEBUG - String sent: 2HC=5

2023-04-27 10:59:02,919 - rotary_actuator - DEBUG - String sent: 2PR HC

2023-04-27 10:59:03,020 - rotary_actuator - INFO - Set HC=5[92m -> OK[0m
2023-04-27 10:59:03,021 - rotary_actuator - DEBUG - String sent: 2RC=90

2023-04-27 10:59:03,022 - rotary_actuator - DEBUG - String sent: 2PR RC

2023-04-27 10:59:03,122 - rotary_actuator - INFO - Set RC=90[92m -> OK[0m
2023-04-27 10:59:03,122 - rotary_actuator - DEBUG - String sent: 2EE=1

2023-04-27 10:59:03,122 - rotary_actuator - DEBUG - String sent: 2PR EE

2023-04-27 10:59:03,223 - rotary_actuator - INFO - Set EE=1[92m -> OK[0m
2023-04-27 10:59:03,223 - rotary_actuator - DEBUG - String sent: 2SM=1

2023-04-27 10:59:03,224 - rotary_actuator - DEBUG - String sent: 2PR SM

2023-04-27 10:59:03,325 - rotary_actuator - INFO - Set SM=1[92m -> OK[0m
2023-04-27 10:59:03,325 - rotary_actuator - DEBUG - String sent: 2SF=20

2023-04-27 10:59:03,326 - rotary_actuator - DEBUG - String sent: 2PR SF

2023-04-27 10:59:03,427 - rotary_actuator - INFO - Set SF=20[92m -> OK[0m
2023-04-27 10:59:03,427 - rotary_actuator - DEBUG - String sent: 2S3=0,0,0

2023-04-27 10:59:03,428 - rotary_actuator - DEBUG - String sent: 2PR S3

2023-04-27 10:59:03,529 - rotary_actuator - INFO - Set S3=0,0,0[92m -> OK[0m
2023-04-27 10:59:03,529 - rotary_actuator - DEBUG - String sent: 2S4=0,0,0

2023-04-27 10:59:03,530 - rotary_actuator - DEBUG - String sent: 2PR S4

2023-04-27 10:59:03,631 - rotary_actuator - INFO - Set S4=0,0,0[92m -> OK[0m
2023-04-27 10:59:03,631 - rotary_actuator - INFO - Set S1 and S2 as limit switches
2023-04-27 10:59:03,632 - rotary_actuator - DEBUG - String sent: 2S1=2,0,0

2023-04-27 10:59:03,632 - rotary_actuator - DEBUG - String sent: 2PR S1

2023-04-27 10:59:03,733 - rotary_actuator - INFO - Set S1=2,0,0[92m -> OK[0m
2023-04-27 10:59:03,734 - rotary_actuator - DEBUG - String sent: 2S2=3,0,0

2023-04-27 10:59:03,734 - rotary_actuator - DEBUG - String sent: 2PR S2

2023-04-27 10:59:03,835 - rotary_actuator - INFO - Set S2=3,0,0[92m -> OK[0m
2023-04-27 10:59:09,954 - rotary_actuator - INFO - CAUTION USING NON SPECIFIC CONFIG FILES
2023-04-27 10:59:09,954 - rotary_actuator - INFO - Using config file (/home/shivaraj/Desktop/SBN/Pyhton2_to_3/SBND_laser_control/workspace/RunControl/devices/config/com_ports.json)
2023-04-27 10:59:10,957 - rotary_actuator - INFO - Com port (/dev/ttyUSB0) opened
2023-04-27 10:59:10,957 - rotary_actuator - INFO - ---------------- init axis -----------------
2023-04-27 10:59:10,958 - rotary_actuator - DEBUG - String sent: 2MS=256

2023-04-27 10:59:10,958 - rotary_actuator - DEBUG - String sent: 2PR MS

2023-04-27 10:59:11,059 - rotary_actuator - INFO - Set MS=256[92m -> OK[0m
2023-04-27 10:59:11,060 - rotary_actuator - DEBUG - String sent: 2A=100

2023-04-27 10:59:11,060 - rotary_actuator - DEBUG - String sent: 2PR A

2023-04-27 10:59:11,161 - rotary_actuator - INFO - Set A=100[92m -> OK[0m
2023-04-27 10:59:11,161 - rotary_actuator - DEBUG - String sent: 2D=500

2023-04-27 10:59:11,162 - rotary_actuator - DEBUG - String sent: 2PR D

2023-04-27 10:59:11,263 - rotary_actuator - INFO - Set D=500[92m -> OK[0m
2023-04-27 10:59:11,264 - rotary_actuator - DEBUG - String sent: 2VI=100

2023-04-27 10:59:11,264 - rotary_actuator - DEBUG - String sent: 2PR VI

2023-04-27 10:59:11,365 - rotary_actuator - INFO - Set VI=100[92m -> OK[0m
2023-04-27 10:59:11,366 - rotary_actuator - DEBUG - String sent: 2VM=400

2023-04-27 10:59:11,366 - rotary_actuator - DEBUG - String sent: 2PR VM

2023-04-27 10:59:11,467 - rotary_actuator - INFO - Set VM=400[92m -> OK[0m
2023-04-27 10:59:11,467 - rotary_actuator - DEBUG - String sent: 2HC=5

2023-04-27 10:59:11,468 - rotary_actuator - DEBUG - String sent: 2PR HC

2023-04-27 10:59:11,569 - rotary_actuator - INFO - Set HC=5[92m -> OK[0m
2023-04-27 10:59:11,569 - rotary_actuator - DEBUG - String sent: 2RC=90

2023-04-27 10:59:11,570 - rotary_actuator - DEBUG - String sent: 2PR RC

2023-04-27 10:59:11,670 - rotary_actuator - INFO - Set RC=90[92m -> OK[0m
2023-04-27 10:59:11,670 - rotary_actuator - DEBUG - String sent: 2EE=1

2023-04-27 10:59:11,671 - rotary_actuator - DEBUG - String sent: 2PR EE

2023-04-27 10:59:11,771 - rotary_actuator - INFO - Set EE=1[92m -> OK[0m
2023-04-27 10:59:11,771 - rotary_actuator - DEBUG - String sent: 2SM=1

2023-04-27 10:59:11,772 - rotary_actuator - DEBUG - String sent: 2PR SM

2023-04-27 10:59:11,872 - rotary_actuator - INFO - Set SM=1[92m -> OK[0m
2023-04-27 10:59:11,873 - rotary_actuator - DEBUG - String sent: 2SF=20

2023-04-27 10:59:11,874 - rotary_actuator - DEBUG - String sent: 2PR SF

2023-04-27 10:59:11,975 - rotary_actuator - INFO - Set SF=20[92m -> OK[0m
2023-04-27 10:59:11,975 - rotary_actuator - DEBUG - String sent: 2S3=0,0,0

2023-04-27 10:59:11,975 - rotary_actuator - DEBUG - String sent: 2PR S3

2023-04-27 10:59:12,076 - rotary_actuator - INFO - Set S3=0,0,0[92m -> OK[0m
2023-04-27 10:59:12,077 - rotary_actuator - DEBUG - String sent: 2S4=0,0,0

2023-04-27 10:59:12,078 - rotary_actuator - DEBUG - String sent: 2PR S4

2023-04-27 10:59:12,179 - rotary_actuator - INFO - Set S4=0,0,0[92m -> OK[0m
2023-04-27 10:59:12,179 - rotary_actuator - INFO - Set S1 and S2 as limit switches
2023-04-27 10:59:12,179 - rotary_actuator - DEBUG - String sent: 2S1=2,0,0

2023-04-27 10:59:12,180 - rotary_actuator - DEBUG - String sent: 2PR S1

2023-04-27 10:59:12,281 - rotary_actuator - INFO - Set S1=2,0,0[92m -> OK[0m
2023-04-27 10:59:12,282 - rotary_actuator - DEBUG - String sent: 2S2=3,0,0

2023-04-27 10:59:12,282 - rotary_actuator - DEBUG - String sent: 2PR S2

2023-04-27 10:59:12,383 - rotary_actuator - INFO - Set S2=3,0,0[92m -> OK[0m
2023-04-27 10:59:36,579 - rotary_actuator - DEBUG - String sent: 2PR P

2023-04-27 10:59:37,215 - rotary_actuator - INFO - Moving 5000 microsteps
2023-04-27 10:59:37,216 - rotary_actuator - DEBUG - String sent: 2MR 5000

2023-04-27 10:59:57,378 - rotary_actuator - DEBUG - String sent: 2PR P

2023-04-27 11:00:12,178 - rotary_actuator - DEBUG - String sent: 2PR P

2023-04-27 11:00:12,279 - rotary_actuator - INFO - Moving -5000 microsteps
2023-04-27 11:00:12,280 - rotary_actuator - DEBUG - String sent: 2MR -5000

2023-04-27 11:00:19,946 - rotary_actuator - DEBUG - String sent: 2PR P

2023-04-27 11:00:21,052 - rotary_actuator - DEBUG - String sent: 2PR P

2023-04-27 11:01:22,316 - rotary_actuator - DEBUG - String sent: 2PR P

2023-04-27 11:01:29,690 - rotary_actuator - DEBUG - String sent: 2PR P

2023-04-27 11:01:29,791 - rotary_actuator - INFO - Moving 20000 microsteps
2023-04-27 11:01:29,792 - rotary_actuator - DEBUG - String sent: 2MR 20000

2023-04-27 11:01:52,289 - rotary_actuator - DEBUG - String sent: 2PR P

2023-04-27 11:01:53,313 - rotary_actuator - DEBUG - String sent: 2PR P

2023-04-27 11:02:05,689 - rotary_actuator - DEBUG - String sent: 2PR P

2023-04-27 11:02:05,790 - rotary_actuator - INFO - Moving -20000 microsteps
2023-04-27 11:02:05,791 - rotary_actuator - DEBUG - String sent: 2MR -20000

2023-04-27 11:02:24,886 - rotary_actuator - DEBUG - String sent: 2PR P

2023-04-27 11:02:25,794 - rotary_actuator - DEBUG - String sent: 2PR P

2023-04-27 11:02:44,922 - rotary_actuator - DEBUG - String sent: 2PR P

2023-04-27 11:02:45,023 - rotary_actuator - INFO - Moving 200000 microsteps
2023-04-27 11:02:45,023 - rotary_actuator - DEBUG - String sent: 2MR 200000

2023-04-27 11:04:17,055 - rotary_actuator - DEBUG - String sent: 2PR P

2023-04-27 11:04:48,643 - rotary_actuator - DEBUG - String sent: 2PR P

2023-04-27 11:04:50,035 - rotary_actuator - DEBUG - String sent: 2PR P

2023-04-27 11:04:53,397 - rotary_actuator - DEBUG - String sent: 2PR P

2023-04-27 11:06:10,619 - rotary_actuator - DEBUG - String sent: 2PR P

2023-04-27 11:06:13,435 - rotary_actuator - DEBUG - String sent: 2PR P

2023-04-27 11:06:14,309 - rotary_actuator - DEBUG - String sent: 2PR P

2023-04-27 11:06:15,723 - rotary_actuator - DEBUG - String sent: 2PR P

2023-04-27 11:06:16,637 - rotary_actuator - DEBUG - String sent: 2PR P

2023-04-27 11:06:17,429 - rotary_actuator - DEBUG - String sent: 2PR P

2023-04-27 11:06:18,199 - rotary_actuator - DEBUG - String sent: 2PR P

2023-04-27 11:06:18,825 - rotary_actuator - DEBUG - String sent: 2PR P

2023-04-27 11:06:19,387 - rotary_actuator - DEBUG - String sent: 2PR P

2023-04-27 11:06:19,933 - rotary_actuator - DEBUG - String sent: 2PR P

2023-04-27 11:06:20,448 - rotary_actuator - DEBUG - String sent: 2PR P

2023-04-27 11:06:25,242 - rotary_actuator - DEBUG - String sent: 2PR P

2023-04-27 11:06:25,343 - rotary_actuator - INFO - Moving -200000 microsteps
2023-04-27 11:06:25,344 - rotary_actuator - DEBUG - String sent: 2MR -200000

2023-04-27 11:08:46,276 - rotary_actuator - DEBUG - String sent: 2PR P

2023-04-27 11:08:47,170 - rotary_actuator - DEBUG - String sent: 2PR P

2023-04-27 11:08:47,807 - rotary_actuator - DEBUG - String sent: 2PR P

2023-04-27 11:09:21,178 - rotary_actuator - DEBUG - String sent: 2PR P

2023-04-27 11:09:22,094 - rotary_actuator - DEBUG - String sent: 2PR P

2023-04-27 11:09:22,896 - rotary_actuator - DEBUG - String sent: 2PR P

2023-04-27 11:09:29,956 - rotary_actuator - DEBUG - String sent: 2PR P

2023-04-27 11:09:31,776 - rotary_actuator - DEBUG - String sent: 2PR P

