2023-02-07 11:17:36,803 - rotary_actuator - INFO - started logger
2023-02-07 11:17:36,804 - rotary_actuator - INFO - CAUTION USING NON SPECIFIC CONFIG FILES
2023-02-07 11:17:36,804 - rotary_actuator - INFO - Using config file (/home/shivaraj/Desktop/SBN/Pyhton2_to_3/SBND_laser_control/workspace/RunControl/devices/config/config_rotary_actuator.json)
2023-02-07 11:17:39,995 - rotary_actuator - INFO - CAUTION USING NON SPECIFIC CONFIG FILES
2023-02-07 11:17:39,996 - rotary_actuator - INFO - Using config file (/home/shivaraj/Desktop/SBN/Pyhton2_to_3/SBND_laser_control/workspace/RunControl/devices/config/com_ports.json)
2023-02-07 11:17:40,999 - rotary_actuator - INFO - Com port (/dev/ttyUSB0) opened
2023-02-07 11:17:40,999 - rotary_actuator - INFO - ---------------- init axis -----------------
2023-02-07 11:17:41,000 - rotary_actuator - DEBUG - String sent: 2MS=256

2023-02-07 11:17:41,000 - rotary_actuator - DEBUG - String sent: 2PR MS

2023-02-07 11:17:41,101 - rotary_actuator - INFO - Set MS=256[92m -> OK[0m
2023-02-07 11:17:41,101 - rotary_actuator - DEBUG - String sent: 2A=500

2023-02-07 11:17:41,102 - rotary_actuator - DEBUG - String sent: 2PR A

2023-02-07 11:17:41,203 - rotary_actuator - INFO - Set A=500[92m -> OK[0m
2023-02-07 11:17:41,203 - rotary_actuator - DEBUG - String sent: 2D=500

2023-02-07 11:17:41,204 - rotary_actuator - DEBUG - String sent: 2PR D

2023-02-07 11:17:41,304 - rotary_actuator - INFO - Set D=500[92m -> OK[0m
2023-02-07 11:17:41,305 - rotary_actuator - DEBUG - String sent: 2VI=200

2023-02-07 11:17:41,305 - rotary_actuator - DEBUG - String sent: 2PR VI

2023-02-07 11:17:41,406 - rotary_actuator - INFO - Set VI=200[92m -> OK[0m
2023-02-07 11:17:41,407 - rotary_actuator - DEBUG - String sent: 2VM=800

2023-02-07 11:17:41,407 - rotary_actuator - DEBUG - String sent: 2PR VM

2023-02-07 11:17:41,508 - rotary_actuator - INFO - Set VM=800[92m -> OK[0m
2023-02-07 11:17:41,509 - rotary_actuator - DEBUG - String sent: 2HC=5

2023-02-07 11:17:41,509 - rotary_actuator - DEBUG - String sent: 2PR HC

2023-02-07 11:17:41,610 - rotary_actuator - INFO - Set HC=5[92m -> OK[0m
2023-02-07 11:17:41,611 - rotary_actuator - DEBUG - String sent: 2RC=90

2023-02-07 11:17:41,611 - rotary_actuator - DEBUG - String sent: 2PR RC

2023-02-07 11:17:41,712 - rotary_actuator - INFO - Set RC=90[92m -> OK[0m
2023-02-07 11:17:41,712 - rotary_actuator - DEBUG - String sent: 2EE=1

2023-02-07 11:17:41,712 - rotary_actuator - DEBUG - String sent: 2PR EE

2023-02-07 11:17:41,813 - rotary_actuator - INFO - Set EE=1[92m -> OK[0m
2023-02-07 11:17:41,813 - rotary_actuator - DEBUG - String sent: 2S4=0,0,0

2023-02-07 11:17:41,814 - rotary_actuator - DEBUG - String sent: 2PR S4

2023-02-07 11:17:41,915 - rotary_actuator - INFO - Set S4=0,0,0[92m -> OK[0m
2023-02-07 11:17:41,915 - rotary_actuator - INFO - Set S1 and S2 as limit switches
2023-02-07 11:17:41,916 - rotary_actuator - DEBUG - String sent: 2S1=2,0,0

2023-02-07 11:17:41,916 - rotary_actuator - DEBUG - String sent: 2PR S1

2023-02-07 11:17:42,017 - rotary_actuator - INFO - Set S1=2,0,0[92m -> OK[0m
2023-02-07 11:17:42,017 - rotary_actuator - DEBUG - String sent: 2S2=3,0,0

2023-02-07 11:17:42,018 - rotary_actuator - DEBUG - String sent: 2PR S2

2023-02-07 11:17:42,118 - rotary_actuator - INFO - Set S2=3,0,0[92m -> OK[0m
