2023-01-18 14:12:44,599 - rotary_actuator - INFO - started logger
2023-01-18 14:12:44,599 - rotary_actuator - INFO - CAUTION USING NON SPECIFIC CONFIG FILES
2023-01-18 14:12:44,599 - rotary_actuator - INFO - Using config file (/home/shivaraj/Desktop/SBN/Pyhton2_to_3/SBND_laser_control/workspace/RunControl/devices/config/config_rotary_actuator.json)
2023-01-18 14:12:49,147 - rotary_actuator - INFO - CAUTION USING NON SPECIFIC CONFIG FILES
2023-01-18 14:12:49,148 - rotary_actuator - INFO - Using config file (/home/shivaraj/Desktop/SBN/Pyhton2_to_3/SBND_laser_control/workspace/RunControl/devices/config/com_ports.json)
2023-01-18 14:12:50,151 - rotary_actuator - INFO - Com port (/dev/ttyUSB0) opened
2023-01-18 14:12:50,151 - rotary_actuator - INFO - ---------------- init axis -----------------
2023-01-18 14:12:50,152 - rotary_actuator - DEBUG - String sent: 2MS=256

2023-01-18 14:12:50,152 - rotary_actuator - DEBUG - String sent: 2PR MS

2023-01-18 14:12:50,253 - rotary_actuator - INFO - Set MS=256[92m -> OK[0m
2023-01-18 14:12:50,254 - rotary_actuator - DEBUG - String sent: 2A=500

2023-01-18 14:12:50,254 - rotary_actuator - DEBUG - String sent: 2PR A

2023-01-18 14:12:50,355 - rotary_actuator - INFO - Set A=500[92m -> OK[0m
2023-01-18 14:12:50,356 - rotary_actuator - DEBUG - String sent: 2D=500

2023-01-18 14:12:50,356 - rotary_actuator - DEBUG - String sent: 2PR D

2023-01-18 14:12:50,457 - rotary_actuator - INFO - Set D=500[92m -> OK[0m
2023-01-18 14:12:50,457 - rotary_actuator - DEBUG - String sent: 2VI=200

2023-01-18 14:12:50,458 - rotary_actuator - DEBUG - String sent: 2PR VI

2023-01-18 14:12:50,559 - rotary_actuator - INFO - Set VI=200[92m -> OK[0m
2023-01-18 14:12:50,559 - rotary_actuator - DEBUG - String sent: 2VM=800

2023-01-18 14:12:50,560 - rotary_actuator - DEBUG - String sent: 2PR VM

2023-01-18 14:12:50,661 - rotary_actuator - INFO - Set VM=800[92m -> OK[0m
2023-01-18 14:12:50,661 - rotary_actuator - DEBUG - String sent: 2HC=5

2023-01-18 14:12:50,661 - rotary_actuator - DEBUG - String sent: 2PR HC

2023-01-18 14:12:50,762 - rotary_actuator - INFO - Set HC=5[92m -> OK[0m
2023-01-18 14:12:50,763 - rotary_actuator - DEBUG - String sent: 2RC=90

2023-01-18 14:12:50,764 - rotary_actuator - DEBUG - String sent: 2PR RC

2023-01-18 14:12:50,865 - rotary_actuator - INFO - Set RC=90[92m -> OK[0m
2023-01-18 14:12:50,865 - rotary_actuator - DEBUG - String sent: 2EE=1

2023-01-18 14:12:50,866 - rotary_actuator - DEBUG - String sent: 2PR EE

2023-01-18 14:12:50,966 - rotary_actuator - INFO - Set EE=1[92m -> OK[0m
2023-01-18 14:12:50,967 - rotary_actuator - DEBUG - String sent: 2S3=0,0,0

2023-01-18 14:12:50,967 - rotary_actuator - DEBUG - String sent: 2PR S3

2023-01-18 14:12:51,068 - rotary_actuator - INFO - Set S3=0,0,0[92m -> OK[0m
2023-01-18 14:12:51,069 - rotary_actuator - DEBUG - String sent: 2S4=0,0,0

2023-01-18 14:12:51,069 - rotary_actuator - DEBUG - String sent: 2PR S4

2023-01-18 14:12:51,170 - rotary_actuator - INFO - Set S4=0,0,0[92m -> OK[0m
2023-01-18 14:12:51,170 - rotary_actuator - INFO - Set S1 and S2 as limit switches
2023-01-18 14:12:51,171 - rotary_actuator - DEBUG - String sent: 2S1=2,0,0

2023-01-18 14:12:51,171 - rotary_actuator - DEBUG - String sent: 2PR S1

2023-01-18 14:12:51,272 - rotary_actuator - INFO - Set S1=2,0,0[92m -> OK[0m
2023-01-18 14:12:51,273 - rotary_actuator - DEBUG - String sent: 2S2=3,0,0

2023-01-18 14:12:51,273 - rotary_actuator - DEBUG - String sent: 2PR S2

2023-01-18 14:12:51,374 - rotary_actuator - INFO - Set S2=3,0,0[92m -> OK[0m
2023-01-18 14:12:56,409 - rotary_actuator - INFO - Moving 1000 microsteps
2023-01-18 14:12:56,410 - rotary_actuator - DEBUG - String sent: 2MR 1000

