2023-04-25 14:36:17,947 - rotary_actuator - INFO - started logger
2023-04-25 14:36:17,947 - rotary_actuator - INFO - CAUTION USING NON SPECIFIC CONFIG FILES
2023-04-25 14:36:17,947 - rotary_actuator - INFO - Using config file (/home/shivaraj/Desktop/SBN/Pyhton2_to_3/SBND_laser_control/workspace/RunControl/devices/config/config_rotary_actuator.json)
2023-04-25 14:36:21,437 - rotary_actuator - INFO - CAUTION USING NON SPECIFIC CONFIG FILES
2023-04-25 14:36:21,437 - rotary_actuator - INFO - Using config file (/home/shivaraj/Desktop/SBN/Pyhton2_to_3/SBND_laser_control/workspace/RunControl/devices/config/com_ports.json)
2023-04-25 14:36:22,440 - rotary_actuator - INFO - Com port (/dev/ttyUSB1) opened
2023-04-25 14:36:22,440 - rotary_actuator - INFO - ---------------- init axis -----------------
2023-04-25 14:36:22,441 - rotary_actuator - DEBUG - String sent: 2MS=256

2023-04-25 14:36:22,441 - rotary_actuator - DEBUG - String sent: 2PR MS

2023-04-25 14:36:22,542 - rotary_actuator - ERROR - Set MS=256 failed
2023-04-25 14:36:22,542 - rotary_actuator - DEBUG - String sent: 2A=500

2023-04-25 14:36:22,542 - rotary_actuator - DEBUG - String sent: 2PR A

2023-04-25 14:36:22,642 - rotary_actuator - INFO - Set A=500[92m -> OK[0m
2023-04-25 14:36:22,643 - rotary_actuator - DEBUG - String sent: 2D=500

2023-04-25 14:36:22,643 - rotary_actuator - DEBUG - String sent: 2PR D

2023-04-25 14:36:22,744 - rotary_actuator - INFO - Set D=500[92m -> OK[0m
2023-04-25 14:36:22,745 - rotary_actuator - DEBUG - String sent: 2VI=200

2023-04-25 14:36:22,745 - rotary_actuator - DEBUG - String sent: 2PR VI

2023-04-25 14:36:22,846 - rotary_actuator - INFO - Set VI=200[92m -> OK[0m
2023-04-25 14:36:22,846 - rotary_actuator - DEBUG - String sent: 2VM=800

2023-04-25 14:36:22,847 - rotary_actuator - DEBUG - String sent: 2PR VM

2023-04-25 14:36:22,948 - rotary_actuator - INFO - Set VM=800[92m -> OK[0m
2023-04-25 14:36:22,949 - rotary_actuator - DEBUG - String sent: 2HC=5

2023-04-25 14:36:22,957 - rotary_actuator - DEBUG - String sent: 2PR HC

2023-04-25 14:36:23,058 - rotary_actuator - INFO - Set HC=5[92m -> OK[0m
2023-04-25 14:36:23,059 - rotary_actuator - DEBUG - String sent: 2RC=90

2023-04-25 14:36:23,059 - rotary_actuator - DEBUG - String sent: 2PR RC

2023-04-25 14:36:23,160 - rotary_actuator - INFO - Set RC=90[92m -> OK[0m
2023-04-25 14:36:23,161 - rotary_actuator - DEBUG - String sent: 2EE=1

2023-04-25 14:36:23,161 - rotary_actuator - DEBUG - String sent: 2PR EE

2023-04-25 14:36:23,262 - rotary_actuator - INFO - Set EE=1[92m -> OK[0m
2023-04-25 14:36:23,263 - rotary_actuator - DEBUG - String sent: 2SM=1

2023-04-25 14:36:23,263 - rotary_actuator - DEBUG - String sent: 2PR SM

2023-04-25 14:36:23,364 - rotary_actuator - INFO - Set SM=1[92m -> OK[0m
2023-04-25 14:36:23,365 - rotary_actuator - DEBUG - String sent: 2SF=20

2023-04-25 14:36:23,365 - rotary_actuator - DEBUG - String sent: 2PR SF

2023-04-25 14:36:23,466 - rotary_actuator - INFO - Set SF=20[92m -> OK[0m
2023-04-25 14:36:23,466 - rotary_actuator - DEBUG - String sent: 2S3=0,0,0

2023-04-25 14:36:23,466 - rotary_actuator - DEBUG - String sent: 2PR S3

2023-04-25 14:36:23,567 - rotary_actuator - INFO - Set S3=0,0,0[92m -> OK[0m
2023-04-25 14:36:23,567 - rotary_actuator - DEBUG - String sent: 2S4=0,0,0

2023-04-25 14:36:23,567 - rotary_actuator - DEBUG - String sent: 2PR S4

2023-04-25 14:36:23,668 - rotary_actuator - INFO - Set S4=0,0,0[92m -> OK[0m
2023-04-25 14:36:23,668 - rotary_actuator - INFO - Set S1 and S2 as limit switches
2023-04-25 14:36:23,668 - rotary_actuator - DEBUG - String sent: 2S1=2,0,0

2023-04-25 14:36:23,668 - rotary_actuator - DEBUG - String sent: 2PR S1

2023-04-25 14:36:23,769 - rotary_actuator - INFO - Set S1=2,0,0[92m -> OK[0m
2023-04-25 14:36:23,769 - rotary_actuator - DEBUG - String sent: 2S2=3,0,0

2023-04-25 14:36:23,770 - rotary_actuator - DEBUG - String sent: 2PR S2

2023-04-25 14:36:23,870 - rotary_actuator - INFO - Set S2=3,0,0[92m -> OK[0m
2023-04-25 14:36:30,728 - rotary_actuator - INFO - CAUTION USING NON SPECIFIC CONFIG FILES
2023-04-25 14:36:30,728 - rotary_actuator - INFO - Using config file (/home/shivaraj/Desktop/SBN/Pyhton2_to_3/SBND_laser_control/workspace/RunControl/devices/config/com_ports.json)
2023-04-25 14:36:31,731 - rotary_actuator - INFO - Com port (/dev/ttyUSB1) opened
2023-04-25 14:36:31,731 - rotary_actuator - INFO - ---------------- init axis -----------------
2023-04-25 14:36:31,731 - rotary_actuator - DEBUG - String sent: 2MS=256

2023-04-25 14:36:31,732 - rotary_actuator - DEBUG - String sent: 2PR MS

2023-04-25 14:36:31,833 - rotary_actuator - INFO - Set MS=256[92m -> OK[0m
2023-04-25 14:36:31,833 - rotary_actuator - DEBUG - String sent: 2A=500

2023-04-25 14:36:31,834 - rotary_actuator - DEBUG - String sent: 2PR A

2023-04-25 14:36:31,935 - rotary_actuator - INFO - Set A=500[92m -> OK[0m
2023-04-25 14:36:31,935 - rotary_actuator - DEBUG - String sent: 2D=500

2023-04-25 14:36:31,936 - rotary_actuator - DEBUG - String sent: 2PR D

2023-04-25 14:36:32,037 - rotary_actuator - INFO - Set D=500[92m -> OK[0m
2023-04-25 14:36:32,037 - rotary_actuator - DEBUG - String sent: 2VI=200

2023-04-25 14:36:32,038 - rotary_actuator - DEBUG - String sent: 2PR VI

2023-04-25 14:36:32,139 - rotary_actuator - INFO - Set VI=200[92m -> OK[0m
2023-04-25 14:36:32,139 - rotary_actuator - DEBUG - String sent: 2VM=800

2023-04-25 14:36:32,140 - rotary_actuator - DEBUG - String sent: 2PR VM

2023-04-25 14:36:32,241 - rotary_actuator - INFO - Set VM=800[92m -> OK[0m
2023-04-25 14:36:32,241 - rotary_actuator - DEBUG - String sent: 2HC=5

2023-04-25 14:36:32,242 - rotary_actuator - DEBUG - String sent: 2PR HC

2023-04-25 14:36:32,342 - rotary_actuator - INFO - Set HC=5[92m -> OK[0m
2023-04-25 14:36:32,343 - rotary_actuator - DEBUG - String sent: 2RC=90

2023-04-25 14:36:32,343 - rotary_actuator - DEBUG - String sent: 2PR RC

2023-04-25 14:36:32,444 - rotary_actuator - INFO - Set RC=90[92m -> OK[0m
2023-04-25 14:36:32,444 - rotary_actuator - DEBUG - String sent: 2EE=1

2023-04-25 14:36:32,444 - rotary_actuator - DEBUG - String sent: 2PR EE

2023-04-25 14:36:32,545 - rotary_actuator - INFO - Set EE=1[92m -> OK[0m
2023-04-25 14:36:32,545 - rotary_actuator - DEBUG - String sent: 2SM=1

2023-04-25 14:36:32,545 - rotary_actuator - DEBUG - String sent: 2PR SM

2023-04-25 14:36:32,646 - rotary_actuator - INFO - Set SM=1[92m -> OK[0m
2023-04-25 14:36:32,646 - rotary_actuator - DEBUG - String sent: 2SF=20

2023-04-25 14:36:32,647 - rotary_actuator - DEBUG - String sent: 2PR SF

2023-04-25 14:36:32,748 - rotary_actuator - INFO - Set SF=20[92m -> OK[0m
2023-04-25 14:36:32,748 - rotary_actuator - DEBUG - String sent: 2S3=0,0,0

2023-04-25 14:36:32,749 - rotary_actuator - DEBUG - String sent: 2PR S3

2023-04-25 14:36:32,850 - rotary_actuator - INFO - Set S3=0,0,0[92m -> OK[0m
2023-04-25 14:36:32,851 - rotary_actuator - DEBUG - String sent: 2S4=0,0,0

2023-04-25 14:36:32,851 - rotary_actuator - DEBUG - String sent: 2PR S4

2023-04-25 14:36:32,952 - rotary_actuator - INFO - Set S4=0,0,0[92m -> OK[0m
2023-04-25 14:36:32,952 - rotary_actuator - INFO - Set S1 and S2 as limit switches
2023-04-25 14:36:32,953 - rotary_actuator - DEBUG - String sent: 2S1=2,0,0

2023-04-25 14:36:32,953 - rotary_actuator - DEBUG - String sent: 2PR S1

2023-04-25 14:36:33,054 - rotary_actuator - INFO - Set S1=2,0,0[92m -> OK[0m
2023-04-25 14:36:33,055 - rotary_actuator - DEBUG - String sent: 2S2=3,0,0

2023-04-25 14:36:33,056 - rotary_actuator - DEBUG - String sent: 2PR S2

2023-04-25 14:36:33,157 - rotary_actuator - INFO - Set S2=3,0,0[92m -> OK[0m
