2023-04-05 16:16:19,380 - rotary_actuator - INFO - started logger
2023-04-05 16:16:19,380 - rotary_actuator - INFO - CAUTION USING NON SPECIFIC CONFIG FILES
2023-04-05 16:16:19,381 - rotary_actuator - INFO - Using config file (/home/shivaraj/Desktop/SBN/Pyhton2_to_3/SBND_laser_control/workspace/RunControl/devices/config/config_rotary_actuator.json)
2023-04-05 16:16:22,439 - rotary_actuator - INFO - CAUTION USING NON SPECIFIC CONFIG FILES
2023-04-05 16:16:22,439 - rotary_actuator - INFO - Using config file (/home/shivaraj/Desktop/SBN/Pyhton2_to_3/SBND_laser_control/workspace/RunControl/devices/config/com_ports.json)
2023-04-05 16:16:23,441 - rotary_actuator - INFO - Com port (/dev/ttyUSB0) opened
2023-04-05 16:16:23,442 - rotary_actuator - INFO - ---------------- init axis -----------------
2023-04-05 16:16:23,543 - rotary_actuator - DEBUG - String sent: 2MS=256

2023-04-05 16:16:23,644 - rotary_actuator - DEBUG - String sent: 2PR MS

2023-04-05 16:16:23,745 - rotary_actuator - INFO - Set MS=256[92m -> OK[0m
2023-04-05 16:16:23,846 - rotary_actuator - DEBUG - String sent: 2A=500

2023-04-05 16:16:23,947 - rotary_actuator - DEBUG - String sent: 2PR A

2023-04-05 16:16:24,048 - rotary_actuator - INFO - Set A=500[92m -> OK[0m
2023-04-05 16:16:24,149 - rotary_actuator - DEBUG - String sent: 2D=500

2023-04-05 16:16:24,250 - rotary_actuator - DEBUG - String sent: 2PR D

2023-04-05 16:16:24,351 - rotary_actuator - INFO - Set D=500[92m -> OK[0m
2023-04-05 16:16:24,452 - rotary_actuator - DEBUG - String sent: 2VI=200

2023-04-05 16:16:24,553 - rotary_actuator - DEBUG - String sent: 2PR VI

2023-04-05 16:16:24,654 - rotary_actuator - INFO - Set VI=200[92m -> OK[0m
2023-04-05 16:16:24,755 - rotary_actuator - DEBUG - String sent: 2VM=800

2023-04-05 16:16:24,856 - rotary_actuator - DEBUG - String sent: 2PR VM

2023-04-05 16:16:24,957 - rotary_actuator - INFO - Set VM=800[92m -> OK[0m
2023-04-05 16:16:25,058 - rotary_actuator - DEBUG - String sent: 2HC=5

2023-04-05 16:16:25,159 - rotary_actuator - DEBUG - String sent: 2PR HC

2023-04-05 16:16:25,259 - rotary_actuator - INFO - Set HC=5[92m -> OK[0m
2023-04-05 16:16:25,360 - rotary_actuator - DEBUG - String sent: 2RC=90

2023-04-05 16:16:25,461 - rotary_actuator - DEBUG - String sent: 2PR RC

2023-04-05 16:16:25,562 - rotary_actuator - INFO - Set RC=90[92m -> OK[0m
2023-04-05 16:16:25,663 - rotary_actuator - DEBUG - String sent: 2EE=1

2023-04-05 16:16:25,765 - rotary_actuator - DEBUG - String sent: 2PR EE

2023-04-05 16:16:25,865 - rotary_actuator - INFO - Set EE=1[92m -> OK[0m
2023-04-05 16:16:25,966 - rotary_actuator - DEBUG - String sent: 2S4=0,0,0

2023-04-05 16:16:26,066 - rotary_actuator - DEBUG - String sent: 2PR S4

2023-04-05 16:16:26,167 - rotary_actuator - INFO - Set S4=0,0,0[92m -> OK[0m
2023-04-05 16:16:26,167 - rotary_actuator - INFO - Set S1 and S2 as limit switches
2023-04-05 16:16:26,267 - rotary_actuator - DEBUG - String sent: 2S1=2,0,0

2023-04-05 16:16:26,368 - rotary_actuator - DEBUG - String sent: 2PR S1

2023-04-05 16:16:26,469 - rotary_actuator - INFO - Set S1=2,0,0[92m -> OK[0m
2023-04-05 16:16:26,570 - rotary_actuator - DEBUG - String sent: 2S2=3,0,0

2023-04-05 16:16:26,671 - rotary_actuator - DEBUG - String sent: 2PR S2

2023-04-05 16:16:26,773 - rotary_actuator - INFO - Set S2=3,0,0[92m -> OK[0m
