2023-04-27 10:42:19,662 - rotary_actuator - INFO - started logger
2023-04-27 10:42:19,662 - rotary_actuator - INFO - CAUTION USING NON SPECIFIC CONFIG FILES
2023-04-27 10:42:19,662 - rotary_actuator - INFO - Using config file (/home/shivaraj/Desktop/SBN/Pyhton2_to_3/SBND_laser_control/workspace/RunControl/devices/config/config_rotary_actuator.json)
2023-04-27 10:42:23,784 - rotary_actuator - INFO - CAUTION USING NON SPECIFIC CONFIG FILES
2023-04-27 10:42:23,784 - rotary_actuator - INFO - Using config file (/home/shivaraj/Desktop/SBN/Pyhton2_to_3/SBND_laser_control/workspace/RunControl/devices/config/com_ports.json)
2023-04-27 10:42:24,787 - rotary_actuator - INFO - Com port (/dev/ttyUSB0) opened
2023-04-27 10:42:24,787 - rotary_actuator - INFO - ---------------- init axis -----------------
2023-04-27 10:42:24,788 - rotary_actuator - DEBUG - String sent: 2MS=256

2023-04-27 10:42:24,788 - rotary_actuator - DEBUG - String sent: 2PR MS

2023-04-27 10:42:24,889 - rotary_actuator - ERROR - Set MS=256 failed
2023-04-27 10:42:24,890 - rotary_actuator - DEBUG - String sent: 2A=500

2023-04-27 10:42:24,890 - rotary_actuator - DEBUG - String sent: 2PR A

2023-04-27 10:42:24,991 - rotary_actuator - INFO - Set A=500[92m -> OK[0m
2023-04-27 10:42:24,992 - rotary_actuator - DEBUG - String sent: 2D=500

2023-04-27 10:42:24,992 - rotary_actuator - DEBUG - String sent: 2PR D

2023-04-27 10:42:25,093 - rotary_actuator - INFO - Set D=500[92m -> OK[0m
2023-04-27 10:42:25,094 - rotary_actuator - DEBUG - String sent: 2VI=200

2023-04-27 10:42:25,094 - rotary_actuator - DEBUG - String sent: 2PR VI

2023-04-27 10:42:25,195 - rotary_actuator - INFO - Set VI=200[92m -> OK[0m
2023-04-27 10:42:25,196 - rotary_actuator - DEBUG - String sent: 2VM=800

2023-04-27 10:42:25,196 - rotary_actuator - DEBUG - String sent: 2PR VM

2023-04-27 10:42:25,297 - rotary_actuator - INFO - Set VM=800[92m -> OK[0m
2023-04-27 10:42:25,298 - rotary_actuator - DEBUG - String sent: 2HC=5

2023-04-27 10:42:25,298 - rotary_actuator - DEBUG - String sent: 2PR HC

2023-04-27 10:42:25,399 - rotary_actuator - INFO - Set HC=5[92m -> OK[0m
2023-04-27 10:42:25,400 - rotary_actuator - DEBUG - String sent: 2RC=90

2023-04-27 10:42:25,400 - rotary_actuator - DEBUG - String sent: 2PR RC

2023-04-27 10:42:25,501 - rotary_actuator - INFO - Set RC=90[92m -> OK[0m
2023-04-27 10:42:25,501 - rotary_actuator - DEBUG - String sent: 2EE=1

2023-04-27 10:42:25,501 - rotary_actuator - DEBUG - String sent: 2PR EE

2023-04-27 10:42:25,602 - rotary_actuator - INFO - Set EE=1[92m -> OK[0m
2023-04-27 10:42:25,602 - rotary_actuator - DEBUG - String sent: 2SM=1

2023-04-27 10:42:25,602 - rotary_actuator - DEBUG - String sent: 2PR SM

2023-04-27 10:42:25,703 - rotary_actuator - INFO - Set SM=1[92m -> OK[0m
2023-04-27 10:42:25,703 - rotary_actuator - DEBUG - String sent: 2SF=20

2023-04-27 10:42:25,704 - rotary_actuator - DEBUG - String sent: 2PR SF

2023-04-27 10:42:25,805 - rotary_actuator - INFO - Set SF=20[92m -> OK[0m
2023-04-27 10:42:25,806 - rotary_actuator - DEBUG - String sent: 2S3=0,0,0

2023-04-27 10:42:25,806 - rotary_actuator - DEBUG - String sent: 2PR S3

2023-04-27 10:42:25,907 - rotary_actuator - INFO - Set S3=0,0,0[92m -> OK[0m
2023-04-27 10:42:25,908 - rotary_actuator - DEBUG - String sent: 2S4=0,0,0

2023-04-27 10:42:25,908 - rotary_actuator - DEBUG - String sent: 2PR S4

2023-04-27 10:42:26,009 - rotary_actuator - INFO - Set S4=0,0,0[92m -> OK[0m
2023-04-27 10:42:26,010 - rotary_actuator - INFO - Set S1 and S2 as limit switches
2023-04-27 10:42:26,018 - rotary_actuator - DEBUG - String sent: 2S1=2,0,0

2023-04-27 10:42:26,018 - rotary_actuator - DEBUG - String sent: 2PR S1

2023-04-27 10:42:26,119 - rotary_actuator - INFO - Set S1=2,0,0[92m -> OK[0m
2023-04-27 10:42:26,119 - rotary_actuator - DEBUG - String sent: 2S2=3,0,0

2023-04-27 10:42:26,120 - rotary_actuator - DEBUG - String sent: 2PR S2

2023-04-27 10:42:26,221 - rotary_actuator - INFO - Set S2=3,0,0[92m -> OK[0m
2023-04-27 10:42:58,452 - rotary_actuator - INFO - CAUTION USING NON SPECIFIC CONFIG FILES
2023-04-27 10:42:58,453 - rotary_actuator - INFO - Using config file (/home/shivaraj/Desktop/SBN/Pyhton2_to_3/SBND_laser_control/workspace/RunControl/devices/config/com_ports.json)
2023-04-27 10:42:59,456 - rotary_actuator - INFO - Com port (/dev/ttyUSB0) opened
2023-04-27 10:42:59,456 - rotary_actuator - INFO - ---------------- init axis -----------------
2023-04-27 10:42:59,457 - rotary_actuator - DEBUG - String sent: 2MS=256

2023-04-27 10:42:59,458 - rotary_actuator - DEBUG - String sent: 2PR MS

2023-04-27 10:42:59,559 - rotary_actuator - INFO - Set MS=256[92m -> OK[0m
2023-04-27 10:42:59,559 - rotary_actuator - DEBUG - String sent: 2A=500

2023-04-27 10:42:59,560 - rotary_actuator - DEBUG - String sent: 2PR A

2023-04-27 10:42:59,661 - rotary_actuator - INFO - Set A=500[92m -> OK[0m
2023-04-27 10:42:59,661 - rotary_actuator - DEBUG - String sent: 2D=500

2023-04-27 10:42:59,662 - rotary_actuator - DEBUG - String sent: 2PR D

2023-04-27 10:42:59,763 - rotary_actuator - INFO - Set D=500[92m -> OK[0m
2023-04-27 10:42:59,764 - rotary_actuator - DEBUG - String sent: 2VI=200

2023-04-27 10:42:59,764 - rotary_actuator - DEBUG - String sent: 2PR VI

2023-04-27 10:42:59,865 - rotary_actuator - INFO - Set VI=200[92m -> OK[0m
2023-04-27 10:42:59,866 - rotary_actuator - DEBUG - String sent: 2VM=800

2023-04-27 10:42:59,866 - rotary_actuator - DEBUG - String sent: 2PR VM

2023-04-27 10:42:59,967 - rotary_actuator - INFO - Set VM=800[92m -> OK[0m
2023-04-27 10:42:59,967 - rotary_actuator - DEBUG - String sent: 2HC=5

2023-04-27 10:42:59,967 - rotary_actuator - DEBUG - String sent: 2PR HC

2023-04-27 10:43:00,068 - rotary_actuator - INFO - Set HC=5[92m -> OK[0m
2023-04-27 10:43:00,069 - rotary_actuator - DEBUG - String sent: 2RC=90

2023-04-27 10:43:00,069 - rotary_actuator - DEBUG - String sent: 2PR RC

2023-04-27 10:43:00,170 - rotary_actuator - INFO - Set RC=90[92m -> OK[0m
2023-04-27 10:43:00,170 - rotary_actuator - DEBUG - String sent: 2EE=1

2023-04-27 10:43:00,170 - rotary_actuator - DEBUG - String sent: 2PR EE

2023-04-27 10:43:00,271 - rotary_actuator - INFO - Set EE=1[92m -> OK[0m
2023-04-27 10:43:00,271 - rotary_actuator - DEBUG - String sent: 2SM=1

2023-04-27 10:43:00,271 - rotary_actuator - DEBUG - String sent: 2PR SM

2023-04-27 10:43:00,371 - rotary_actuator - INFO - Set SM=1[92m -> OK[0m
2023-04-27 10:43:00,371 - rotary_actuator - DEBUG - String sent: 2SF=20

2023-04-27 10:43:00,371 - rotary_actuator - DEBUG - String sent: 2PR SF

2023-04-27 10:43:00,472 - rotary_actuator - INFO - Set SF=20[92m -> OK[0m
2023-04-27 10:43:00,473 - rotary_actuator - DEBUG - String sent: 2S3=0,0,0

2023-04-27 10:43:00,473 - rotary_actuator - DEBUG - String sent: 2PR S3

2023-04-27 10:43:00,574 - rotary_actuator - INFO - Set S3=0,0,0[92m -> OK[0m
2023-04-27 10:43:00,575 - rotary_actuator - DEBUG - String sent: 2S4=0,0,0

2023-04-27 10:43:00,576 - rotary_actuator - DEBUG - String sent: 2PR S4

2023-04-27 10:43:00,677 - rotary_actuator - INFO - Set S4=0,0,0[92m -> OK[0m
2023-04-27 10:43:00,677 - rotary_actuator - INFO - Set S1 and S2 as limit switches
2023-04-27 10:43:00,678 - rotary_actuator - DEBUG - String sent: 2S1=2,0,0

2023-04-27 10:43:00,678 - rotary_actuator - DEBUG - String sent: 2PR S1

2023-04-27 10:43:00,779 - rotary_actuator - INFO - Set S1=2,0,0[92m -> OK[0m
2023-04-27 10:43:00,780 - rotary_actuator - DEBUG - String sent: 2S2=3,0,0

2023-04-27 10:43:00,780 - rotary_actuator - DEBUG - String sent: 2PR S2

2023-04-27 10:43:00,881 - rotary_actuator - INFO - Set S2=3,0,0[92m -> OK[0m
2023-04-27 10:45:33,602 - rotary_actuator - DEBUG - String sent: 2PR P

2023-04-27 10:45:33,703 - rotary_actuator - INFO - Moving 1000 microsteps
2023-04-27 10:45:33,703 - rotary_actuator - DEBUG - String sent: 2MR 1000

2023-04-27 10:45:51,466 - rotary_actuator - DEBUG - String sent: 2PR P

2023-04-27 10:45:51,566 - rotary_actuator - INFO - Moving -5000 microsteps
2023-04-27 10:45:51,566 - rotary_actuator - DEBUG - String sent: 2MR -5000

2023-04-27 10:46:18,732 - rotary_actuator - DEBUG - String sent: 2PR P

2023-04-27 10:46:18,840 - rotary_actuator - INFO - Moving -5000 microsteps
2023-04-27 10:46:18,840 - rotary_actuator - DEBUG - String sent: 2MR -5000

