2023-01-18 14:28:37,296 - rotary_actuator - INFO - started logger
2023-01-18 14:28:37,296 - rotary_actuator - INFO - CAUTION USING NON SPECIFIC CONFIG FILES
2023-01-18 14:28:37,296 - rotary_actuator - INFO - Using config file (/home/shivaraj/Desktop/SBN/Pyhton2_to_3/SBND_laser_control/workspace/RunControl/devices/config/config_rotary_actuator.json)
2023-01-18 14:28:42,515 - rotary_actuator - INFO - CAUTION USING NON SPECIFIC CONFIG FILES
2023-01-18 14:28:42,516 - rotary_actuator - INFO - Using config file (/home/shivaraj/Desktop/SBN/Pyhton2_to_3/SBND_laser_control/workspace/RunControl/devices/config/com_ports.json)
2023-01-18 14:28:43,519 - rotary_actuator - INFO - Com port (/dev/ttyUSB0) opened
2023-01-18 14:28:43,519 - rotary_actuator - INFO - ---------------- init axis -----------------
2023-01-18 14:28:43,520 - rotary_actuator - DEBUG - String sent: 2MS=256

2023-01-18 14:28:43,520 - rotary_actuator - DEBUG - String sent: 2PR MS

2023-01-18 14:28:43,621 - rotary_actuator - INFO - Set MS=256[92m -> OK[0m
2023-01-18 14:28:43,622 - rotary_actuator - DEBUG - String sent: 2A=500

2023-01-18 14:28:43,622 - rotary_actuator - DEBUG - String sent: 2PR A

2023-01-18 14:28:43,723 - rotary_actuator - INFO - Set A=500[92m -> OK[0m
2023-01-18 14:28:43,723 - rotary_actuator - DEBUG - String sent: 2D=500

2023-01-18 14:28:43,724 - rotary_actuator - DEBUG - String sent: 2PR D

2023-01-18 14:28:43,825 - rotary_actuator - INFO - Set D=500[92m -> OK[0m
2023-01-18 14:28:43,825 - rotary_actuator - DEBUG - String sent: 2VI=200

2023-01-18 14:28:43,826 - rotary_actuator - DEBUG - String sent: 2PR VI

2023-01-18 14:28:43,926 - rotary_actuator - INFO - Set VI=200[92m -> OK[0m
2023-01-18 14:28:43,927 - rotary_actuator - DEBUG - String sent: 2VM=800

2023-01-18 14:28:43,927 - rotary_actuator - DEBUG - String sent: 2PR VM

2023-01-18 14:28:44,028 - rotary_actuator - INFO - Set VM=800[92m -> OK[0m
2023-01-18 14:28:44,028 - rotary_actuator - DEBUG - String sent: 2HC=5

2023-01-18 14:28:44,029 - rotary_actuator - DEBUG - String sent: 2PR HC

2023-01-18 14:28:44,130 - rotary_actuator - INFO - Set HC=5[92m -> OK[0m
2023-01-18 14:28:44,130 - rotary_actuator - DEBUG - String sent: 2RC=90

2023-01-18 14:28:44,131 - rotary_actuator - DEBUG - String sent: 2PR RC

2023-01-18 14:28:44,231 - rotary_actuator - INFO - Set RC=90[92m -> OK[0m
2023-01-18 14:28:44,232 - rotary_actuator - DEBUG - String sent: 2EE=1

2023-01-18 14:28:44,232 - rotary_actuator - DEBUG - String sent: 2PR EE

2023-01-18 14:28:44,333 - rotary_actuator - INFO - Set EE=1[92m -> OK[0m
2023-01-18 14:28:44,334 - rotary_actuator - DEBUG - String sent: 2S3=0,0,0

2023-01-18 14:28:44,341 - rotary_actuator - DEBUG - String sent: 2PR S3

2023-01-18 14:28:44,442 - rotary_actuator - INFO - Set S3=0,0,0[92m -> OK[0m
2023-01-18 14:28:44,443 - rotary_actuator - DEBUG - String sent: 2S4=0,0,0

2023-01-18 14:28:44,443 - rotary_actuator - DEBUG - String sent: 2PR S4

2023-01-18 14:28:44,544 - rotary_actuator - INFO - Set S4=0,0,0[92m -> OK[0m
2023-01-18 14:28:44,544 - rotary_actuator - INFO - Set S1 and S2 as limit switches
2023-01-18 14:28:44,545 - rotary_actuator - DEBUG - String sent: 2S1=2,0,0

2023-01-18 14:28:44,545 - rotary_actuator - DEBUG - String sent: 2PR S1

2023-01-18 14:28:44,646 - rotary_actuator - INFO - Set S1=2,0,0[92m -> OK[0m
2023-01-18 14:28:44,647 - rotary_actuator - DEBUG - String sent: 2S2=3,0,0

2023-01-18 14:28:44,647 - rotary_actuator - DEBUG - String sent: 2PR S2

2023-01-18 14:28:44,748 - rotary_actuator - INFO - Set S2=3,0,0[92m -> OK[0m
2023-01-18 14:29:30,654 - rotary_actuator - INFO - Moving 1000 microsteps
2023-01-18 14:29:30,654 - rotary_actuator - DEBUG - String sent: 2MR 1000

