2023-04-03 17:09:59,056 - rotary_actuator - INFO - started logger
2023-04-03 17:09:59,056 - rotary_actuator - INFO - CAUTION USING NON SPECIFIC CONFIG FILES
2023-04-03 17:09:59,056 - rotary_actuator - INFO - Using config file (/home/shivaraj/Desktop/SBN/Pyhton2_to_3/SBND_laser_control/workspace/RunControl/devices/config/config_rotary_actuator.json)
2023-04-03 17:10:02,347 - rotary_actuator - INFO - CAUTION USING NON SPECIFIC CONFIG FILES
2023-04-03 17:10:02,348 - rotary_actuator - INFO - Using config file (/home/shivaraj/Desktop/SBN/Pyhton2_to_3/SBND_laser_control/workspace/RunControl/devices/config/com_ports.json)
2023-04-03 17:10:03,351 - rotary_actuator - INFO - Com port (/dev/ttyUSB0) opened
2023-04-03 17:10:03,351 - rotary_actuator - INFO - ---------------- init axis -----------------
2023-04-03 17:10:03,352 - rotary_actuator - DEBUG - String sent: 2MS=256

2023-04-03 17:10:03,353 - rotary_actuator - DEBUG - String sent: 2PR MS

2023-04-03 17:10:03,453 - rotary_actuator - INFO - Set MS=256[92m -> OK[0m
2023-04-03 17:10:03,454 - rotary_actuator - DEBUG - String sent: 2A=500

2023-04-03 17:10:03,454 - rotary_actuator - DEBUG - String sent: 2PR A

2023-04-03 17:10:03,555 - rotary_actuator - INFO - Set A=500[92m -> OK[0m
2023-04-03 17:10:03,556 - rotary_actuator - DEBUG - String sent: 2D=500

2023-04-03 17:10:03,557 - rotary_actuator - DEBUG - String sent: 2PR D

2023-04-03 17:10:03,657 - rotary_actuator - INFO - Set D=500[92m -> OK[0m
2023-04-03 17:10:03,658 - rotary_actuator - DEBUG - String sent: 2VI=200

2023-04-03 17:10:03,658 - rotary_actuator - DEBUG - String sent: 2PR VI

2023-04-03 17:10:03,759 - rotary_actuator - INFO - Set VI=200[92m -> OK[0m
2023-04-03 17:10:03,760 - rotary_actuator - DEBUG - String sent: 2VM=800

2023-04-03 17:10:03,760 - rotary_actuator - DEBUG - String sent: 2PR VM

2023-04-03 17:10:03,861 - rotary_actuator - INFO - Set VM=800[92m -> OK[0m
2023-04-03 17:10:03,862 - rotary_actuator - DEBUG - String sent: 2HC=5

2023-04-03 17:10:03,862 - rotary_actuator - DEBUG - String sent: 2PR HC

2023-04-03 17:10:03,963 - rotary_actuator - INFO - Set HC=5[92m -> OK[0m
2023-04-03 17:10:03,963 - rotary_actuator - DEBUG - String sent: 2RC=90

2023-04-03 17:10:03,964 - rotary_actuator - DEBUG - String sent: 2PR RC

2023-04-03 17:10:04,065 - rotary_actuator - INFO - Set RC=90[92m -> OK[0m
2023-04-03 17:10:04,065 - rotary_actuator - DEBUG - String sent: 2EE=1

2023-04-03 17:10:04,065 - rotary_actuator - DEBUG - String sent: 2PR EE

2023-04-03 17:10:04,166 - rotary_actuator - INFO - Set EE=1[92m -> OK[0m
2023-04-03 17:10:04,167 - rotary_actuator - DEBUG - String sent: 2S4=0,0,0

2023-04-03 17:10:04,168 - rotary_actuator - DEBUG - String sent: 2PR S4

2023-04-03 17:10:04,269 - rotary_actuator - INFO - Set S4=0,0,0[92m -> OK[0m
2023-04-03 17:10:04,269 - rotary_actuator - INFO - Set S1 and S2 as limit switches
2023-04-03 17:10:04,270 - rotary_actuator - DEBUG - String sent: 2S1=2,0,0

2023-04-03 17:10:04,270 - rotary_actuator - DEBUG - String sent: 2PR S1

2023-04-03 17:10:04,371 - rotary_actuator - INFO - Set S1=2,0,0[92m -> OK[0m
2023-04-03 17:10:04,371 - rotary_actuator - DEBUG - String sent: 2S2=3,0,0

2023-04-03 17:10:04,372 - rotary_actuator - DEBUG - String sent: 2PR S2

2023-04-03 17:10:04,472 - rotary_actuator - INFO - Set S2=3,0,0[92m -> OK[0m
2023-04-03 17:10:13,194 - rotary_actuator - INFO - Moving 100 microsteps
2023-04-03 17:10:13,194 - rotary_actuator - DEBUG - String sent: 2MR 100

2023-04-03 17:10:17,618 - rotary_actuator - INFO - Moving 200 microsteps
2023-04-03 17:10:17,625 - rotary_actuator - DEBUG - String sent: 2MR 200

2023-04-03 17:10:21,264 - rotary_actuator - INFO - Moving 200 microsteps
2023-04-03 17:10:21,264 - rotary_actuator - DEBUG - String sent: 2MR 200

