2023-04-18 10:47:41,315 - rotary_actuator - INFO - started logger
2023-04-18 10:47:41,315 - rotary_actuator - INFO - CAUTION USING NON SPECIFIC CONFIG FILES
2023-04-18 10:47:41,315 - rotary_actuator - INFO - Using config file (/home/shivaraj/Desktop/SBN/Pyhton2_to_3/SBND_laser_control/workspace/RunControl/devices/config/config_rotary_actuator.json)
2023-04-18 10:47:43,889 - rotary_actuator - INFO - CAUTION USING NON SPECIFIC CONFIG FILES
2023-04-18 10:47:43,890 - rotary_actuator - INFO - Using config file (/home/shivaraj/Desktop/SBN/Pyhton2_to_3/SBND_laser_control/workspace/RunControl/devices/config/com_ports.json)
2023-04-18 10:47:44,893 - rotary_actuator - INFO - Com port (/dev/ttyUSB0) opened
2023-04-18 10:47:44,893 - rotary_actuator - INFO - ---------------- init axis -----------------
2023-04-18 10:47:44,994 - rotary_actuator - DEBUG - String sent: 2MS=256

2023-04-18 10:47:45,095 - rotary_actuator - DEBUG - String sent: 2PR MS

2023-04-18 10:47:45,596 - rotary_actuator - INFO - Set MS=256[92m -> OK[0m
2023-04-18 10:47:45,697 - rotary_actuator - DEBUG - String sent: 2A=500

2023-04-18 10:47:45,798 - rotary_actuator - DEBUG - String sent: 2PR A

2023-04-18 10:47:46,300 - rotary_actuator - INFO - Set A=500[92m -> OK[0m
2023-04-18 10:47:46,401 - rotary_actuator - DEBUG - String sent: 2D=500

2023-04-18 10:47:46,501 - rotary_actuator - DEBUG - String sent: 2PR D

2023-04-18 10:47:47,003 - rotary_actuator - INFO - Set D=500[92m -> OK[0m
2023-04-18 10:47:47,104 - rotary_actuator - DEBUG - String sent: 2VI=200

2023-04-18 10:47:47,205 - rotary_actuator - DEBUG - String sent: 2PR VI

2023-04-18 10:47:47,706 - rotary_actuator - INFO - Set VI=200[92m -> OK[0m
2023-04-18 10:47:47,807 - rotary_actuator - DEBUG - String sent: 2VM=800

2023-04-18 10:47:47,908 - rotary_actuator - DEBUG - String sent: 2PR VM

2023-04-18 10:47:48,410 - rotary_actuator - INFO - Set VM=800[92m -> OK[0m
2023-04-18 10:47:48,511 - rotary_actuator - DEBUG - String sent: 2HC=5

2023-04-18 10:47:48,612 - rotary_actuator - DEBUG - String sent: 2PR HC

2023-04-18 10:47:49,113 - rotary_actuator - INFO - Set HC=5[92m -> OK[0m
2023-04-18 10:47:49,214 - rotary_actuator - DEBUG - String sent: 2RC=90

2023-04-18 10:47:49,315 - rotary_actuator - DEBUG - String sent: 2PR RC

2023-04-18 10:47:49,817 - rotary_actuator - INFO - Set RC=90[92m -> OK[0m
2023-04-18 10:47:49,918 - rotary_actuator - DEBUG - String sent: 2EE=1

2023-04-18 10:47:50,019 - rotary_actuator - DEBUG - String sent: 2PR EE

2023-04-18 10:47:50,520 - rotary_actuator - INFO - Set EE=1[92m -> OK[0m
2023-04-18 10:47:50,621 - rotary_actuator - DEBUG - String sent: 2SM=1

2023-04-18 10:47:50,722 - rotary_actuator - DEBUG - String sent: 2PR SM

2023-04-18 10:47:51,223 - rotary_actuator - INFO - Set SM=1[92m -> OK[0m
2023-04-18 10:47:51,325 - rotary_actuator - DEBUG - String sent: 2SF=20

2023-04-18 10:47:51,426 - rotary_actuator - DEBUG - String sent: 2PR SF

2023-04-18 10:47:51,927 - rotary_actuator - INFO - Set SF=20[92m -> OK[0m
2023-04-18 10:47:52,028 - rotary_actuator - DEBUG - String sent: 2S3=0,0,0

2023-04-18 10:47:52,129 - rotary_actuator - DEBUG - String sent: 2PR S3

2023-04-18 10:47:52,631 - rotary_actuator - INFO - Set S3=0,0,0[92m -> OK[0m
2023-04-18 10:47:52,732 - rotary_actuator - DEBUG - String sent: 2S4=0,0,0

2023-04-18 10:47:52,833 - rotary_actuator - DEBUG - String sent: 2PR S4

2023-04-18 10:47:53,334 - rotary_actuator - INFO - Set S4=0,0,0[92m -> OK[0m
2023-04-18 10:47:53,335 - rotary_actuator - INFO - Set S1 and S2 as limit switches
2023-04-18 10:47:53,436 - rotary_actuator - DEBUG - String sent: 2S1=2,0,0

2023-04-18 10:47:53,536 - rotary_actuator - DEBUG - String sent: 2PR S1

2023-04-18 10:47:54,038 - rotary_actuator - INFO - Set S1=2,0,0[92m -> OK[0m
2023-04-18 10:47:54,139 - rotary_actuator - DEBUG - String sent: 2S2=3,0,0

2023-04-18 10:47:54,239 - rotary_actuator - DEBUG - String sent: 2PR S2

2023-04-18 10:47:54,741 - rotary_actuator - INFO - Set S2=3,0,0[92m -> OK[0m
