2023-04-25 15:05:46,990 - rotary_actuator - INFO - started logger
2023-04-25 15:05:46,990 - rotary_actuator - INFO - CAUTION USING NON SPECIFIC CONFIG FILES
2023-04-25 15:05:46,990 - rotary_actuator - INFO - Using config file (/home/shivaraj/Desktop/SBN/Pyhton2_to_3/SBND_laser_control/workspace/RunControl/devices/config/config_rotary_actuator.json)
2023-04-25 15:05:50,410 - rotary_actuator - INFO - CAUTION USING NON SPECIFIC CONFIG FILES
2023-04-25 15:05:50,411 - rotary_actuator - INFO - Using config file (/home/shivaraj/Desktop/SBN/Pyhton2_to_3/SBND_laser_control/workspace/RunControl/devices/config/com_ports.json)
2023-04-25 15:05:51,414 - rotary_actuator - INFO - Com port (/dev/ttyUSB1) opened
2023-04-25 15:05:51,414 - rotary_actuator - INFO - ---------------- init axis -----------------
2023-04-25 15:05:51,415 - rotary_actuator - DEBUG - String sent: 2MS=256

2023-04-25 15:05:51,415 - rotary_actuator - DEBUG - String sent: 2PR MS

2023-04-25 15:05:51,516 - rotary_actuator - INFO - Set MS=256[92m -> OK[0m
2023-04-25 15:05:51,517 - rotary_actuator - DEBUG - String sent: 2A=500

2023-04-25 15:05:51,517 - rotary_actuator - DEBUG - String sent: 2PR A

2023-04-25 15:05:51,618 - rotary_actuator - INFO - Set A=500[92m -> OK[0m
2023-04-25 15:05:51,619 - rotary_actuator - DEBUG - String sent: 2D=500

2023-04-25 15:05:51,619 - rotary_actuator - DEBUG - String sent: 2PR D

2023-04-25 15:05:51,720 - rotary_actuator - INFO - Set D=500[92m -> OK[0m
2023-04-25 15:05:51,721 - rotary_actuator - DEBUG - String sent: 2VI=200

2023-04-25 15:05:51,721 - rotary_actuator - DEBUG - String sent: 2PR VI

2023-04-25 15:05:51,822 - rotary_actuator - INFO - Set VI=200[92m -> OK[0m
2023-04-25 15:05:51,823 - rotary_actuator - DEBUG - String sent: 2VM=800

2023-04-25 15:05:51,823 - rotary_actuator - DEBUG - String sent: 2PR VM

2023-04-25 15:05:51,924 - rotary_actuator - INFO - Set VM=800[92m -> OK[0m
2023-04-25 15:05:51,925 - rotary_actuator - DEBUG - String sent: 2HC=5

2023-04-25 15:05:51,925 - rotary_actuator - DEBUG - String sent: 2PR HC

2023-04-25 15:05:52,026 - rotary_actuator - INFO - Set HC=5[92m -> OK[0m
2023-04-25 15:05:52,027 - rotary_actuator - DEBUG - String sent: 2RC=90

2023-04-25 15:05:52,027 - rotary_actuator - DEBUG - String sent: 2PR RC

2023-04-25 15:05:52,128 - rotary_actuator - INFO - Set RC=90[92m -> OK[0m
2023-04-25 15:05:52,129 - rotary_actuator - DEBUG - String sent: 2EE=1

2023-04-25 15:05:52,129 - rotary_actuator - DEBUG - String sent: 2PR EE

2023-04-25 15:05:52,230 - rotary_actuator - INFO - Set EE=1[92m -> OK[0m
2023-04-25 15:05:52,231 - rotary_actuator - DEBUG - String sent: 2SM=1

2023-04-25 15:05:52,231 - rotary_actuator - DEBUG - String sent: 2PR SM

2023-04-25 15:05:52,332 - rotary_actuator - INFO - Set SM=1[92m -> OK[0m
2023-04-25 15:05:52,332 - rotary_actuator - DEBUG - String sent: 2SF=20

2023-04-25 15:05:52,332 - rotary_actuator - DEBUG - String sent: 2PR SF

2023-04-25 15:05:52,432 - rotary_actuator - INFO - Set SF=20[92m -> OK[0m
2023-04-25 15:05:52,433 - rotary_actuator - DEBUG - String sent: 2S3=0,0,0

2023-04-25 15:05:52,433 - rotary_actuator - DEBUG - String sent: 2PR S3

2023-04-25 15:05:52,533 - rotary_actuator - INFO - Set S3=0,0,0[92m -> OK[0m
2023-04-25 15:05:52,533 - rotary_actuator - DEBUG - String sent: 2S4=0,0,0

2023-04-25 15:05:52,533 - rotary_actuator - DEBUG - String sent: 2PR S4

2023-04-25 15:05:52,634 - rotary_actuator - INFO - Set S4=0,0,0[92m -> OK[0m
2023-04-25 15:05:52,635 - rotary_actuator - INFO - Set S1 and S2 as limit switches
2023-04-25 15:05:52,635 - rotary_actuator - DEBUG - String sent: 2S1=2,0,0

2023-04-25 15:05:52,636 - rotary_actuator - DEBUG - String sent: 2PR S1

2023-04-25 15:05:52,737 - rotary_actuator - INFO - Set S1=2,0,0[92m -> OK[0m
2023-04-25 15:05:52,737 - rotary_actuator - DEBUG - String sent: 2S2=3,0,0

2023-04-25 15:05:52,738 - rotary_actuator - DEBUG - String sent: 2PR S2

2023-04-25 15:05:52,839 - rotary_actuator - INFO - Set S2=3,0,0[92m -> OK[0m
2023-04-25 15:06:02,080 - rotary_actuator - DEBUG - String sent: 2PR P

2023-04-25 15:06:02,181 - rotary_actuator - INFO - Moving -1000 microsteps
2023-04-25 15:06:02,182 - rotary_actuator - DEBUG - String sent: 2MR -1000

2023-04-25 15:06:02,283 - rotary_actuator - DEBUG - String sent: 2PR MV

2023-04-25 15:06:02,384 - rotary_actuator - DEBUG - String sent: 2PR I3

