2023-04-25 16:00:35,086 - rotary_actuator - INFO - started logger
2023-04-25 16:00:35,086 - rotary_actuator - INFO - CAUTION USING NON SPECIFIC CONFIG FILES
2023-04-25 16:00:35,086 - rotary_actuator - INFO - Using config file (/home/shivaraj/Desktop/SBN/Pyhton2_to_3/SBND_laser_control/workspace/RunControl/devices/config/config_rotary_actuator.json)
2023-04-25 16:00:38,309 - rotary_actuator - INFO - CAUTION USING NON SPECIFIC CONFIG FILES
2023-04-25 16:00:38,310 - rotary_actuator - INFO - Using config file (/home/shivaraj/Desktop/SBN/Pyhton2_to_3/SBND_laser_control/workspace/RunControl/devices/config/com_ports.json)
2023-04-25 16:00:39,312 - rotary_actuator - INFO - Com port (/dev/ttyUSB1) opened
2023-04-25 16:00:39,313 - rotary_actuator - INFO - ---------------- init axis -----------------
2023-04-25 16:00:39,314 - rotary_actuator - DEBUG - String sent: 2MS=256

2023-04-25 16:00:39,314 - rotary_actuator - DEBUG - String sent: 2PR MS

2023-04-25 16:00:39,415 - rotary_actuator - INFO - Set MS=256[92m -> OK[0m
2023-04-25 16:00:39,415 - rotary_actuator - DEBUG - String sent: 2A=500

2023-04-25 16:00:39,416 - rotary_actuator - DEBUG - String sent: 2PR A

2023-04-25 16:00:39,516 - rotary_actuator - INFO - Set A=500[92m -> OK[0m
2023-04-25 16:00:39,517 - rotary_actuator - DEBUG - String sent: 2D=500

2023-04-25 16:00:39,517 - rotary_actuator - DEBUG - String sent: 2PR D

2023-04-25 16:00:39,618 - rotary_actuator - INFO - Set D=500[92m -> OK[0m
2023-04-25 16:00:39,618 - rotary_actuator - DEBUG - String sent: 2VI=200

2023-04-25 16:00:39,626 - rotary_actuator - DEBUG - String sent: 2PR VI

2023-04-25 16:00:39,726 - rotary_actuator - INFO - Set VI=200[92m -> OK[0m
2023-04-25 16:00:39,727 - rotary_actuator - DEBUG - String sent: 2VM=800

2023-04-25 16:00:39,727 - rotary_actuator - DEBUG - String sent: 2PR VM

2023-04-25 16:00:39,828 - rotary_actuator - INFO - Set VM=800[92m -> OK[0m
2023-04-25 16:00:39,828 - rotary_actuator - DEBUG - String sent: 2HC=5

2023-04-25 16:00:39,829 - rotary_actuator - DEBUG - String sent: 2PR HC

2023-04-25 16:00:39,930 - rotary_actuator - INFO - Set HC=5[92m -> OK[0m
2023-04-25 16:00:39,930 - rotary_actuator - DEBUG - String sent: 2RC=90

2023-04-25 16:00:39,931 - rotary_actuator - DEBUG - String sent: 2PR RC

2023-04-25 16:00:40,031 - rotary_actuator - INFO - Set RC=90[92m -> OK[0m
2023-04-25 16:00:40,032 - rotary_actuator - DEBUG - String sent: 2EE=1

2023-04-25 16:00:40,032 - rotary_actuator - DEBUG - String sent: 2PR EE

2023-04-25 16:00:40,133 - rotary_actuator - INFO - Set EE=1[92m -> OK[0m
2023-04-25 16:00:40,133 - rotary_actuator - DEBUG - String sent: 2SM=1

2023-04-25 16:00:40,134 - rotary_actuator - DEBUG - String sent: 2PR SM

2023-04-25 16:00:40,234 - rotary_actuator - INFO - Set SM=1[92m -> OK[0m
2023-04-25 16:00:40,234 - rotary_actuator - DEBUG - String sent: 2SF=20

2023-04-25 16:00:40,234 - rotary_actuator - DEBUG - String sent: 2PR SF

2023-04-25 16:00:40,335 - rotary_actuator - INFO - Set SF=20[92m -> OK[0m
2023-04-25 16:00:40,336 - rotary_actuator - DEBUG - String sent: 2S3=0,0,0

2023-04-25 16:00:40,336 - rotary_actuator - DEBUG - String sent: 2PR S3

2023-04-25 16:00:40,437 - rotary_actuator - INFO - Set S3=0,0,0[92m -> OK[0m
2023-04-25 16:00:40,438 - rotary_actuator - DEBUG - String sent: 2S4=0,0,0

2023-04-25 16:00:40,438 - rotary_actuator - DEBUG - String sent: 2PR S4

2023-04-25 16:00:40,539 - rotary_actuator - INFO - Set S4=0,0,0[92m -> OK[0m
2023-04-25 16:00:40,539 - rotary_actuator - INFO - Set S1 and S2 as limit switches
2023-04-25 16:00:40,540 - rotary_actuator - DEBUG - String sent: 2S1=2,0,0

2023-04-25 16:00:40,540 - rotary_actuator - DEBUG - String sent: 2PR S1

2023-04-25 16:00:40,641 - rotary_actuator - INFO - Set S1=2,0,0[92m -> OK[0m
2023-04-25 16:00:40,642 - rotary_actuator - DEBUG - String sent: 2S2=3,0,0

2023-04-25 16:00:40,642 - rotary_actuator - DEBUG - String sent: 2PR S2

2023-04-25 16:00:40,743 - rotary_actuator - INFO - Set S2=3,0,0[92m -> OK[0m
2023-04-25 16:00:50,753 - rotary_actuator - DEBUG - String sent: 2PR P

2023-04-25 16:00:50,854 - rotary_actuator - INFO - Moving 10000 microsteps
2023-04-25 16:00:50,855 - rotary_actuator - DEBUG - String sent: 2MR 10000

2023-04-25 16:01:10,267 - rotary_actuator - DEBUG - String sent: 2PR P

2023-04-25 16:01:10,368 - rotary_actuator - INFO - Moving 100 microsteps
2023-04-25 16:01:10,369 - rotary_actuator - DEBUG - String sent: 2MR 100

2023-04-25 16:01:49,075 - rotary_actuator - DEBUG - String sent: 2PR P

2023-04-25 16:01:52,899 - rotary_actuator - DEBUG - String sent: 2PR P

2023-04-25 16:01:53,000 - rotary_actuator - INFO - Moving 100 microsteps
2023-04-25 16:01:53,000 - rotary_actuator - DEBUG - String sent: 2MR 100

2023-04-25 16:01:57,329 - rotary_actuator - DEBUG - String sent: 2PR P

2023-04-25 16:02:24,575 - rotary_actuator - DEBUG - String sent: 2PR I3

2023-04-25 16:02:25,397 - rotary_actuator - DEBUG - String sent: 2PR I3

2023-04-25 16:02:34,024 - rotary_actuator - DEBUG - String sent: 2PR I3

2023-04-25 16:03:17,391 - rotary_actuator - DEBUG - String sent: 2PR I3

2023-04-25 16:03:23,764 - rotary_actuator - DEBUG - String sent: 2PR I3

2023-04-25 16:03:25,373 - rotary_actuator - DEBUG - String sent: 2PR I3

2023-04-25 16:03:28,482 - rotary_actuator - DEBUG - String sent: 2PR I3

2023-04-25 16:03:31,716 - rotary_actuator - DEBUG - String sent: 2PR I3

