2023-01-18 12:43:12,629 - rotary_actuator - INFO - started logger
2023-01-18 12:43:12,629 - rotary_actuator - INFO - CAUTION USING NON SPECIFIC CONFIG FILES
2023-01-18 12:43:12,630 - rotary_actuator - INFO - Using config file (/home/shivaraj/Desktop/SBN/Pyhton2_to_3/SBND_laser_control/workspace/RunControl/devices/config/config_rotary_actuator.json)
2023-01-18 12:43:15,385 - rotary_actuator - INFO - CAUTION USING NON SPECIFIC CONFIG FILES
2023-01-18 12:43:15,385 - rotary_actuator - INFO - Using config file (/home/shivaraj/Desktop/SBN/Pyhton2_to_3/SBND_laser_control/workspace/RunControl/devices/config/com_ports.json)
2023-01-18 12:43:16,388 - rotary_actuator - INFO - Com port (/dev/ttyUSB0) opened
2023-01-18 12:43:16,389 - rotary_actuator - INFO - ---------------- init axis -----------------
2023-01-18 12:43:16,389 - rotary_actuator - DEBUG - String sent: 2MS=256

2023-01-18 12:43:16,390 - rotary_actuator - DEBUG - String sent: 2PR MS

2023-01-18 12:43:16,490 - rotary_actuator - INFO - Set MS=256[92m -> OK[0m
2023-01-18 12:43:16,491 - rotary_actuator - DEBUG - String sent: 2A=500

2023-01-18 12:43:16,491 - rotary_actuator - DEBUG - String sent: 2PR A

2023-01-18 12:43:16,592 - rotary_actuator - INFO - Set A=500[92m -> OK[0m
2023-01-18 12:43:16,592 - rotary_actuator - DEBUG - String sent: 2D=500

2023-01-18 12:43:16,592 - rotary_actuator - DEBUG - String sent: 2PR D

2023-01-18 12:43:16,693 - rotary_actuator - INFO - Set D=500[92m -> OK[0m
2023-01-18 12:43:16,694 - rotary_actuator - DEBUG - String sent: 2VI=200

2023-01-18 12:43:16,694 - rotary_actuator - DEBUG - String sent: 2PR VI

2023-01-18 12:43:16,795 - rotary_actuator - INFO - Set VI=200[92m -> OK[0m
2023-01-18 12:43:16,796 - rotary_actuator - DEBUG - String sent: 2VM=800

2023-01-18 12:43:16,796 - rotary_actuator - DEBUG - String sent: 2PR VM

2023-01-18 12:43:16,897 - rotary_actuator - INFO - Set VM=800[92m -> OK[0m
2023-01-18 12:43:16,898 - rotary_actuator - DEBUG - String sent: 2HC=5

2023-01-18 12:43:16,898 - rotary_actuator - DEBUG - String sent: 2PR HC

2023-01-18 12:43:16,999 - rotary_actuator - INFO - Set HC=5[92m -> OK[0m
2023-01-18 12:43:17,000 - rotary_actuator - DEBUG - String sent: 2RC=90

2023-01-18 12:43:17,000 - rotary_actuator - DEBUG - String sent: 2PR RC

2023-01-18 12:43:17,101 - rotary_actuator - INFO - Set RC=90[92m -> OK[0m
2023-01-18 12:43:17,101 - rotary_actuator - DEBUG - String sent: 2EE=1

2023-01-18 12:43:17,102 - rotary_actuator - DEBUG - String sent: 2PR EE

2023-01-18 12:43:17,203 - rotary_actuator - INFO - Set EE=1[92m -> OK[0m
2023-01-18 12:43:17,203 - rotary_actuator - DEBUG - String sent: 2S3=0,0,0

2023-01-18 12:43:17,204 - rotary_actuator - DEBUG - String sent: 2PR S3

2023-01-18 12:43:17,304 - rotary_actuator - INFO - Set S3=0,0,0[92m -> OK[0m
2023-01-18 12:43:17,305 - rotary_actuator - DEBUG - String sent: 2S4=0,0,0

2023-01-18 12:43:17,305 - rotary_actuator - DEBUG - String sent: 2PR S4

2023-01-18 12:43:17,406 - rotary_actuator - INFO - Set S4=0,0,0[92m -> OK[0m
2023-01-18 12:43:17,406 - rotary_actuator - INFO - Set S1 and S2 as limit switches
2023-01-18 12:43:17,406 - rotary_actuator - DEBUG - String sent: 2S1=2,0,0

2023-01-18 12:43:17,406 - rotary_actuator - DEBUG - String sent: 2PR S1

2023-01-18 12:43:17,507 - rotary_actuator - INFO - Set S1=2,0,0[92m -> OK[0m
2023-01-18 12:43:17,507 - rotary_actuator - DEBUG - String sent: 2S2=3,0,0

2023-01-18 12:43:17,507 - rotary_actuator - DEBUG - String sent: 2PR S2

2023-01-18 12:43:17,608 - rotary_actuator - INFO - Set S2=3,0,0[92m -> OK[0m
2023-01-18 12:43:29,644 - rotary_actuator - INFO - Moving 100 microsteps
2023-01-18 12:43:29,645 - rotary_actuator - DEBUG - String sent: 2MR 100

2023-01-18 12:43:33,165 - rotary_actuator - INFO - Moving 1000 microsteps
2023-01-18 12:43:33,166 - rotary_actuator - DEBUG - String sent: 2MR 1000

2023-01-18 12:43:38,193 - rotary_actuator - INFO - Moving 100 microsteps
2023-01-18 12:43:38,193 - rotary_actuator - DEBUG - String sent: 2MR 100

2023-01-18 12:43:41,555 - rotary_actuator - INFO - Moving 10000 microsteps
2023-01-18 12:43:41,555 - rotary_actuator - DEBUG - String sent: 2MR 10000

2023-01-18 12:46:07,381 - rotary_actuator - INFO - Moving 1000 microsteps
2023-01-18 12:46:07,389 - rotary_actuator - DEBUG - String sent: 2MR 1000

