2023-01-18 13:40:22,796 - rotary_actuator - INFO - started logger
2023-01-18 13:40:22,796 - rotary_actuator - INFO - CAUTION USING NON SPECIFIC CONFIG FILES
2023-01-18 13:40:22,796 - rotary_actuator - INFO - Using config file (/home/shivaraj/Desktop/SBN/Pyhton2_to_3/SBND_laser_control/workspace/RunControl/devices/config/config_rotary_actuator.json)
2023-01-18 13:40:25,669 - rotary_actuator - INFO - CAUTION USING NON SPECIFIC CONFIG FILES
2023-01-18 13:40:25,669 - rotary_actuator - INFO - Using config file (/home/shivaraj/Desktop/SBN/Pyhton2_to_3/SBND_laser_control/workspace/RunControl/devices/config/com_ports.json)
2023-01-18 13:40:26,671 - rotary_actuator - INFO - Com port (/dev/ttyUSB0) opened
2023-01-18 13:40:26,671 - rotary_actuator - INFO - ---------------- init axis -----------------
2023-01-18 13:40:26,671 - rotary_actuator - DEBUG - String sent: 2MS=256

2023-01-18 13:40:26,671 - rotary_actuator - DEBUG - String sent: 2PR MS

2023-01-18 13:40:26,772 - rotary_actuator - INFO - Set MS=256[92m -> OK[0m
2023-01-18 13:40:26,773 - rotary_actuator - DEBUG - String sent: 2A=500

2023-01-18 13:40:26,773 - rotary_actuator - DEBUG - String sent: 2PR A

2023-01-18 13:40:26,874 - rotary_actuator - INFO - Set A=500[92m -> OK[0m
2023-01-18 13:40:26,874 - rotary_actuator - DEBUG - String sent: 2D=500

2023-01-18 13:40:26,875 - rotary_actuator - DEBUG - String sent: 2PR D

2023-01-18 13:40:26,975 - rotary_actuator - INFO - Set D=500[92m -> OK[0m
2023-01-18 13:40:26,976 - rotary_actuator - DEBUG - String sent: 2VI=200

2023-01-18 13:40:26,976 - rotary_actuator - DEBUG - String sent: 2PR VI

2023-01-18 13:40:27,077 - rotary_actuator - INFO - Set VI=200[92m -> OK[0m
2023-01-18 13:40:27,078 - rotary_actuator - DEBUG - String sent: 2VM=800

2023-01-18 13:40:27,078 - rotary_actuator - DEBUG - String sent: 2PR VM

2023-01-18 13:40:27,179 - rotary_actuator - INFO - Set VM=800[92m -> OK[0m
2023-01-18 13:40:27,179 - rotary_actuator - DEBUG - String sent: 2HC=5

2023-01-18 13:40:27,180 - rotary_actuator - DEBUG - String sent: 2PR HC

2023-01-18 13:40:27,280 - rotary_actuator - INFO - Set HC=5[92m -> OK[0m
2023-01-18 13:40:27,281 - rotary_actuator - DEBUG - String sent: 2RC=90

2023-01-18 13:40:27,281 - rotary_actuator - DEBUG - String sent: 2PR RC

2023-01-18 13:40:27,382 - rotary_actuator - INFO - Set RC=90[92m -> OK[0m
2023-01-18 13:40:27,383 - rotary_actuator - DEBUG - String sent: 2EE=1

2023-01-18 13:40:27,383 - rotary_actuator - DEBUG - String sent: 2PR EE

2023-01-18 13:40:27,484 - rotary_actuator - INFO - Set EE=1[92m -> OK[0m
2023-01-18 13:40:27,485 - rotary_actuator - DEBUG - String sent: 2S3=0,0,0

2023-01-18 13:40:27,485 - rotary_actuator - DEBUG - String sent: 2PR S3

2023-01-18 13:40:27,586 - rotary_actuator - INFO - Set S3=0,0,0[92m -> OK[0m
2023-01-18 13:40:27,587 - rotary_actuator - DEBUG - String sent: 2S4=0,0,0

2023-01-18 13:40:27,587 - rotary_actuator - DEBUG - String sent: 2PR S4

2023-01-18 13:40:27,688 - rotary_actuator - INFO - Set S4=0,0,0[92m -> OK[0m
2023-01-18 13:40:27,688 - rotary_actuator - INFO - Set S1 and S2 as limit switches
2023-01-18 13:40:27,689 - rotary_actuator - DEBUG - String sent: 2S1=2,0,0

2023-01-18 13:40:27,689 - rotary_actuator - DEBUG - String sent: 2PR S1

2023-01-18 13:40:27,790 - rotary_actuator - INFO - Set S1=2,0,0[92m -> OK[0m
2023-01-18 13:40:27,790 - rotary_actuator - DEBUG - String sent: 2S2=3,0,0

2023-01-18 13:40:27,790 - rotary_actuator - DEBUG - String sent: 2PR S2

2023-01-18 13:40:27,891 - rotary_actuator - INFO - Set S2=3,0,0[92m -> OK[0m
