2023-02-07 10:20:36,849 - rotary_actuator - INFO - started logger
2023-02-07 10:20:36,850 - rotary_actuator - INFO - CAUTION USING NON SPECIFIC CONFIG FILES
2023-02-07 10:20:36,850 - rotary_actuator - INFO - Using config file (/home/shivaraj/Desktop/SBN/Pyhton2_to_3/SBND_laser_control/workspace/RunControl/devices/config/config_rotary_actuator.json)
2023-02-07 10:20:39,038 - rotary_actuator - INFO - CAUTION USING NON SPECIFIC CONFIG FILES
2023-02-07 10:20:39,039 - rotary_actuator - INFO - Using config file (/home/shivaraj/Desktop/SBN/Pyhton2_to_3/SBND_laser_control/workspace/RunControl/devices/config/com_ports.json)
2023-02-07 10:20:40,042 - rotary_actuator - INFO - Com port (/dev/ttyUSB0) opened
2023-02-07 10:20:40,042 - rotary_actuator - INFO - ---------------- init axis -----------------
2023-02-07 10:20:40,043 - rotary_actuator - DEBUG - String sent: 2MS=256

2023-02-07 10:20:40,044 - rotary_actuator - DEBUG - String sent: 2PR MS

2023-02-07 10:20:40,144 - rotary_actuator - INFO - Set MS=256[92m -> OK[0m
2023-02-07 10:20:40,145 - rotary_actuator - DEBUG - String sent: 2A=500

2023-02-07 10:20:40,145 - rotary_actuator - DEBUG - String sent: 2PR A

2023-02-07 10:20:40,246 - rotary_actuator - INFO - Set A=500[92m -> OK[0m
2023-02-07 10:20:40,247 - rotary_actuator - DEBUG - String sent: 2D=500

2023-02-07 10:20:40,247 - rotary_actuator - DEBUG - String sent: 2PR D

2023-02-07 10:20:40,348 - rotary_actuator - INFO - Set D=500[92m -> OK[0m
2023-02-07 10:20:40,349 - rotary_actuator - DEBUG - String sent: 2VI=200

2023-02-07 10:20:40,349 - rotary_actuator - DEBUG - String sent: 2PR VI

2023-02-07 10:20:40,450 - rotary_actuator - INFO - Set VI=200[92m -> OK[0m
2023-02-07 10:20:40,451 - rotary_actuator - DEBUG - String sent: 2VM=800

2023-02-07 10:20:40,451 - rotary_actuator - DEBUG - String sent: 2PR VM

2023-02-07 10:20:40,552 - rotary_actuator - INFO - Set VM=800[92m -> OK[0m
2023-02-07 10:20:40,552 - rotary_actuator - DEBUG - String sent: 2HC=5

2023-02-07 10:20:40,553 - rotary_actuator - DEBUG - String sent: 2PR HC

2023-02-07 10:20:40,654 - rotary_actuator - INFO - Set HC=5[92m -> OK[0m
2023-02-07 10:20:40,654 - rotary_actuator - DEBUG - String sent: 2RC=90

2023-02-07 10:20:40,655 - rotary_actuator - DEBUG - String sent: 2PR RC

2023-02-07 10:20:40,756 - rotary_actuator - INFO - Set RC=90[92m -> OK[0m
2023-02-07 10:20:40,756 - rotary_actuator - DEBUG - String sent: 2EE=1

2023-02-07 10:20:40,756 - rotary_actuator - DEBUG - String sent: 2PR EE

2023-02-07 10:20:40,857 - rotary_actuator - INFO - Set EE=1[92m -> OK[0m
2023-02-07 10:20:40,857 - rotary_actuator - DEBUG - String sent: 2S4=0,0,0

2023-02-07 10:20:40,857 - rotary_actuator - DEBUG - String sent: 2PR S4

2023-02-07 10:20:40,958 - rotary_actuator - INFO - Set S4=0,0,0[92m -> OK[0m
2023-02-07 10:20:40,958 - rotary_actuator - INFO - Set S1 and S2 as limit switches
2023-02-07 10:20:40,958 - rotary_actuator - DEBUG - String sent: 2S1=2,0,0

2023-02-07 10:20:40,959 - rotary_actuator - DEBUG - String sent: 2PR S1

2023-02-07 10:20:41,059 - rotary_actuator - INFO - Set S1=2,0,0[92m -> OK[0m
2023-02-07 10:20:41,060 - rotary_actuator - DEBUG - String sent: 2S2=3,0,0

2023-02-07 10:20:41,060 - rotary_actuator - DEBUG - String sent: 2PR S2

2023-02-07 10:20:41,161 - rotary_actuator - INFO - Set S2=3,0,0[92m -> OK[0m
2023-02-07 10:21:42,172 - rotary_actuator - INFO - CAUTION USING NON SPECIFIC CONFIG FILES
2023-02-07 10:21:42,173 - rotary_actuator - INFO - Using config file (/home/shivaraj/Desktop/SBN/Pyhton2_to_3/SBND_laser_control/workspace/RunControl/devices/config/com_ports.json)
2023-02-07 10:21:43,176 - rotary_actuator - INFO - Com port (/dev/ttyUSB0) opened
2023-02-07 10:21:43,176 - rotary_actuator - INFO - ---------------- init axis -----------------
2023-02-07 10:21:43,177 - rotary_actuator - DEBUG - String sent: 2MS=256

2023-02-07 10:21:43,177 - rotary_actuator - DEBUG - String sent: 2PR MS

2023-02-07 10:21:43,278 - rotary_actuator - INFO - Set MS=256[92m -> OK[0m
2023-02-07 10:21:43,279 - rotary_actuator - DEBUG - String sent: 2A=500

2023-02-07 10:21:43,279 - rotary_actuator - DEBUG - String sent: 2PR A

2023-02-07 10:21:43,380 - rotary_actuator - INFO - Set A=500[92m -> OK[0m
2023-02-07 10:21:43,381 - rotary_actuator - DEBUG - String sent: 2D=500

2023-02-07 10:21:43,381 - rotary_actuator - DEBUG - String sent: 2PR D

2023-02-07 10:21:43,482 - rotary_actuator - INFO - Set D=500[92m -> OK[0m
2023-02-07 10:21:43,482 - rotary_actuator - DEBUG - String sent: 2VI=200

2023-02-07 10:21:43,483 - rotary_actuator - DEBUG - String sent: 2PR VI

2023-02-07 10:21:43,584 - rotary_actuator - INFO - Set VI=200[92m -> OK[0m
2023-02-07 10:21:43,584 - rotary_actuator - DEBUG - String sent: 2VM=800

2023-02-07 10:21:43,584 - rotary_actuator - DEBUG - String sent: 2PR VM

2023-02-07 10:21:43,685 - rotary_actuator - INFO - Set VM=800[92m -> OK[0m
2023-02-07 10:21:43,686 - rotary_actuator - DEBUG - String sent: 2HC=5

2023-02-07 10:21:43,686 - rotary_actuator - DEBUG - String sent: 2PR HC

2023-02-07 10:21:43,787 - rotary_actuator - INFO - Set HC=5[92m -> OK[0m
2023-02-07 10:21:43,788 - rotary_actuator - DEBUG - String sent: 2RC=90

2023-02-07 10:21:43,788 - rotary_actuator - DEBUG - String sent: 2PR RC

2023-02-07 10:21:43,889 - rotary_actuator - INFO - Set RC=90[92m -> OK[0m
2023-02-07 10:21:43,890 - rotary_actuator - DEBUG - String sent: 2EE=1

2023-02-07 10:21:43,890 - rotary_actuator - DEBUG - String sent: 2PR EE

2023-02-07 10:21:43,991 - rotary_actuator - INFO - Set EE=1[92m -> OK[0m
2023-02-07 10:21:43,991 - rotary_actuator - DEBUG - String sent: 2S4=0,0,0

2023-02-07 10:21:43,992 - rotary_actuator - DEBUG - String sent: 2PR S4

2023-02-07 10:21:44,093 - rotary_actuator - INFO - Set S4=0,0,0[92m -> OK[0m
2023-02-07 10:21:44,093 - rotary_actuator - INFO - Set S1 and S2 as limit switches
2023-02-07 10:21:44,094 - rotary_actuator - DEBUG - String sent: 2S1=2,0,0

2023-02-07 10:21:44,094 - rotary_actuator - DEBUG - String sent: 2PR S1

2023-02-07 10:21:44,195 - rotary_actuator - INFO - Set S1=2,0,0[92m -> OK[0m
2023-02-07 10:21:44,196 - rotary_actuator - DEBUG - String sent: 2S2=3,0,0

2023-02-07 10:21:44,196 - rotary_actuator - DEBUG - String sent: 2PR S2

2023-02-07 10:21:44,297 - rotary_actuator - INFO - Set S2=3,0,0[92m -> OK[0m
