2023-04-03 16:55:22,470 - rotary_actuator - INFO - started logger
2023-04-03 16:55:22,470 - rotary_actuator - INFO - CAUTION USING NON SPECIFIC CONFIG FILES
2023-04-03 16:55:22,470 - rotary_actuator - INFO - Using config file (/home/shivaraj/Desktop/SBN/Pyhton2_to_3/SBND_laser_control/workspace/RunControl/devices/config/config_rotary_actuator.json)
2023-04-03 16:55:27,167 - rotary_actuator - INFO - CAUTION USING NON SPECIFIC CONFIG FILES
2023-04-03 16:55:27,168 - rotary_actuator - INFO - Using config file (/home/shivaraj/Desktop/SBN/Pyhton2_to_3/SBND_laser_control/workspace/RunControl/devices/config/com_ports.json)
2023-04-03 16:55:28,171 - rotary_actuator - INFO - Com port (/dev/ttyUSB0) opened
2023-04-03 16:55:28,171 - rotary_actuator - INFO - ---------------- init axis -----------------
2023-04-03 16:55:28,172 - rotary_actuator - DEBUG - String sent: 2MS=256

2023-04-03 16:55:28,173 - rotary_actuator - DEBUG - String sent: 2PR MS

2023-04-03 16:55:28,274 - rotary_actuator - ERROR - Set MS=256 failed
2023-04-03 16:55:28,274 - rotary_actuator - DEBUG - String sent: 2A=500

2023-04-03 16:55:28,275 - rotary_actuator - DEBUG - String sent: 2PR A

2023-04-03 16:55:28,376 - rotary_actuator - INFO - Set A=500[92m -> OK[0m
2023-04-03 16:55:28,376 - rotary_actuator - DEBUG - String sent: 2D=500

2023-04-03 16:55:28,377 - rotary_actuator - DEBUG - String sent: 2PR D

2023-04-03 16:55:28,478 - rotary_actuator - INFO - Set D=500[92m -> OK[0m
2023-04-03 16:55:28,478 - rotary_actuator - DEBUG - String sent: 2VI=200

2023-04-03 16:55:28,479 - rotary_actuator - DEBUG - String sent: 2PR VI

2023-04-03 16:55:28,580 - rotary_actuator - INFO - Set VI=200[92m -> OK[0m
2023-04-03 16:55:28,580 - rotary_actuator - DEBUG - String sent: 2VM=800

2023-04-03 16:55:28,581 - rotary_actuator - DEBUG - String sent: 2PR VM

2023-04-03 16:55:28,681 - rotary_actuator - INFO - Set VM=800[92m -> OK[0m
2023-04-03 16:55:28,682 - rotary_actuator - DEBUG - String sent: 2HC=5

2023-04-03 16:55:28,682 - rotary_actuator - DEBUG - String sent: 2PR HC

2023-04-03 16:55:28,783 - rotary_actuator - INFO - Set HC=5[92m -> OK[0m
2023-04-03 16:55:28,784 - rotary_actuator - DEBUG - String sent: 2RC=90

2023-04-03 16:55:28,784 - rotary_actuator - DEBUG - String sent: 2PR RC

2023-04-03 16:55:28,885 - rotary_actuator - INFO - Set RC=90[92m -> OK[0m
2023-04-03 16:55:28,886 - rotary_actuator - DEBUG - String sent: 2EE=1

2023-04-03 16:55:28,886 - rotary_actuator - DEBUG - String sent: 2PR EE

2023-04-03 16:55:28,987 - rotary_actuator - INFO - Set EE=1[92m -> OK[0m
2023-04-03 16:55:28,987 - rotary_actuator - DEBUG - String sent: 2S4=0,0,0

2023-04-03 16:55:28,988 - rotary_actuator - DEBUG - String sent: 2PR S4

2023-04-03 16:55:29,089 - rotary_actuator - INFO - Set S4=0,0,0[92m -> OK[0m
2023-04-03 16:55:29,089 - rotary_actuator - INFO - Set S1 and S2 as limit switches
2023-04-03 16:55:29,090 - rotary_actuator - DEBUG - String sent: 2S1=2,0,0

2023-04-03 16:55:29,090 - rotary_actuator - DEBUG - String sent: 2PR S1

2023-04-03 16:55:29,191 - rotary_actuator - INFO - Set S1=2,0,0[92m -> OK[0m
2023-04-03 16:55:29,192 - rotary_actuator - DEBUG - String sent: 2S2=3,0,0

2023-04-03 16:55:29,192 - rotary_actuator - DEBUG - String sent: 2PR S2

2023-04-03 16:55:29,293 - rotary_actuator - INFO - Set S2=3,0,0[92m -> OK[0m
2023-04-03 16:55:33,875 - rotary_actuator - INFO - CAUTION USING NON SPECIFIC CONFIG FILES
2023-04-03 16:55:33,876 - rotary_actuator - INFO - Using config file (/home/shivaraj/Desktop/SBN/Pyhton2_to_3/SBND_laser_control/workspace/RunControl/devices/config/com_ports.json)
2023-04-03 16:55:34,879 - rotary_actuator - INFO - Com port (/dev/ttyUSB0) opened
2023-04-03 16:55:34,879 - rotary_actuator - INFO - ---------------- init axis -----------------
2023-04-03 16:55:34,880 - rotary_actuator - DEBUG - String sent: 2MS=256

2023-04-03 16:55:34,880 - rotary_actuator - DEBUG - String sent: 2PR MS

2023-04-03 16:55:34,981 - rotary_actuator - INFO - Set MS=256[92m -> OK[0m
2023-04-03 16:55:34,982 - rotary_actuator - DEBUG - String sent: 2A=500

2023-04-03 16:55:34,982 - rotary_actuator - DEBUG - String sent: 2PR A

2023-04-03 16:55:35,083 - rotary_actuator - INFO - Set A=500[92m -> OK[0m
2023-04-03 16:55:35,084 - rotary_actuator - DEBUG - String sent: 2D=500

2023-04-03 16:55:35,084 - rotary_actuator - DEBUG - String sent: 2PR D

2023-04-03 16:55:35,185 - rotary_actuator - INFO - Set D=500[92m -> OK[0m
2023-04-03 16:55:35,186 - rotary_actuator - DEBUG - String sent: 2VI=200

2023-04-03 16:55:35,186 - rotary_actuator - DEBUG - String sent: 2PR VI

2023-04-03 16:55:35,287 - rotary_actuator - INFO - Set VI=200[92m -> OK[0m
2023-04-03 16:55:35,288 - rotary_actuator - DEBUG - String sent: 2VM=800

2023-04-03 16:55:35,288 - rotary_actuator - DEBUG - String sent: 2PR VM

2023-04-03 16:55:35,389 - rotary_actuator - INFO - Set VM=800[92m -> OK[0m
2023-04-03 16:55:35,390 - rotary_actuator - DEBUG - String sent: 2HC=5

2023-04-03 16:55:35,390 - rotary_actuator - DEBUG - String sent: 2PR HC

2023-04-03 16:55:35,491 - rotary_actuator - INFO - Set HC=5[92m -> OK[0m
2023-04-03 16:55:35,492 - rotary_actuator - DEBUG - String sent: 2RC=90

2023-04-03 16:55:35,499 - rotary_actuator - DEBUG - String sent: 2PR RC

2023-04-03 16:55:35,600 - rotary_actuator - INFO - Set RC=90[92m -> OK[0m
2023-04-03 16:55:35,601 - rotary_actuator - DEBUG - String sent: 2EE=1

2023-04-03 16:55:35,601 - rotary_actuator - DEBUG - String sent: 2PR EE

2023-04-03 16:55:35,702 - rotary_actuator - INFO - Set EE=1[92m -> OK[0m
2023-04-03 16:55:35,703 - rotary_actuator - DEBUG - String sent: 2S4=0,0,0

2023-04-03 16:55:35,703 - rotary_actuator - DEBUG - String sent: 2PR S4

2023-04-03 16:55:35,804 - rotary_actuator - INFO - Set S4=0,0,0[92m -> OK[0m
2023-04-03 16:55:35,805 - rotary_actuator - INFO - Set S1 and S2 as limit switches
2023-04-03 16:55:35,805 - rotary_actuator - DEBUG - String sent: 2S1=2,0,0

2023-04-03 16:55:35,805 - rotary_actuator - DEBUG - String sent: 2PR S1

2023-04-03 16:55:35,906 - rotary_actuator - INFO - Set S1=2,0,0[92m -> OK[0m
2023-04-03 16:55:35,907 - rotary_actuator - DEBUG - String sent: 2S2=3,0,0

2023-04-03 16:55:35,907 - rotary_actuator - DEBUG - String sent: 2PR S2

2023-04-03 16:55:36,008 - rotary_actuator - INFO - Set S2=3,0,0[92m -> OK[0m
2023-04-03 16:55:40,585 - rotary_actuator - INFO - Moving -100 microsteps
2023-04-03 16:55:40,586 - rotary_actuator - DEBUG - String sent: 2MR -100

2023-04-03 16:55:42,967 - rotary_actuator - INFO - Moving -100 microsteps
2023-04-03 16:55:42,968 - rotary_actuator - DEBUG - String sent: 2MR -100

2023-04-03 16:55:47,924 - rotary_actuator - INFO - Moving 100 microsteps
2023-04-03 16:55:47,925 - rotary_actuator - DEBUG - String sent: 2MR 100

2023-04-03 16:56:24,630 - rotary_actuator - INFO - Moving 100 microsteps
2023-04-03 16:56:24,630 - rotary_actuator - DEBUG - String sent: 2MR 100

