2023-04-03 16:07:26,072 - rotary_actuator - INFO - started logger
2023-04-03 16:07:26,072 - rotary_actuator - INFO - CAUTION USING NON SPECIFIC CONFIG FILES
2023-04-03 16:07:26,072 - rotary_actuator - INFO - Using config file (/home/shivaraj/Desktop/SBN/Pyhton2_to_3/SBND_laser_control/workspace/RunControl/devices/config/config_rotary_actuator.json)
2023-04-03 16:07:28,885 - rotary_actuator - INFO - CAUTION USING NON SPECIFIC CONFIG FILES
2023-04-03 16:07:28,885 - rotary_actuator - INFO - Using config file (/home/shivaraj/Desktop/SBN/Pyhton2_to_3/SBND_laser_control/workspace/RunControl/devices/config/com_ports.json)
2023-04-03 16:07:29,888 - rotary_actuator - INFO - Com port (/dev/ttyUSB0) opened
2023-04-03 16:07:29,888 - rotary_actuator - INFO - ---------------- init axis -----------------
2023-04-03 16:07:29,889 - rotary_actuator - DEBUG - String sent: 2MS=256

2023-04-03 16:07:29,889 - rotary_actuator - DEBUG - String sent: 2PR MS

2023-04-03 16:07:29,990 - rotary_actuator - ERROR - Set MS=256 failed
2023-04-03 16:07:29,990 - rotary_actuator - DEBUG - String sent: 2A=500

2023-04-03 16:07:29,990 - rotary_actuator - DEBUG - String sent: 2PR A

2023-04-03 16:07:30,091 - rotary_actuator - INFO - Set A=500[92m -> OK[0m
2023-04-03 16:07:30,092 - rotary_actuator - DEBUG - String sent: 2D=500

2023-04-03 16:07:30,092 - rotary_actuator - DEBUG - String sent: 2PR D

2023-04-03 16:07:30,193 - rotary_actuator - INFO - Set D=500[92m -> OK[0m
2023-04-03 16:07:30,194 - rotary_actuator - DEBUG - String sent: 2VI=200

2023-04-03 16:07:30,194 - rotary_actuator - DEBUG - String sent: 2PR VI

2023-04-03 16:07:30,295 - rotary_actuator - INFO - Set VI=200[92m -> OK[0m
2023-04-03 16:07:30,296 - rotary_actuator - DEBUG - String sent: 2VM=800

2023-04-03 16:07:30,296 - rotary_actuator - DEBUG - String sent: 2PR VM

2023-04-03 16:07:30,397 - rotary_actuator - INFO - Set VM=800[92m -> OK[0m
2023-04-03 16:07:30,398 - rotary_actuator - DEBUG - String sent: 2HC=5

2023-04-03 16:07:30,398 - rotary_actuator - DEBUG - String sent: 2PR HC

2023-04-03 16:07:30,499 - rotary_actuator - INFO - Set HC=5[92m -> OK[0m
2023-04-03 16:07:30,499 - rotary_actuator - DEBUG - String sent: 2RC=90

2023-04-03 16:07:30,500 - rotary_actuator - DEBUG - String sent: 2PR RC

2023-04-03 16:07:30,601 - rotary_actuator - INFO - Set RC=90[92m -> OK[0m
2023-04-03 16:07:30,601 - rotary_actuator - DEBUG - String sent: 2EE=1

2023-04-03 16:07:30,601 - rotary_actuator - DEBUG - String sent: 2PR EE

2023-04-03 16:07:30,702 - rotary_actuator - INFO - Set EE=1[92m -> OK[0m
2023-04-03 16:07:30,703 - rotary_actuator - DEBUG - String sent: 2S4=0,0,0

2023-04-03 16:07:30,703 - rotary_actuator - DEBUG - String sent: 2PR S4

2023-04-03 16:07:30,804 - rotary_actuator - INFO - Set S4=0,0,0[92m -> OK[0m
2023-04-03 16:07:30,804 - rotary_actuator - INFO - Set S1 and S2 as limit switches
2023-04-03 16:07:30,805 - rotary_actuator - DEBUG - String sent: 2S1=2,0,0

2023-04-03 16:07:30,805 - rotary_actuator - DEBUG - String sent: 2PR S1

2023-04-03 16:07:30,906 - rotary_actuator - INFO - Set S1=2,0,0[92m -> OK[0m
2023-04-03 16:07:30,906 - rotary_actuator - DEBUG - String sent: 2S2=3,0,0

2023-04-03 16:07:30,907 - rotary_actuator - DEBUG - String sent: 2PR S2

2023-04-03 16:07:31,008 - rotary_actuator - INFO - Set S2=3,0,0[92m -> OK[0m
2023-04-03 16:07:35,676 - rotary_actuator - INFO - CAUTION USING NON SPECIFIC CONFIG FILES
2023-04-03 16:07:35,676 - rotary_actuator - INFO - Using config file (/home/shivaraj/Desktop/SBN/Pyhton2_to_3/SBND_laser_control/workspace/RunControl/devices/config/com_ports.json)
2023-04-03 16:07:36,679 - rotary_actuator - INFO - Com port (/dev/ttyUSB0) opened
2023-04-03 16:07:36,680 - rotary_actuator - INFO - ---------------- init axis -----------------
2023-04-03 16:07:36,680 - rotary_actuator - DEBUG - String sent: 2MS=256

2023-04-03 16:07:36,681 - rotary_actuator - DEBUG - String sent: 2PR MS

2023-04-03 16:07:36,782 - rotary_actuator - INFO - Set MS=256[92m -> OK[0m
2023-04-03 16:07:36,782 - rotary_actuator - DEBUG - String sent: 2A=500

2023-04-03 16:07:36,783 - rotary_actuator - DEBUG - String sent: 2PR A

2023-04-03 16:07:36,884 - rotary_actuator - INFO - Set A=500[92m -> OK[0m
2023-04-03 16:07:36,884 - rotary_actuator - DEBUG - String sent: 2D=500

2023-04-03 16:07:36,885 - rotary_actuator - DEBUG - String sent: 2PR D

2023-04-03 16:07:36,986 - rotary_actuator - INFO - Set D=500[92m -> OK[0m
2023-04-03 16:07:36,986 - rotary_actuator - DEBUG - String sent: 2VI=200

2023-04-03 16:07:36,986 - rotary_actuator - DEBUG - String sent: 2PR VI

2023-04-03 16:07:37,087 - rotary_actuator - INFO - Set VI=200[92m -> OK[0m
2023-04-03 16:07:37,088 - rotary_actuator - DEBUG - String sent: 2VM=800

2023-04-03 16:07:37,088 - rotary_actuator - DEBUG - String sent: 2PR VM

2023-04-03 16:07:37,189 - rotary_actuator - INFO - Set VM=800[92m -> OK[0m
2023-04-03 16:07:37,190 - rotary_actuator - DEBUG - String sent: 2HC=5

2023-04-03 16:07:37,190 - rotary_actuator - DEBUG - String sent: 2PR HC

2023-04-03 16:07:37,291 - rotary_actuator - INFO - Set HC=5[92m -> OK[0m
2023-04-03 16:07:37,292 - rotary_actuator - DEBUG - String sent: 2RC=90

2023-04-03 16:07:37,292 - rotary_actuator - DEBUG - String sent: 2PR RC

2023-04-03 16:07:37,393 - rotary_actuator - INFO - Set RC=90[92m -> OK[0m
2023-04-03 16:07:37,394 - rotary_actuator - DEBUG - String sent: 2EE=1

2023-04-03 16:07:37,394 - rotary_actuator - DEBUG - String sent: 2PR EE

2023-04-03 16:07:37,495 - rotary_actuator - INFO - Set EE=1[92m -> OK[0m
2023-04-03 16:07:37,496 - rotary_actuator - DEBUG - String sent: 2S4=0,0,0

2023-04-03 16:07:37,496 - rotary_actuator - DEBUG - String sent: 2PR S4

2023-04-03 16:07:37,597 - rotary_actuator - INFO - Set S4=0,0,0[92m -> OK[0m
2023-04-03 16:07:37,597 - rotary_actuator - INFO - Set S1 and S2 as limit switches
2023-04-03 16:07:37,598 - rotary_actuator - DEBUG - String sent: 2S1=2,0,0

2023-04-03 16:07:37,598 - rotary_actuator - DEBUG - String sent: 2PR S1

2023-04-03 16:07:37,699 - rotary_actuator - INFO - Set S1=2,0,0[92m -> OK[0m
2023-04-03 16:07:37,700 - rotary_actuator - DEBUG - String sent: 2S2=3,0,0

2023-04-03 16:07:37,700 - rotary_actuator - DEBUG - String sent: 2PR S2

2023-04-03 16:07:37,801 - rotary_actuator - INFO - Set S2=3,0,0[92m -> OK[0m
2023-04-03 16:08:09,352 - rotary_actuator - INFO - Moving 400 microsteps
2023-04-03 16:08:09,353 - rotary_actuator - DEBUG - String sent: 2MR 400

2023-04-03 16:08:15,494 - rotary_actuator - INFO - Moving 400 microsteps
2023-04-03 16:08:15,495 - rotary_actuator - DEBUG - String sent: 2MR 400

2023-04-03 16:08:16,624 - rotary_actuator - INFO - Moving 400 microsteps
2023-04-03 16:08:16,625 - rotary_actuator - DEBUG - String sent: 2MR 400

2023-04-03 16:10:21,271 - rotary_actuator - DEBUG - String sent: 2PR P

2023-04-03 16:10:24,571 - rotary_actuator - INFO - Moving 400 microsteps
2023-04-03 16:10:24,572 - rotary_actuator - DEBUG - String sent: 2MR 400

2023-04-03 16:10:25,781 - rotary_actuator - DEBUG - String sent: 2PR P

2023-04-03 16:10:26,911 - rotary_actuator - DEBUG - String sent: 2PR P

2023-04-03 16:10:27,673 - rotary_actuator - DEBUG - String sent: 2PR P

2023-04-03 16:11:02,201 - rotary_actuator - DEBUG - String sent: 2PR P

2023-04-03 16:11:07,225 - rotary_actuator - INFO - Moving 400 microsteps
2023-04-03 16:11:07,226 - rotary_actuator - DEBUG - String sent: 2MR 400

2023-04-03 16:11:08,387 - rotary_actuator - DEBUG - String sent: 2PR P

2023-04-03 16:11:09,269 - rotary_actuator - DEBUG - String sent: 2PR P

2023-04-03 16:12:02,960 - rotary_actuator - DEBUG - String sent: 2PR P

2023-04-03 16:12:04,938 - rotary_actuator - DEBUG - String sent: 2PR P

2023-04-03 16:12:06,200 - rotary_actuator - INFO - Moving 400 microsteps
2023-04-03 16:12:06,200 - rotary_actuator - DEBUG - String sent: 2MR 400

2023-04-03 16:12:07,868 - rotary_actuator - DEBUG - String sent: 2PR P

2023-04-03 16:12:09,292 - rotary_actuator - DEBUG - String sent: 2PR P

2023-04-03 16:12:10,186 - rotary_actuator - DEBUG - String sent: 2PR P

2023-04-03 16:12:11,196 - rotary_actuator - INFO - Moving 400 microsteps
2023-04-03 16:12:11,196 - rotary_actuator - DEBUG - String sent: 2MR 400

2023-04-03 16:12:12,150 - rotary_actuator - DEBUG - String sent: 2PR P

2023-04-03 16:12:12,814 - rotary_actuator - DEBUG - String sent: 2PR P

2023-04-03 16:12:13,472 - rotary_actuator - DEBUG - String sent: 2PR P

2023-04-03 16:12:20,284 - rotary_actuator - DEBUG - String sent: 2PR P

