2023-04-25 15:06:53,675 - rotary_actuator - INFO - started logger
2023-04-25 15:06:53,675 - rotary_actuator - INFO - CAUTION USING NON SPECIFIC CONFIG FILES
2023-04-25 15:06:53,676 - rotary_actuator - INFO - Using config file (/home/shivaraj/Desktop/SBN/Pyhton2_to_3/SBND_laser_control/workspace/RunControl/devices/config/config_rotary_actuator.json)
2023-04-25 15:06:58,435 - rotary_actuator - INFO - CAUTION USING NON SPECIFIC CONFIG FILES
2023-04-25 15:06:58,435 - rotary_actuator - INFO - Using config file (/home/shivaraj/Desktop/SBN/Pyhton2_to_3/SBND_laser_control/workspace/RunControl/devices/config/com_ports.json)
2023-04-25 15:06:59,438 - rotary_actuator - INFO - Com port (/dev/ttyUSB1) opened
2023-04-25 15:06:59,439 - rotary_actuator - INFO - ---------------- init axis -----------------
2023-04-25 15:06:59,439 - rotary_actuator - DEBUG - String sent: 2MS=256

2023-04-25 15:06:59,440 - rotary_actuator - DEBUG - String sent: 2PR MS

2023-04-25 15:06:59,541 - rotary_actuator - INFO - Set MS=256[92m -> OK[0m
2023-04-25 15:06:59,541 - rotary_actuator - DEBUG - String sent: 2A=500

2023-04-25 15:06:59,542 - rotary_actuator - DEBUG - String sent: 2PR A

2023-04-25 15:06:59,642 - rotary_actuator - INFO - Set A=500[92m -> OK[0m
2023-04-25 15:06:59,643 - rotary_actuator - DEBUG - String sent: 2D=500

2023-04-25 15:06:59,643 - rotary_actuator - DEBUG - String sent: 2PR D

2023-04-25 15:06:59,744 - rotary_actuator - INFO - Set D=500[92m -> OK[0m
2023-04-25 15:06:59,745 - rotary_actuator - DEBUG - String sent: 2VI=200

2023-04-25 15:06:59,745 - rotary_actuator - DEBUG - String sent: 2PR VI

2023-04-25 15:06:59,846 - rotary_actuator - INFO - Set VI=200[92m -> OK[0m
2023-04-25 15:06:59,847 - rotary_actuator - DEBUG - String sent: 2VM=800

2023-04-25 15:06:59,847 - rotary_actuator - DEBUG - String sent: 2PR VM

2023-04-25 15:06:59,948 - rotary_actuator - INFO - Set VM=800[92m -> OK[0m
2023-04-25 15:06:59,949 - rotary_actuator - DEBUG - String sent: 2HC=5

2023-04-25 15:06:59,949 - rotary_actuator - DEBUG - String sent: 2PR HC

2023-04-25 15:07:00,050 - rotary_actuator - INFO - Set HC=5[92m -> OK[0m
2023-04-25 15:07:00,051 - rotary_actuator - DEBUG - String sent: 2RC=90

2023-04-25 15:07:00,051 - rotary_actuator - DEBUG - String sent: 2PR RC

2023-04-25 15:07:00,152 - rotary_actuator - INFO - Set RC=90[92m -> OK[0m
2023-04-25 15:07:00,152 - rotary_actuator - DEBUG - String sent: 2EE=1

2023-04-25 15:07:00,152 - rotary_actuator - DEBUG - String sent: 2PR EE

2023-04-25 15:07:00,253 - rotary_actuator - INFO - Set EE=1[92m -> OK[0m
2023-04-25 15:07:00,253 - rotary_actuator - DEBUG - String sent: 2SM=1

2023-04-25 15:07:00,253 - rotary_actuator - DEBUG - String sent: 2PR SM

2023-04-25 15:07:00,354 - rotary_actuator - INFO - Set SM=1[92m -> OK[0m
2023-04-25 15:07:00,354 - rotary_actuator - DEBUG - String sent: 2SF=20

2023-04-25 15:07:00,355 - rotary_actuator - DEBUG - String sent: 2PR SF

2023-04-25 15:07:00,456 - rotary_actuator - INFO - Set SF=20[92m -> OK[0m
2023-04-25 15:07:00,456 - rotary_actuator - DEBUG - String sent: 2S3=0,0,0

2023-04-25 15:07:00,457 - rotary_actuator - DEBUG - String sent: 2PR S3

2023-04-25 15:07:00,557 - rotary_actuator - INFO - Set S3=0,0,0[92m -> OK[0m
2023-04-25 15:07:00,557 - rotary_actuator - DEBUG - String sent: 2S4=0,0,0

2023-04-25 15:07:00,558 - rotary_actuator - DEBUG - String sent: 2PR S4

2023-04-25 15:07:00,658 - rotary_actuator - INFO - Set S4=0,0,0[92m -> OK[0m
2023-04-25 15:07:00,658 - rotary_actuator - INFO - Set S1 and S2 as limit switches
2023-04-25 15:07:00,659 - rotary_actuator - DEBUG - String sent: 2S1=2,0,0

2023-04-25 15:07:00,659 - rotary_actuator - DEBUG - String sent: 2PR S1

2023-04-25 15:07:00,760 - rotary_actuator - INFO - Set S1=2,0,0[92m -> OK[0m
2023-04-25 15:07:00,760 - rotary_actuator - DEBUG - String sent: 2S2=3,0,0

2023-04-25 15:07:00,761 - rotary_actuator - DEBUG - String sent: 2PR S2

2023-04-25 15:07:00,862 - rotary_actuator - INFO - Set S2=3,0,0[92m -> OK[0m
2023-04-25 15:07:09,144 - rotary_actuator - DEBUG - String sent: 2PR P

2023-04-25 15:07:09,245 - rotary_actuator - INFO - Moving -1000 microsteps
2023-04-25 15:07:09,246 - rotary_actuator - DEBUG - String sent: 2MR -1000

2023-04-25 15:07:09,347 - rotary_actuator - DEBUG - String sent: 2PR MV

2023-04-25 15:07:09,448 - rotary_actuator - DEBUG - String sent: 2PR I3

2023-04-25 15:07:19,101 - rotary_actuator - DEBUG - String sent: 2PR P

2023-04-25 15:07:19,202 - rotary_actuator - INFO - Moving -1000 microsteps
2023-04-25 15:07:19,202 - rotary_actuator - DEBUG - String sent: 2MR -1000

2023-04-25 15:07:19,303 - rotary_actuator - DEBUG - String sent: 2PR MV

2023-04-25 15:07:19,404 - rotary_actuator - DEBUG - String sent: 2PR I3

2023-04-25 15:07:19,506 - rotary_actuator - DEBUG - String sent: 2PR P

2023-04-25 15:07:19,607 - rotary_actuator - DEBUG - String sent: 2PR MV

2023-04-25 15:07:19,708 - rotary_actuator - DEBUG - String sent: 2PR I3

2023-04-25 15:07:19,809 - rotary_actuator - DEBUG - String sent: 2PR P

2023-04-25 15:07:19,911 - rotary_actuator - DEBUG - String sent: 2PR MV

2023-04-25 15:07:20,012 - rotary_actuator - DEBUG - String sent: 2PR I3

2023-04-25 15:07:20,113 - rotary_actuator - DEBUG - String sent: 2PR P

2023-04-25 15:07:20,215 - rotary_actuator - DEBUG - String sent: 2PR MV

2023-04-25 15:07:20,316 - rotary_actuator - DEBUG - String sent: 2PR I3

2023-04-25 15:07:20,417 - rotary_actuator - DEBUG - String sent: 2PR P

2023-04-25 15:07:20,518 - rotary_actuator - DEBUG - String sent: 2PR MV

2023-04-25 15:07:20,619 - rotary_actuator - DEBUG - String sent: 2PR I3

2023-04-25 15:07:20,721 - rotary_actuator - DEBUG - String sent: 2PR P

2023-04-25 15:07:20,822 - rotary_actuator - DEBUG - String sent: 2PR MV

2023-04-25 15:07:20,923 - rotary_actuator - DEBUG - String sent: 2PR I3

2023-04-25 15:07:21,025 - rotary_actuator - DEBUG - String sent: 2PR P

2023-04-25 15:07:21,126 - rotary_actuator - DEBUG - String sent: 2PR MV

2023-04-25 15:07:21,228 - rotary_actuator - DEBUG - String sent: 2PR I3

2023-04-25 15:07:21,329 - rotary_actuator - DEBUG - String sent: 2PR P

2023-04-25 15:07:21,430 - rotary_actuator - DEBUG - String sent: 2PR MV

2023-04-25 15:07:21,532 - rotary_actuator - DEBUG - String sent: 2PR I3

2023-04-25 15:07:21,633 - rotary_actuator - DEBUG - String sent: 2PR P

2023-04-25 15:07:21,735 - rotary_actuator - DEBUG - String sent: 2PR MV

2023-04-25 15:07:21,836 - rotary_actuator - DEBUG - String sent: 2PR I3

2023-04-25 15:07:21,938 - rotary_actuator - DEBUG - String sent: 2PR P

2023-04-25 15:07:22,039 - rotary_actuator - DEBUG - String sent: 2PR MV

2023-04-25 15:07:22,141 - rotary_actuator - DEBUG - String sent: 2PR I3

2023-04-25 15:07:22,242 - rotary_actuator - DEBUG - String sent: 2PR P

2023-04-25 15:07:22,344 - rotary_actuator - DEBUG - String sent: 2PR MV

2023-04-25 15:07:22,445 - rotary_actuator - DEBUG - String sent: 2PR I3

2023-04-25 15:07:22,547 - rotary_actuator - DEBUG - String sent: 2PR P

2023-04-25 15:07:22,649 - rotary_actuator - DEBUG - String sent: 2PR MV

2023-04-25 15:07:22,750 - rotary_actuator - DEBUG - String sent: 2PR I3

2023-04-25 15:07:22,852 - rotary_actuator - DEBUG - String sent: 2PR P

2023-04-25 15:07:22,953 - rotary_actuator - DEBUG - String sent: 2PR MV

2023-04-25 15:07:23,054 - rotary_actuator - DEBUG - String sent: 2PR I3

2023-04-25 15:07:23,156 - rotary_actuator - DEBUG - String sent: 2PR P

2023-04-25 15:07:23,257 - rotary_actuator - DEBUG - String sent: 2PR MV

2023-04-25 15:07:23,359 - rotary_actuator - DEBUG - String sent: 2PR I3

2023-04-25 15:07:23,461 - rotary_actuator - DEBUG - String sent: 2PR P

2023-04-25 15:07:23,562 - rotary_actuator - DEBUG - String sent: 2PR MV

2023-04-25 15:07:23,664 - rotary_actuator - DEBUG - String sent: 2PR I3

2023-04-25 15:07:23,766 - rotary_actuator - DEBUG - String sent: 2PR P

2023-04-25 15:07:23,867 - rotary_actuator - DEBUG - String sent: 2PR MV

2023-04-25 15:07:23,969 - rotary_actuator - DEBUG - String sent: 2PR I3

2023-04-25 15:07:24,071 - rotary_actuator - DEBUG - String sent: 2PR P

2023-04-25 15:07:24,171 - rotary_actuator - DEBUG - String sent: 2PR MV

2023-04-25 15:07:24,272 - rotary_actuator - DEBUG - String sent: 2PR I3

2023-04-25 15:07:24,373 - rotary_actuator - DEBUG - String sent: 2PR P

2023-04-25 15:07:24,475 - rotary_actuator - DEBUG - String sent: 2PR MV

2023-04-25 15:07:24,576 - rotary_actuator - DEBUG - String sent: 2PR I3

2023-04-25 15:07:24,678 - rotary_actuator - DEBUG - String sent: 2PR P

2023-04-25 15:07:24,780 - rotary_actuator - DEBUG - String sent: 2PR MV

