2023-04-05 15:33:14,945 - rotary_actuator - INFO - started logger
2023-04-05 15:33:14,945 - rotary_actuator - INFO - CAUTION USING NON SPECIFIC CONFIG FILES
2023-04-05 15:33:14,945 - rotary_actuator - INFO - Using config file (/home/shivaraj/Desktop/SBN/Pyhton2_to_3/SBND_laser_control/workspace/RunControl/devices/config/config_rotary_actuator.json)
2023-04-05 15:33:17,754 - rotary_actuator - INFO - CAUTION USING NON SPECIFIC CONFIG FILES
2023-04-05 15:33:17,755 - rotary_actuator - INFO - Using config file (/home/shivaraj/Desktop/SBN/Pyhton2_to_3/SBND_laser_control/workspace/RunControl/devices/config/com_ports.json)
2023-04-05 15:33:18,758 - rotary_actuator - INFO - Com port (/dev/ttyUSB0) opened
2023-04-05 15:33:18,758 - rotary_actuator - INFO - ---------------- init axis -----------------
2023-04-05 15:33:18,859 - rotary_actuator - DEBUG - String sent: 2MS=256

2023-04-05 15:33:18,960 - rotary_actuator - DEBUG - String sent: 2PR MS

2023-04-05 15:33:19,061 - rotary_actuator - INFO - Set MS=256[92m -> OK[0m
2023-04-05 15:33:19,162 - rotary_actuator - DEBUG - String sent: 2A=500

2023-04-05 15:33:19,263 - rotary_actuator - DEBUG - String sent: 2PR A

2023-04-05 15:33:19,364 - rotary_actuator - INFO - Set A=500[92m -> OK[0m
2023-04-05 15:33:19,465 - rotary_actuator - DEBUG - String sent: 2D=500

2023-04-05 15:33:19,566 - rotary_actuator - DEBUG - String sent: 2PR D

2023-04-05 15:33:19,667 - rotary_actuator - INFO - Set D=500[92m -> OK[0m
2023-04-05 15:33:19,768 - rotary_actuator - DEBUG - String sent: 2VI=200

2023-04-05 15:33:19,868 - rotary_actuator - DEBUG - String sent: 2PR VI

2023-04-05 15:33:19,969 - rotary_actuator - INFO - Set VI=200[92m -> OK[0m
2023-04-05 15:33:20,070 - rotary_actuator - DEBUG - String sent: 2VM=800

2023-04-05 15:33:20,171 - rotary_actuator - DEBUG - String sent: 2PR VM

2023-04-05 15:33:20,272 - rotary_actuator - INFO - Set VM=800[92m -> OK[0m
2023-04-05 15:33:20,373 - rotary_actuator - DEBUG - String sent: 2HC=5

2023-04-05 15:33:20,474 - rotary_actuator - DEBUG - String sent: 2PR HC

2023-04-05 15:33:20,575 - rotary_actuator - INFO - Set HC=5[92m -> OK[0m
2023-04-05 15:33:20,676 - rotary_actuator - DEBUG - String sent: 2RC=90

2023-04-05 15:33:20,777 - rotary_actuator - DEBUG - String sent: 2PR RC

2023-04-05 15:33:20,878 - rotary_actuator - INFO - Set RC=90[92m -> OK[0m
2023-04-05 15:33:20,978 - rotary_actuator - DEBUG - String sent: 2EE=1

2023-04-05 15:33:21,079 - rotary_actuator - DEBUG - String sent: 2PR EE

2023-04-05 15:33:21,181 - rotary_actuator - INFO - Set EE=1[92m -> OK[0m
2023-04-05 15:33:21,282 - rotary_actuator - DEBUG - String sent: 2S4=0,0,0

2023-04-05 15:33:21,383 - rotary_actuator - DEBUG - String sent: 2PR S4

2023-04-05 15:33:21,484 - rotary_actuator - INFO - Set S4=0,0,0[92m -> OK[0m
2023-04-05 15:33:21,485 - rotary_actuator - INFO - Set S1 and S2 as limit switches
2023-04-05 15:33:21,586 - rotary_actuator - DEBUG - String sent: 2S1=2,0,0

2023-04-05 15:33:21,687 - rotary_actuator - DEBUG - String sent: 2PR S1

2023-04-05 15:33:21,788 - rotary_actuator - INFO - Set S1=2,0,0[92m -> OK[0m
2023-04-05 15:33:21,890 - rotary_actuator - DEBUG - String sent: 2S2=3,0,0

2023-04-05 15:33:21,991 - rotary_actuator - DEBUG - String sent: 2PR S2

2023-04-05 15:33:22,092 - rotary_actuator - INFO - Set S2=3,0,0[92m -> OK[0m
