2023-02-07 11:11:57,067 - rotary_actuator - INFO - started logger
2023-02-07 11:11:57,067 - rotary_actuator - INFO - CAUTION USING NON SPECIFIC CONFIG FILES
2023-02-07 11:11:57,067 - rotary_actuator - INFO - Using config file (/home/shivaraj/Desktop/SBN/Pyhton2_to_3/SBND_laser_control/workspace/RunControl/devices/config/config_rotary_actuator.json)
2023-02-07 11:12:02,531 - rotary_actuator - INFO - CAUTION USING NON SPECIFIC CONFIG FILES
2023-02-07 11:12:02,532 - rotary_actuator - INFO - Using config file (/home/shivaraj/Desktop/SBN/Pyhton2_to_3/SBND_laser_control/workspace/RunControl/devices/config/com_ports.json)
2023-02-07 11:12:03,535 - rotary_actuator - INFO - Com port (/dev/ttyUSB0) opened
2023-02-07 11:12:03,535 - rotary_actuator - INFO - ---------------- init axis -----------------
2023-02-07 11:12:03,536 - rotary_actuator - DEBUG - String sent: 2MS=256

2023-02-07 11:12:03,536 - rotary_actuator - DEBUG - String sent: 2PR MS

2023-02-07 11:12:03,637 - rotary_actuator - INFO - Set MS=256[92m -> OK[0m
2023-02-07 11:12:03,637 - rotary_actuator - DEBUG - String sent: 2A=500

2023-02-07 11:12:03,638 - rotary_actuator - DEBUG - String sent: 2PR A

2023-02-07 11:12:03,738 - rotary_actuator - INFO - Set A=500[92m -> OK[0m
2023-02-07 11:12:03,739 - rotary_actuator - DEBUG - String sent: 2D=500

2023-02-07 11:12:03,739 - rotary_actuator - DEBUG - String sent: 2PR D

2023-02-07 11:12:03,840 - rotary_actuator - INFO - Set D=500[92m -> OK[0m
2023-02-07 11:12:03,841 - rotary_actuator - DEBUG - String sent: 2VI=200

2023-02-07 11:12:03,841 - rotary_actuator - DEBUG - String sent: 2PR VI

2023-02-07 11:12:03,942 - rotary_actuator - INFO - Set VI=200[92m -> OK[0m
2023-02-07 11:12:03,943 - rotary_actuator - DEBUG - String sent: 2VM=800

2023-02-07 11:12:03,943 - rotary_actuator - DEBUG - String sent: 2PR VM

2023-02-07 11:12:04,044 - rotary_actuator - INFO - Set VM=800[92m -> OK[0m
2023-02-07 11:12:04,045 - rotary_actuator - DEBUG - String sent: 2HC=5

2023-02-07 11:12:04,045 - rotary_actuator - DEBUG - String sent: 2PR HC

2023-02-07 11:12:04,146 - rotary_actuator - INFO - Set HC=5[92m -> OK[0m
2023-02-07 11:12:04,146 - rotary_actuator - DEBUG - String sent: 2RC=90

2023-02-07 11:12:04,147 - rotary_actuator - DEBUG - String sent: 2PR RC

2023-02-07 11:12:04,248 - rotary_actuator - INFO - Set RC=90[92m -> OK[0m
2023-02-07 11:12:04,248 - rotary_actuator - DEBUG - String sent: 2EE=1

2023-02-07 11:12:04,248 - rotary_actuator - DEBUG - String sent: 2PR EE

2023-02-07 11:12:04,349 - rotary_actuator - INFO - Set EE=1[92m -> OK[0m
2023-02-07 11:12:04,350 - rotary_actuator - DEBUG - String sent: 2S4=0,0,0

2023-02-07 11:12:04,350 - rotary_actuator - DEBUG - String sent: 2PR S4

2023-02-07 11:12:04,451 - rotary_actuator - INFO - Set S4=0,0,0[92m -> OK[0m
2023-02-07 11:12:04,452 - rotary_actuator - INFO - Set S1 and S2 as limit switches
2023-02-07 11:12:04,452 - rotary_actuator - DEBUG - String sent: 2S1=2,0,0

2023-02-07 11:12:04,452 - rotary_actuator - DEBUG - String sent: 2PR S1

2023-02-07 11:12:04,553 - rotary_actuator - INFO - Set S1=2,0,0[92m -> OK[0m
2023-02-07 11:12:04,554 - rotary_actuator - DEBUG - String sent: 2S2=3,0,0

2023-02-07 11:12:04,554 - rotary_actuator - DEBUG - String sent: 2PR S2

2023-02-07 11:12:04,655 - rotary_actuator - INFO - Set S2=3,0,0[92m -> OK[0m
