2023-04-03 18:00:37,162 - rotary_actuator - INFO - started logger
2023-04-03 18:00:37,162 - rotary_actuator - INFO - CAUTION USING NON SPECIFIC CONFIG FILES
2023-04-03 18:00:37,162 - rotary_actuator - INFO - Using config file (/home/shivaraj/Desktop/SBN/Pyhton2_to_3/SBND_laser_control/workspace/RunControl/devices/config/config_rotary_actuator.json)
2023-04-03 18:00:39,837 - rotary_actuator - INFO - CAUTION USING NON SPECIFIC CONFIG FILES
2023-04-03 18:00:39,844 - rotary_actuator - INFO - Using config file (/home/shivaraj/Desktop/SBN/Pyhton2_to_3/SBND_laser_control/workspace/RunControl/devices/config/com_ports.json)
2023-04-03 18:00:40,847 - rotary_actuator - INFO - Com port (/dev/ttyUSB1) opened
2023-04-03 18:00:40,848 - rotary_actuator - INFO - ---------------- init axis -----------------
2023-04-03 18:00:41,049 - rotary_actuator - DEBUG - String sent: 2MS=256

2023-04-03 18:00:41,250 - rotary_actuator - DEBUG - String sent: 2PR MS

2023-04-03 18:00:41,351 - rotary_actuator - INFO - Set MS=256[92m -> OK[0m
2023-04-03 18:00:41,552 - rotary_actuator - DEBUG - String sent: 2A=500

2023-04-03 18:00:41,754 - rotary_actuator - DEBUG - String sent: 2PR A

2023-04-03 18:00:41,855 - rotary_actuator - INFO - Set A=500[92m -> OK[0m
2023-04-03 18:00:42,056 - rotary_actuator - DEBUG - String sent: 2D=500

2023-04-03 18:00:42,257 - rotary_actuator - DEBUG - String sent: 2PR D

2023-04-03 18:00:42,358 - rotary_actuator - INFO - Set D=500[92m -> OK[0m
2023-04-03 18:00:42,559 - rotary_actuator - DEBUG - String sent: 2VI=200

2023-04-03 18:00:42,760 - rotary_actuator - DEBUG - String sent: 2PR VI

2023-04-03 18:00:42,862 - rotary_actuator - INFO - Set VI=200[92m -> OK[0m
2023-04-03 18:00:43,063 - rotary_actuator - DEBUG - String sent: 2VM=800

2023-04-03 18:00:43,265 - rotary_actuator - DEBUG - String sent: 2PR VM

2023-04-03 18:00:43,366 - rotary_actuator - INFO - Set VM=800[92m -> OK[0m
2023-04-03 18:00:43,567 - rotary_actuator - DEBUG - String sent: 2HC=5

2023-04-03 18:00:43,768 - rotary_actuator - DEBUG - String sent: 2PR HC

2023-04-03 18:00:43,870 - rotary_actuator - INFO - Set HC=5[92m -> OK[0m
2023-04-03 18:00:44,071 - rotary_actuator - DEBUG - String sent: 2RC=90

2023-04-03 18:00:44,273 - rotary_actuator - DEBUG - String sent: 2PR RC

2023-04-03 18:00:44,374 - rotary_actuator - INFO - Set RC=90[92m -> OK[0m
2023-04-03 18:00:44,575 - rotary_actuator - DEBUG - String sent: 2EE=1

2023-04-03 18:00:44,777 - rotary_actuator - DEBUG - String sent: 2PR EE

2023-04-03 18:00:44,878 - rotary_actuator - INFO - Set EE=1[92m -> OK[0m
2023-04-03 18:00:45,080 - rotary_actuator - DEBUG - String sent: 2S4=0,0,0

2023-04-03 18:00:45,282 - rotary_actuator - DEBUG - String sent: 2PR S4

2023-04-03 18:00:45,383 - rotary_actuator - INFO - Set S4=0,0,0[92m -> OK[0m
2023-04-03 18:00:45,384 - rotary_actuator - INFO - Set S1 and S2 as limit switches
2023-04-03 18:00:45,585 - rotary_actuator - DEBUG - String sent: 2S1=2,0,0

2023-04-03 18:00:45,787 - rotary_actuator - DEBUG - String sent: 2PR S1

2023-04-03 18:00:45,888 - rotary_actuator - INFO - Set S1=2,0,0[92m -> OK[0m
2023-04-03 18:00:46,090 - rotary_actuator - DEBUG - String sent: 2S2=3,0,0

2023-04-03 18:00:46,291 - rotary_actuator - DEBUG - String sent: 2PR S2

2023-04-03 18:00:46,393 - rotary_actuator - INFO - Set S2=3,0,0[92m -> OK[0m
2023-04-03 18:01:13,298 - rotary_actuator - DEBUG - String sent: 2PR P

2023-04-03 18:01:13,399 - rotary_actuator - INFO - Moving 100 microsteps
2023-04-03 18:01:13,600 - rotary_actuator - DEBUG - String sent: 2MR 100

