2023-04-03 17:49:25,084 - rotary_actuator - INFO - started logger
2023-04-03 17:49:25,084 - rotary_actuator - INFO - CAUTION USING NON SPECIFIC CONFIG FILES
2023-04-03 17:49:25,085 - rotary_actuator - INFO - Using config file (/home/shivaraj/Desktop/SBN/Pyhton2_to_3/SBND_laser_control/workspace/RunControl/devices/config/config_rotary_actuator.json)
2023-04-03 17:49:31,013 - rotary_actuator - INFO - CAUTION USING NON SPECIFIC CONFIG FILES
2023-04-03 17:49:31,014 - rotary_actuator - INFO - Using config file (/home/shivaraj/Desktop/SBN/Pyhton2_to_3/SBND_laser_control/workspace/RunControl/devices/config/com_ports.json)
2023-04-03 17:49:32,017 - rotary_actuator - INFO - Com port (/dev/ttyUSB1) opened
2023-04-03 17:49:32,017 - rotary_actuator - INFO - ---------------- init axis -----------------
2023-04-03 17:49:32,219 - rotary_actuator - DEBUG - String sent: 2MS=256

2023-04-03 17:49:32,420 - rotary_actuator - DEBUG - String sent: 2PR MS

2023-04-03 17:49:32,521 - rotary_actuator - INFO - Set MS=256[92m -> OK[0m
2023-04-03 17:49:32,722 - rotary_actuator - DEBUG - String sent: 2A=500

2023-04-03 17:49:32,923 - rotary_actuator - DEBUG - String sent: 2PR A

2023-04-03 17:49:33,024 - rotary_actuator - INFO - Set A=500[92m -> OK[0m
2023-04-03 17:49:33,225 - rotary_actuator - DEBUG - String sent: 2D=500

2023-04-03 17:49:33,426 - rotary_actuator - DEBUG - String sent: 2PR D

2023-04-03 17:49:33,528 - rotary_actuator - INFO - Set D=500[92m -> OK[0m
2023-04-03 17:49:33,729 - rotary_actuator - DEBUG - String sent: 2VI=200

2023-04-03 17:49:33,929 - rotary_actuator - DEBUG - String sent: 2PR VI

2023-04-03 17:49:34,031 - rotary_actuator - INFO - Set VI=200[92m -> OK[0m
2023-04-03 17:49:34,232 - rotary_actuator - DEBUG - String sent: 2VM=800

2023-04-03 17:49:34,433 - rotary_actuator - DEBUG - String sent: 2PR VM

2023-04-03 17:49:34,535 - rotary_actuator - INFO - Set VM=800[92m -> OK[0m
2023-04-03 17:49:34,736 - rotary_actuator - DEBUG - String sent: 2HC=5

2023-04-03 17:49:34,936 - rotary_actuator - DEBUG - String sent: 2PR HC

2023-04-03 17:49:35,038 - rotary_actuator - INFO - Set HC=5[92m -> OK[0m
2023-04-03 17:49:35,239 - rotary_actuator - DEBUG - String sent: 2RC=90

2023-04-03 17:49:35,440 - rotary_actuator - DEBUG - String sent: 2PR RC

2023-04-03 17:49:35,542 - rotary_actuator - INFO - Set RC=90[92m -> OK[0m
2023-04-03 17:49:35,743 - rotary_actuator - DEBUG - String sent: 2EE=1

2023-04-03 17:49:35,944 - rotary_actuator - DEBUG - String sent: 2PR EE

2023-04-03 17:49:36,045 - rotary_actuator - INFO - Set EE=1[92m -> OK[0m
2023-04-03 17:49:36,247 - rotary_actuator - DEBUG - String sent: 2S4=0,0,0

2023-04-03 17:49:36,449 - rotary_actuator - DEBUG - String sent: 2PR S4

2023-04-03 17:49:36,550 - rotary_actuator - INFO - Set S4=0,0,0[92m -> OK[0m
2023-04-03 17:49:36,551 - rotary_actuator - INFO - Set S1 and S2 as limit switches
2023-04-03 17:49:36,752 - rotary_actuator - DEBUG - String sent: 2S1=2,0,0

2023-04-03 17:49:36,954 - rotary_actuator - DEBUG - String sent: 2PR S1

2023-04-03 17:49:37,055 - rotary_actuator - INFO - Set S1=2,0,0[92m -> OK[0m
2023-04-03 17:49:37,257 - rotary_actuator - DEBUG - String sent: 2S2=3,0,0

2023-04-03 17:49:37,458 - rotary_actuator - DEBUG - String sent: 2PR S2

2023-04-03 17:49:37,560 - rotary_actuator - INFO - Set S2=3,0,0[92m -> OK[0m
2023-04-03 17:49:52,271 - rotary_actuator - DEBUG - String sent: 2PR P

2023-04-03 17:49:52,372 - rotary_actuator - INFO - Moving 100 microsteps
2023-04-03 17:49:52,574 - rotary_actuator - DEBUG - String sent: 2MR 100

2023-04-03 17:49:55,973 - rotary_actuator - DEBUG - String sent: 2PR P

2023-04-03 17:49:56,074 - rotary_actuator - INFO - Moving 100 microsteps
2023-04-03 17:49:56,275 - rotary_actuator - DEBUG - String sent: 2MR 100

