2023-02-07 10:44:49,552 - rotary_actuator - INFO - started logger
2023-02-07 10:44:49,552 - rotary_actuator - INFO - CAUTION USING NON SPECIFIC CONFIG FILES
2023-02-07 10:44:49,552 - rotary_actuator - INFO - Using config file (/home/shivaraj/Desktop/SBN/Pyhton2_to_3/SBND_laser_control/workspace/RunControl/devices/config/config_rotary_actuator.json)
2023-02-07 10:44:53,095 - rotary_actuator - INFO - CAUTION USING NON SPECIFIC CONFIG FILES
2023-02-07 10:44:53,095 - rotary_actuator - INFO - Using config file (/home/shivaraj/Desktop/SBN/Pyhton2_to_3/SBND_laser_control/workspace/RunControl/devices/config/com_ports.json)
2023-02-07 10:44:54,098 - rotary_actuator - INFO - Com port (/dev/ttyUSB0) opened
2023-02-07 10:44:54,098 - rotary_actuator - INFO - ---------------- init axis -----------------
2023-02-07 10:44:54,099 - rotary_actuator - DEBUG - String sent: 2MS=256

2023-02-07 10:44:54,099 - rotary_actuator - DEBUG - String sent: 2PR MS

2023-02-07 10:44:54,200 - rotary_actuator - INFO - Set MS=256[92m -> OK[0m
2023-02-07 10:44:54,201 - rotary_actuator - DEBUG - String sent: 2A=500

2023-02-07 10:44:54,201 - rotary_actuator - DEBUG - String sent: 2PR A

2023-02-07 10:44:54,302 - rotary_actuator - INFO - Set A=500[92m -> OK[0m
2023-02-07 10:44:54,303 - rotary_actuator - DEBUG - String sent: 2D=500

2023-02-07 10:44:54,303 - rotary_actuator - DEBUG - String sent: 2PR D

2023-02-07 10:44:54,404 - rotary_actuator - INFO - Set D=500[92m -> OK[0m
2023-02-07 10:44:54,405 - rotary_actuator - DEBUG - String sent: 2VI=200

2023-02-07 10:44:54,405 - rotary_actuator - DEBUG - String sent: 2PR VI

2023-02-07 10:44:54,505 - rotary_actuator - INFO - Set VI=200[92m -> OK[0m
2023-02-07 10:44:54,506 - rotary_actuator - DEBUG - String sent: 2VM=800

2023-02-07 10:44:54,506 - rotary_actuator - DEBUG - String sent: 2PR VM

2023-02-07 10:44:54,607 - rotary_actuator - INFO - Set VM=800[92m -> OK[0m
2023-02-07 10:44:54,607 - rotary_actuator - DEBUG - String sent: 2HC=5

2023-02-07 10:44:54,608 - rotary_actuator - DEBUG - String sent: 2PR HC

2023-02-07 10:44:54,709 - rotary_actuator - INFO - Set HC=5[92m -> OK[0m
2023-02-07 10:44:54,709 - rotary_actuator - DEBUG - String sent: 2RC=90

2023-02-07 10:44:54,709 - rotary_actuator - DEBUG - String sent: 2PR RC

2023-02-07 10:44:54,810 - rotary_actuator - INFO - Set RC=90[92m -> OK[0m
2023-02-07 10:44:54,811 - rotary_actuator - DEBUG - String sent: 2EE=1

2023-02-07 10:44:54,811 - rotary_actuator - DEBUG - String sent: 2PR EE

2023-02-07 10:44:54,912 - rotary_actuator - INFO - Set EE=1[92m -> OK[0m
2023-02-07 10:44:54,913 - rotary_actuator - DEBUG - String sent: 2S4=0,0,0

2023-02-07 10:44:54,913 - rotary_actuator - DEBUG - String sent: 2PR S4

2023-02-07 10:44:55,014 - rotary_actuator - INFO - Set S4=0,0,0[92m -> OK[0m
2023-02-07 10:44:55,014 - rotary_actuator - INFO - Set S1 and S2 as limit switches
2023-02-07 10:44:55,014 - rotary_actuator - DEBUG - String sent: 2S1=2,0,0

2023-02-07 10:44:55,014 - rotary_actuator - DEBUG - String sent: 2PR S1

2023-02-07 10:44:55,115 - rotary_actuator - INFO - Set S1=2,0,0[92m -> OK[0m
2023-02-07 10:44:55,115 - rotary_actuator - DEBUG - String sent: 2S2=3,0,0

2023-02-07 10:44:55,116 - rotary_actuator - DEBUG - String sent: 2PR S2

2023-02-07 10:44:55,216 - rotary_actuator - INFO - Set S2=3,0,0[92m -> OK[0m
