2023-01-18 13:42:47,967 - rotary_actuator - INFO - started logger
2023-01-18 13:42:47,968 - rotary_actuator - INFO - CAUTION USING NON SPECIFIC CONFIG FILES
2023-01-18 13:42:47,968 - rotary_actuator - INFO - Using config file (/home/shivaraj/Desktop/SBN/Pyhton2_to_3/SBND_laser_control/workspace/RunControl/devices/config/config_rotary_actuator.json)
2023-01-18 13:42:50,737 - rotary_actuator - INFO - CAUTION USING NON SPECIFIC CONFIG FILES
2023-01-18 13:42:50,738 - rotary_actuator - INFO - Using config file (/home/shivaraj/Desktop/SBN/Pyhton2_to_3/SBND_laser_control/workspace/RunControl/devices/config/com_ports.json)
2023-01-18 13:42:51,740 - rotary_actuator - INFO - Com port (/dev/ttyUSB0) opened
2023-01-18 13:42:51,741 - rotary_actuator - INFO - ---------------- init axis -----------------
2023-01-18 13:42:51,741 - rotary_actuator - DEBUG - String sent: 2MS=256

2023-01-18 13:42:51,742 - rotary_actuator - DEBUG - String sent: 2PR MS

2023-01-18 13:42:51,842 - rotary_actuator - INFO - Set MS=256[92m -> OK[0m
2023-01-18 13:42:51,843 - rotary_actuator - DEBUG - String sent: 2A=500

2023-01-18 13:42:51,843 - rotary_actuator - DEBUG - String sent: 2PR A

2023-01-18 13:42:51,944 - rotary_actuator - INFO - Set A=500[92m -> OK[0m
2023-01-18 13:42:51,944 - rotary_actuator - DEBUG - String sent: 2D=500

2023-01-18 13:42:51,945 - rotary_actuator - DEBUG - String sent: 2PR D

2023-01-18 13:42:52,045 - rotary_actuator - INFO - Set D=500[92m -> OK[0m
2023-01-18 13:42:52,045 - rotary_actuator - DEBUG - String sent: 2VI=200

2023-01-18 13:42:52,045 - rotary_actuator - DEBUG - String sent: 2PR VI

2023-01-18 13:42:52,146 - rotary_actuator - INFO - Set VI=200[92m -> OK[0m
2023-01-18 13:42:52,147 - rotary_actuator - DEBUG - String sent: 2VM=800

2023-01-18 13:42:52,147 - rotary_actuator - DEBUG - String sent: 2PR VM

2023-01-18 13:42:52,248 - rotary_actuator - INFO - Set VM=800[92m -> OK[0m
2023-01-18 13:42:52,248 - rotary_actuator - DEBUG - String sent: 2HC=5

2023-01-18 13:42:52,249 - rotary_actuator - DEBUG - String sent: 2PR HC

2023-01-18 13:42:52,350 - rotary_actuator - INFO - Set HC=5[92m -> OK[0m
2023-01-18 13:42:52,350 - rotary_actuator - DEBUG - String sent: 2RC=90

2023-01-18 13:42:52,351 - rotary_actuator - DEBUG - String sent: 2PR RC

2023-01-18 13:42:52,451 - rotary_actuator - INFO - Set RC=90[92m -> OK[0m
2023-01-18 13:42:52,452 - rotary_actuator - DEBUG - String sent: 2EE=1

2023-01-18 13:42:52,452 - rotary_actuator - DEBUG - String sent: 2PR EE

2023-01-18 13:42:52,553 - rotary_actuator - INFO - Set EE=1[92m -> OK[0m
2023-01-18 13:42:52,554 - rotary_actuator - DEBUG - String sent: 2S3=0,0,0

2023-01-18 13:42:52,554 - rotary_actuator - DEBUG - String sent: 2PR S3

2023-01-18 13:42:52,655 - rotary_actuator - INFO - Set S3=0,0,0[92m -> OK[0m
2023-01-18 13:42:52,656 - rotary_actuator - DEBUG - String sent: 2S4=0,0,0

2023-01-18 13:42:52,656 - rotary_actuator - DEBUG - String sent: 2PR S4

2023-01-18 13:42:52,757 - rotary_actuator - INFO - Set S4=0,0,0[92m -> OK[0m
2023-01-18 13:42:52,757 - rotary_actuator - INFO - Set S1 and S2 as limit switches
2023-01-18 13:42:52,758 - rotary_actuator - DEBUG - String sent: 2S1=2,0,0

2023-01-18 13:42:52,758 - rotary_actuator - DEBUG - String sent: 2PR S1

2023-01-18 13:42:52,858 - rotary_actuator - INFO - Set S1=2,0,0[92m -> OK[0m
2023-01-18 13:42:52,858 - rotary_actuator - DEBUG - String sent: 2S2=3,0,0

2023-01-18 13:42:52,859 - rotary_actuator - DEBUG - String sent: 2PR S2

2023-01-18 13:42:52,959 - rotary_actuator - INFO - Set S2=3,0,0[92m -> OK[0m
2023-01-18 13:43:09,439 - rotary_actuator - INFO - Moving 1000 microsteps
2023-01-18 13:43:09,439 - rotary_actuator - DEBUG - String sent: 2MR 1000

2023-01-18 13:44:21,376 - rotary_actuator - INFO - Moving 1000 microsteps
2023-01-18 13:44:21,377 - rotary_actuator - DEBUG - String sent: 2MR 1000

2023-01-18 13:44:21,377 - rotary_actuator - DEBUG - String sent: 2PR MV

2023-01-18 13:44:21,478 - rotary_actuator - DEBUG - String sent: 2PR P

2023-01-18 13:44:21,579 - rotary_actuator - INFO - current position: 10
2023-01-18 13:44:21,580 - rotary_actuator - DEBUG - String sent: 2PR MV

2023-01-18 13:44:21,680 - rotary_actuator - DEBUG - String sent: 2PR P

2023-01-18 13:44:21,781 - rotary_actuator - INFO - final position: 14
2023-01-18 13:44:26,942 - rotary_actuator - INFO - Moving 1000 microsteps
2023-01-18 13:44:26,943 - rotary_actuator - DEBUG - String sent: 2MR 1000

2023-01-18 13:44:26,943 - rotary_actuator - DEBUG - String sent: 2PR MV

2023-01-18 13:44:27,044 - rotary_actuator - DEBUG - String sent: 2PR P

2023-01-18 13:44:27,145 - rotary_actuator - INFO - current position: 20
2023-01-18 13:44:27,145 - rotary_actuator - DEBUG - String sent: 2PR MV

2023-01-18 13:44:27,246 - rotary_actuator - DEBUG - String sent: 2PR P

2023-01-18 13:44:27,347 - rotary_actuator - INFO - final position: 25
2023-01-18 13:44:31,798 - rotary_actuator - INFO - Moving 1000 microsteps
2023-01-18 13:44:31,799 - rotary_actuator - DEBUG - String sent: 2MR 1000

2023-01-18 13:44:37,953 - rotary_actuator - INFO - Moving 1000 microsteps
2023-01-18 13:44:37,954 - rotary_actuator - DEBUG - String sent: 2MR 1000

2023-01-18 13:44:37,954 - rotary_actuator - DEBUG - String sent: 2PR MV

2023-01-18 13:44:38,055 - rotary_actuator - DEBUG - String sent: 2PR P

2023-01-18 13:44:38,156 - rotary_actuator - INFO - current position: 41
2023-01-18 13:44:38,156 - rotary_actuator - DEBUG - String sent: 2PR MV

2023-01-18 13:44:38,257 - rotary_actuator - DEBUG - String sent: 2PR P

2023-01-18 13:44:38,358 - rotary_actuator - INFO - final position: 46
2023-01-18 13:45:44,297 - rotary_actuator - INFO - Moving to position: 1000
2023-01-18 13:45:44,297 - rotary_actuator - DEBUG - String sent: 2MA 1000

2023-01-18 13:45:44,298 - rotary_actuator - DEBUG - String sent: 2PR MV

2023-01-18 13:45:44,399 - rotary_actuator - DEBUG - String sent: 2PR P

2023-01-18 13:45:44,499 - rotary_actuator - INFO - current position: 51
2023-01-18 13:45:44,500 - rotary_actuator - DEBUG - String sent: 2PR MV

2023-01-18 13:45:44,601 - rotary_actuator - DEBUG - String sent: 2PR P

2023-01-18 13:45:44,702 - rotary_actuator - INFO - final position: 56
2023-01-18 13:45:52,921 - rotary_actuator - INFO - Moving to position: 1000
2023-01-18 13:45:52,921 - rotary_actuator - DEBUG - String sent: 2MA 1000

2023-01-18 13:45:52,929 - rotary_actuator - DEBUG - String sent: 2PR MV

2023-01-18 13:45:53,030 - rotary_actuator - DEBUG - String sent: 2PR P

2023-01-18 13:45:53,131 - rotary_actuator - INFO - current position: 62
2023-01-18 13:45:53,131 - rotary_actuator - DEBUG - String sent: 2PR MV

2023-01-18 13:45:53,233 - rotary_actuator - DEBUG - String sent: 2PR P

2023-01-18 13:45:53,334 - rotary_actuator - INFO - final position: 66
2023-01-18 13:45:56,715 - rotary_actuator - INFO - Moving 1000 microsteps
2023-01-18 13:45:56,715 - rotary_actuator - DEBUG - String sent: 2MR 1000

2023-01-18 13:45:56,716 - rotary_actuator - DEBUG - String sent: 2PR MV

2023-01-18 13:45:56,816 - rotary_actuator - DEBUG - String sent: 2PR P

2023-01-18 13:45:56,917 - rotary_actuator - INFO - current position: 72
2023-01-18 13:45:56,918 - rotary_actuator - DEBUG - String sent: 2PR MV

2023-01-18 13:45:57,019 - rotary_actuator - DEBUG - String sent: 2PR P

2023-01-18 13:45:57,119 - rotary_actuator - INFO - final position: 77
2023-01-18 13:58:45,637 - rotary_actuator - INFO - Moving 1000 microsteps
2023-01-18 13:58:45,637 - rotary_actuator - DEBUG - String sent: 2MR 1000

