2023-04-03 14:35:51,911 - rotary_actuator - INFO - started logger
2023-04-03 14:35:51,911 - rotary_actuator - INFO - CAUTION USING NON SPECIFIC CONFIG FILES
2023-04-03 14:35:51,911 - rotary_actuator - INFO - Using config file (/home/shivaraj/Desktop/SBN/Pyhton2_to_3/SBND_laser_control/workspace/RunControl/devices/config/config_rotary_actuator.json)
2023-04-03 14:35:54,423 - rotary_actuator - INFO - CAUTION USING NON SPECIFIC CONFIG FILES
2023-04-03 14:35:54,431 - rotary_actuator - INFO - Using config file (/home/shivaraj/Desktop/SBN/Pyhton2_to_3/SBND_laser_control/workspace/RunControl/devices/config/com_ports.json)
2023-04-03 14:35:55,434 - rotary_actuator - INFO - Com port (/dev/ttyUSB0) opened
2023-04-03 14:35:55,435 - rotary_actuator - INFO - ---------------- init axis -----------------
2023-04-03 14:35:55,435 - rotary_actuator - DEBUG - String sent: 2MS=256

2023-04-03 14:35:55,435 - rotary_actuator - DEBUG - String sent: 2PR MS

2023-04-03 14:35:55,536 - rotary_actuator - INFO - Set MS=256[92m -> OK[0m
2023-04-03 14:35:55,537 - rotary_actuator - DEBUG - String sent: 2A=500

2023-04-03 14:35:55,537 - rotary_actuator - DEBUG - String sent: 2PR A

2023-04-03 14:35:55,638 - rotary_actuator - INFO - Set A=500[92m -> OK[0m
2023-04-03 14:35:55,639 - rotary_actuator - DEBUG - String sent: 2D=500

2023-04-03 14:35:55,639 - rotary_actuator - DEBUG - String sent: 2PR D

2023-04-03 14:35:55,740 - rotary_actuator - INFO - Set D=500[92m -> OK[0m
2023-04-03 14:35:55,741 - rotary_actuator - DEBUG - String sent: 2VI=200

2023-04-03 14:35:55,741 - rotary_actuator - DEBUG - String sent: 2PR VI

2023-04-03 14:35:55,842 - rotary_actuator - INFO - Set VI=200[92m -> OK[0m
2023-04-03 14:35:55,842 - rotary_actuator - DEBUG - String sent: 2VM=800

2023-04-03 14:35:55,843 - rotary_actuator - DEBUG - String sent: 2PR VM

2023-04-03 14:35:55,943 - rotary_actuator - INFO - Set VM=800[92m -> OK[0m
2023-04-03 14:35:55,943 - rotary_actuator - DEBUG - String sent: 2HC=5

2023-04-03 14:35:55,943 - rotary_actuator - DEBUG - String sent: 2PR HC

2023-04-03 14:35:56,044 - rotary_actuator - INFO - Set HC=5[92m -> OK[0m
2023-04-03 14:35:56,045 - rotary_actuator - DEBUG - String sent: 2RC=90

2023-04-03 14:35:56,045 - rotary_actuator - DEBUG - String sent: 2PR RC

2023-04-03 14:35:56,146 - rotary_actuator - INFO - Set RC=90[92m -> OK[0m
2023-04-03 14:35:56,146 - rotary_actuator - DEBUG - String sent: 2EE=1

2023-04-03 14:35:56,147 - rotary_actuator - DEBUG - String sent: 2PR EE

2023-04-03 14:35:56,247 - rotary_actuator - INFO - Set EE=1[92m -> OK[0m
2023-04-03 14:35:56,248 - rotary_actuator - DEBUG - String sent: 2S4=0,0,0

2023-04-03 14:35:56,248 - rotary_actuator - DEBUG - String sent: 2PR S4

2023-04-03 14:35:56,349 - rotary_actuator - INFO - Set S4=0,0,0[92m -> OK[0m
2023-04-03 14:35:56,350 - rotary_actuator - INFO - Set S1 and S2 as limit switches
2023-04-03 14:35:56,350 - rotary_actuator - DEBUG - String sent: 2S1=2,0,0

2023-04-03 14:35:56,350 - rotary_actuator - DEBUG - String sent: 2PR S1

2023-04-03 14:35:56,451 - rotary_actuator - INFO - Set S1=2,0,0[92m -> OK[0m
2023-04-03 14:35:56,451 - rotary_actuator - DEBUG - String sent: 2S2=3,0,0

2023-04-03 14:35:56,451 - rotary_actuator - DEBUG - String sent: 2PR S2

2023-04-03 14:35:56,551 - rotary_actuator - INFO - Set S2=3,0,0[92m -> OK[0m
2023-04-03 14:36:10,602 - rotary_actuator - INFO - Moving 200 microsteps
2023-04-03 14:36:10,603 - rotary_actuator - DEBUG - String sent: 2MR 200

