2023-04-20 13:32:54,651 - rotary_actuator - INFO - started logger
2023-04-20 13:32:54,651 - rotary_actuator - INFO - CAUTION USING NON SPECIFIC CONFIG FILES
2023-04-20 13:32:54,651 - rotary_actuator - INFO - Using config file (/home/shivaraj/Desktop/SBN/Pyhton2_to_3/SBND_laser_control/workspace/RunControl/devices/config/config_rotary_actuator.json)
2023-04-20 13:32:57,796 - rotary_actuator - INFO - CAUTION USING NON SPECIFIC CONFIG FILES
2023-04-20 13:32:57,796 - rotary_actuator - INFO - Using config file (/home/shivaraj/Desktop/SBN/Pyhton2_to_3/SBND_laser_control/workspace/RunControl/devices/config/com_ports.json)
2023-04-20 13:32:58,798 - rotary_actuator - INFO - Com port (/dev/ttyUSB0) opened
2023-04-20 13:32:58,798 - rotary_actuator - INFO - ---------------- init axis -----------------
2023-04-20 13:32:58,899 - rotary_actuator - DEBUG - String sent: 2MS=256

2023-04-20 13:32:59,000 - rotary_actuator - DEBUG - String sent: 2PR MS

2023-04-20 13:32:59,102 - rotary_actuator - INFO - Set MS=256[92m -> OK[0m
2023-04-20 13:32:59,202 - rotary_actuator - DEBUG - String sent: 2A=500

2023-04-20 13:32:59,304 - rotary_actuator - DEBUG - String sent: 2PR A

2023-04-20 13:32:59,405 - rotary_actuator - INFO - Set A=500[92m -> OK[0m
2023-04-20 13:32:59,506 - rotary_actuator - DEBUG - String sent: 2D=500

2023-04-20 13:32:59,607 - rotary_actuator - DEBUG - String sent: 2PR D

2023-04-20 13:32:59,708 - rotary_actuator - INFO - Set D=500[92m -> OK[0m
2023-04-20 13:32:59,809 - rotary_actuator - DEBUG - String sent: 2VI=200

2023-04-20 13:32:59,911 - rotary_actuator - DEBUG - String sent: 2PR VI

2023-04-20 13:33:00,012 - rotary_actuator - INFO - Set VI=200[92m -> OK[0m
2023-04-20 13:33:00,113 - rotary_actuator - DEBUG - String sent: 2VM=800

2023-04-20 13:33:00,214 - rotary_actuator - DEBUG - String sent: 2PR VM

2023-04-20 13:33:00,315 - rotary_actuator - INFO - Set VM=800[92m -> OK[0m
2023-04-20 13:33:00,416 - rotary_actuator - DEBUG - String sent: 2HC=5

2023-04-20 13:33:00,517 - rotary_actuator - DEBUG - String sent: 2PR HC

2023-04-20 13:33:00,617 - rotary_actuator - INFO - Set HC=5[92m -> OK[0m
2023-04-20 13:33:00,718 - rotary_actuator - DEBUG - String sent: 2RC=90

2023-04-20 13:33:00,818 - rotary_actuator - DEBUG - String sent: 2PR RC

2023-04-20 13:33:00,919 - rotary_actuator - INFO - Set RC=90[92m -> OK[0m
2023-04-20 13:33:01,020 - rotary_actuator - DEBUG - String sent: 2EE=1

2023-04-20 13:33:01,122 - rotary_actuator - DEBUG - String sent: 2PR EE

2023-04-20 13:33:01,223 - rotary_actuator - INFO - Set EE=1[92m -> OK[0m
2023-04-20 13:33:01,324 - rotary_actuator - DEBUG - String sent: 2SM=1

2023-04-20 13:33:01,426 - rotary_actuator - DEBUG - String sent: 2PR SM

2023-04-20 13:33:01,527 - rotary_actuator - INFO - Set SM=1[92m -> OK[0m
2023-04-20 13:33:01,628 - rotary_actuator - DEBUG - String sent: 2SF=20

2023-04-20 13:33:01,728 - rotary_actuator - DEBUG - String sent: 2PR SF

2023-04-20 13:33:01,829 - rotary_actuator - INFO - Set SF=20[92m -> OK[0m
2023-04-20 13:33:01,930 - rotary_actuator - DEBUG - String sent: 2S3=0,0,0

2023-04-20 13:33:02,031 - rotary_actuator - DEBUG - String sent: 2PR S3

2023-04-20 13:33:02,132 - rotary_actuator - INFO - Set S3=0,0,0[92m -> OK[0m
2023-04-20 13:33:02,233 - rotary_actuator - DEBUG - String sent: 2S4=0,0,0

2023-04-20 13:33:02,334 - rotary_actuator - DEBUG - String sent: 2PR S4

2023-04-20 13:33:02,435 - rotary_actuator - INFO - Set S4=0,0,0[92m -> OK[0m
2023-04-20 13:33:02,436 - rotary_actuator - INFO - Set S1 and S2 as limit switches
2023-04-20 13:33:02,537 - rotary_actuator - DEBUG - String sent: 2S1=2,0,0

2023-04-20 13:33:02,638 - rotary_actuator - DEBUG - String sent: 2PR S1

2023-04-20 13:33:02,739 - rotary_actuator - INFO - Set S1=2,0,0[92m -> OK[0m
2023-04-20 13:33:02,840 - rotary_actuator - DEBUG - String sent: 2S2=3,0,0

2023-04-20 13:33:02,941 - rotary_actuator - DEBUG - String sent: 2PR S2

2023-04-20 13:33:03,042 - rotary_actuator - INFO - Set S2=3,0,0[92m -> OK[0m
