2023-02-07 10:07:23,175 - rotary_actuator - INFO - started logger
2023-02-07 10:07:23,175 - rotary_actuator - INFO - CAUTION USING NON SPECIFIC CONFIG FILES
2023-02-07 10:07:23,175 - rotary_actuator - INFO - Using config file (/home/shivaraj/Desktop/SBN/Pyhton2_to_3/SBND_laser_control/workspace/RunControl/devices/config/config_rotary_actuator.json)
2023-02-07 10:07:26,304 - rotary_actuator - INFO - CAUTION USING NON SPECIFIC CONFIG FILES
2023-02-07 10:07:26,304 - rotary_actuator - INFO - Using config file (/home/shivaraj/Desktop/SBN/Pyhton2_to_3/SBND_laser_control/workspace/RunControl/devices/config/com_ports.json)
2023-02-07 10:07:27,306 - rotary_actuator - INFO - Com port (/dev/ttyUSB0) opened
2023-02-07 10:07:27,307 - rotary_actuator - INFO - ---------------- init axis -----------------
2023-02-07 10:07:27,307 - rotary_actuator - DEBUG - String sent: 2MS=256

2023-02-07 10:07:27,308 - rotary_actuator - DEBUG - String sent: 2PR MS

2023-02-07 10:07:27,409 - rotary_actuator - INFO - Set MS=256[92m -> OK[0m
2023-02-07 10:07:27,409 - rotary_actuator - DEBUG - String sent: 2A=500

2023-02-07 10:07:27,410 - rotary_actuator - DEBUG - String sent: 2PR A

2023-02-07 10:07:27,511 - rotary_actuator - INFO - Set A=500[92m -> OK[0m
2023-02-07 10:07:27,511 - rotary_actuator - DEBUG - String sent: 2D=500

2023-02-07 10:07:27,512 - rotary_actuator - DEBUG - String sent: 2PR D

2023-02-07 10:07:27,613 - rotary_actuator - INFO - Set D=500[92m -> OK[0m
2023-02-07 10:07:27,613 - rotary_actuator - DEBUG - String sent: 2VI=200

2023-02-07 10:07:27,614 - rotary_actuator - DEBUG - String sent: 2PR VI

2023-02-07 10:07:27,714 - rotary_actuator - INFO - Set VI=200[92m -> OK[0m
2023-02-07 10:07:27,715 - rotary_actuator - DEBUG - String sent: 2VM=800

2023-02-07 10:07:27,715 - rotary_actuator - DEBUG - String sent: 2PR VM

2023-02-07 10:07:27,816 - rotary_actuator - INFO - Set VM=800[92m -> OK[0m
2023-02-07 10:07:27,817 - rotary_actuator - DEBUG - String sent: 2HC=5

2023-02-07 10:07:27,817 - rotary_actuator - DEBUG - String sent: 2PR HC

2023-02-07 10:07:27,918 - rotary_actuator - INFO - Set HC=5[92m -> OK[0m
2023-02-07 10:07:27,919 - rotary_actuator - DEBUG - String sent: 2RC=90

2023-02-07 10:07:27,919 - rotary_actuator - DEBUG - String sent: 2PR RC

2023-02-07 10:07:28,020 - rotary_actuator - INFO - Set RC=90[92m -> OK[0m
2023-02-07 10:07:28,020 - rotary_actuator - DEBUG - String sent: 2EE=1

2023-02-07 10:07:28,021 - rotary_actuator - DEBUG - String sent: 2PR EE

2023-02-07 10:07:28,122 - rotary_actuator - INFO - Set EE=1[92m -> OK[0m
2023-02-07 10:07:28,122 - rotary_actuator - DEBUG - String sent: 2S4=0,0,0

2023-02-07 10:07:28,123 - rotary_actuator - DEBUG - String sent: 2PR S4

2023-02-07 10:07:28,224 - rotary_actuator - INFO - Set S4=0,0,0[92m -> OK[0m
2023-02-07 10:07:28,224 - rotary_actuator - INFO - Set S1 and S2 as limit switches
2023-02-07 10:07:28,232 - rotary_actuator - DEBUG - String sent: 2S1=2,0,0

2023-02-07 10:07:28,233 - rotary_actuator - DEBUG - String sent: 2PR S1

2023-02-07 10:07:28,333 - rotary_actuator - INFO - Set S1=2,0,0[92m -> OK[0m
2023-02-07 10:07:28,334 - rotary_actuator - DEBUG - String sent: 2S2=3,0,0

2023-02-07 10:07:28,334 - rotary_actuator - DEBUG - String sent: 2PR S2

2023-02-07 10:07:28,435 - rotary_actuator - INFO - Set S2=3,0,0[92m -> OK[0m
