2023-02-07 10:03:52,017 - rotary_actuator - INFO - started logger
2023-02-07 10:03:52,017 - rotary_actuator - INFO - CAUTION USING NON SPECIFIC CONFIG FILES
2023-02-07 10:03:52,017 - rotary_actuator - INFO - Using config file (/home/shivaraj/Desktop/SBN/Pyhton2_to_3/SBND_laser_control/workspace/RunControl/devices/config/config_rotary_actuator.json)
2023-02-07 10:03:54,310 - rotary_actuator - INFO - CAUTION USING NON SPECIFIC CONFIG FILES
2023-02-07 10:03:54,310 - rotary_actuator - INFO - Using config file (/home/shivaraj/Desktop/SBN/Pyhton2_to_3/SBND_laser_control/workspace/RunControl/devices/config/com_ports.json)
2023-02-07 10:03:55,313 - rotary_actuator - INFO - Com port (/dev/ttyUSB0) opened
2023-02-07 10:03:55,313 - rotary_actuator - INFO - ---------------- init axis -----------------
2023-02-07 10:03:55,313 - rotary_actuator - DEBUG - String sent: 2MS=256

2023-02-07 10:03:55,313 - rotary_actuator - DEBUG - String sent: 2PR MS

2023-02-07 10:03:55,414 - rotary_actuator - INFO - Set MS=256[92m -> OK[0m
2023-02-07 10:03:55,415 - rotary_actuator - DEBUG - String sent: 2A=500

2023-02-07 10:03:55,415 - rotary_actuator - DEBUG - String sent: 2PR A

2023-02-07 10:03:55,516 - rotary_actuator - INFO - Set A=500[92m -> OK[0m
2023-02-07 10:03:55,517 - rotary_actuator - DEBUG - String sent: 2D=500

2023-02-07 10:03:55,517 - rotary_actuator - DEBUG - String sent: 2PR D

2023-02-07 10:03:55,618 - rotary_actuator - INFO - Set D=500[92m -> OK[0m
2023-02-07 10:03:55,619 - rotary_actuator - DEBUG - String sent: 2VI=200

2023-02-07 10:03:55,619 - rotary_actuator - DEBUG - String sent: 2PR VI

2023-02-07 10:03:55,720 - rotary_actuator - INFO - Set VI=200[92m -> OK[0m
2023-02-07 10:03:55,721 - rotary_actuator - DEBUG - String sent: 2VM=800

2023-02-07 10:03:55,721 - rotary_actuator - DEBUG - String sent: 2PR VM

2023-02-07 10:03:55,822 - rotary_actuator - INFO - Set VM=800[92m -> OK[0m
2023-02-07 10:03:55,823 - rotary_actuator - DEBUG - String sent: 2HC=5

2023-02-07 10:03:55,823 - rotary_actuator - DEBUG - String sent: 2PR HC

2023-02-07 10:03:55,924 - rotary_actuator - INFO - Set HC=5[92m -> OK[0m
2023-02-07 10:03:55,924 - rotary_actuator - DEBUG - String sent: 2RC=90

2023-02-07 10:03:55,925 - rotary_actuator - DEBUG - String sent: 2PR RC

2023-02-07 10:03:56,026 - rotary_actuator - INFO - Set RC=90[92m -> OK[0m
2023-02-07 10:03:56,026 - rotary_actuator - DEBUG - String sent: 2EE=1

2023-02-07 10:03:56,027 - rotary_actuator - DEBUG - String sent: 2PR EE

2023-02-07 10:03:56,127 - rotary_actuator - INFO - Set EE=1[92m -> OK[0m
2023-02-07 10:03:56,128 - rotary_actuator - DEBUG - String sent: 2S4=0,0,0

2023-02-07 10:03:56,128 - rotary_actuator - DEBUG - String sent: 2PR S4

2023-02-07 10:03:56,229 - rotary_actuator - INFO - Set S4=0,0,0[92m -> OK[0m
2023-02-07 10:03:56,229 - rotary_actuator - INFO - Set S1 and S2 as limit switches
2023-02-07 10:03:56,230 - rotary_actuator - DEBUG - String sent: 2S1=2,0,0

2023-02-07 10:03:56,230 - rotary_actuator - DEBUG - String sent: 2PR S1

2023-02-07 10:03:56,331 - rotary_actuator - INFO - Set S1=2,0,0[92m -> OK[0m
2023-02-07 10:03:56,331 - rotary_actuator - DEBUG - String sent: 2S2=3,0,0

2023-02-07 10:03:56,332 - rotary_actuator - DEBUG - String sent: 2PR S2

2023-02-07 10:03:56,433 - rotary_actuator - INFO - Set S2=3,0,0[92m -> OK[0m
2023-02-07 10:04:09,542 - rotary_actuator - INFO - Moving -100 microsteps
2023-02-07 10:04:09,542 - rotary_actuator - DEBUG - String sent: 2MR -100

2023-02-07 10:04:13,334 - rotary_actuator - INFO - Moving -1000 microsteps
2023-02-07 10:04:13,334 - rotary_actuator - DEBUG - String sent: 2MR -1000

2023-02-07 10:04:17,267 - rotary_actuator - INFO - Moving -10000 microsteps
2023-02-07 10:04:17,274 - rotary_actuator - DEBUG - String sent: 2MR -10000

