2023-04-05 15:19:21,781 - rotary_actuator - INFO - started logger
2023-04-05 15:19:21,781 - rotary_actuator - INFO - CAUTION USING NON SPECIFIC CONFIG FILES
2023-04-05 15:19:21,782 - rotary_actuator - INFO - Using config file (/home/shivaraj/Desktop/SBN/Pyhton2_to_3/SBND_laser_control/workspace/RunControl/devices/config/config_rotary_actuator.json)
2023-04-05 15:19:24,249 - rotary_actuator - INFO - CAUTION USING NON SPECIFIC CONFIG FILES
2023-04-05 15:19:24,249 - rotary_actuator - INFO - Using config file (/home/shivaraj/Desktop/SBN/Pyhton2_to_3/SBND_laser_control/workspace/RunControl/devices/config/com_ports.json)
2023-04-05 15:19:25,252 - rotary_actuator - INFO - Com port (/dev/ttyUSB0) opened
2023-04-05 15:19:25,252 - rotary_actuator - INFO - ---------------- init axis -----------------
2023-04-05 15:19:25,353 - rotary_actuator - DEBUG - String sent: 2MS=256

2023-04-05 15:19:25,453 - rotary_actuator - DEBUG - String sent: 2PR MS

2023-04-05 15:19:25,554 - rotary_actuator - INFO - Set MS=256[92m -> OK[0m
2023-04-05 15:19:25,655 - rotary_actuator - DEBUG - String sent: 2A=500

2023-04-05 15:19:25,756 - rotary_actuator - DEBUG - String sent: 2PR A

2023-04-05 15:19:25,856 - rotary_actuator - INFO - Set A=500[92m -> OK[0m
2023-04-05 15:19:25,957 - rotary_actuator - DEBUG - String sent: 2D=500

2023-04-05 15:19:26,058 - rotary_actuator - DEBUG - String sent: 2PR D

2023-04-05 15:19:26,159 - rotary_actuator - INFO - Set D=500[92m -> OK[0m
2023-04-05 15:19:26,260 - rotary_actuator - DEBUG - String sent: 2VI=200

2023-04-05 15:19:26,361 - rotary_actuator - DEBUG - String sent: 2PR VI

2023-04-05 15:19:26,461 - rotary_actuator - INFO - Set VI=200[92m -> OK[0m
2023-04-05 15:19:26,562 - rotary_actuator - DEBUG - String sent: 2VM=800

2023-04-05 15:19:26,663 - rotary_actuator - DEBUG - String sent: 2PR VM

2023-04-05 15:19:26,764 - rotary_actuator - INFO - Set VM=800[92m -> OK[0m
2023-04-05 15:19:26,865 - rotary_actuator - DEBUG - String sent: 2HC=5

2023-04-05 15:19:26,965 - rotary_actuator - DEBUG - String sent: 2PR HC

2023-04-05 15:19:27,066 - rotary_actuator - INFO - Set HC=5[92m -> OK[0m
2023-04-05 15:19:27,167 - rotary_actuator - DEBUG - String sent: 2RC=90

2023-04-05 15:19:27,269 - rotary_actuator - DEBUG - String sent: 2PR RC

2023-04-05 15:19:27,370 - rotary_actuator - INFO - Set RC=90[92m -> OK[0m
2023-04-05 15:19:27,471 - rotary_actuator - DEBUG - String sent: 2EE=1

2023-04-05 15:19:27,572 - rotary_actuator - DEBUG - String sent: 2PR EE

2023-04-05 15:19:27,673 - rotary_actuator - INFO - Set EE=1[92m -> OK[0m
2023-04-05 15:19:27,775 - rotary_actuator - DEBUG - String sent: 2S4=0,0,0

2023-04-05 15:19:27,875 - rotary_actuator - DEBUG - String sent: 2PR S4

2023-04-05 15:19:27,977 - rotary_actuator - INFO - Set S4=0,0,0[92m -> OK[0m
2023-04-05 15:19:27,977 - rotary_actuator - INFO - Set S1 and S2 as limit switches
2023-04-05 15:19:28,078 - rotary_actuator - DEBUG - String sent: 2S1=2,0,0

2023-04-05 15:19:28,179 - rotary_actuator - DEBUG - String sent: 2PR S1

2023-04-05 15:19:28,281 - rotary_actuator - INFO - Set S1=2,0,0[92m -> OK[0m
2023-04-05 15:19:28,382 - rotary_actuator - DEBUG - String sent: 2S2=3,0,0

2023-04-05 15:19:28,483 - rotary_actuator - DEBUG - String sent: 2PR S2

2023-04-05 15:19:28,584 - rotary_actuator - INFO - Set S2=3,0,0[92m -> OK[0m
2023-04-05 15:19:40,574 - rotary_actuator - DEBUG - String sent: 2PR P

2023-04-05 15:19:40,675 - rotary_actuator - INFO - Moving 100 microsteps
2023-04-05 15:19:40,776 - rotary_actuator - DEBUG - String sent: 2MR 100

2023-04-05 15:19:43,232 - rotary_actuator - DEBUG - String sent: 2PR P

2023-04-05 15:19:43,333 - rotary_actuator - INFO - Moving 100 microsteps
2023-04-05 15:19:43,434 - rotary_actuator - DEBUG - String sent: 2MR 100

2023-04-05 15:19:48,632 - rotary_actuator - DEBUG - String sent: 2PR P

2023-04-05 15:19:48,733 - rotary_actuator - INFO - Moving 100 microsteps
2023-04-05 15:19:48,834 - rotary_actuator - DEBUG - String sent: 2MR 100

