2023-04-05 15:08:05,321 - rotary_actuator - INFO - started logger
2023-04-05 15:08:05,321 - rotary_actuator - INFO - CAUTION USING NON SPECIFIC CONFIG FILES
2023-04-05 15:08:05,321 - rotary_actuator - INFO - Using config file (/home/shivaraj/Desktop/SBN/Pyhton2_to_3/SBND_laser_control/workspace/RunControl/devices/config/config_rotary_actuator.json)
2023-04-05 15:08:07,480 - rotary_actuator - INFO - CAUTION USING NON SPECIFIC CONFIG FILES
2023-04-05 15:08:07,481 - rotary_actuator - INFO - Using config file (/home/shivaraj/Desktop/SBN/Pyhton2_to_3/SBND_laser_control/workspace/RunControl/devices/config/com_ports.json)
2023-04-05 15:08:08,483 - rotary_actuator - INFO - Com port (/dev/ttyUSB0) opened
2023-04-05 15:08:08,483 - rotary_actuator - INFO - ---------------- init axis -----------------
2023-04-05 15:08:08,584 - rotary_actuator - DEBUG - String sent: 2MS=256

2023-04-05 15:08:08,685 - rotary_actuator - DEBUG - String sent: 2PR MS

2023-04-05 15:08:08,786 - rotary_actuator - INFO - Set MS=256[92m -> OK[0m
2023-04-05 15:08:08,887 - rotary_actuator - DEBUG - String sent: 2A=500

2023-04-05 15:08:08,988 - rotary_actuator - DEBUG - String sent: 2PR A

2023-04-05 15:08:09,089 - rotary_actuator - INFO - Set A=500[92m -> OK[0m
2023-04-05 15:08:09,191 - rotary_actuator - DEBUG - String sent: 2D=500

2023-04-05 15:08:09,291 - rotary_actuator - DEBUG - String sent: 2PR D

2023-04-05 15:08:09,392 - rotary_actuator - INFO - Set D=500[92m -> OK[0m
2023-04-05 15:08:09,492 - rotary_actuator - DEBUG - String sent: 2VI=200

2023-04-05 15:08:09,593 - rotary_actuator - DEBUG - String sent: 2PR VI

2023-04-05 15:08:09,694 - rotary_actuator - INFO - Set VI=200[92m -> OK[0m
2023-04-05 15:08:09,795 - rotary_actuator - DEBUG - String sent: 2VM=800

2023-04-05 15:08:09,896 - rotary_actuator - DEBUG - String sent: 2PR VM

2023-04-05 15:08:09,997 - rotary_actuator - INFO - Set VM=800[92m -> OK[0m
2023-04-05 15:08:10,097 - rotary_actuator - DEBUG - String sent: 2HC=5

2023-04-05 15:08:10,198 - rotary_actuator - DEBUG - String sent: 2PR HC

2023-04-05 15:08:10,299 - rotary_actuator - INFO - Set HC=5[92m -> OK[0m
2023-04-05 15:08:10,400 - rotary_actuator - DEBUG - String sent: 2RC=90

2023-04-05 15:08:10,500 - rotary_actuator - DEBUG - String sent: 2PR RC

2023-04-05 15:08:10,601 - rotary_actuator - INFO - Set RC=90[92m -> OK[0m
2023-04-05 15:08:10,702 - rotary_actuator - DEBUG - String sent: 2EE=1

2023-04-05 15:08:10,803 - rotary_actuator - DEBUG - String sent: 2PR EE

2023-04-05 15:08:10,905 - rotary_actuator - INFO - Set EE=1[92m -> OK[0m
2023-04-05 15:08:11,006 - rotary_actuator - DEBUG - String sent: 2S4=0,0,0

2023-04-05 15:08:11,107 - rotary_actuator - DEBUG - String sent: 2PR S4

2023-04-05 15:08:11,208 - rotary_actuator - INFO - Set S4=0,0,0[92m -> OK[0m
2023-04-05 15:08:11,209 - rotary_actuator - INFO - Set S1 and S2 as limit switches
2023-04-05 15:08:11,310 - rotary_actuator - DEBUG - String sent: 2S1=2,0,0

2023-04-05 15:08:11,411 - rotary_actuator - DEBUG - String sent: 2PR S1

2023-04-05 15:08:11,511 - rotary_actuator - INFO - Set S1=2,0,0[92m -> OK[0m
2023-04-05 15:08:11,612 - rotary_actuator - DEBUG - String sent: 2S2=3,0,0

2023-04-05 15:08:11,713 - rotary_actuator - DEBUG - String sent: 2PR S2

2023-04-05 15:08:11,815 - rotary_actuator - INFO - Set S2=3,0,0[92m -> OK[0m
2023-04-05 15:08:27,343 - rotary_actuator - DEBUG - String sent: 2PR P

2023-04-05 15:08:27,444 - rotary_actuator - INFO - Moving 100 microsteps
2023-04-05 15:08:27,545 - rotary_actuator - DEBUG - String sent: 2MR 100

2023-04-05 15:08:32,496 - rotary_actuator - DEBUG - String sent: 2PR P

2023-04-05 15:08:32,597 - rotary_actuator - INFO - Moving 10000 microsteps
2023-04-05 15:08:32,698 - rotary_actuator - DEBUG - String sent: 2MR 10000

