2023-04-03 14:37:33,947 - rotary_actuator - INFO - started logger
2023-04-03 14:37:33,947 - rotary_actuator - INFO - CAUTION USING NON SPECIFIC CONFIG FILES
2023-04-03 14:37:33,947 - rotary_actuator - INFO - Using config file (/home/shivaraj/Desktop/SBN/Pyhton2_to_3/SBND_laser_control/workspace/RunControl/devices/config/config_rotary_actuator.json)
2023-04-03 14:37:36,036 - rotary_actuator - INFO - CAUTION USING NON SPECIFIC CONFIG FILES
2023-04-03 14:37:36,043 - rotary_actuator - INFO - Using config file (/home/shivaraj/Desktop/SBN/Pyhton2_to_3/SBND_laser_control/workspace/RunControl/devices/config/com_ports.json)
2023-04-03 14:37:37,046 - rotary_actuator - INFO - Com port (/dev/ttyUSB0) opened
2023-04-03 14:37:37,046 - rotary_actuator - INFO - ---------------- init axis -----------------
2023-04-03 14:37:37,047 - rotary_actuator - DEBUG - String sent: 2MS=256

2023-04-03 14:37:37,047 - rotary_actuator - DEBUG - String sent: 2PR MS

2023-04-03 14:37:37,147 - rotary_actuator - ERROR - Set MS=256 failed
2023-04-03 14:37:37,147 - rotary_actuator - DEBUG - String sent: 2A=500

2023-04-03 14:37:37,147 - rotary_actuator - DEBUG - String sent: 2PR A

2023-04-03 14:37:37,248 - rotary_actuator - INFO - Set A=500[92m -> OK[0m
2023-04-03 14:37:37,248 - rotary_actuator - DEBUG - String sent: 2D=500

2023-04-03 14:37:37,248 - rotary_actuator - DEBUG - String sent: 2PR D

2023-04-03 14:37:37,349 - rotary_actuator - INFO - Set D=500[92m -> OK[0m
2023-04-03 14:37:37,349 - rotary_actuator - DEBUG - String sent: 2VI=200

2023-04-03 14:37:37,350 - rotary_actuator - DEBUG - String sent: 2PR VI

2023-04-03 14:37:37,450 - rotary_actuator - INFO - Set VI=200[92m -> OK[0m
2023-04-03 14:37:37,451 - rotary_actuator - DEBUG - String sent: 2VM=800

2023-04-03 14:37:37,451 - rotary_actuator - DEBUG - String sent: 2PR VM

2023-04-03 14:37:37,552 - rotary_actuator - INFO - Set VM=800[92m -> OK[0m
2023-04-03 14:37:37,553 - rotary_actuator - DEBUG - String sent: 2HC=5

2023-04-03 14:37:37,553 - rotary_actuator - DEBUG - String sent: 2PR HC

2023-04-03 14:37:37,654 - rotary_actuator - INFO - Set HC=5[92m -> OK[0m
2023-04-03 14:37:37,654 - rotary_actuator - DEBUG - String sent: 2RC=90

2023-04-03 14:37:37,655 - rotary_actuator - DEBUG - String sent: 2PR RC

2023-04-03 14:37:37,756 - rotary_actuator - INFO - Set RC=90[92m -> OK[0m
2023-04-03 14:37:37,756 - rotary_actuator - DEBUG - String sent: 2EE=1

2023-04-03 14:37:37,756 - rotary_actuator - DEBUG - String sent: 2PR EE

2023-04-03 14:37:37,857 - rotary_actuator - INFO - Set EE=1[92m -> OK[0m
2023-04-03 14:37:37,858 - rotary_actuator - DEBUG - String sent: 2S4=0,0,0

2023-04-03 14:37:37,858 - rotary_actuator - DEBUG - String sent: 2PR S4

2023-04-03 14:37:37,959 - rotary_actuator - INFO - Set S4=0,0,0[92m -> OK[0m
2023-04-03 14:37:37,959 - rotary_actuator - INFO - Set S1 and S2 as limit switches
2023-04-03 14:37:37,960 - rotary_actuator - DEBUG - String sent: 2S1=2,0,0

2023-04-03 14:37:37,960 - rotary_actuator - DEBUG - String sent: 2PR S1

2023-04-03 14:37:38,061 - rotary_actuator - INFO - Set S1=2,0,0[92m -> OK[0m
2023-04-03 14:37:38,061 - rotary_actuator - DEBUG - String sent: 2S2=3,0,0

2023-04-03 14:37:38,062 - rotary_actuator - DEBUG - String sent: 2PR S2

2023-04-03 14:37:38,162 - rotary_actuator - INFO - Set S2=3,0,0[92m -> OK[0m
2023-04-03 14:37:42,655 - rotary_actuator - INFO - CAUTION USING NON SPECIFIC CONFIG FILES
2023-04-03 14:37:42,655 - rotary_actuator - INFO - Using config file (/home/shivaraj/Desktop/SBN/Pyhton2_to_3/SBND_laser_control/workspace/RunControl/devices/config/com_ports.json)
2023-04-03 14:37:43,658 - rotary_actuator - INFO - Com port (/dev/ttyUSB0) opened
2023-04-03 14:37:43,659 - rotary_actuator - INFO - ---------------- init axis -----------------
2023-04-03 14:37:43,659 - rotary_actuator - DEBUG - String sent: 2MS=256

2023-04-03 14:37:43,660 - rotary_actuator - DEBUG - String sent: 2PR MS

2023-04-03 14:37:43,760 - rotary_actuator - INFO - Set MS=256[92m -> OK[0m
2023-04-03 14:37:43,761 - rotary_actuator - DEBUG - String sent: 2A=500

2023-04-03 14:37:43,761 - rotary_actuator - DEBUG - String sent: 2PR A

2023-04-03 14:37:43,862 - rotary_actuator - INFO - Set A=500[92m -> OK[0m
2023-04-03 14:37:43,863 - rotary_actuator - DEBUG - String sent: 2D=500

2023-04-03 14:37:43,863 - rotary_actuator - DEBUG - String sent: 2PR D

2023-04-03 14:37:43,964 - rotary_actuator - INFO - Set D=500[92m -> OK[0m
2023-04-03 14:37:43,964 - rotary_actuator - DEBUG - String sent: 2VI=200

2023-04-03 14:37:43,965 - rotary_actuator - DEBUG - String sent: 2PR VI

2023-04-03 14:37:44,066 - rotary_actuator - INFO - Set VI=200[92m -> OK[0m
2023-04-03 14:37:44,066 - rotary_actuator - DEBUG - String sent: 2VM=800

2023-04-03 14:37:44,066 - rotary_actuator - DEBUG - String sent: 2PR VM

2023-04-03 14:37:44,167 - rotary_actuator - INFO - Set VM=800[92m -> OK[0m
2023-04-03 14:37:44,168 - rotary_actuator - DEBUG - String sent: 2HC=5

2023-04-03 14:37:44,168 - rotary_actuator - DEBUG - String sent: 2PR HC

2023-04-03 14:37:44,269 - rotary_actuator - INFO - Set HC=5[92m -> OK[0m
2023-04-03 14:37:44,270 - rotary_actuator - DEBUG - String sent: 2RC=90

2023-04-03 14:37:44,270 - rotary_actuator - DEBUG - String sent: 2PR RC

2023-04-03 14:37:44,371 - rotary_actuator - INFO - Set RC=90[92m -> OK[0m
2023-04-03 14:37:44,372 - rotary_actuator - DEBUG - String sent: 2EE=1

2023-04-03 14:37:44,372 - rotary_actuator - DEBUG - String sent: 2PR EE

2023-04-03 14:37:44,473 - rotary_actuator - INFO - Set EE=1[92m -> OK[0m
2023-04-03 14:37:44,474 - rotary_actuator - DEBUG - String sent: 2S4=0,0,0

2023-04-03 14:37:44,474 - rotary_actuator - DEBUG - String sent: 2PR S4

2023-04-03 14:37:44,575 - rotary_actuator - INFO - Set S4=0,0,0[92m -> OK[0m
2023-04-03 14:37:44,576 - rotary_actuator - INFO - Set S1 and S2 as limit switches
2023-04-03 14:37:44,576 - rotary_actuator - DEBUG - String sent: 2S1=2,0,0

2023-04-03 14:37:44,576 - rotary_actuator - DEBUG - String sent: 2PR S1

2023-04-03 14:37:44,677 - rotary_actuator - INFO - Set S1=2,0,0[92m -> OK[0m
2023-04-03 14:37:44,678 - rotary_actuator - DEBUG - String sent: 2S2=3,0,0

2023-04-03 14:37:44,678 - rotary_actuator - DEBUG - String sent: 2PR S2

2023-04-03 14:37:44,778 - rotary_actuator - INFO - Set S2=3,0,0[92m -> OK[0m
2023-04-03 14:37:55,858 - rotary_actuator - INFO - Moving to position: 200
2023-04-03 14:37:55,858 - rotary_actuator - DEBUG - String sent: 2MA 200

2023-04-03 14:38:01,308 - rotary_actuator - INFO - Moving to position: 300
2023-04-03 14:38:01,309 - rotary_actuator - DEBUG - String sent: 2MA 300

