2023-04-25 15:28:40,105 - rotary_actuator - INFO - started logger
2023-04-25 15:28:40,105 - rotary_actuator - INFO - CAUTION USING NON SPECIFIC CONFIG FILES
2023-04-25 15:28:40,105 - rotary_actuator - INFO - Using config file (/home/shivaraj/Desktop/SBN/Pyhton2_to_3/SBND_laser_control/workspace/RunControl/devices/config/config_rotary_actuator.json)
2023-04-25 15:28:42,461 - rotary_actuator - INFO - CAUTION USING NON SPECIFIC CONFIG FILES
2023-04-25 15:28:42,461 - rotary_actuator - INFO - Using config file (/home/shivaraj/Desktop/SBN/Pyhton2_to_3/SBND_laser_control/workspace/RunControl/devices/config/com_ports.json)
2023-04-25 15:28:43,463 - rotary_actuator - INFO - Com port (/dev/ttyUSB1) opened
2023-04-25 15:28:43,463 - rotary_actuator - INFO - ---------------- init axis -----------------
2023-04-25 15:28:43,463 - rotary_actuator - DEBUG - String sent: 2MS=256

2023-04-25 15:28:43,464 - rotary_actuator - DEBUG - String sent: 2PR MS

2023-04-25 15:28:43,565 - rotary_actuator - INFO - Set MS=256[92m -> OK[0m
2023-04-25 15:28:43,565 - rotary_actuator - DEBUG - String sent: 2A=500

2023-04-25 15:28:43,566 - rotary_actuator - DEBUG - String sent: 2PR A

2023-04-25 15:28:43,666 - rotary_actuator - INFO - Set A=500[92m -> OK[0m
2023-04-25 15:28:43,667 - rotary_actuator - DEBUG - String sent: 2D=500

2023-04-25 15:28:43,667 - rotary_actuator - DEBUG - String sent: 2PR D

2023-04-25 15:28:43,768 - rotary_actuator - INFO - Set D=500[92m -> OK[0m
2023-04-25 15:28:43,768 - rotary_actuator - DEBUG - String sent: 2VI=200

2023-04-25 15:28:43,768 - rotary_actuator - DEBUG - String sent: 2PR VI

2023-04-25 15:28:43,869 - rotary_actuator - INFO - Set VI=200[92m -> OK[0m
2023-04-25 15:28:43,869 - rotary_actuator - DEBUG - String sent: 2VM=800

2023-04-25 15:28:43,869 - rotary_actuator - DEBUG - String sent: 2PR VM

2023-04-25 15:28:43,970 - rotary_actuator - INFO - Set VM=800[92m -> OK[0m
2023-04-25 15:28:43,970 - rotary_actuator - DEBUG - String sent: 2HC=5

2023-04-25 15:28:43,970 - rotary_actuator - DEBUG - String sent: 2PR HC

2023-04-25 15:28:44,071 - rotary_actuator - INFO - Set HC=5[92m -> OK[0m
2023-04-25 15:28:44,072 - rotary_actuator - DEBUG - String sent: 2RC=90

2023-04-25 15:28:44,072 - rotary_actuator - DEBUG - String sent: 2PR RC

2023-04-25 15:28:44,173 - rotary_actuator - INFO - Set RC=90[92m -> OK[0m
2023-04-25 15:28:44,174 - rotary_actuator - DEBUG - String sent: 2EE=1

2023-04-25 15:28:44,175 - rotary_actuator - DEBUG - String sent: 2PR EE

2023-04-25 15:28:44,276 - rotary_actuator - INFO - Set EE=1[92m -> OK[0m
2023-04-25 15:28:44,277 - rotary_actuator - DEBUG - String sent: 2SM=1

2023-04-25 15:28:44,277 - rotary_actuator - DEBUG - String sent: 2PR SM

2023-04-25 15:28:44,378 - rotary_actuator - INFO - Set SM=1[92m -> OK[0m
2023-04-25 15:28:44,378 - rotary_actuator - DEBUG - String sent: 2SF=20

2023-04-25 15:28:44,378 - rotary_actuator - DEBUG - String sent: 2PR SF

2023-04-25 15:28:44,479 - rotary_actuator - INFO - Set SF=20[92m -> OK[0m
2023-04-25 15:28:44,479 - rotary_actuator - DEBUG - String sent: 2S3=0,0,0

2023-04-25 15:28:44,479 - rotary_actuator - DEBUG - String sent: 2PR S3

2023-04-25 15:28:44,579 - rotary_actuator - INFO - Set S3=0,0,0[92m -> OK[0m
2023-04-25 15:28:44,579 - rotary_actuator - DEBUG - String sent: 2S4=0,0,0

2023-04-25 15:28:44,580 - rotary_actuator - DEBUG - String sent: 2PR S4

2023-04-25 15:28:44,680 - rotary_actuator - INFO - Set S4=0,0,0[92m -> OK[0m
2023-04-25 15:28:44,681 - rotary_actuator - INFO - Set S1 and S2 as limit switches
2023-04-25 15:28:44,681 - rotary_actuator - DEBUG - String sent: 2S1=2,0,0

2023-04-25 15:28:44,682 - rotary_actuator - DEBUG - String sent: 2PR S1

2023-04-25 15:28:44,782 - rotary_actuator - INFO - Set S1=2,0,0[92m -> OK[0m
2023-04-25 15:28:44,782 - rotary_actuator - DEBUG - String sent: 2S2=3,0,0

2023-04-25 15:28:44,783 - rotary_actuator - DEBUG - String sent: 2PR S2

2023-04-25 15:28:44,884 - rotary_actuator - INFO - Set S2=3,0,0[92m -> OK[0m
2023-04-25 15:28:51,447 - rotary_actuator - DEBUG - String sent: 2PR I3

2023-04-25 15:28:52,809 - rotary_actuator - DEBUG - String sent: 2PR I3

2023-04-25 15:28:53,504 - rotary_actuator - DEBUG - String sent: 2PR I3

2023-04-25 15:28:56,805 - rotary_actuator - DEBUG - String sent: 2PR I3

2023-04-25 15:28:57,465 - rotary_actuator - DEBUG - String sent: 2PR I3

2023-04-25 15:28:58,082 - rotary_actuator - DEBUG - String sent: 2PR I3

2023-04-25 15:29:05,347 - rotary_actuator - INFO - CAUTION USING NON SPECIFIC CONFIG FILES
2023-04-25 15:29:05,348 - rotary_actuator - INFO - Using config file (/home/shivaraj/Desktop/SBN/Pyhton2_to_3/SBND_laser_control/workspace/RunControl/devices/config/com_ports.json)
2023-04-25 15:29:06,351 - rotary_actuator - INFO - Com port (/dev/ttyUSB1) opened
2023-04-25 15:29:06,351 - rotary_actuator - INFO - ---------------- init axis -----------------
2023-04-25 15:29:06,352 - rotary_actuator - DEBUG - String sent: 2MS=256

2023-04-25 15:29:06,353 - rotary_actuator - DEBUG - String sent: 2PR MS

2023-04-25 15:29:06,453 - rotary_actuator - INFO - Set MS=256[92m -> OK[0m
2023-04-25 15:29:06,454 - rotary_actuator - DEBUG - String sent: 2A=500

2023-04-25 15:29:06,454 - rotary_actuator - DEBUG - String sent: 2PR A

2023-04-25 15:29:06,555 - rotary_actuator - INFO - Set A=500[92m -> OK[0m
2023-04-25 15:29:06,555 - rotary_actuator - DEBUG - String sent: 2D=500

2023-04-25 15:29:06,556 - rotary_actuator - DEBUG - String sent: 2PR D

2023-04-25 15:29:06,657 - rotary_actuator - INFO - Set D=500[92m -> OK[0m
2023-04-25 15:29:06,657 - rotary_actuator - DEBUG - String sent: 2VI=200

2023-04-25 15:29:06,658 - rotary_actuator - DEBUG - String sent: 2PR VI

2023-04-25 15:29:06,758 - rotary_actuator - INFO - Set VI=200[92m -> OK[0m
2023-04-25 15:29:06,758 - rotary_actuator - DEBUG - String sent: 2VM=800

2023-04-25 15:29:06,759 - rotary_actuator - DEBUG - String sent: 2PR VM

2023-04-25 15:29:06,860 - rotary_actuator - INFO - Set VM=800[92m -> OK[0m
2023-04-25 15:29:06,860 - rotary_actuator - DEBUG - String sent: 2HC=5

2023-04-25 15:29:06,861 - rotary_actuator - DEBUG - String sent: 2PR HC

2023-04-25 15:29:06,961 - rotary_actuator - INFO - Set HC=5[92m -> OK[0m
2023-04-25 15:29:06,962 - rotary_actuator - DEBUG - String sent: 2RC=90

2023-04-25 15:29:06,962 - rotary_actuator - DEBUG - String sent: 2PR RC

2023-04-25 15:29:07,063 - rotary_actuator - INFO - Set RC=90[92m -> OK[0m
2023-04-25 15:29:07,063 - rotary_actuator - DEBUG - String sent: 2EE=1

2023-04-25 15:29:07,064 - rotary_actuator - DEBUG - String sent: 2PR EE

2023-04-25 15:29:07,165 - rotary_actuator - INFO - Set EE=1[92m -> OK[0m
2023-04-25 15:29:07,165 - rotary_actuator - DEBUG - String sent: 2SM=1

2023-04-25 15:29:07,166 - rotary_actuator - DEBUG - String sent: 2PR SM

2023-04-25 15:29:07,266 - rotary_actuator - INFO - Set SM=1[92m -> OK[0m
2023-04-25 15:29:07,267 - rotary_actuator - DEBUG - String sent: 2SF=20

2023-04-25 15:29:07,267 - rotary_actuator - DEBUG - String sent: 2PR SF

2023-04-25 15:29:07,368 - rotary_actuator - INFO - Set SF=20[92m -> OK[0m
2023-04-25 15:29:07,369 - rotary_actuator - DEBUG - String sent: 2S3=0,0,0

2023-04-25 15:29:07,369 - rotary_actuator - DEBUG - String sent: 2PR S3

2023-04-25 15:29:07,470 - rotary_actuator - INFO - Set S3=0,0,0[92m -> OK[0m
2023-04-25 15:29:07,470 - rotary_actuator - DEBUG - String sent: 2S4=0,0,0

2023-04-25 15:29:07,470 - rotary_actuator - DEBUG - String sent: 2PR S4

2023-04-25 15:29:07,571 - rotary_actuator - INFO - Set S4=0,0,0[92m -> OK[0m
2023-04-25 15:29:07,571 - rotary_actuator - INFO - Set S1 and S2 as limit switches
2023-04-25 15:29:07,571 - rotary_actuator - DEBUG - String sent: 2S1=2,0,0

2023-04-25 15:29:07,572 - rotary_actuator - DEBUG - String sent: 2PR S1

2023-04-25 15:29:07,673 - rotary_actuator - INFO - Set S1=2,0,0[92m -> OK[0m
2023-04-25 15:29:07,673 - rotary_actuator - DEBUG - String sent: 2S2=3,0,0

2023-04-25 15:29:07,674 - rotary_actuator - DEBUG - String sent: 2PR S2

2023-04-25 15:29:07,775 - rotary_actuator - INFO - Set S2=3,0,0[92m -> OK[0m
2023-04-25 15:30:24,828 - rotary_actuator - DEBUG - String sent: 2PR I3

2023-04-25 15:30:25,853 - rotary_actuator - DEBUG - String sent: 2PR I3

2023-04-25 15:30:26,479 - rotary_actuator - DEBUG - String sent: 2PR I3

2023-04-25 15:30:27,179 - rotary_actuator - DEBUG - String sent: 2PR I3

2023-04-25 15:32:02,724 - rotary_actuator - DEBUG - String sent: 2PR I3

2023-04-25 15:32:04,242 - rotary_actuator - DEBUG - String sent: 2PR I3

2023-04-25 15:32:09,534 - rotary_actuator - DEBUG - String sent: 2PR I3

2023-04-25 15:32:10,246 - rotary_actuator - DEBUG - String sent: 2PR I3

2023-04-25 15:32:23,289 - rotary_actuator - DEBUG - String sent: 2PR I3

2023-04-25 15:32:25,444 - rotary_actuator - DEBUG - String sent: 2PR I3

2023-04-25 15:32:27,508 - rotary_actuator - DEBUG - String sent: 2PR I3

2023-04-25 15:32:28,195 - rotary_actuator - DEBUG - String sent: 2PR I3

2023-04-25 15:35:41,334 - rotary_actuator - DEBUG - String sent: 2PR I3

2023-04-25 15:35:54,304 - rotary_actuator - DEBUG - String sent: 2PR I3

2023-04-25 15:35:56,140 - rotary_actuator - DEBUG - String sent: 2PR I3

2023-04-25 15:35:59,080 - rotary_actuator - DEBUG - String sent: 2PR I3

2023-04-25 15:37:09,198 - rotary_actuator - DEBUG - String sent: 2PR I3

2023-04-25 15:37:13,521 - rotary_actuator - DEBUG - String sent: 2PR I3

2023-04-25 15:37:14,860 - rotary_actuator - DEBUG - String sent: 2PR I3

2023-04-25 15:37:21,259 - rotary_actuator - DEBUG - String sent: 2PR I3

2023-04-25 15:38:55,021 - rotary_actuator - DEBUG - String sent: 2PR I3

2023-04-25 15:38:59,303 - rotary_actuator - DEBUG - String sent: 2PR I3

2023-04-25 15:42:28,449 - rotary_actuator - DEBUG - String sent: 2PR I3

2023-04-25 15:47:36,536 - rotary_actuator - INFO - [92mmatching________start______[0m
2023-04-25 15:47:36,537 - rotary_actuator - DEBUG - String sent: 2PR P

2023-04-25 15:47:36,638 - rotary_actuator - INFO - Moving -1000 microsteps
2023-04-25 15:47:36,638 - rotary_actuator - DEBUG - String sent: 2MR -1000

2023-04-25 15:47:36,739 - rotary_actuator - DEBUG - String sent: 2PR MV

2023-04-25 15:47:36,840 - rotary_actuator - DEBUG - String sent: 2PR I3

2023-04-25 15:47:36,941 - rotary_actuator - ERROR - ______ not a trigger ___________
2023-04-25 15:47:36,941 - rotary_actuator - DEBUG - String sent: 2PR MV

2023-04-25 15:47:37,042 - rotary_actuator - DEBUG - String sent: 2PR I3

2023-04-25 15:47:37,143 - rotary_actuator - ERROR - ______ not a trigger ___________
2023-04-25 15:47:37,144 - rotary_actuator - DEBUG - String sent: 2PR MV

2023-04-25 15:47:37,244 - rotary_actuator - DEBUG - String sent: 2PR I3

2023-04-25 15:47:37,345 - rotary_actuator - ERROR - ______ not a trigger ___________
2023-04-25 15:47:37,346 - rotary_actuator - DEBUG - String sent: 2PR MV

2023-04-25 15:47:37,447 - rotary_actuator - DEBUG - String sent: 2PR I3

2023-04-25 15:47:37,548 - rotary_actuator - ERROR - ______ not a trigger ___________
2023-04-25 15:47:37,548 - rotary_actuator - DEBUG - String sent: 2PR MV

2023-04-25 15:47:37,649 - rotary_actuator - DEBUG - String sent: 2PR I3

2023-04-25 15:47:37,750 - rotary_actuator - ERROR - ______ not a trigger ___________
2023-04-25 15:47:37,750 - rotary_actuator - DEBUG - String sent: 2PR MV

2023-04-25 15:47:37,851 - rotary_actuator - DEBUG - String sent: 2PR I3

2023-04-25 15:47:37,952 - rotary_actuator - ERROR - ______ not a trigger ___________
2023-04-25 15:47:37,953 - rotary_actuator - DEBUG - String sent: 2PR MV

2023-04-25 15:47:38,053 - rotary_actuator - DEBUG - String sent: 2PR I3

2023-04-25 15:47:38,155 - rotary_actuator - ERROR - ______ not a trigger ___________
2023-04-25 15:47:38,156 - rotary_actuator - DEBUG - String sent: 2PR MV

2023-04-25 15:47:38,256 - rotary_actuator - DEBUG - String sent: 2PR I3

2023-04-25 15:47:38,357 - rotary_actuator - ERROR - ______ not a trigger ___________
2023-04-25 15:47:38,358 - rotary_actuator - DEBUG - String sent: 2PR MV

2023-04-25 15:47:38,458 - rotary_actuator - DEBUG - String sent: 2PR I3

2023-04-25 15:47:38,559 - rotary_actuator - ERROR - ______ not a trigger ___________
2023-04-25 15:47:38,560 - rotary_actuator - DEBUG - String sent: 2PR MV

2023-04-25 15:47:38,662 - rotary_actuator - DEBUG - String sent: 2PR I3

2023-04-25 15:47:38,762 - rotary_actuator - ERROR - ______ not a trigger ___________
2023-04-25 15:47:38,763 - rotary_actuator - DEBUG - String sent: 2PR MV

2023-04-25 15:47:38,864 - rotary_actuator - DEBUG - String sent: 2PR I3

2023-04-25 15:47:38,964 - rotary_actuator - ERROR - ______ not a trigger ___________
2023-04-25 15:47:38,965 - rotary_actuator - DEBUG - String sent: 2PR MV

2023-04-25 15:47:39,066 - rotary_actuator - DEBUG - String sent: 2PR I3

2023-04-25 15:47:39,167 - rotary_actuator - ERROR - ______ not a trigger ___________
2023-04-25 15:47:39,168 - rotary_actuator - DEBUG - String sent: 2PR MV

2023-04-25 15:47:39,269 - rotary_actuator - DEBUG - String sent: 2PR I3

2023-04-25 15:47:39,369 - rotary_actuator - ERROR - ______ not a trigger ___________
2023-04-25 15:47:39,370 - rotary_actuator - DEBUG - String sent: 2PR MV

2023-04-25 15:47:39,470 - rotary_actuator - DEBUG - String sent: 2PR I3

2023-04-25 15:47:39,571 - rotary_actuator - ERROR - ______ not a trigger ___________
2023-04-25 15:47:39,572 - rotary_actuator - DEBUG - String sent: 2PR MV

2023-04-25 15:47:39,673 - rotary_actuator - DEBUG - String sent: 2PR I3

2023-04-25 15:47:39,774 - rotary_actuator - ERROR - ______ not a trigger ___________
2023-04-25 15:47:39,774 - rotary_actuator - DEBUG - String sent: 2PR MV

2023-04-25 15:47:39,875 - rotary_actuator - DEBUG - String sent: 2PR I3

2023-04-25 15:47:39,976 - rotary_actuator - ERROR - ______ not a trigger ___________
2023-04-25 15:47:39,976 - rotary_actuator - DEBUG - String sent: 2PR MV

2023-04-25 15:47:40,077 - rotary_actuator - DEBUG - String sent: 2PR I3

2023-04-25 15:47:40,178 - rotary_actuator - ERROR - ______ not a trigger ___________
2023-04-25 15:47:40,179 - rotary_actuator - DEBUG - String sent: 2PR MV

2023-04-25 15:47:40,280 - rotary_actuator - DEBUG - String sent: 2PR I3

2023-04-25 15:47:40,381 - rotary_actuator - ERROR - ______ not a trigger ___________
2023-04-25 15:47:40,382 - rotary_actuator - DEBUG - String sent: 2PR MV

2023-04-25 15:47:40,483 - rotary_actuator - DEBUG - String sent: 2PR I3

2023-04-25 15:47:40,583 - rotary_actuator - ERROR - ______ not a trigger ___________
2023-04-25 15:47:40,584 - rotary_actuator - DEBUG - String sent: 2PR MV

2023-04-25 15:47:40,686 - rotary_actuator - DEBUG - String sent: 2PR I3

2023-04-25 15:47:40,787 - rotary_actuator - ERROR - ______ not a trigger ___________
2023-04-25 15:47:40,788 - rotary_actuator - DEBUG - String sent: 2PR MV

2023-04-25 15:47:40,889 - rotary_actuator - DEBUG - String sent: 2PR I3

2023-04-25 15:47:40,990 - rotary_actuator - ERROR - ______ not a trigger ___________
2023-04-25 15:47:40,990 - rotary_actuator - DEBUG - String sent: 2PR MV

2023-04-25 15:47:41,091 - rotary_actuator - DEBUG - String sent: 2PR I3

2023-04-25 15:47:41,192 - rotary_actuator - ERROR - ______ not a trigger ___________
2023-04-25 15:47:41,192 - rotary_actuator - DEBUG - String sent: 2PR MV

2023-04-25 15:47:41,293 - rotary_actuator - DEBUG - String sent: 2PR I3

2023-04-25 15:47:41,394 - rotary_actuator - ERROR - ______ not a trigger ___________
2023-04-25 15:47:41,395 - rotary_actuator - DEBUG - String sent: 2PR MV

2023-04-25 15:47:41,503 - rotary_actuator - DEBUG - String sent: 2PR I3

2023-04-25 15:47:41,604 - rotary_actuator - ERROR - ______ not a trigger ___________
2023-04-25 15:47:41,605 - rotary_actuator - DEBUG - String sent: 2PR MV

2023-04-25 15:47:41,706 - rotary_actuator - DEBUG - String sent: 2PR I3

2023-04-25 15:47:41,807 - rotary_actuator - ERROR - ______ not a trigger ___________
2023-04-25 15:47:41,807 - rotary_actuator - DEBUG - String sent: 2PR MV

2023-04-25 15:47:41,908 - rotary_actuator - DEBUG - String sent: 2PR I3

2023-04-25 15:47:42,009 - rotary_actuator - ERROR - ______ not a trigger ___________
2023-04-25 15:47:42,009 - rotary_actuator - DEBUG - String sent: 2PR MV

2023-04-25 15:47:42,110 - rotary_actuator - DEBUG - String sent: 2PR I3

2023-04-25 15:47:42,211 - rotary_actuator - ERROR - ______ not a trigger ___________
2023-04-25 15:47:42,211 - rotary_actuator - DEBUG - String sent: 2PR MV

2023-04-25 15:47:47,957 - rotary_actuator - DEBUG - String sent: 2PR I3

2023-04-25 15:47:48,839 - rotary_actuator - DEBUG - String sent: 2PR I3

2023-04-25 15:54:48,115 - rotary_actuator - DEBUG - String sent: 2PR I3

2023-04-25 15:54:49,823 - rotary_actuator - DEBUG - String sent: 2PR I3

2023-04-25 15:54:50,655 - rotary_actuator - DEBUG - String sent: 2PR I3

2023-04-25 15:54:51,214 - rotary_actuator - DEBUG - String sent: 2PR I3

2023-04-25 15:54:51,647 - rotary_actuator - DEBUG - String sent: 2PR I3

2023-04-25 15:54:52,079 - rotary_actuator - DEBUG - String sent: 2PR I3

2023-04-25 15:54:52,546 - rotary_actuator - DEBUG - String sent: 2PR I3

2023-04-25 15:54:52,949 - rotary_actuator - DEBUG - String sent: 2PR I3

2023-04-25 15:54:53,386 - rotary_actuator - DEBUG - String sent: 2PR I3

2023-04-25 15:54:54,734 - rotary_actuator - DEBUG - String sent: 2PR I3

2023-04-25 15:54:55,319 - rotary_actuator - DEBUG - String sent: 2PR I3

2023-04-25 15:54:55,811 - rotary_actuator - DEBUG - String sent: 2PR I3

2023-04-25 15:54:56,224 - rotary_actuator - DEBUG - String sent: 2PR I3

2023-04-25 15:54:56,634 - rotary_actuator - DEBUG - String sent: 2PR I3

2023-04-25 15:54:57,104 - rotary_actuator - DEBUG - String sent: 2PR I3

2023-04-25 15:54:57,592 - rotary_actuator - DEBUG - String sent: 2PR I3

2023-04-25 15:54:58,104 - rotary_actuator - DEBUG - String sent: 2PR I3

2023-04-25 15:54:58,584 - rotary_actuator - DEBUG - String sent: 2PR I3

2023-04-25 15:54:59,040 - rotary_actuator - DEBUG - String sent: 2PR I3

2023-04-25 15:54:59,420 - rotary_actuator - DEBUG - String sent: 2PR I3

2023-04-25 15:55:00,191 - rotary_actuator - DEBUG - String sent: 2PR I3

2023-04-25 15:55:00,706 - rotary_actuator - DEBUG - String sent: 2PR I3

2023-04-25 15:55:01,197 - rotary_actuator - DEBUG - String sent: 2PR I3

2023-04-25 15:55:01,666 - rotary_actuator - DEBUG - String sent: 2PR I3

2023-04-25 15:55:02,102 - rotary_actuator - DEBUG - String sent: 2PR I3

2023-04-25 15:55:02,536 - rotary_actuator - DEBUG - String sent: 2PR I3

2023-04-25 15:55:02,930 - rotary_actuator - DEBUG - String sent: 2PR I3

2023-04-25 15:55:03,318 - rotary_actuator - DEBUG - String sent: 2PR I3

2023-04-25 15:55:03,692 - rotary_actuator - DEBUG - String sent: 2PR I3

2023-04-25 15:55:04,090 - rotary_actuator - DEBUG - String sent: 2PR I3

2023-04-25 15:55:04,474 - rotary_actuator - DEBUG - String sent: 2PR I3

2023-04-25 15:55:05,162 - rotary_actuator - DEBUG - String sent: 2PR I3

2023-04-25 15:56:41,518 - rotary_actuator - DEBUG - String sent: 2PR I3

2023-04-25 15:56:42,305 - rotary_actuator - DEBUG - String sent: 2PR I3

2023-04-25 15:56:43,039 - rotary_actuator - DEBUG - String sent: 2PR I3

2023-04-25 15:56:43,760 - rotary_actuator - DEBUG - String sent: 2PR I3

2023-04-25 15:56:44,322 - rotary_actuator - DEBUG - String sent: 2PR I3

2023-04-25 15:56:44,886 - rotary_actuator - DEBUG - String sent: 2PR I3

2023-04-25 15:56:45,457 - rotary_actuator - DEBUG - String sent: 2PR I3

2023-04-25 15:56:45,984 - rotary_actuator - DEBUG - String sent: 2PR I3

2023-04-25 15:56:46,450 - rotary_actuator - DEBUG - String sent: 2PR I3

2023-04-25 15:56:46,890 - rotary_actuator - DEBUG - String sent: 2PR I3

2023-04-25 15:56:47,346 - rotary_actuator - DEBUG - String sent: 2PR I3

2023-04-25 15:56:47,883 - rotary_actuator - DEBUG - String sent: 2PR I3

2023-04-25 15:56:48,484 - rotary_actuator - DEBUG - String sent: 2PR I3

2023-04-25 15:56:49,002 - rotary_actuator - DEBUG - String sent: 2PR I3

2023-04-25 15:56:49,472 - rotary_actuator - DEBUG - String sent: 2PR I3

2023-04-25 15:56:49,951 - rotary_actuator - DEBUG - String sent: 2PR I3

2023-04-25 15:56:50,366 - rotary_actuator - DEBUG - String sent: 2PR I3

2023-04-25 15:56:50,883 - rotary_actuator - DEBUG - String sent: 2PR I3

2023-04-25 15:56:52,900 - rotary_actuator - DEBUG - String sent: 2PR I3

2023-04-25 15:57:59,965 - rotary_actuator - DEBUG - String sent: 2PR I3

2023-04-25 15:58:02,620 - rotary_actuator - DEBUG - String sent: 2PR I3

2023-04-25 15:58:04,809 - rotary_actuator - DEBUG - String sent: 2PR I3

2023-04-25 15:59:30,987 - rotary_actuator - DEBUG - String sent: 2PR P

