2023-04-03 17:50:18,149 - rotary_actuator - INFO - started logger
2023-04-03 17:50:18,149 - rotary_actuator - INFO - CAUTION USING NON SPECIFIC CONFIG FILES
2023-04-03 17:50:18,149 - rotary_actuator - INFO - Using config file (/home/shivaraj/Desktop/SBN/Pyhton2_to_3/SBND_laser_control/workspace/RunControl/devices/config/config_rotary_actuator.json)
2023-04-03 17:50:20,452 - rotary_actuator - INFO - CAUTION USING NON SPECIFIC CONFIG FILES
2023-04-03 17:50:20,453 - rotary_actuator - INFO - Using config file (/home/shivaraj/Desktop/SBN/Pyhton2_to_3/SBND_laser_control/workspace/RunControl/devices/config/com_ports.json)
2023-04-03 17:50:21,456 - rotary_actuator - INFO - Com port (/dev/ttyUSB1) opened
2023-04-03 17:50:21,456 - rotary_actuator - INFO - ---------------- init axis -----------------
2023-04-03 17:50:21,658 - rotary_actuator - DEBUG - String sent: 2MS=256

2023-04-03 17:50:21,859 - rotary_actuator - DEBUG - String sent: 2PR MS

2023-04-03 17:50:21,960 - rotary_actuator - INFO - Set MS=256[92m -> OK[0m
2023-04-03 17:50:22,161 - rotary_actuator - DEBUG - String sent: 2A=500

2023-04-03 17:50:22,362 - rotary_actuator - DEBUG - String sent: 2PR A

2023-04-03 17:50:22,463 - rotary_actuator - INFO - Set A=500[92m -> OK[0m
2023-04-03 17:50:22,664 - rotary_actuator - DEBUG - String sent: 2D=500

2023-04-03 17:50:22,865 - rotary_actuator - DEBUG - String sent: 2PR D

2023-04-03 17:50:22,966 - rotary_actuator - INFO - Set D=500[92m -> OK[0m
2023-04-03 17:50:23,167 - rotary_actuator - DEBUG - String sent: 2VI=200

2023-04-03 17:50:23,369 - rotary_actuator - DEBUG - String sent: 2PR VI

2023-04-03 17:50:23,470 - rotary_actuator - INFO - Set VI=200[92m -> OK[0m
2023-04-03 17:50:23,671 - rotary_actuator - DEBUG - String sent: 2VM=800

2023-04-03 17:50:23,872 - rotary_actuator - DEBUG - String sent: 2PR VM

2023-04-03 17:50:23,973 - rotary_actuator - INFO - Set VM=800[92m -> OK[0m
2023-04-03 17:50:24,174 - rotary_actuator - DEBUG - String sent: 2HC=5

2023-04-03 17:50:24,376 - rotary_actuator - DEBUG - String sent: 2PR HC

2023-04-03 17:50:24,477 - rotary_actuator - INFO - Set HC=5[92m -> OK[0m
2023-04-03 17:50:24,679 - rotary_actuator - DEBUG - String sent: 2RC=90

2023-04-03 17:50:24,880 - rotary_actuator - DEBUG - String sent: 2PR RC

2023-04-03 17:50:24,981 - rotary_actuator - INFO - Set RC=90[92m -> OK[0m
2023-04-03 17:50:25,182 - rotary_actuator - DEBUG - String sent: 2EE=1

2023-04-03 17:50:25,384 - rotary_actuator - DEBUG - String sent: 2PR EE

2023-04-03 17:50:25,485 - rotary_actuator - INFO - Set EE=1[92m -> OK[0m
2023-04-03 17:50:25,686 - rotary_actuator - DEBUG - String sent: 2S4=0,0,0

2023-04-03 17:50:25,888 - rotary_actuator - DEBUG - String sent: 2PR S4

2023-04-03 17:50:25,989 - rotary_actuator - INFO - Set S4=0,0,0[92m -> OK[0m
2023-04-03 17:50:25,990 - rotary_actuator - INFO - Set S1 and S2 as limit switches
2023-04-03 17:50:26,191 - rotary_actuator - DEBUG - String sent: 2S1=2,0,0

2023-04-03 17:50:26,393 - rotary_actuator - DEBUG - String sent: 2PR S1

2023-04-03 17:50:26,494 - rotary_actuator - INFO - Set S1=2,0,0[92m -> OK[0m
2023-04-03 17:50:26,696 - rotary_actuator - DEBUG - String sent: 2S2=3,0,0

2023-04-03 17:50:26,897 - rotary_actuator - DEBUG - String sent: 2PR S2

2023-04-03 17:50:26,998 - rotary_actuator - INFO - Set S2=3,0,0[92m -> OK[0m
2023-04-03 17:50:41,699 - rotary_actuator - DEBUG - String sent: 2PR P

2023-04-03 17:50:41,800 - rotary_actuator - INFO - Moving 100 microsteps
2023-04-03 17:50:42,002 - rotary_actuator - DEBUG - String sent: 2MR 100

2023-04-03 17:50:48,479 - rotary_actuator - DEBUG - String sent: 2PR P

2023-04-03 17:50:48,580 - rotary_actuator - INFO - Moving 100 microsteps
2023-04-03 17:50:48,781 - rotary_actuator - DEBUG - String sent: 2MR 100

