2023-04-20 13:38:13,713 - rotary_actuator - INFO - started logger
2023-04-20 13:38:13,713 - rotary_actuator - INFO - CAUTION USING NON SPECIFIC CONFIG FILES
2023-04-20 13:38:13,713 - rotary_actuator - INFO - Using config file (/home/shivaraj/Desktop/SBN/Pyhton2_to_3/SBND_laser_control/workspace/RunControl/devices/config/config_rotary_actuator.json)
2023-04-20 13:38:16,589 - rotary_actuator - INFO - CAUTION USING NON SPECIFIC CONFIG FILES
2023-04-20 13:38:16,589 - rotary_actuator - INFO - Using config file (/home/shivaraj/Desktop/SBN/Pyhton2_to_3/SBND_laser_control/workspace/RunControl/devices/config/com_ports.json)
2023-04-20 13:38:17,591 - rotary_actuator - INFO - Com port (/dev/ttyUSB0) opened
2023-04-20 13:38:17,591 - rotary_actuator - INFO - ---------------- init axis -----------------
2023-04-20 13:38:17,692 - rotary_actuator - DEBUG - String sent: 2MS=256

2023-04-20 13:38:17,793 - rotary_actuator - DEBUG - String sent: 2PR MS

2023-04-20 13:38:17,894 - rotary_actuator - ERROR - Set MS=256 failed
2023-04-20 13:38:17,995 - rotary_actuator - DEBUG - String sent: 2A=500

2023-04-20 13:38:18,096 - rotary_actuator - DEBUG - String sent: 2PR A

2023-04-20 13:38:18,198 - rotary_actuator - INFO - Set A=500[92m -> OK[0m
2023-04-20 13:38:18,299 - rotary_actuator - DEBUG - String sent: 2D=500

2023-04-20 13:38:18,401 - rotary_actuator - DEBUG - String sent: 2PR D

2023-04-20 13:38:18,502 - rotary_actuator - INFO - Set D=500[92m -> OK[0m
2023-04-20 13:38:18,603 - rotary_actuator - DEBUG - String sent: 2VI=200

2023-04-20 13:38:18,704 - rotary_actuator - DEBUG - String sent: 2PR VI

2023-04-20 13:38:18,805 - rotary_actuator - INFO - Set VI=200[92m -> OK[0m
2023-04-20 13:38:18,906 - rotary_actuator - DEBUG - String sent: 2VM=800

2023-04-20 13:38:19,007 - rotary_actuator - DEBUG - String sent: 2PR VM

2023-04-20 13:38:19,109 - rotary_actuator - INFO - Set VM=800[92m -> OK[0m
2023-04-20 13:38:19,210 - rotary_actuator - DEBUG - String sent: 2HC=5

2023-04-20 13:38:19,311 - rotary_actuator - DEBUG - String sent: 2PR HC

2023-04-20 13:38:19,411 - rotary_actuator - INFO - Set HC=5[92m -> OK[0m
2023-04-20 13:38:19,512 - rotary_actuator - DEBUG - String sent: 2RC=90

2023-04-20 13:38:19,613 - rotary_actuator - DEBUG - String sent: 2PR RC

2023-04-20 13:38:19,713 - rotary_actuator - INFO - Set RC=90[92m -> OK[0m
2023-04-20 13:38:19,814 - rotary_actuator - DEBUG - String sent: 2EE=1

2023-04-20 13:38:19,915 - rotary_actuator - DEBUG - String sent: 2PR EE

2023-04-20 13:38:20,016 - rotary_actuator - INFO - Set EE=1[92m -> OK[0m
2023-04-20 13:38:20,118 - rotary_actuator - DEBUG - String sent: 2SM=1

2023-04-20 13:38:20,219 - rotary_actuator - DEBUG - String sent: 2PR SM

2023-04-20 13:38:20,320 - rotary_actuator - INFO - Set SM=1[92m -> OK[0m
2023-04-20 13:38:20,420 - rotary_actuator - DEBUG - String sent: 2SF=20

2023-04-20 13:38:20,521 - rotary_actuator - DEBUG - String sent: 2PR SF

2023-04-20 13:38:20,622 - rotary_actuator - INFO - Set SF=20[92m -> OK[0m
2023-04-20 13:38:20,723 - rotary_actuator - DEBUG - String sent: 2S3=0,0,0

2023-04-20 13:38:20,824 - rotary_actuator - DEBUG - String sent: 2PR S3

2023-04-20 13:38:20,926 - rotary_actuator - INFO - Set S3=0,0,0[92m -> OK[0m
2023-04-20 13:38:21,027 - rotary_actuator - DEBUG - String sent: 2S4=0,0,0

2023-04-20 13:38:21,128 - rotary_actuator - DEBUG - String sent: 2PR S4

2023-04-20 13:38:21,230 - rotary_actuator - INFO - Set S4=0,0,0[92m -> OK[0m
2023-04-20 13:38:21,230 - rotary_actuator - INFO - Set S1 and S2 as limit switches
2023-04-20 13:38:21,331 - rotary_actuator - DEBUG - String sent: 2S1=2,0,0

2023-04-20 13:38:21,433 - rotary_actuator - DEBUG - String sent: 2PR S1

2023-04-20 13:38:21,534 - rotary_actuator - INFO - Set S1=2,0,0[92m -> OK[0m
2023-04-20 13:38:21,636 - rotary_actuator - DEBUG - String sent: 2S2=3,0,0

2023-04-20 13:38:21,737 - rotary_actuator - DEBUG - String sent: 2PR S2

2023-04-20 13:38:21,839 - rotary_actuator - INFO - Set S2=3,0,0[92m -> OK[0m
2023-04-20 13:38:30,561 - rotary_actuator - INFO - CAUTION USING NON SPECIFIC CONFIG FILES
2023-04-20 13:38:30,562 - rotary_actuator - INFO - Using config file (/home/shivaraj/Desktop/SBN/Pyhton2_to_3/SBND_laser_control/workspace/RunControl/devices/config/com_ports.json)
2023-04-20 13:38:31,566 - rotary_actuator - INFO - Com port (/dev/ttyUSB0) opened
2023-04-20 13:38:31,566 - rotary_actuator - INFO - ---------------- init axis -----------------
2023-04-20 13:38:31,667 - rotary_actuator - DEBUG - String sent: 2MS=256

2023-04-20 13:38:31,768 - rotary_actuator - DEBUG - String sent: 2PR MS

2023-04-20 13:38:31,869 - rotary_actuator - INFO - Set MS=256[92m -> OK[0m
2023-04-20 13:38:31,970 - rotary_actuator - DEBUG - String sent: 2A=500

2023-04-20 13:38:32,071 - rotary_actuator - DEBUG - String sent: 2PR A

2023-04-20 13:38:32,172 - rotary_actuator - INFO - Set A=500[92m -> OK[0m
2023-04-20 13:38:32,273 - rotary_actuator - DEBUG - String sent: 2D=500

2023-04-20 13:38:32,373 - rotary_actuator - DEBUG - String sent: 2PR D

2023-04-20 13:38:32,475 - rotary_actuator - INFO - Set D=500[92m -> OK[0m
2023-04-20 13:38:32,576 - rotary_actuator - DEBUG - String sent: 2VI=200

2023-04-20 13:38:32,677 - rotary_actuator - DEBUG - String sent: 2PR VI

2023-04-20 13:38:32,777 - rotary_actuator - INFO - Set VI=200[92m -> OK[0m
2023-04-20 13:38:32,878 - rotary_actuator - DEBUG - String sent: 2VM=800

2023-04-20 13:38:32,980 - rotary_actuator - DEBUG - String sent: 2PR VM

2023-04-20 13:38:33,082 - rotary_actuator - INFO - Set VM=800[92m -> OK[0m
2023-04-20 13:38:33,183 - rotary_actuator - DEBUG - String sent: 2HC=5

2023-04-20 13:38:33,284 - rotary_actuator - DEBUG - String sent: 2PR HC

2023-04-20 13:38:33,385 - rotary_actuator - INFO - Set HC=5[92m -> OK[0m
2023-04-20 13:38:33,486 - rotary_actuator - DEBUG - String sent: 2RC=90

2023-04-20 13:38:33,587 - rotary_actuator - DEBUG - String sent: 2PR RC

2023-04-20 13:38:33,688 - rotary_actuator - INFO - Set RC=90[92m -> OK[0m
2023-04-20 13:38:33,788 - rotary_actuator - DEBUG - String sent: 2EE=1

2023-04-20 13:38:33,889 - rotary_actuator - DEBUG - String sent: 2PR EE

2023-04-20 13:38:33,990 - rotary_actuator - INFO - Set EE=1[92m -> OK[0m
2023-04-20 13:38:34,091 - rotary_actuator - DEBUG - String sent: 2SM=1

2023-04-20 13:38:34,192 - rotary_actuator - DEBUG - String sent: 2PR SM

2023-04-20 13:38:34,293 - rotary_actuator - INFO - Set SM=1[92m -> OK[0m
2023-04-20 13:38:34,395 - rotary_actuator - DEBUG - String sent: 2SF=20

2023-04-20 13:38:34,496 - rotary_actuator - DEBUG - String sent: 2PR SF

2023-04-20 13:38:34,597 - rotary_actuator - INFO - Set SF=20[92m -> OK[0m
2023-04-20 13:38:34,698 - rotary_actuator - DEBUG - String sent: 2S3=0,0,0

2023-04-20 13:38:34,799 - rotary_actuator - DEBUG - String sent: 2PR S3

2023-04-20 13:38:34,899 - rotary_actuator - INFO - Set S3=0,0,0[92m -> OK[0m
2023-04-20 13:38:35,000 - rotary_actuator - DEBUG - String sent: 2S4=0,0,0

2023-04-20 13:38:35,101 - rotary_actuator - DEBUG - String sent: 2PR S4

2023-04-20 13:38:35,202 - rotary_actuator - INFO - Set S4=0,0,0[92m -> OK[0m
2023-04-20 13:38:35,203 - rotary_actuator - INFO - Set S1 and S2 as limit switches
2023-04-20 13:38:35,304 - rotary_actuator - DEBUG - String sent: 2S1=2,0,0

2023-04-20 13:38:35,405 - rotary_actuator - DEBUG - String sent: 2PR S1

2023-04-20 13:38:35,506 - rotary_actuator - INFO - Set S1=2,0,0[92m -> OK[0m
2023-04-20 13:38:35,607 - rotary_actuator - DEBUG - String sent: 2S2=3,0,0

2023-04-20 13:38:35,708 - rotary_actuator - DEBUG - String sent: 2PR S2

2023-04-20 13:38:35,809 - rotary_actuator - INFO - Set S2=3,0,0[92m -> OK[0m
