2023-02-07 11:04:10,567 - rotary_actuator - INFO - started logger
2023-02-07 11:04:10,567 - rotary_actuator - INFO - CAUTION USING NON SPECIFIC CONFIG FILES
2023-02-07 11:04:10,567 - rotary_actuator - INFO - Using config file (/home/shivaraj/Desktop/SBN/Pyhton2_to_3/SBND_laser_control/workspace/RunControl/devices/config/config_rotary_actuator.json)
2023-02-07 11:04:15,318 - rotary_actuator - INFO - CAUTION USING NON SPECIFIC CONFIG FILES
2023-02-07 11:04:15,318 - rotary_actuator - INFO - Using config file (/home/shivaraj/Desktop/SBN/Pyhton2_to_3/SBND_laser_control/workspace/RunControl/devices/config/com_ports.json)
2023-02-07 11:04:16,328 - rotary_actuator - INFO - Com port (/dev/ttyUSB0) opened
2023-02-07 11:04:16,329 - rotary_actuator - INFO - ---------------- init axis -----------------
2023-02-07 11:04:16,330 - rotary_actuator - DEBUG - String sent: 2MS=256

2023-02-07 11:04:16,330 - rotary_actuator - DEBUG - String sent: 2PR MS

2023-02-07 11:04:16,431 - rotary_actuator - INFO - Set MS=256[92m -> OK[0m
2023-02-07 11:04:16,431 - rotary_actuator - DEBUG - String sent: 2A=500

2023-02-07 11:04:16,432 - rotary_actuator - DEBUG - String sent: 2PR A

2023-02-07 11:04:16,532 - rotary_actuator - INFO - Set A=500[92m -> OK[0m
2023-02-07 11:04:16,533 - rotary_actuator - DEBUG - String sent: 2D=500

2023-02-07 11:04:16,533 - rotary_actuator - DEBUG - String sent: 2PR D

2023-02-07 11:04:16,634 - rotary_actuator - INFO - Set D=500[92m -> OK[0m
2023-02-07 11:04:16,635 - rotary_actuator - DEBUG - String sent: 2VI=200

2023-02-07 11:04:16,635 - rotary_actuator - DEBUG - String sent: 2PR VI

2023-02-07 11:04:16,736 - rotary_actuator - INFO - Set VI=200[92m -> OK[0m
2023-02-07 11:04:16,737 - rotary_actuator - DEBUG - String sent: 2VM=800

2023-02-07 11:04:16,737 - rotary_actuator - DEBUG - String sent: 2PR VM

2023-02-07 11:04:16,838 - rotary_actuator - INFO - Set VM=800[92m -> OK[0m
2023-02-07 11:04:16,839 - rotary_actuator - DEBUG - String sent: 2HC=5

2023-02-07 11:04:16,839 - rotary_actuator - DEBUG - String sent: 2PR HC

2023-02-07 11:04:16,940 - rotary_actuator - INFO - Set HC=5[92m -> OK[0m
2023-02-07 11:04:16,941 - rotary_actuator - DEBUG - String sent: 2RC=90

2023-02-07 11:04:16,941 - rotary_actuator - DEBUG - String sent: 2PR RC

2023-02-07 11:04:17,042 - rotary_actuator - INFO - Set RC=90[92m -> OK[0m
2023-02-07 11:04:17,042 - rotary_actuator - DEBUG - String sent: 2EE=1

2023-02-07 11:04:17,043 - rotary_actuator - DEBUG - String sent: 2PR EE

2023-02-07 11:04:17,144 - rotary_actuator - INFO - Set EE=1[92m -> OK[0m
2023-02-07 11:04:17,144 - rotary_actuator - DEBUG - String sent: 2S4=0,0,0

2023-02-07 11:04:17,144 - rotary_actuator - DEBUG - String sent: 2PR S4

2023-02-07 11:04:17,245 - rotary_actuator - INFO - Set S4=0,0,0[92m -> OK[0m
2023-02-07 11:04:17,246 - rotary_actuator - INFO - Set S1 and S2 as limit switches
2023-02-07 11:04:17,246 - rotary_actuator - DEBUG - String sent: 2S1=2,0,0

2023-02-07 11:04:17,247 - rotary_actuator - DEBUG - String sent: 2PR S1

2023-02-07 11:04:17,347 - rotary_actuator - INFO - Set S1=2,0,0[92m -> OK[0m
2023-02-07 11:04:17,348 - rotary_actuator - DEBUG - String sent: 2S2=3,0,0

2023-02-07 11:04:17,348 - rotary_actuator - DEBUG - String sent: 2PR S2

2023-02-07 11:04:17,449 - rotary_actuator - INFO - Set S2=3,0,0[92m -> OK[0m
