2023-02-07 10:35:42,929 - rotary_actuator - INFO - started logger
2023-02-07 10:35:42,929 - rotary_actuator - INFO - CAUTION USING NON SPECIFIC CONFIG FILES
2023-02-07 10:35:42,929 - rotary_actuator - INFO - Using config file (/home/shivaraj/Desktop/SBN/Pyhton2_to_3/SBND_laser_control/workspace/RunControl/devices/config/config_rotary_actuator.json)
2023-02-07 10:35:49,261 - rotary_actuator - INFO - CAUTION USING NON SPECIFIC CONFIG FILES
2023-02-07 10:35:49,261 - rotary_actuator - INFO - Using config file (/home/shivaraj/Desktop/SBN/Pyhton2_to_3/SBND_laser_control/workspace/RunControl/devices/config/com_ports.json)
2023-02-07 10:35:50,264 - rotary_actuator - INFO - Com port (/dev/ttyUSB0) opened
2023-02-07 10:35:50,265 - rotary_actuator - INFO - ---------------- init axis -----------------
2023-02-07 10:35:50,265 - rotary_actuator - DEBUG - String sent: 2MS=256

2023-02-07 10:35:50,265 - rotary_actuator - DEBUG - String sent: 2PR MS

2023-02-07 10:35:50,366 - rotary_actuator - INFO - Set MS=256[92m -> OK[0m
2023-02-07 10:35:50,367 - rotary_actuator - DEBUG - String sent: 2A=500

2023-02-07 10:35:50,367 - rotary_actuator - DEBUG - String sent: 2PR A

2023-02-07 10:35:50,468 - rotary_actuator - INFO - Set A=500[92m -> OK[0m
2023-02-07 10:35:50,468 - rotary_actuator - DEBUG - String sent: 2D=500

2023-02-07 10:35:50,469 - rotary_actuator - DEBUG - String sent: 2PR D

2023-02-07 10:35:50,570 - rotary_actuator - INFO - Set D=500[92m -> OK[0m
2023-02-07 10:35:50,570 - rotary_actuator - DEBUG - String sent: 2VI=200

2023-02-07 10:35:50,570 - rotary_actuator - DEBUG - String sent: 2PR VI

2023-02-07 10:35:50,671 - rotary_actuator - INFO - Set VI=200[92m -> OK[0m
2023-02-07 10:35:50,672 - rotary_actuator - DEBUG - String sent: 2VM=800

2023-02-07 10:35:50,672 - rotary_actuator - DEBUG - String sent: 2PR VM

2023-02-07 10:35:50,773 - rotary_actuator - INFO - Set VM=800[92m -> OK[0m
2023-02-07 10:35:50,774 - rotary_actuator - DEBUG - String sent: 2HC=5

2023-02-07 10:35:50,774 - rotary_actuator - DEBUG - String sent: 2PR HC

2023-02-07 10:35:50,875 - rotary_actuator - INFO - Set HC=5[92m -> OK[0m
2023-02-07 10:35:50,875 - rotary_actuator - DEBUG - String sent: 2RC=90

2023-02-07 10:35:50,876 - rotary_actuator - DEBUG - String sent: 2PR RC

2023-02-07 10:35:50,977 - rotary_actuator - INFO - Set RC=90[92m -> OK[0m
2023-02-07 10:35:50,977 - rotary_actuator - DEBUG - String sent: 2EE=1

2023-02-07 10:35:50,978 - rotary_actuator - DEBUG - String sent: 2PR EE

2023-02-07 10:35:51,079 - rotary_actuator - INFO - Set EE=1[92m -> OK[0m
2023-02-07 10:35:51,079 - rotary_actuator - DEBUG - String sent: 2S4=0,0,0

2023-02-07 10:35:51,080 - rotary_actuator - DEBUG - String sent: 2PR S4

2023-02-07 10:35:51,181 - rotary_actuator - INFO - Set S4=0,0,0[92m -> OK[0m
2023-02-07 10:35:51,181 - rotary_actuator - INFO - Set S1 and S2 as limit switches
2023-02-07 10:35:51,181 - rotary_actuator - DEBUG - String sent: 2S1=2,0,0

2023-02-07 10:35:51,182 - rotary_actuator - DEBUG - String sent: 2PR S1

2023-02-07 10:35:51,283 - rotary_actuator - INFO - Set S1=2,0,0[92m -> OK[0m
2023-02-07 10:35:51,283 - rotary_actuator - DEBUG - String sent: 2S2=3,0,0

2023-02-07 10:35:51,284 - rotary_actuator - DEBUG - String sent: 2PR S2

2023-02-07 10:35:51,385 - rotary_actuator - INFO - Set S2=3,0,0[92m -> OK[0m
