2023-04-05 15:20:11,499 - rotary_actuator - INFO - started logger
2023-04-05 15:20:11,499 - rotary_actuator - INFO - CAUTION USING NON SPECIFIC CONFIG FILES
2023-04-05 15:20:11,499 - rotary_actuator - INFO - Using config file (/home/shivaraj/Desktop/SBN/Pyhton2_to_3/SBND_laser_control/workspace/RunControl/devices/config/config_rotary_actuator.json)
2023-04-05 15:20:14,038 - rotary_actuator - INFO - CAUTION USING NON SPECIFIC CONFIG FILES
2023-04-05 15:20:14,039 - rotary_actuator - INFO - Using config file (/home/shivaraj/Desktop/SBN/Pyhton2_to_3/SBND_laser_control/workspace/RunControl/devices/config/com_ports.json)
2023-04-05 15:20:15,042 - rotary_actuator - INFO - Com port (/dev/ttyUSB0) opened
2023-04-05 15:20:15,042 - rotary_actuator - INFO - ---------------- init axis -----------------
2023-04-05 15:20:15,143 - rotary_actuator - DEBUG - String sent: 2MS=256

2023-04-05 15:20:15,244 - rotary_actuator - DEBUG - String sent: 2PR MS

2023-04-05 15:20:15,345 - rotary_actuator - INFO - Set MS=256[92m -> OK[0m
2023-04-05 15:20:15,446 - rotary_actuator - DEBUG - String sent: 2A=500

2023-04-05 15:20:15,546 - rotary_actuator - DEBUG - String sent: 2PR A

2023-04-05 15:20:15,647 - rotary_actuator - INFO - Set A=500[92m -> OK[0m
2023-04-05 15:20:15,748 - rotary_actuator - DEBUG - String sent: 2D=500

2023-04-05 15:20:15,849 - rotary_actuator - DEBUG - String sent: 2PR D

2023-04-05 15:20:15,951 - rotary_actuator - INFO - Set D=500[92m -> OK[0m
2023-04-05 15:20:16,051 - rotary_actuator - DEBUG - String sent: 2VI=200

2023-04-05 15:20:16,152 - rotary_actuator - DEBUG - String sent: 2PR VI

2023-04-05 15:20:16,253 - rotary_actuator - INFO - Set VI=200[92m -> OK[0m
2023-04-05 15:20:16,354 - rotary_actuator - DEBUG - String sent: 2VM=800

2023-04-05 15:20:16,455 - rotary_actuator - DEBUG - String sent: 2PR VM

2023-04-05 15:20:16,556 - rotary_actuator - INFO - Set VM=800[92m -> OK[0m
2023-04-05 15:20:16,657 - rotary_actuator - DEBUG - String sent: 2HC=5

2023-04-05 15:20:16,758 - rotary_actuator - DEBUG - String sent: 2PR HC

2023-04-05 15:20:16,859 - rotary_actuator - INFO - Set HC=5[92m -> OK[0m
2023-04-05 15:20:16,959 - rotary_actuator - DEBUG - String sent: 2RC=90

2023-04-05 15:20:17,060 - rotary_actuator - DEBUG - String sent: 2PR RC

2023-04-05 15:20:17,160 - rotary_actuator - INFO - Set RC=90[92m -> OK[0m
2023-04-05 15:20:17,260 - rotary_actuator - DEBUG - String sent: 2EE=1

2023-04-05 15:20:17,361 - rotary_actuator - DEBUG - String sent: 2PR EE

2023-04-05 15:20:17,461 - rotary_actuator - INFO - Set EE=1[92m -> OK[0m
2023-04-05 15:20:17,561 - rotary_actuator - DEBUG - String sent: 2S4=0,0,0

2023-04-05 15:20:17,662 - rotary_actuator - DEBUG - String sent: 2PR S4

2023-04-05 15:20:17,762 - rotary_actuator - INFO - Set S4=0,0,0[92m -> OK[0m
2023-04-05 15:20:17,762 - rotary_actuator - INFO - Set S1 and S2 as limit switches
2023-04-05 15:20:17,862 - rotary_actuator - DEBUG - String sent: 2S1=2,0,0

2023-04-05 15:20:17,963 - rotary_actuator - DEBUG - String sent: 2PR S1

2023-04-05 15:20:18,063 - rotary_actuator - INFO - Set S1=2,0,0[92m -> OK[0m
2023-04-05 15:20:18,164 - rotary_actuator - DEBUG - String sent: 2S2=3,0,0

2023-04-05 15:20:18,264 - rotary_actuator - DEBUG - String sent: 2PR S2

2023-04-05 15:20:18,364 - rotary_actuator - INFO - Set S2=3,0,0[92m -> OK[0m
2023-04-05 15:20:44,881 - rotary_actuator - DEBUG - String sent: 2PR P

2023-04-05 15:20:44,982 - rotary_actuator - INFO - Moving 100 microsteps
2023-04-05 15:20:45,083 - rotary_actuator - DEBUG - String sent: 2MR 100

2023-04-05 15:20:46,933 - rotary_actuator - DEBUG - String sent: 2PR P

2023-04-05 15:20:47,034 - rotary_actuator - INFO - Moving 100 microsteps
2023-04-05 15:20:47,135 - rotary_actuator - DEBUG - String sent: 2MR 100

