2023-02-07 11:18:07,275 - rotary_actuator - INFO - started logger
2023-02-07 11:18:07,275 - rotary_actuator - INFO - CAUTION USING NON SPECIFIC CONFIG FILES
2023-02-07 11:18:07,275 - rotary_actuator - INFO - Using config file (/home/shivaraj/Desktop/SBN/Pyhton2_to_3/SBND_laser_control/workspace/RunControl/devices/config/config_rotary_actuator.json)
2023-02-07 11:18:09,758 - rotary_actuator - INFO - CAUTION USING NON SPECIFIC CONFIG FILES
2023-02-07 11:18:09,766 - rotary_actuator - INFO - Using config file (/home/shivaraj/Desktop/SBN/Pyhton2_to_3/SBND_laser_control/workspace/RunControl/devices/config/com_ports.json)
2023-02-07 11:18:10,769 - rotary_actuator - INFO - Com port (/dev/ttyUSB0) opened
2023-02-07 11:18:10,770 - rotary_actuator - INFO - ---------------- init axis -----------------
2023-02-07 11:18:10,771 - rotary_actuator - DEBUG - String sent: 2MS=256

2023-02-07 11:18:10,771 - rotary_actuator - DEBUG - String sent: 2PR MS

2023-02-07 11:18:10,872 - rotary_actuator - INFO - Set MS=256[92m -> OK[0m
2023-02-07 11:18:10,872 - rotary_actuator - DEBUG - String sent: 2A=500

2023-02-07 11:18:10,873 - rotary_actuator - DEBUG - String sent: 2PR A

2023-02-07 11:18:10,974 - rotary_actuator - INFO - Set A=500[92m -> OK[0m
2023-02-07 11:18:10,974 - rotary_actuator - DEBUG - String sent: 2D=500

2023-02-07 11:18:10,975 - rotary_actuator - DEBUG - String sent: 2PR D

2023-02-07 11:18:11,075 - rotary_actuator - INFO - Set D=500[92m -> OK[0m
2023-02-07 11:18:11,076 - rotary_actuator - DEBUG - String sent: 2VI=200

2023-02-07 11:18:11,076 - rotary_actuator - DEBUG - String sent: 2PR VI

2023-02-07 11:18:11,177 - rotary_actuator - INFO - Set VI=200[92m -> OK[0m
2023-02-07 11:18:11,178 - rotary_actuator - DEBUG - String sent: 2VM=800

2023-02-07 11:18:11,178 - rotary_actuator - DEBUG - String sent: 2PR VM

2023-02-07 11:18:11,279 - rotary_actuator - INFO - Set VM=800[92m -> OK[0m
2023-02-07 11:18:11,279 - rotary_actuator - DEBUG - String sent: 2HC=5

2023-02-07 11:18:11,279 - rotary_actuator - DEBUG - String sent: 2PR HC

2023-02-07 11:18:11,380 - rotary_actuator - INFO - Set HC=5[92m -> OK[0m
2023-02-07 11:18:11,380 - rotary_actuator - DEBUG - String sent: 2RC=90

2023-02-07 11:18:11,380 - rotary_actuator - DEBUG - String sent: 2PR RC

2023-02-07 11:18:11,481 - rotary_actuator - INFO - Set RC=90[92m -> OK[0m
2023-02-07 11:18:11,482 - rotary_actuator - DEBUG - String sent: 2EE=1

2023-02-07 11:18:11,482 - rotary_actuator - DEBUG - String sent: 2PR EE

2023-02-07 11:18:11,583 - rotary_actuator - INFO - Set EE=1[92m -> OK[0m
2023-02-07 11:18:11,584 - rotary_actuator - DEBUG - String sent: 2S4=0,0,0

2023-02-07 11:18:11,584 - rotary_actuator - DEBUG - String sent: 2PR S4

2023-02-07 11:18:11,685 - rotary_actuator - INFO - Set S4=0,0,0[92m -> OK[0m
2023-02-07 11:18:11,685 - rotary_actuator - INFO - Set S1 and S2 as limit switches
2023-02-07 11:18:11,686 - rotary_actuator - DEBUG - String sent: 2S1=2,0,0

2023-02-07 11:18:11,686 - rotary_actuator - DEBUG - String sent: 2PR S1

2023-02-07 11:18:11,787 - rotary_actuator - INFO - Set S1=2,0,0[92m -> OK[0m
2023-02-07 11:18:11,788 - rotary_actuator - DEBUG - String sent: 2S2=3,0,0

2023-02-07 11:18:11,788 - rotary_actuator - DEBUG - String sent: 2PR S2

2023-02-07 11:18:11,888 - rotary_actuator - INFO - Set S2=3,0,0[92m -> OK[0m
2023-02-07 11:22:37,537 - rotary_actuator - INFO - CAUTION USING NON SPECIFIC CONFIG FILES
2023-02-07 11:22:37,537 - rotary_actuator - INFO - Using config file (/home/shivaraj/Desktop/SBN/Pyhton2_to_3/SBND_laser_control/workspace/RunControl/devices/config/com_ports.json)
2023-02-07 11:22:38,540 - rotary_actuator - INFO - Com port (/dev/ttyUSB0) opened
2023-02-07 11:22:38,541 - rotary_actuator - INFO - ---------------- init axis -----------------
2023-02-07 11:22:38,541 - rotary_actuator - DEBUG - String sent: 2MS=256

2023-02-07 11:22:38,542 - rotary_actuator - DEBUG - String sent: 2PR MS

2023-02-07 11:22:38,643 - rotary_actuator - INFO - Set MS=256[92m -> OK[0m
2023-02-07 11:22:38,643 - rotary_actuator - DEBUG - String sent: 2A=500

2023-02-07 11:22:38,643 - rotary_actuator - DEBUG - String sent: 2PR A

2023-02-07 11:22:38,744 - rotary_actuator - INFO - Set A=500[92m -> OK[0m
2023-02-07 11:22:38,745 - rotary_actuator - DEBUG - String sent: 2D=500

2023-02-07 11:22:38,745 - rotary_actuator - DEBUG - String sent: 2PR D

2023-02-07 11:22:38,846 - rotary_actuator - INFO - Set D=500[92m -> OK[0m
2023-02-07 11:22:38,847 - rotary_actuator - DEBUG - String sent: 2VI=200

2023-02-07 11:22:38,847 - rotary_actuator - DEBUG - String sent: 2PR VI

2023-02-07 11:22:38,948 - rotary_actuator - INFO - Set VI=200[92m -> OK[0m
2023-02-07 11:22:38,949 - rotary_actuator - DEBUG - String sent: 2VM=800

2023-02-07 11:22:38,949 - rotary_actuator - DEBUG - String sent: 2PR VM

2023-02-07 11:22:39,050 - rotary_actuator - INFO - Set VM=800[92m -> OK[0m
2023-02-07 11:22:39,051 - rotary_actuator - DEBUG - String sent: 2HC=5

2023-02-07 11:22:39,051 - rotary_actuator - DEBUG - String sent: 2PR HC

2023-02-07 11:22:39,152 - rotary_actuator - INFO - Set HC=5[92m -> OK[0m
2023-02-07 11:22:39,152 - rotary_actuator - DEBUG - String sent: 2RC=90

2023-02-07 11:22:39,153 - rotary_actuator - DEBUG - String sent: 2PR RC

2023-02-07 11:22:39,253 - rotary_actuator - INFO - Set RC=90[92m -> OK[0m
2023-02-07 11:22:39,254 - rotary_actuator - DEBUG - String sent: 2EE=1

2023-02-07 11:22:39,254 - rotary_actuator - DEBUG - String sent: 2PR EE

2023-02-07 11:22:39,355 - rotary_actuator - INFO - Set EE=1[92m -> OK[0m
2023-02-07 11:22:39,356 - rotary_actuator - DEBUG - String sent: 2S4=0,0,0

2023-02-07 11:22:39,356 - rotary_actuator - DEBUG - String sent: 2PR S4

2023-02-07 11:22:39,457 - rotary_actuator - INFO - Set S4=0,0,0[92m -> OK[0m
2023-02-07 11:22:39,457 - rotary_actuator - INFO - Set S1 and S2 as limit switches
2023-02-07 11:22:39,458 - rotary_actuator - DEBUG - String sent: 2S1=2,0,0

2023-02-07 11:22:39,458 - rotary_actuator - DEBUG - String sent: 2PR S1

2023-02-07 11:22:39,559 - rotary_actuator - INFO - Set S1=2,0,0[92m -> OK[0m
2023-02-07 11:22:39,560 - rotary_actuator - DEBUG - String sent: 2S2=3,0,0

2023-02-07 11:22:39,560 - rotary_actuator - DEBUG - String sent: 2PR S2

2023-02-07 11:22:39,661 - rotary_actuator - INFO - Set S2=3,0,0[92m -> OK[0m
