2023-04-05 15:07:32,794 - rotary_actuator - INFO - started logger
2023-04-05 15:07:32,795 - rotary_actuator - INFO - CAUTION USING NON SPECIFIC CONFIG FILES
2023-04-05 15:07:32,795 - rotary_actuator - INFO - Using config file (/home/shivaraj/Desktop/SBN/Pyhton2_to_3/SBND_laser_control/workspace/RunControl/devices/config/config_rotary_actuator.json)
2023-04-05 15:07:35,308 - rotary_actuator - INFO - CAUTION USING NON SPECIFIC CONFIG FILES
2023-04-05 15:07:35,309 - rotary_actuator - INFO - Using config file (/home/shivaraj/Desktop/SBN/Pyhton2_to_3/SBND_laser_control/workspace/RunControl/devices/config/com_ports.json)
2023-04-05 15:07:36,311 - rotary_actuator - INFO - Com port (/dev/ttyUSB0) opened
2023-04-05 15:07:36,312 - rotary_actuator - INFO - ---------------- init axis -----------------
2023-04-05 15:07:36,413 - rotary_actuator - DEBUG - String sent: 2MS=256

2023-04-05 15:07:36,514 - rotary_actuator - DEBUG - String sent: 2PR MS

2023-04-05 15:07:36,615 - rotary_actuator - ERROR - Set MS=256 failed
2023-04-05 15:07:36,716 - rotary_actuator - DEBUG - String sent: 2A=500

2023-04-05 15:07:36,816 - rotary_actuator - DEBUG - String sent: 2PR A

2023-04-05 15:07:36,917 - rotary_actuator - ERROR - Set A=500 failed
2023-04-05 15:07:37,018 - rotary_actuator - DEBUG - String sent: 2D=500

2023-04-05 15:07:37,119 - rotary_actuator - DEBUG - String sent: 2PR D

2023-04-05 15:07:37,220 - rotary_actuator - ERROR - Set D=500 failed
2023-04-05 15:07:37,321 - rotary_actuator - DEBUG - String sent: 2VI=200

2023-04-05 15:07:37,422 - rotary_actuator - DEBUG - String sent: 2PR VI

2023-04-05 15:07:37,523 - rotary_actuator - ERROR - Set VI=200 failed
2023-04-05 15:07:37,624 - rotary_actuator - DEBUG - String sent: 2VM=800

2023-04-05 15:07:37,725 - rotary_actuator - DEBUG - String sent: 2PR VM

2023-04-05 15:07:37,827 - rotary_actuator - ERROR - Set VM=800 failed
2023-04-05 15:07:37,927 - rotary_actuator - DEBUG - String sent: 2HC=5

2023-04-05 15:07:38,028 - rotary_actuator - DEBUG - String sent: 2PR HC

2023-04-05 15:07:38,129 - rotary_actuator - ERROR - Set HC=5 failed
2023-04-05 15:07:38,230 - rotary_actuator - DEBUG - String sent: 2RC=90

2023-04-05 15:07:38,331 - rotary_actuator - DEBUG - String sent: 2PR RC

2023-04-05 15:07:38,433 - rotary_actuator - ERROR - Set RC=90 failed
2023-04-05 15:07:38,534 - rotary_actuator - DEBUG - String sent: 2EE=1

2023-04-05 15:07:38,634 - rotary_actuator - DEBUG - String sent: 2PR EE

2023-04-05 15:07:38,736 - rotary_actuator - ERROR - Set EE=1 failed
2023-04-05 15:07:38,837 - rotary_actuator - DEBUG - String sent: 2S4=0,0,0

2023-04-05 15:07:38,938 - rotary_actuator - DEBUG - String sent: 2PR S4

2023-04-05 15:07:39,039 - rotary_actuator - ERROR - Set S4=0,0,0 failed
2023-04-05 15:07:39,039 - rotary_actuator - INFO - Set S1 and S2 as limit switches
2023-04-05 15:07:39,140 - rotary_actuator - DEBUG - String sent: 2S1=2,0,0

2023-04-05 15:07:39,242 - rotary_actuator - DEBUG - String sent: 2PR S1

2023-04-05 15:07:39,343 - rotary_actuator - ERROR - Set S1=2,0,0 failed
2023-04-05 15:07:39,444 - rotary_actuator - DEBUG - String sent: 2S2=3,0,0

2023-04-05 15:07:39,545 - rotary_actuator - DEBUG - String sent: 2PR S2

2023-04-05 15:07:39,647 - rotary_actuator - ERROR - Set S2=3,0,0 failed
2023-04-05 15:07:40,148 - rotary_actuator - INFO - limit switches were not set correctly
2023-04-05 15:07:40,149 - rotary_actuator - INFO - Set S1 and S2 as limit switches
2023-04-05 15:07:40,250 - rotary_actuator - DEBUG - String sent: 2S1=2,0,0

2023-04-05 15:07:40,351 - rotary_actuator - DEBUG - String sent: 2PR S1

2023-04-05 15:07:40,452 - rotary_actuator - ERROR - Set S1=2,0,0 failed
2023-04-05 15:07:40,553 - rotary_actuator - DEBUG - String sent: 2S2=3,0,0

2023-04-05 15:07:40,654 - rotary_actuator - DEBUG - String sent: 2PR S2

2023-04-05 15:07:40,756 - rotary_actuator - ERROR - Set S2=3,0,0 failed
2023-04-05 15:07:41,257 - rotary_actuator - INFO - limit switches were not set correctly
2023-04-05 15:07:41,257 - rotary_actuator - INFO - Set S1 and S2 as limit switches
2023-04-05 15:07:41,358 - rotary_actuator - DEBUG - String sent: 2S1=2,0,0

2023-04-05 15:07:41,460 - rotary_actuator - DEBUG - String sent: 2PR S1

2023-04-05 15:07:41,561 - rotary_actuator - ERROR - Set S1=2,0,0 failed
2023-04-05 15:07:41,662 - rotary_actuator - DEBUG - String sent: 2S2=3,0,0

2023-04-05 15:07:41,763 - rotary_actuator - DEBUG - String sent: 2PR S2

2023-04-05 15:07:41,865 - rotary_actuator - ERROR - Set S2=3,0,0 failed
2023-04-05 15:07:42,366 - rotary_actuator - INFO - limit switches were not set correctly
2023-04-05 15:07:42,366 - rotary_actuator - INFO - Set S1 and S2 as limit switches
2023-04-05 15:07:42,467 - rotary_actuator - DEBUG - String sent: 2S1=2,0,0

2023-04-05 15:07:42,569 - rotary_actuator - DEBUG - String sent: 2PR S1

2023-04-05 15:07:42,670 - rotary_actuator - ERROR - Set S1=2,0,0 failed
2023-04-05 15:07:42,771 - rotary_actuator - DEBUG - String sent: 2S2=3,0,0

2023-04-05 15:07:42,872 - rotary_actuator - DEBUG - String sent: 2PR S2

2023-04-05 15:07:42,974 - rotary_actuator - ERROR - Set S2=3,0,0 failed
2023-04-05 15:07:43,475 - rotary_actuator - INFO - limit switches were not set correctly
2023-04-05 15:07:43,476 - rotary_actuator - ERROR - Setting the limit switch failed 5 times -> exiting
