2023-02-07 10:45:37,824 - rotary_actuator - INFO - started logger
2023-02-07 10:45:37,824 - rotary_actuator - INFO - CAUTION USING NON SPECIFIC CONFIG FILES
2023-02-07 10:45:37,824 - rotary_actuator - INFO - Using config file (/home/shivaraj/Desktop/SBN/Pyhton2_to_3/SBND_laser_control/workspace/RunControl/devices/config/config_rotary_actuator.json)
2023-02-07 10:45:41,464 - rotary_actuator - INFO - CAUTION USING NON SPECIFIC CONFIG FILES
2023-02-07 10:45:41,465 - rotary_actuator - INFO - Using config file (/home/shivaraj/Desktop/SBN/Pyhton2_to_3/SBND_laser_control/workspace/RunControl/devices/config/com_ports.json)
2023-02-07 10:45:42,467 - rotary_actuator - INFO - Com port (/dev/ttyUSB0) opened
2023-02-07 10:45:42,468 - rotary_actuator - INFO - ---------------- init axis -----------------
2023-02-07 10:45:42,468 - rotary_actuator - DEBUG - String sent: 2MS=256

2023-02-07 10:45:42,469 - rotary_actuator - DEBUG - String sent: 2PR MS

2023-02-07 10:45:42,569 - rotary_actuator - INFO - Set MS=256[92m -> OK[0m
2023-02-07 10:45:42,570 - rotary_actuator - DEBUG - String sent: 2A=500

2023-02-07 10:45:42,570 - rotary_actuator - DEBUG - String sent: 2PR A

2023-02-07 10:45:42,671 - rotary_actuator - INFO - Set A=500[92m -> OK[0m
2023-02-07 10:45:42,672 - rotary_actuator - DEBUG - String sent: 2D=500

2023-02-07 10:45:42,672 - rotary_actuator - DEBUG - String sent: 2PR D

2023-02-07 10:45:42,772 - rotary_actuator - INFO - Set D=500[92m -> OK[0m
2023-02-07 10:45:42,773 - rotary_actuator - DEBUG - String sent: 2VI=200

2023-02-07 10:45:42,773 - rotary_actuator - DEBUG - String sent: 2PR VI

2023-02-07 10:45:42,874 - rotary_actuator - INFO - Set VI=200[92m -> OK[0m
2023-02-07 10:45:42,874 - rotary_actuator - DEBUG - String sent: 2VM=800

2023-02-07 10:45:42,875 - rotary_actuator - DEBUG - String sent: 2PR VM

2023-02-07 10:45:42,976 - rotary_actuator - INFO - Set VM=800[92m -> OK[0m
2023-02-07 10:45:42,976 - rotary_actuator - DEBUG - String sent: 2HC=5

2023-02-07 10:45:42,977 - rotary_actuator - DEBUG - String sent: 2PR HC

2023-02-07 10:45:43,078 - rotary_actuator - INFO - Set HC=5[92m -> OK[0m
2023-02-07 10:45:43,078 - rotary_actuator - DEBUG - String sent: 2RC=90

2023-02-07 10:45:43,079 - rotary_actuator - DEBUG - String sent: 2PR RC

2023-02-07 10:45:43,179 - rotary_actuator - INFO - Set RC=90[92m -> OK[0m
2023-02-07 10:45:43,180 - rotary_actuator - DEBUG - String sent: 2EE=1

2023-02-07 10:45:43,180 - rotary_actuator - DEBUG - String sent: 2PR EE

2023-02-07 10:45:43,281 - rotary_actuator - INFO - Set EE=1[92m -> OK[0m
2023-02-07 10:45:43,282 - rotary_actuator - DEBUG - String sent: 2S4=0,0,0

2023-02-07 10:45:43,282 - rotary_actuator - DEBUG - String sent: 2PR S4

2023-02-07 10:45:43,383 - rotary_actuator - INFO - Set S4=0,0,0[92m -> OK[0m
2023-02-07 10:45:43,383 - rotary_actuator - INFO - Set S1 and S2 as limit switches
2023-02-07 10:45:43,384 - rotary_actuator - DEBUG - String sent: 2S1=2,0,0

2023-02-07 10:45:43,384 - rotary_actuator - DEBUG - String sent: 2PR S1

2023-02-07 10:45:43,485 - rotary_actuator - INFO - Set S1=2,0,0[92m -> OK[0m
2023-02-07 10:45:43,485 - rotary_actuator - DEBUG - String sent: 2S2=3,0,0

2023-02-07 10:45:43,486 - rotary_actuator - DEBUG - String sent: 2PR S2

2023-02-07 10:45:43,586 - rotary_actuator - INFO - Set S2=3,0,0[92m -> OK[0m
