2023-04-05 16:41:09,871 - rotary_actuator - INFO - started logger
2023-04-05 16:41:09,871 - rotary_actuator - INFO - CAUTION USING NON SPECIFIC CONFIG FILES
2023-04-05 16:41:09,872 - rotary_actuator - INFO - Using config file (/home/shivaraj/Desktop/SBN/Pyhton2_to_3/SBND_laser_control/workspace/RunControl/devices/config/config_rotary_actuator.json)
2023-04-05 16:41:12,902 - rotary_actuator - INFO - CAUTION USING NON SPECIFIC CONFIG FILES
2023-04-05 16:41:12,902 - rotary_actuator - INFO - Using config file (/home/shivaraj/Desktop/SBN/Pyhton2_to_3/SBND_laser_control/workspace/RunControl/devices/config/com_ports.json)
2023-04-05 16:41:13,904 - rotary_actuator - INFO - Com port (/dev/ttyUSB0) opened
2023-04-05 16:41:13,904 - rotary_actuator - INFO - ---------------- init axis -----------------
2023-04-05 16:41:14,004 - rotary_actuator - DEBUG - String sent: 2MS=256

2023-04-05 16:41:14,105 - rotary_actuator - DEBUG - String sent: 2PR MS

2023-04-05 16:41:14,607 - rotary_actuator - INFO - Set MS=256[92m -> OK[0m
2023-04-05 16:41:14,708 - rotary_actuator - DEBUG - String sent: 2A=500

2023-04-05 16:41:14,809 - rotary_actuator - DEBUG - String sent: 2PR A

2023-04-05 16:41:15,310 - rotary_actuator - INFO - Set A=500[92m -> OK[0m
2023-04-05 16:41:15,411 - rotary_actuator - DEBUG - String sent: 2D=500

2023-04-05 16:41:15,512 - rotary_actuator - DEBUG - String sent: 2PR D

2023-04-05 16:41:16,013 - rotary_actuator - INFO - Set D=500[92m -> OK[0m
2023-04-05 16:41:16,113 - rotary_actuator - DEBUG - String sent: 2VI=200

2023-04-05 16:41:16,214 - rotary_actuator - DEBUG - String sent: 2PR VI

2023-04-05 16:41:16,715 - rotary_actuator - INFO - Set VI=200[92m -> OK[0m
2023-04-05 16:41:16,816 - rotary_actuator - DEBUG - String sent: 2VM=800

2023-04-05 16:41:16,917 - rotary_actuator - DEBUG - String sent: 2PR VM

2023-04-05 16:41:17,419 - rotary_actuator - INFO - Set VM=800[92m -> OK[0m
2023-04-05 16:41:17,520 - rotary_actuator - DEBUG - String sent: 2HC=5

2023-04-05 16:41:17,621 - rotary_actuator - DEBUG - String sent: 2PR HC

2023-04-05 16:41:18,122 - rotary_actuator - INFO - Set HC=5[92m -> OK[0m
2023-04-05 16:41:18,223 - rotary_actuator - DEBUG - String sent: 2RC=90

2023-04-05 16:41:18,324 - rotary_actuator - DEBUG - String sent: 2PR RC

2023-04-05 16:41:18,826 - rotary_actuator - INFO - Set RC=90[92m -> OK[0m
2023-04-05 16:41:18,927 - rotary_actuator - DEBUG - String sent: 2EE=1

2023-04-05 16:41:19,028 - rotary_actuator - DEBUG - String sent: 2PR EE

2023-04-05 16:41:19,529 - rotary_actuator - INFO - Set EE=1[92m -> OK[0m
2023-04-05 16:41:19,630 - rotary_actuator - DEBUG - String sent: 2SM=1

2023-04-05 16:41:19,731 - rotary_actuator - DEBUG - String sent: 2PR SM

2023-04-05 16:41:20,232 - rotary_actuator - INFO - Set SM=1[92m -> OK[0m
2023-04-05 16:41:20,333 - rotary_actuator - DEBUG - String sent: 2SF=20

2023-04-05 16:41:20,434 - rotary_actuator - DEBUG - String sent: 2PR SF

2023-04-05 16:41:20,936 - rotary_actuator - INFO - Set SF=20[92m -> OK[0m
2023-04-05 16:41:21,036 - rotary_actuator - DEBUG - String sent: 2S3=0,0,0

2023-04-05 16:41:21,137 - rotary_actuator - DEBUG - String sent: 2PR S3

2023-04-05 16:41:21,639 - rotary_actuator - INFO - Set S3=0,0,0[92m -> OK[0m
2023-04-05 16:41:21,740 - rotary_actuator - DEBUG - String sent: 2S4=0,0,0

2023-04-05 16:41:21,841 - rotary_actuator - DEBUG - String sent: 2PR S4

2023-04-05 16:41:22,342 - rotary_actuator - INFO - Set S4=0,0,0[92m -> OK[0m
2023-04-05 16:41:22,342 - rotary_actuator - INFO - Set S1 and S2 as limit switches
2023-04-05 16:41:22,443 - rotary_actuator - DEBUG - String sent: 2S1=2,0,0

2023-04-05 16:41:22,544 - rotary_actuator - DEBUG - String sent: 2PR S1

2023-04-05 16:41:23,046 - rotary_actuator - INFO - Set S1=2,0,0[92m -> OK[0m
2023-04-05 16:41:23,146 - rotary_actuator - DEBUG - String sent: 2S2=3,0,0

2023-04-05 16:41:23,247 - rotary_actuator - DEBUG - String sent: 2PR S2

2023-04-05 16:41:23,749 - rotary_actuator - INFO - Set S2=3,0,0[92m -> OK[0m
2023-04-05 16:41:40,343 - rotary_actuator - DEBUG - String sent: 2PR P

2023-04-05 16:41:40,845 - rotary_actuator - INFO - Moving 150 microsteps
2023-04-05 16:41:40,946 - rotary_actuator - DEBUG - String sent: 2MR 150

2023-04-05 16:41:44,449 - rotary_actuator - DEBUG - String sent: 2PR P

2023-04-05 16:41:44,957 - rotary_actuator - INFO - Moving 1500 microsteps
2023-04-05 16:41:45,058 - rotary_actuator - DEBUG - String sent: 2MR 1500

2023-04-05 16:41:54,192 - rotary_actuator - DEBUG - String sent: 2PR P

2023-04-05 16:41:54,693 - rotary_actuator - INFO - Moving 15000 microsteps
2023-04-05 16:41:54,794 - rotary_actuator - DEBUG - String sent: 2MR 15000

2023-04-05 16:46:01,857 - rotary_actuator - DEBUG - String sent: 2PR P

2023-04-05 16:46:02,358 - rotary_actuator - INFO - Moving 15000 microsteps
2023-04-05 16:46:02,459 - rotary_actuator - DEBUG - String sent: 2MR 15000

2023-04-05 16:46:58,789 - rotary_actuator - DEBUG - String sent: 2PR P

2023-04-05 16:46:59,290 - rotary_actuator - INFO - Moving 15000 microsteps
2023-04-05 16:46:59,391 - rotary_actuator - DEBUG - String sent: 2MR 15000

2023-04-05 16:47:06,893 - rotary_actuator - DEBUG - String sent: 2PR P

2023-04-05 16:47:07,394 - rotary_actuator - INFO - Moving 15000 microsteps
2023-04-05 16:47:07,495 - rotary_actuator - DEBUG - String sent: 2MR 15000

2023-04-05 16:47:27,235 - rotary_actuator - DEBUG - String sent: 2PR P

2023-04-05 16:47:34,879 - rotary_actuator - DEBUG - String sent: 2PR P

2023-04-05 16:47:35,380 - rotary_actuator - INFO - Moving 15000 microsteps
2023-04-05 16:47:35,482 - rotary_actuator - DEBUG - String sent: 2MR 15000

2023-04-05 16:47:46,877 - rotary_actuator - DEBUG - String sent: 2PR P

2023-04-05 16:47:56,139 - rotary_actuator - DEBUG - String sent: 2PR P

2023-04-05 16:47:56,641 - rotary_actuator - INFO - Moving 15000 microsteps
2023-04-05 16:47:56,742 - rotary_actuator - DEBUG - String sent: 2MR 15000

2023-04-05 16:48:17,303 - rotary_actuator - DEBUG - String sent: 2PR P

2023-04-05 16:48:20,448 - rotary_actuator - DEBUG - String sent: 2PR P

2023-04-05 16:48:30,023 - rotary_actuator - DEBUG - String sent: 2PR P

2023-04-05 16:48:34,085 - rotary_actuator - DEBUG - String sent: 2PR P

2023-04-05 16:48:42,341 - rotary_actuator - DEBUG - String sent: 2PR P

2023-04-05 16:48:42,843 - rotary_actuator - INFO - Moving 15000 microsteps
2023-04-05 16:48:42,944 - rotary_actuator - DEBUG - String sent: 2MR 15000

2023-04-05 16:48:46,939 - rotary_actuator - DEBUG - String sent: 2PR P

2023-04-05 16:48:47,441 - rotary_actuator - INFO - Moving 15000 microsteps
2023-04-05 16:48:47,542 - rotary_actuator - DEBUG - String sent: 2MR 15000

2023-04-05 16:48:55,938 - rotary_actuator - DEBUG - String sent: 2PR P

2023-04-05 16:48:58,742 - rotary_actuator - DEBUG - String sent: 2PR P

2023-04-05 16:49:01,779 - rotary_actuator - DEBUG - String sent: 2PR P

2023-04-05 16:49:02,280 - rotary_actuator - INFO - Moving 15000 microsteps
2023-04-05 16:49:02,382 - rotary_actuator - DEBUG - String sent: 2MR 15000

2023-04-05 16:49:12,991 - rotary_actuator - DEBUG - String sent: 2PR P

2023-04-05 16:49:33,463 - rotary_actuator - DEBUG - String sent: 2PR P

2023-04-05 16:49:33,964 - rotary_actuator - INFO - Moving 150 microsteps
2023-04-05 16:49:34,064 - rotary_actuator - DEBUG - String sent: 2MR 150

