2023-04-05 16:02:49,657 - rotary_actuator - INFO - started logger
2023-04-05 16:02:49,657 - rotary_actuator - INFO - CAUTION USING NON SPECIFIC CONFIG FILES
2023-04-05 16:02:49,657 - rotary_actuator - INFO - Using config file (/home/shivaraj/Desktop/SBN/Pyhton2_to_3/SBND_laser_control/workspace/RunControl/devices/config/config_rotary_actuator.json)
2023-04-05 16:02:52,478 - rotary_actuator - INFO - CAUTION USING NON SPECIFIC CONFIG FILES
2023-04-05 16:02:52,478 - rotary_actuator - INFO - Using config file (/home/shivaraj/Desktop/SBN/Pyhton2_to_3/SBND_laser_control/workspace/RunControl/devices/config/com_ports.json)
2023-04-05 16:02:53,481 - rotary_actuator - INFO - Com port (/dev/ttyUSB0) opened
2023-04-05 16:02:53,481 - rotary_actuator - INFO - ---------------- init axis -----------------
2023-04-05 16:02:53,582 - rotary_actuator - DEBUG - String sent: 2MS=256

2023-04-05 16:02:53,683 - rotary_actuator - DEBUG - String sent: 2PR MS

2023-04-05 16:02:53,784 - rotary_actuator - ERROR - Set MS=256 failed
2023-04-05 16:02:53,885 - rotary_actuator - DEBUG - String sent: 2A=500

2023-04-05 16:02:53,986 - rotary_actuator - DEBUG - String sent: 2PR A

2023-04-05 16:02:54,087 - rotary_actuator - INFO - Set A=500[92m -> OK[0m
2023-04-05 16:02:54,188 - rotary_actuator - DEBUG - String sent: 2D=500

2023-04-05 16:02:54,289 - rotary_actuator - DEBUG - String sent: 2PR D

2023-04-05 16:02:54,390 - rotary_actuator - INFO - Set D=500[92m -> OK[0m
2023-04-05 16:02:54,491 - rotary_actuator - DEBUG - String sent: 2VI=200

2023-04-05 16:02:54,591 - rotary_actuator - DEBUG - String sent: 2PR VI

2023-04-05 16:02:54,692 - rotary_actuator - INFO - Set VI=200[92m -> OK[0m
2023-04-05 16:02:54,793 - rotary_actuator - DEBUG - String sent: 2VM=800

2023-04-05 16:02:54,894 - rotary_actuator - DEBUG - String sent: 2PR VM

2023-04-05 16:02:54,995 - rotary_actuator - INFO - Set VM=800[92m -> OK[0m
2023-04-05 16:02:55,096 - rotary_actuator - DEBUG - String sent: 2HC=5

2023-04-05 16:02:55,197 - rotary_actuator - DEBUG - String sent: 2PR HC

2023-04-05 16:02:55,298 - rotary_actuator - INFO - Set HC=5[92m -> OK[0m
2023-04-05 16:02:55,399 - rotary_actuator - DEBUG - String sent: 2RC=90

2023-04-05 16:02:55,500 - rotary_actuator - DEBUG - String sent: 2PR RC

2023-04-05 16:02:55,601 - rotary_actuator - INFO - Set RC=90[92m -> OK[0m
2023-04-05 16:02:55,702 - rotary_actuator - DEBUG - String sent: 2EE=1

2023-04-05 16:02:55,803 - rotary_actuator - DEBUG - String sent: 2PR EE

2023-04-05 16:02:55,904 - rotary_actuator - INFO - Set EE=1[92m -> OK[0m
2023-04-05 16:02:56,005 - rotary_actuator - DEBUG - String sent: 2S4=0,0,0

2023-04-05 16:02:56,107 - rotary_actuator - DEBUG - String sent: 2PR S4

2023-04-05 16:02:56,208 - rotary_actuator - INFO - Set S4=0,0,0[92m -> OK[0m
2023-04-05 16:02:56,208 - rotary_actuator - INFO - Set S1 and S2 as limit switches
2023-04-05 16:02:56,310 - rotary_actuator - DEBUG - String sent: 2S1=2,0,0

2023-04-05 16:02:56,411 - rotary_actuator - DEBUG - String sent: 2PR S1

2023-04-05 16:02:56,512 - rotary_actuator - INFO - Set S1=2,0,0[92m -> OK[0m
2023-04-05 16:02:56,613 - rotary_actuator - DEBUG - String sent: 2S2=3,0,0

2023-04-05 16:02:56,715 - rotary_actuator - DEBUG - String sent: 2PR S2

2023-04-05 16:02:56,816 - rotary_actuator - INFO - Set S2=3,0,0[92m -> OK[0m
2023-04-05 16:03:04,314 - rotary_actuator - INFO - CAUTION USING NON SPECIFIC CONFIG FILES
2023-04-05 16:03:04,315 - rotary_actuator - INFO - Using config file (/home/shivaraj/Desktop/SBN/Pyhton2_to_3/SBND_laser_control/workspace/RunControl/devices/config/com_ports.json)
2023-04-05 16:03:05,318 - rotary_actuator - INFO - Com port (/dev/ttyUSB0) opened
2023-04-05 16:03:05,318 - rotary_actuator - INFO - ---------------- init axis -----------------
2023-04-05 16:03:05,419 - rotary_actuator - DEBUG - String sent: 2MS=256

2023-04-05 16:03:05,520 - rotary_actuator - DEBUG - String sent: 2PR MS

2023-04-05 16:03:05,621 - rotary_actuator - INFO - Set MS=256[92m -> OK[0m
2023-04-05 16:03:05,722 - rotary_actuator - DEBUG - String sent: 2A=500

2023-04-05 16:03:05,823 - rotary_actuator - DEBUG - String sent: 2PR A

2023-04-05 16:03:05,925 - rotary_actuator - INFO - Set A=500[92m -> OK[0m
2023-04-05 16:03:06,026 - rotary_actuator - DEBUG - String sent: 2D=500

2023-04-05 16:03:06,127 - rotary_actuator - DEBUG - String sent: 2PR D

2023-04-05 16:03:06,228 - rotary_actuator - INFO - Set D=500[92m -> OK[0m
2023-04-05 16:03:06,329 - rotary_actuator - DEBUG - String sent: 2VI=200

2023-04-05 16:03:06,430 - rotary_actuator - DEBUG - String sent: 2PR VI

2023-04-05 16:03:06,531 - rotary_actuator - INFO - Set VI=200[92m -> OK[0m
2023-04-05 16:03:06,632 - rotary_actuator - DEBUG - String sent: 2VM=800

2023-04-05 16:03:06,733 - rotary_actuator - DEBUG - String sent: 2PR VM

2023-04-05 16:03:06,835 - rotary_actuator - INFO - Set VM=800[92m -> OK[0m
2023-04-05 16:03:06,936 - rotary_actuator - DEBUG - String sent: 2HC=5

2023-04-05 16:03:07,036 - rotary_actuator - DEBUG - String sent: 2PR HC

2023-04-05 16:03:07,137 - rotary_actuator - INFO - Set HC=5[92m -> OK[0m
2023-04-05 16:03:07,238 - rotary_actuator - DEBUG - String sent: 2RC=90

2023-04-05 16:03:07,339 - rotary_actuator - DEBUG - String sent: 2PR RC

2023-04-05 16:03:07,441 - rotary_actuator - INFO - Set RC=90[92m -> OK[0m
2023-04-05 16:03:07,542 - rotary_actuator - DEBUG - String sent: 2EE=1

2023-04-05 16:03:07,643 - rotary_actuator - DEBUG - String sent: 2PR EE

2023-04-05 16:03:07,744 - rotary_actuator - INFO - Set EE=1[92m -> OK[0m
2023-04-05 16:03:07,845 - rotary_actuator - DEBUG - String sent: 2S4=0,0,0

2023-04-05 16:03:07,946 - rotary_actuator - DEBUG - String sent: 2PR S4

2023-04-05 16:03:08,047 - rotary_actuator - INFO - Set S4=0,0,0[92m -> OK[0m
2023-04-05 16:03:08,047 - rotary_actuator - INFO - Set S1 and S2 as limit switches
2023-04-05 16:03:08,147 - rotary_actuator - DEBUG - String sent: 2S1=2,0,0

2023-04-05 16:03:08,248 - rotary_actuator - DEBUG - String sent: 2PR S1

2023-04-05 16:03:08,350 - rotary_actuator - INFO - Set S1=2,0,0[92m -> OK[0m
2023-04-05 16:03:08,451 - rotary_actuator - DEBUG - String sent: 2S2=3,0,0

2023-04-05 16:03:08,552 - rotary_actuator - DEBUG - String sent: 2PR S2

2023-04-05 16:03:08,654 - rotary_actuator - INFO - Set S2=3,0,0[92m -> OK[0m
2023-04-05 16:03:19,762 - rotary_actuator - DEBUG - String sent: 2PR P

2023-04-05 16:03:19,863 - rotary_actuator - INFO - Moving 100 microsteps
2023-04-05 16:03:19,964 - rotary_actuator - DEBUG - String sent: 2MR 100

2023-04-05 16:03:25,569 - rotary_actuator - DEBUG - String sent: 2PR P

2023-04-05 16:03:25,670 - rotary_actuator - INFO - Moving 1500 microsteps
2023-04-05 16:03:25,771 - rotary_actuator - DEBUG - String sent: 2MR 1500

