2023-04-03 17:12:35,994 - rotary_actuator - INFO - started logger
2023-04-03 17:12:35,995 - rotary_actuator - INFO - CAUTION USING NON SPECIFIC CONFIG FILES
2023-04-03 17:12:35,995 - rotary_actuator - INFO - Using config file (/home/shivaraj/Desktop/SBN/Pyhton2_to_3/SBND_laser_control/workspace/RunControl/devices/config/config_rotary_actuator.json)
2023-04-03 17:12:39,060 - rotary_actuator - INFO - CAUTION USING NON SPECIFIC CONFIG FILES
2023-04-03 17:12:39,060 - rotary_actuator - INFO - Using config file (/home/shivaraj/Desktop/SBN/Pyhton2_to_3/SBND_laser_control/workspace/RunControl/devices/config/com_ports.json)
2023-04-03 17:12:40,062 - rotary_actuator - INFO - Com port (/dev/ttyUSB0) opened
2023-04-03 17:12:40,063 - rotary_actuator - INFO - ---------------- init axis -----------------
2023-04-03 17:12:40,264 - rotary_actuator - DEBUG - String sent: 2MS=256

2023-04-03 17:12:40,465 - rotary_actuator - DEBUG - String sent: 2PR MS

2023-04-03 17:12:40,566 - rotary_actuator - INFO - Set MS=256[92m -> OK[0m
2023-04-03 17:12:40,767 - rotary_actuator - DEBUG - String sent: 2A=500

2023-04-03 17:12:40,968 - rotary_actuator - DEBUG - String sent: 2PR A

2023-04-03 17:12:41,069 - rotary_actuator - INFO - Set A=500[92m -> OK[0m
2023-04-03 17:12:41,270 - rotary_actuator - DEBUG - String sent: 2D=500

2023-04-03 17:12:41,471 - rotary_actuator - DEBUG - String sent: 2PR D

2023-04-03 17:12:41,572 - rotary_actuator - INFO - Set D=500[92m -> OK[0m
2023-04-03 17:12:41,773 - rotary_actuator - DEBUG - String sent: 2VI=200

2023-04-03 17:12:41,975 - rotary_actuator - DEBUG - String sent: 2PR VI

2023-04-03 17:12:42,075 - rotary_actuator - INFO - Set VI=200[92m -> OK[0m
2023-04-03 17:12:42,276 - rotary_actuator - DEBUG - String sent: 2VM=800

2023-04-03 17:12:42,477 - rotary_actuator - DEBUG - String sent: 2PR VM

2023-04-03 17:12:42,578 - rotary_actuator - INFO - Set VM=800[92m -> OK[0m
2023-04-03 17:12:42,780 - rotary_actuator - DEBUG - String sent: 2HC=5

2023-04-03 17:12:42,981 - rotary_actuator - DEBUG - String sent: 2PR HC

2023-04-03 17:12:43,082 - rotary_actuator - INFO - Set HC=5[92m -> OK[0m
2023-04-03 17:12:43,284 - rotary_actuator - DEBUG - String sent: 2RC=90

2023-04-03 17:12:43,485 - rotary_actuator - DEBUG - String sent: 2PR RC

2023-04-03 17:12:43,586 - rotary_actuator - INFO - Set RC=90[92m -> OK[0m
2023-04-03 17:12:43,788 - rotary_actuator - DEBUG - String sent: 2EE=1

2023-04-03 17:12:43,989 - rotary_actuator - DEBUG - String sent: 2PR EE

2023-04-03 17:12:44,091 - rotary_actuator - INFO - Set EE=1[92m -> OK[0m
2023-04-03 17:12:44,292 - rotary_actuator - DEBUG - String sent: 2S4=0,0,0

2023-04-03 17:12:44,494 - rotary_actuator - DEBUG - String sent: 2PR S4

2023-04-03 17:12:44,595 - rotary_actuator - INFO - Set S4=0,0,0[92m -> OK[0m
2023-04-03 17:12:44,596 - rotary_actuator - INFO - Set S1 and S2 as limit switches
2023-04-03 17:12:44,797 - rotary_actuator - DEBUG - String sent: 2S1=2,0,0

2023-04-03 17:12:44,999 - rotary_actuator - DEBUG - String sent: 2PR S1

2023-04-03 17:12:45,100 - rotary_actuator - INFO - Set S1=2,0,0[92m -> OK[0m
2023-04-03 17:12:45,302 - rotary_actuator - DEBUG - String sent: 2S2=3,0,0

2023-04-03 17:12:45,503 - rotary_actuator - DEBUG - String sent: 2PR S2

2023-04-03 17:12:45,605 - rotary_actuator - INFO - Set S2=3,0,0[92m -> OK[0m
2023-04-03 17:12:56,434 - rotary_actuator - INFO - Moving 200 microsteps
2023-04-03 17:12:56,634 - rotary_actuator - DEBUG - String sent: 2MR 200

2023-04-03 17:13:00,899 - rotary_actuator - INFO - Moving 100 microsteps
2023-04-03 17:13:01,100 - rotary_actuator - DEBUG - String sent: 2MR 100

2023-04-03 17:13:06,683 - rotary_actuator - INFO - Moving -100 microsteps
2023-04-03 17:13:06,884 - rotary_actuator - DEBUG - String sent: 2MR -100

2023-04-03 17:13:09,837 - rotary_actuator - INFO - Moving -100 microsteps
2023-04-03 17:13:10,038 - rotary_actuator - DEBUG - String sent: 2MR -100

2023-04-03 17:13:14,019 - rotary_actuator - INFO - Moving 100 microsteps
2023-04-03 17:13:14,227 - rotary_actuator - DEBUG - String sent: 2MR 100

2023-04-03 17:13:44,241 - rotary_actuator - INFO - Moving 100 microsteps
2023-04-03 17:13:44,442 - rotary_actuator - DEBUG - String sent: 2MR 100

2023-04-03 17:13:47,969 - rotary_actuator - INFO - Moving 100 microsteps
2023-04-03 17:13:48,170 - rotary_actuator - DEBUG - String sent: 2MR 100

2023-04-03 17:13:51,031 - rotary_actuator - INFO - Moving 100 microsteps
2023-04-03 17:13:51,232 - rotary_actuator - DEBUG - String sent: 2MR 100

