2023-04-05 16:22:44,083 - rotary_actuator - INFO - started logger
2023-04-05 16:22:44,083 - rotary_actuator - INFO - CAUTION USING NON SPECIFIC CONFIG FILES
2023-04-05 16:22:44,084 - rotary_actuator - INFO - Using config file (/home/shivaraj/Desktop/SBN/Pyhton2_to_3/SBND_laser_control/workspace/RunControl/devices/config/config_rotary_actuator.json)
2023-04-05 16:22:46,936 - rotary_actuator - INFO - CAUTION USING NON SPECIFIC CONFIG FILES
2023-04-05 16:22:46,937 - rotary_actuator - INFO - Using config file (/home/shivaraj/Desktop/SBN/Pyhton2_to_3/SBND_laser_control/workspace/RunControl/devices/config/com_ports.json)
2023-04-05 16:22:47,938 - rotary_actuator - INFO - Com port (/dev/ttyUSB0) opened
2023-04-05 16:22:47,938 - rotary_actuator - INFO - ---------------- init axis -----------------
2023-04-05 16:22:48,039 - rotary_actuator - DEBUG - String sent: 2MS=256

2023-04-05 16:22:48,139 - rotary_actuator - DEBUG - String sent: 2PR MS

2023-04-05 16:22:48,240 - rotary_actuator - INFO - Set MS=256[92m -> OK[0m
2023-04-05 16:22:48,341 - rotary_actuator - DEBUG - String sent: 2A=500

2023-04-05 16:22:48,442 - rotary_actuator - DEBUG - String sent: 2PR A

2023-04-05 16:22:48,543 - rotary_actuator - INFO - Set A=500[92m -> OK[0m
2023-04-05 16:22:48,644 - rotary_actuator - DEBUG - String sent: 2D=500

2023-04-05 16:22:48,745 - rotary_actuator - DEBUG - String sent: 2PR D

2023-04-05 16:22:48,846 - rotary_actuator - INFO - Set D=500[92m -> OK[0m
2023-04-05 16:22:48,947 - rotary_actuator - DEBUG - String sent: 2VI=200

2023-04-05 16:22:49,048 - rotary_actuator - DEBUG - String sent: 2PR VI

2023-04-05 16:22:49,149 - rotary_actuator - INFO - Set VI=200[92m -> OK[0m
2023-04-05 16:22:49,250 - rotary_actuator - DEBUG - String sent: 2VM=800

2023-04-05 16:22:49,351 - rotary_actuator - DEBUG - String sent: 2PR VM

2023-04-05 16:22:49,452 - rotary_actuator - INFO - Set VM=800[92m -> OK[0m
2023-04-05 16:22:49,553 - rotary_actuator - DEBUG - String sent: 2HC=5

2023-04-05 16:22:49,654 - rotary_actuator - DEBUG - String sent: 2PR HC

2023-04-05 16:22:49,754 - rotary_actuator - INFO - Set HC=5[92m -> OK[0m
2023-04-05 16:22:49,855 - rotary_actuator - DEBUG - String sent: 2RC=90

2023-04-05 16:22:49,956 - rotary_actuator - DEBUG - String sent: 2PR RC

2023-04-05 16:22:50,058 - rotary_actuator - INFO - Set RC=90[92m -> OK[0m
2023-04-05 16:22:50,159 - rotary_actuator - DEBUG - String sent: 2EE=1

2023-04-05 16:22:50,260 - rotary_actuator - DEBUG - String sent: 2PR EE

2023-04-05 16:22:50,362 - rotary_actuator - INFO - Set EE=1[92m -> OK[0m
2023-04-05 16:22:50,463 - rotary_actuator - DEBUG - String sent: 2S4=0,0,0

2023-04-05 16:22:50,564 - rotary_actuator - DEBUG - String sent: 2PR S4

2023-04-05 16:22:50,665 - rotary_actuator - INFO - Set S4=0,0,0[92m -> OK[0m
2023-04-05 16:22:50,665 - rotary_actuator - INFO - Set S1 and S2 as limit switches
2023-04-05 16:22:50,765 - rotary_actuator - DEBUG - String sent: 2S1=2,0,0

2023-04-05 16:22:50,866 - rotary_actuator - DEBUG - String sent: 2PR S1

2023-04-05 16:22:50,967 - rotary_actuator - INFO - Set S1=2,0,0[92m -> OK[0m
2023-04-05 16:22:51,068 - rotary_actuator - DEBUG - String sent: 2S2=3,0,0

2023-04-05 16:22:51,169 - rotary_actuator - DEBUG - String sent: 2PR S2

2023-04-05 16:22:51,271 - rotary_actuator - INFO - Set S2=3,0,0[92m -> OK[0m
2023-04-05 16:22:58,941 - rotary_actuator - DEBUG - String sent: 2PR P

2023-04-05 16:22:59,042 - rotary_actuator - INFO - Moving 150 microsteps
2023-04-05 16:22:59,143 - rotary_actuator - DEBUG - String sent: 2MR 150

2023-04-05 16:23:01,156 - rotary_actuator - DEBUG - String sent: 2PR P

2023-04-05 16:23:01,257 - rotary_actuator - INFO - Moving 150 microsteps
2023-04-05 16:23:01,358 - rotary_actuator - DEBUG - String sent: 2MR 150

2023-04-05 16:23:02,125 - rotary_actuator - DEBUG - String sent: 2PR P

2023-04-05 16:23:02,226 - rotary_actuator - INFO - Moving 150 microsteps
2023-04-05 16:23:02,327 - rotary_actuator - DEBUG - String sent: 2MR 150

2023-04-05 16:23:02,966 - rotary_actuator - DEBUG - String sent: 2PR P

2023-04-05 16:23:03,067 - rotary_actuator - INFO - Moving 150 microsteps
2023-04-05 16:23:03,168 - rotary_actuator - DEBUG - String sent: 2MR 150

2023-04-05 16:23:03,613 - rotary_actuator - DEBUG - String sent: 2PR P

2023-04-05 16:23:03,714 - rotary_actuator - INFO - Moving 150 microsteps
2023-04-05 16:23:03,816 - rotary_actuator - DEBUG - String sent: 2MR 150

2023-04-05 16:23:04,241 - rotary_actuator - DEBUG - String sent: 2PR P

2023-04-05 16:23:04,342 - rotary_actuator - INFO - Moving 150 microsteps
2023-04-05 16:23:04,443 - rotary_actuator - DEBUG - String sent: 2MR 150

2023-04-05 16:23:04,646 - rotary_actuator - DEBUG - String sent: 2PR P

2023-04-05 16:23:04,747 - rotary_actuator - INFO - Moving 150 microsteps
2023-04-05 16:23:04,848 - rotary_actuator - DEBUG - String sent: 2MR 150

2023-04-05 16:23:05,051 - rotary_actuator - DEBUG - String sent: 2PR P

2023-04-05 16:23:05,152 - rotary_actuator - INFO - Moving 150 microsteps
2023-04-05 16:23:05,253 - rotary_actuator - DEBUG - String sent: 2MR 150

2023-04-05 16:23:05,456 - rotary_actuator - DEBUG - String sent: 2PR P

2023-04-05 16:23:05,557 - rotary_actuator - INFO - Moving 150 microsteps
2023-04-05 16:23:05,658 - rotary_actuator - DEBUG - String sent: 2MR 150

2023-04-05 16:23:05,861 - rotary_actuator - DEBUG - String sent: 2PR P

2023-04-05 16:23:05,962 - rotary_actuator - INFO - Moving 150 microsteps
2023-04-05 16:23:06,063 - rotary_actuator - DEBUG - String sent: 2MR 150

2023-04-05 16:23:09,664 - rotary_actuator - DEBUG - String sent: 2PR P

2023-04-05 16:23:09,765 - rotary_actuator - INFO - Moving 1500 microsteps
2023-04-05 16:23:09,866 - rotary_actuator - DEBUG - String sent: 2MR 1500

