2023-04-05 16:07:21,388 - rotary_actuator - INFO - started logger
2023-04-05 16:07:21,389 - rotary_actuator - INFO - CAUTION USING NON SPECIFIC CONFIG FILES
2023-04-05 16:07:21,389 - rotary_actuator - INFO - Using config file (/home/shivaraj/Desktop/SBN/Pyhton2_to_3/SBND_laser_control/workspace/RunControl/devices/config/config_rotary_actuator.json)
2023-04-05 16:07:25,379 - rotary_actuator - INFO - CAUTION USING NON SPECIFIC CONFIG FILES
2023-04-05 16:07:25,379 - rotary_actuator - INFO - Using config file (/home/shivaraj/Desktop/SBN/Pyhton2_to_3/SBND_laser_control/workspace/RunControl/devices/config/com_ports.json)
2023-04-05 16:07:26,381 - rotary_actuator - INFO - Com port (/dev/ttyUSB0) opened
2023-04-05 16:07:26,381 - rotary_actuator - INFO - ---------------- init axis -----------------
2023-04-05 16:07:26,482 - rotary_actuator - DEBUG - String sent: 2MS=256

2023-04-05 16:07:26,583 - rotary_actuator - DEBUG - String sent: 2PR MS

2023-04-05 16:07:26,684 - rotary_actuator - INFO - Set MS=256[92m -> OK[0m
2023-04-05 16:07:26,785 - rotary_actuator - DEBUG - String sent: 2A=500

2023-04-05 16:07:26,886 - rotary_actuator - DEBUG - String sent: 2PR A

2023-04-05 16:07:26,988 - rotary_actuator - INFO - Set A=500[92m -> OK[0m
2023-04-05 16:07:27,089 - rotary_actuator - DEBUG - String sent: 2D=500

2023-04-05 16:07:27,190 - rotary_actuator - DEBUG - String sent: 2PR D

2023-04-05 16:07:27,291 - rotary_actuator - INFO - Set D=500[92m -> OK[0m
2023-04-05 16:07:27,392 - rotary_actuator - DEBUG - String sent: 2VI=200

2023-04-05 16:07:27,493 - rotary_actuator - DEBUG - String sent: 2PR VI

2023-04-05 16:07:27,595 - rotary_actuator - INFO - Set VI=200[92m -> OK[0m
2023-04-05 16:07:27,696 - rotary_actuator - DEBUG - String sent: 2VM=800

2023-04-05 16:07:27,797 - rotary_actuator - DEBUG - String sent: 2PR VM

2023-04-05 16:07:27,898 - rotary_actuator - INFO - Set VM=800[92m -> OK[0m
2023-04-05 16:07:28,000 - rotary_actuator - DEBUG - String sent: 2HC=5

2023-04-05 16:07:28,100 - rotary_actuator - DEBUG - String sent: 2PR HC

2023-04-05 16:07:28,201 - rotary_actuator - INFO - Set HC=5[92m -> OK[0m
2023-04-05 16:07:28,302 - rotary_actuator - DEBUG - String sent: 2RC=90

2023-04-05 16:07:28,403 - rotary_actuator - DEBUG - String sent: 2PR RC

2023-04-05 16:07:28,505 - rotary_actuator - INFO - Set RC=90[92m -> OK[0m
2023-04-05 16:07:28,606 - rotary_actuator - DEBUG - String sent: 2EE=1

2023-04-05 16:07:28,707 - rotary_actuator - DEBUG - String sent: 2PR EE

2023-04-05 16:07:28,808 - rotary_actuator - INFO - Set EE=1[92m -> OK[0m
2023-04-05 16:07:28,909 - rotary_actuator - DEBUG - String sent: 2S4=0,0,0

2023-04-05 16:07:29,011 - rotary_actuator - DEBUG - String sent: 2PR S4

2023-04-05 16:07:29,112 - rotary_actuator - INFO - Set S4=0,0,0[92m -> OK[0m
2023-04-05 16:07:29,112 - rotary_actuator - INFO - Set S1 and S2 as limit switches
2023-04-05 16:07:29,212 - rotary_actuator - DEBUG - String sent: 2S1=2,0,0

2023-04-05 16:07:29,313 - rotary_actuator - DEBUG - String sent: 2PR S1

2023-04-05 16:07:29,415 - rotary_actuator - INFO - Set S1=2,0,0[92m -> OK[0m
2023-04-05 16:07:29,516 - rotary_actuator - DEBUG - String sent: 2S2=3,0,0

2023-04-05 16:07:29,617 - rotary_actuator - DEBUG - String sent: 2PR S2

2023-04-05 16:07:29,719 - rotary_actuator - INFO - Set S2=3,0,0[92m -> OK[0m
2023-04-05 16:07:41,052 - rotary_actuator - DEBUG - String sent: 2PR P

2023-04-05 16:07:41,153 - rotary_actuator - INFO - Moving 150 microsteps
2023-04-05 16:07:41,254 - rotary_actuator - DEBUG - String sent: 2MR 150

2023-04-05 16:07:45,679 - rotary_actuator - INFO - CAUTION USING NON SPECIFIC CONFIG FILES
2023-04-05 16:07:45,680 - rotary_actuator - INFO - Using config file (/home/shivaraj/Desktop/SBN/Pyhton2_to_3/SBND_laser_control/workspace/RunControl/devices/config/com_ports.json)
2023-04-05 16:07:46,682 - rotary_actuator - INFO - Com port (/dev/ttyUSB0) opened
2023-04-05 16:08:06,797 - rotary_actuator - INFO - ---------------- init axis -----------------
2023-04-05 16:08:06,898 - rotary_actuator - DEBUG - String sent: 2MS=256

2023-04-05 16:08:06,999 - rotary_actuator - DEBUG - String sent: 2PR MS

2023-04-05 16:08:07,100 - rotary_actuator - INFO - Set MS=256[92m -> OK[0m
2023-04-05 16:08:07,201 - rotary_actuator - DEBUG - String sent: 2A=500

2023-04-05 16:08:07,302 - rotary_actuator - DEBUG - String sent: 2PR A

2023-04-05 16:08:07,403 - rotary_actuator - INFO - Set A=500[92m -> OK[0m
2023-04-05 16:08:07,504 - rotary_actuator - DEBUG - String sent: 2D=500

2023-04-05 16:08:07,605 - rotary_actuator - DEBUG - String sent: 2PR D

2023-04-05 16:08:07,706 - rotary_actuator - INFO - Set D=500[92m -> OK[0m
2023-04-05 16:08:07,807 - rotary_actuator - DEBUG - String sent: 2VI=200

2023-04-05 16:08:07,908 - rotary_actuator - DEBUG - String sent: 2PR VI

2023-04-05 16:08:08,009 - rotary_actuator - INFO - Set VI=200[92m -> OK[0m
2023-04-05 16:08:08,110 - rotary_actuator - DEBUG - String sent: 2VM=800

2023-04-05 16:08:08,211 - rotary_actuator - DEBUG - String sent: 2PR VM

2023-04-05 16:08:08,312 - rotary_actuator - INFO - Set VM=800[92m -> OK[0m
2023-04-05 16:08:08,414 - rotary_actuator - DEBUG - String sent: 2HC=5

2023-04-05 16:08:08,514 - rotary_actuator - DEBUG - String sent: 2PR HC

2023-04-05 16:08:08,615 - rotary_actuator - INFO - Set HC=5[92m -> OK[0m
2023-04-05 16:08:08,716 - rotary_actuator - DEBUG - String sent: 2RC=90

2023-04-05 16:08:08,817 - rotary_actuator - DEBUG - String sent: 2PR RC

2023-04-05 16:08:08,919 - rotary_actuator - INFO - Set RC=90[92m -> OK[0m
2023-04-05 16:08:09,020 - rotary_actuator - DEBUG - String sent: 2EE=1

2023-04-05 16:08:09,121 - rotary_actuator - DEBUG - String sent: 2PR EE

2023-04-05 16:08:09,222 - rotary_actuator - INFO - Set EE=1[92m -> OK[0m
2023-04-05 16:08:09,323 - rotary_actuator - DEBUG - String sent: 2S4=0,0,0

2023-04-05 16:08:09,424 - rotary_actuator - DEBUG - String sent: 2PR S4

2023-04-05 16:08:09,525 - rotary_actuator - INFO - Set S4=0,0,0[92m -> OK[0m
2023-04-05 16:08:09,526 - rotary_actuator - INFO - Set S1 and S2 as limit switches
2023-04-05 16:08:09,627 - rotary_actuator - DEBUG - String sent: 2S1=2,0,0

2023-04-05 16:08:09,728 - rotary_actuator - DEBUG - String sent: 2PR S1

2023-04-05 16:08:09,829 - rotary_actuator - INFO - Set S1=2,0,0[92m -> OK[0m
2023-04-05 16:08:09,930 - rotary_actuator - DEBUG - String sent: 2S2=3,0,0

2023-04-05 16:08:10,030 - rotary_actuator - DEBUG - String sent: 2PR S2

2023-04-05 16:08:10,132 - rotary_actuator - INFO - Set S2=3,0,0[92m -> OK[0m
2023-04-05 16:08:40,258 - rotary_actuator - DEBUG - String sent: 2PR P

2023-04-05 16:08:40,359 - rotary_actuator - INFO - Moving 150 microsteps
2023-04-05 16:08:40,460 - rotary_actuator - DEBUG - String sent: 2MR 150

2023-04-05 16:12:01,642 - rotary_actuator - DEBUG - String sent: 2PR P

2023-04-05 16:12:01,743 - rotary_actuator - INFO - Moving 150 microsteps
2023-04-05 16:12:01,844 - rotary_actuator - DEBUG - String sent: 2MR 150

