2023-04-25 15:14:05,757 - rotary_actuator - INFO - started logger
2023-04-25 15:14:05,757 - rotary_actuator - INFO - CAUTION USING NON SPECIFIC CONFIG FILES
2023-04-25 15:14:05,757 - rotary_actuator - INFO - Using config file (/home/shivaraj/Desktop/SBN/Pyhton2_to_3/SBND_laser_control/workspace/RunControl/devices/config/config_rotary_actuator.json)
2023-04-25 15:14:12,767 - rotary_actuator - INFO - CAUTION USING NON SPECIFIC CONFIG FILES
2023-04-25 15:14:12,767 - rotary_actuator - INFO - Using config file (/home/shivaraj/Desktop/SBN/Pyhton2_to_3/SBND_laser_control/workspace/RunControl/devices/config/com_ports.json)
2023-04-25 15:14:13,768 - rotary_actuator - INFO - Com port (/dev/ttyUSB1) opened
2023-04-25 15:14:13,769 - rotary_actuator - INFO - ---------------- init axis -----------------
2023-04-25 15:14:13,769 - rotary_actuator - DEBUG - String sent: 2MS=256

2023-04-25 15:14:13,769 - rotary_actuator - DEBUG - String sent: 2PR MS

2023-04-25 15:14:13,870 - rotary_actuator - INFO - Set MS=256[92m -> OK[0m
2023-04-25 15:14:13,870 - rotary_actuator - DEBUG - String sent: 2A=500

2023-04-25 15:14:13,871 - rotary_actuator - DEBUG - String sent: 2PR A

2023-04-25 15:14:13,971 - rotary_actuator - INFO - Set A=500[92m -> OK[0m
2023-04-25 15:14:13,971 - rotary_actuator - DEBUG - String sent: 2D=500

2023-04-25 15:14:13,972 - rotary_actuator - DEBUG - String sent: 2PR D

2023-04-25 15:14:14,073 - rotary_actuator - INFO - Set D=500[92m -> OK[0m
2023-04-25 15:14:14,073 - rotary_actuator - DEBUG - String sent: 2VI=200

2023-04-25 15:14:14,074 - rotary_actuator - DEBUG - String sent: 2PR VI

2023-04-25 15:14:14,174 - rotary_actuator - INFO - Set VI=200[92m -> OK[0m
2023-04-25 15:14:14,175 - rotary_actuator - DEBUG - String sent: 2VM=800

2023-04-25 15:14:14,175 - rotary_actuator - DEBUG - String sent: 2PR VM

2023-04-25 15:14:14,276 - rotary_actuator - INFO - Set VM=800[92m -> OK[0m
2023-04-25 15:14:14,276 - rotary_actuator - DEBUG - String sent: 2HC=5

2023-04-25 15:14:14,276 - rotary_actuator - DEBUG - String sent: 2PR HC

2023-04-25 15:14:14,377 - rotary_actuator - INFO - Set HC=5[92m -> OK[0m
2023-04-25 15:14:14,377 - rotary_actuator - DEBUG - String sent: 2RC=90

2023-04-25 15:14:14,377 - rotary_actuator - DEBUG - String sent: 2PR RC

2023-04-25 15:14:14,477 - rotary_actuator - INFO - Set RC=90[92m -> OK[0m
2023-04-25 15:14:14,478 - rotary_actuator - DEBUG - String sent: 2EE=1

2023-04-25 15:14:14,478 - rotary_actuator - DEBUG - String sent: 2PR EE

2023-04-25 15:14:14,578 - rotary_actuator - INFO - Set EE=1[92m -> OK[0m
2023-04-25 15:14:14,579 - rotary_actuator - DEBUG - String sent: 2SM=1

2023-04-25 15:14:14,580 - rotary_actuator - DEBUG - String sent: 2PR SM

2023-04-25 15:14:14,680 - rotary_actuator - INFO - Set SM=1[92m -> OK[0m
2023-04-25 15:14:14,682 - rotary_actuator - DEBUG - String sent: 2SF=20

2023-04-25 15:14:14,682 - rotary_actuator - DEBUG - String sent: 2PR SF

2023-04-25 15:14:14,783 - rotary_actuator - INFO - Set SF=20[92m -> OK[0m
2023-04-25 15:14:14,783 - rotary_actuator - DEBUG - String sent: 2S3=0,0,0

2023-04-25 15:14:14,783 - rotary_actuator - DEBUG - String sent: 2PR S3

2023-04-25 15:14:14,884 - rotary_actuator - INFO - Set S3=0,0,0[92m -> OK[0m
2023-04-25 15:14:14,884 - rotary_actuator - DEBUG - String sent: 2S4=0,0,0

2023-04-25 15:14:14,884 - rotary_actuator - DEBUG - String sent: 2PR S4

2023-04-25 15:14:14,984 - rotary_actuator - INFO - Set S4=0,0,0[92m -> OK[0m
2023-04-25 15:14:14,984 - rotary_actuator - INFO - Set S1 and S2 as limit switches
2023-04-25 15:14:14,985 - rotary_actuator - DEBUG - String sent: 2S1=2,0,0

2023-04-25 15:14:14,985 - rotary_actuator - DEBUG - String sent: 2PR S1

2023-04-25 15:14:15,086 - rotary_actuator - INFO - Set S1=2,0,0[92m -> OK[0m
2023-04-25 15:14:15,086 - rotary_actuator - DEBUG - String sent: 2S2=3,0,0

2023-04-25 15:14:15,087 - rotary_actuator - DEBUG - String sent: 2PR S2

2023-04-25 15:14:15,188 - rotary_actuator - INFO - Set S2=3,0,0[92m -> OK[0m
2023-04-25 15:14:52,082 - rotary_actuator - INFO - [92mmatching________start______[0m
2023-04-25 15:14:52,082 - rotary_actuator - DEBUG - String sent: 2PR P

2023-04-25 15:14:52,183 - rotary_actuator - INFO - Moving -1000 microsteps
2023-04-25 15:14:52,184 - rotary_actuator - DEBUG - String sent: 2MR -1000

2023-04-25 15:14:52,284 - rotary_actuator - DEBUG - String sent: 2PR MV

2023-04-25 15:14:52,385 - rotary_actuator - DEBUG - String sent: 2PR I3

2023-04-25 15:14:52,486 - rotary_actuator - ERROR - ______ not a trigger ___________
2023-04-25 15:14:52,486 - rotary_actuator - DEBUG - String sent: 2PR MV

2023-04-25 15:14:52,587 - rotary_actuator - DEBUG - String sent: 2PR I3

2023-04-25 15:14:52,688 - rotary_actuator - ERROR - ______ not a trigger ___________
2023-04-25 15:14:52,689 - rotary_actuator - DEBUG - String sent: 2PR MV

2023-04-25 15:14:52,790 - rotary_actuator - DEBUG - String sent: 2PR I3

2023-04-25 15:14:52,891 - rotary_actuator - ERROR - ______ not a trigger ___________
2023-04-25 15:14:52,892 - rotary_actuator - DEBUG - String sent: 2PR MV

2023-04-25 15:14:52,992 - rotary_actuator - DEBUG - String sent: 2PR I3

2023-04-25 15:14:53,093 - rotary_actuator - ERROR - ______ not a trigger ___________
2023-04-25 15:14:53,094 - rotary_actuator - DEBUG - String sent: 2PR MV

2023-04-25 15:14:53,195 - rotary_actuator - DEBUG - String sent: 2PR I3

2023-04-25 15:14:53,295 - rotary_actuator - ERROR - ______ not a trigger ___________
2023-04-25 15:14:53,296 - rotary_actuator - DEBUG - String sent: 2PR MV

2023-04-25 15:14:53,404 - rotary_actuator - DEBUG - String sent: 2PR I3

2023-04-25 15:14:53,505 - rotary_actuator - ERROR - ______ not a trigger ___________
2023-04-25 15:14:53,505 - rotary_actuator - DEBUG - String sent: 2PR MV

2023-04-25 15:14:53,606 - rotary_actuator - DEBUG - String sent: 2PR I3

2023-04-25 15:14:53,707 - rotary_actuator - ERROR - ______ not a trigger ___________
2023-04-25 15:14:53,707 - rotary_actuator - DEBUG - String sent: 2PR MV

2023-04-25 15:14:53,809 - rotary_actuator - DEBUG - String sent: 2PR I3

2023-04-25 15:14:53,910 - rotary_actuator - ERROR - ______ not a trigger ___________
2023-04-25 15:14:53,911 - rotary_actuator - DEBUG - String sent: 2PR MV

2023-04-25 15:14:54,012 - rotary_actuator - DEBUG - String sent: 2PR I3

2023-04-25 15:14:54,113 - rotary_actuator - ERROR - ______ not a trigger ___________
2023-04-25 15:14:54,113 - rotary_actuator - DEBUG - String sent: 2PR MV

2023-04-25 15:14:54,214 - rotary_actuator - DEBUG - String sent: 2PR I3

2023-04-25 15:14:54,315 - rotary_actuator - ERROR - ______ not a trigger ___________
2023-04-25 15:14:54,315 - rotary_actuator - DEBUG - String sent: 2PR MV

2023-04-25 15:14:54,417 - rotary_actuator - DEBUG - String sent: 2PR I3

2023-04-25 15:14:54,518 - rotary_actuator - ERROR - ______ not a trigger ___________
2023-04-25 15:14:54,518 - rotary_actuator - DEBUG - String sent: 2PR MV

2023-04-25 15:14:54,619 - rotary_actuator - DEBUG - String sent: 2PR I3

2023-04-25 15:14:54,720 - rotary_actuator - ERROR - ______ not a trigger ___________
2023-04-25 15:14:54,720 - rotary_actuator - DEBUG - String sent: 2PR MV

2023-04-25 15:14:54,821 - rotary_actuator - DEBUG - String sent: 2PR I3

2023-04-25 15:14:54,923 - rotary_actuator - ERROR - ______ not a trigger ___________
2023-04-25 15:14:54,923 - rotary_actuator - DEBUG - String sent: 2PR MV

2023-04-25 15:14:55,024 - rotary_actuator - DEBUG - String sent: 2PR I3

2023-04-25 15:14:55,125 - rotary_actuator - ERROR - ______ not a trigger ___________
2023-04-25 15:14:55,126 - rotary_actuator - DEBUG - String sent: 2PR MV

2023-04-25 15:14:55,227 - rotary_actuator - DEBUG - String sent: 2PR I3

2023-04-25 15:14:55,328 - rotary_actuator - ERROR - ______ not a trigger ___________
2023-04-25 15:14:55,329 - rotary_actuator - DEBUG - String sent: 2PR MV

2023-04-25 15:14:55,431 - rotary_actuator - DEBUG - String sent: 2PR I3

2023-04-25 15:14:55,532 - rotary_actuator - ERROR - ______ not a trigger ___________
2023-04-25 15:14:55,532 - rotary_actuator - DEBUG - String sent: 2PR MV

2023-04-25 15:14:55,632 - rotary_actuator - DEBUG - String sent: 2PR I3

2023-04-25 15:14:55,733 - rotary_actuator - ERROR - ______ not a trigger ___________
2023-04-25 15:14:55,733 - rotary_actuator - DEBUG - String sent: 2PR MV

2023-04-25 15:14:55,834 - rotary_actuator - DEBUG - String sent: 2PR I3

2023-04-25 15:14:55,936 - rotary_actuator - ERROR - ______ not a trigger ___________
2023-04-25 15:14:55,937 - rotary_actuator - DEBUG - String sent: 2PR MV

2023-04-25 15:14:56,037 - rotary_actuator - DEBUG - String sent: 2PR I3

2023-04-25 15:14:56,139 - rotary_actuator - ERROR - ______ not a trigger ___________
2023-04-25 15:14:56,139 - rotary_actuator - DEBUG - String sent: 2PR MV

2023-04-25 15:14:56,240 - rotary_actuator - DEBUG - String sent: 2PR I3

2023-04-25 15:14:56,341 - rotary_actuator - ERROR - ______ not a trigger ___________
2023-04-25 15:14:56,342 - rotary_actuator - DEBUG - String sent: 2PR MV

2023-04-25 15:14:56,443 - rotary_actuator - DEBUG - String sent: 2PR I3

2023-04-25 15:14:56,544 - rotary_actuator - ERROR - ______ not a trigger ___________
2023-04-25 15:14:56,544 - rotary_actuator - DEBUG - String sent: 2PR MV

2023-04-25 15:14:56,646 - rotary_actuator - DEBUG - String sent: 2PR I3

2023-04-25 15:14:56,747 - rotary_actuator - ERROR - ______ not a trigger ___________
2023-04-25 15:14:56,747 - rotary_actuator - DEBUG - String sent: 2PR MV

2023-04-25 15:14:56,848 - rotary_actuator - DEBUG - String sent: 2PR I3

2023-04-25 15:14:56,949 - rotary_actuator - ERROR - ______ not a trigger ___________
2023-04-25 15:14:56,950 - rotary_actuator - DEBUG - String sent: 2PR MV

2023-04-25 15:14:57,051 - rotary_actuator - DEBUG - String sent: 2PR I3

2023-04-25 15:14:57,152 - rotary_actuator - ERROR - ______ not a trigger ___________
2023-04-25 15:14:57,153 - rotary_actuator - DEBUG - String sent: 2PR MV

2023-04-25 15:14:57,254 - rotary_actuator - DEBUG - String sent: 2PR I3

2023-04-25 15:14:57,355 - rotary_actuator - ERROR - ______ not a trigger ___________
2023-04-25 15:14:57,356 - rotary_actuator - DEBUG - String sent: 2PR MV

2023-04-25 15:14:57,457 - rotary_actuator - DEBUG - String sent: 2PR I3

2023-04-25 15:14:57,558 - rotary_actuator - ERROR - ______ not a trigger ___________
2023-04-25 15:14:57,558 - rotary_actuator - DEBUG - String sent: 2PR MV

2023-04-25 15:14:57,660 - rotary_actuator - DEBUG - String sent: 2PR I3

2023-04-25 15:14:57,761 - rotary_actuator - ERROR - ______ not a trigger ___________
2023-04-25 15:14:57,761 - rotary_actuator - DEBUG - String sent: 2PR MV

2023-04-25 15:15:04,301 - rotary_actuator - INFO - [92mmatching________start______[0m
2023-04-25 15:15:04,302 - rotary_actuator - DEBUG - String sent: 2PR P

2023-04-25 15:15:04,402 - rotary_actuator - INFO - Moving 1000 microsteps
2023-04-25 15:15:04,403 - rotary_actuator - DEBUG - String sent: 2MR 1000

2023-04-25 15:15:04,504 - rotary_actuator - DEBUG - String sent: 2PR MV

2023-04-25 15:15:04,605 - rotary_actuator - DEBUG - String sent: 2PR I3

2023-04-25 15:15:04,706 - rotary_actuator - ERROR - ______ not a trigger ___________
2023-04-25 15:15:04,706 - rotary_actuator - DEBUG - String sent: 2PR MV

2023-04-25 15:15:04,807 - rotary_actuator - DEBUG - String sent: 2PR I3

2023-04-25 15:15:04,908 - rotary_actuator - ERROR - ______ not a trigger ___________
2023-04-25 15:15:04,909 - rotary_actuator - DEBUG - String sent: 2PR MV

2023-04-25 15:15:05,009 - rotary_actuator - DEBUG - String sent: 2PR I3

2023-04-25 15:15:05,110 - rotary_actuator - ERROR - ______ not a trigger ___________
2023-04-25 15:15:05,111 - rotary_actuator - DEBUG - String sent: 2PR MV

2023-04-25 15:15:05,211 - rotary_actuator - DEBUG - String sent: 2PR I3

2023-04-25 15:15:05,313 - rotary_actuator - ERROR - ______ not a trigger ___________
2023-04-25 15:15:05,313 - rotary_actuator - DEBUG - String sent: 2PR MV

2023-04-25 15:15:05,414 - rotary_actuator - DEBUG - String sent: 2PR I3

2023-04-25 15:15:05,515 - rotary_actuator - ERROR - ______ not a trigger ___________
2023-04-25 15:15:05,515 - rotary_actuator - DEBUG - String sent: 2PR MV

2023-04-25 15:15:05,616 - rotary_actuator - DEBUG - String sent: 2PR I3

2023-04-25 15:15:05,717 - rotary_actuator - ERROR - ______ not a trigger ___________
2023-04-25 15:15:05,717 - rotary_actuator - DEBUG - String sent: 2PR MV

2023-04-25 15:15:05,818 - rotary_actuator - DEBUG - String sent: 2PR I3

2023-04-25 15:15:05,919 - rotary_actuator - ERROR - ______ not a trigger ___________
2023-04-25 15:15:05,920 - rotary_actuator - DEBUG - String sent: 2PR MV

2023-04-25 15:15:06,020 - rotary_actuator - DEBUG - String sent: 2PR I3

2023-04-25 15:15:06,121 - rotary_actuator - ERROR - ______ not a trigger ___________
2023-04-25 15:15:06,122 - rotary_actuator - DEBUG - String sent: 2PR MV

2023-04-25 15:15:06,222 - rotary_actuator - DEBUG - String sent: 2PR I3

2023-04-25 15:15:06,323 - rotary_actuator - ERROR - ______ not a trigger ___________
2023-04-25 15:15:06,323 - rotary_actuator - DEBUG - String sent: 2PR MV

2023-04-25 15:15:06,425 - rotary_actuator - DEBUG - String sent: 2PR I3

2023-04-25 15:15:06,525 - rotary_actuator - ERROR - ______ not a trigger ___________
2023-04-25 15:15:06,526 - rotary_actuator - DEBUG - String sent: 2PR MV

2023-04-25 15:15:06,627 - rotary_actuator - DEBUG - String sent: 2PR I3

2023-04-25 15:15:06,728 - rotary_actuator - ERROR - ______ not a trigger ___________
2023-04-25 15:15:06,728 - rotary_actuator - DEBUG - String sent: 2PR MV

2023-04-25 15:15:06,829 - rotary_actuator - DEBUG - String sent: 2PR I3

2023-04-25 15:15:06,930 - rotary_actuator - ERROR - ______ not a trigger ___________
2023-04-25 15:15:06,931 - rotary_actuator - DEBUG - String sent: 2PR MV

2023-04-25 15:15:07,032 - rotary_actuator - DEBUG - String sent: 2PR I3

2023-04-25 15:15:07,133 - rotary_actuator - ERROR - ______ not a trigger ___________
2023-04-25 15:15:07,134 - rotary_actuator - DEBUG - String sent: 2PR MV

2023-04-25 15:15:07,235 - rotary_actuator - DEBUG - String sent: 2PR I3

2023-04-25 15:15:07,336 - rotary_actuator - ERROR - ______ not a trigger ___________
2023-04-25 15:15:07,337 - rotary_actuator - DEBUG - String sent: 2PR MV

2023-04-25 15:15:07,438 - rotary_actuator - DEBUG - String sent: 2PR I3

2023-04-25 15:15:07,539 - rotary_actuator - ERROR - ______ not a trigger ___________
2023-04-25 15:15:07,539 - rotary_actuator - DEBUG - String sent: 2PR MV

2023-04-25 15:15:07,640 - rotary_actuator - DEBUG - String sent: 2PR I3

2023-04-25 15:15:07,741 - rotary_actuator - ERROR - ______ not a trigger ___________
2023-04-25 15:15:07,741 - rotary_actuator - DEBUG - String sent: 2PR MV

2023-04-25 15:15:07,843 - rotary_actuator - DEBUG - String sent: 2PR I3

2023-04-25 15:15:07,944 - rotary_actuator - ERROR - ______ not a trigger ___________
2023-04-25 15:15:07,944 - rotary_actuator - DEBUG - String sent: 2PR MV

2023-04-25 15:15:08,045 - rotary_actuator - DEBUG - String sent: 2PR I3

2023-04-25 15:15:08,146 - rotary_actuator - ERROR - ______ not a trigger ___________
2023-04-25 15:15:08,146 - rotary_actuator - DEBUG - String sent: 2PR MV

2023-04-25 15:15:08,246 - rotary_actuator - DEBUG - String sent: 2PR I3

2023-04-25 15:15:08,347 - rotary_actuator - ERROR - ______ not a trigger ___________
2023-04-25 15:15:08,348 - rotary_actuator - DEBUG - String sent: 2PR MV

2023-04-25 15:15:08,450 - rotary_actuator - DEBUG - String sent: 2PR I3

2023-04-25 15:15:08,551 - rotary_actuator - ERROR - ______ not a trigger ___________
2023-04-25 15:15:08,551 - rotary_actuator - DEBUG - String sent: 2PR MV

2023-04-25 15:15:08,653 - rotary_actuator - DEBUG - String sent: 2PR I3

2023-04-25 15:15:08,753 - rotary_actuator - ERROR - ______ not a trigger ___________
2023-04-25 15:15:08,754 - rotary_actuator - DEBUG - String sent: 2PR MV

2023-04-25 15:15:08,855 - rotary_actuator - DEBUG - String sent: 2PR I3

2023-04-25 15:15:08,956 - rotary_actuator - ERROR - ______ not a trigger ___________
2023-04-25 15:15:08,956 - rotary_actuator - DEBUG - String sent: 2PR MV

2023-04-25 15:15:09,057 - rotary_actuator - DEBUG - String sent: 2PR I3

2023-04-25 15:15:09,159 - rotary_actuator - ERROR - ______ not a trigger ___________
2023-04-25 15:15:09,160 - rotary_actuator - DEBUG - String sent: 2PR MV

2023-04-25 15:15:09,260 - rotary_actuator - DEBUG - String sent: 2PR I3

2023-04-25 15:15:09,361 - rotary_actuator - ERROR - ______ not a trigger ___________
2023-04-25 15:15:09,362 - rotary_actuator - DEBUG - String sent: 2PR MV

2023-04-25 15:15:09,463 - rotary_actuator - DEBUG - String sent: 2PR I3

2023-04-25 15:15:09,564 - rotary_actuator - ERROR - ______ not a trigger ___________
2023-04-25 15:15:09,565 - rotary_actuator - DEBUG - String sent: 2PR MV

2023-04-25 15:15:09,666 - rotary_actuator - DEBUG - String sent: 2PR I3

2023-04-25 15:15:09,767 - rotary_actuator - ERROR - ______ not a trigger ___________
2023-04-25 15:15:09,767 - rotary_actuator - DEBUG - String sent: 2PR MV

2023-04-25 15:15:09,868 - rotary_actuator - DEBUG - String sent: 2PR I3

2023-04-25 15:15:09,969 - rotary_actuator - ERROR - ______ not a trigger ___________
2023-04-25 15:15:09,969 - rotary_actuator - DEBUG - String sent: 2PR MV

2023-04-25 15:15:10,071 - rotary_actuator - DEBUG - String sent: 2PR I3

2023-04-25 15:15:10,172 - rotary_actuator - ERROR - ______ not a trigger ___________
2023-04-25 15:15:10,173 - rotary_actuator - DEBUG - String sent: 2PR MV

2023-04-25 15:15:10,274 - rotary_actuator - DEBUG - String sent: 2PR I3

2023-04-25 15:15:10,375 - rotary_actuator - ERROR - ______ not a trigger ___________
2023-04-25 15:15:10,376 - rotary_actuator - DEBUG - String sent: 2PR MV

