2023-04-05 15:11:58,001 - rotary_actuator - INFO - started logger
2023-04-05 15:11:58,001 - rotary_actuator - INFO - CAUTION USING NON SPECIFIC CONFIG FILES
2023-04-05 15:11:58,001 - rotary_actuator - INFO - Using config file (/home/shivaraj/Desktop/SBN/Pyhton2_to_3/SBND_laser_control/workspace/RunControl/devices/config/config_rotary_actuator.json)
2023-04-05 15:12:00,117 - rotary_actuator - INFO - CAUTION USING NON SPECIFIC CONFIG FILES
2023-04-05 15:12:00,118 - rotary_actuator - INFO - Using config file (/home/shivaraj/Desktop/SBN/Pyhton2_to_3/SBND_laser_control/workspace/RunControl/devices/config/com_ports.json)
2023-04-05 15:12:01,121 - rotary_actuator - INFO - Com port (/dev/ttyUSB0) opened
2023-04-05 15:12:01,121 - rotary_actuator - INFO - ---------------- init axis -----------------
2023-04-05 15:12:01,222 - rotary_actuator - DEBUG - String sent: 2MS=256

2023-04-05 15:12:01,323 - rotary_actuator - DEBUG - String sent: 2PR MS

2023-04-05 15:12:01,424 - rotary_actuator - INFO - Set MS=256[92m -> OK[0m
2023-04-05 15:12:01,525 - rotary_actuator - DEBUG - String sent: 2A=500

2023-04-05 15:12:01,626 - rotary_actuator - DEBUG - String sent: 2PR A

2023-04-05 15:12:01,728 - rotary_actuator - INFO - Set A=500[92m -> OK[0m
2023-04-05 15:12:01,829 - rotary_actuator - DEBUG - String sent: 2D=500

2023-04-05 15:12:01,929 - rotary_actuator - DEBUG - String sent: 2PR D

2023-04-05 15:12:02,030 - rotary_actuator - INFO - Set D=500[92m -> OK[0m
2023-04-05 15:12:02,130 - rotary_actuator - DEBUG - String sent: 2VI=200

2023-04-05 15:12:02,231 - rotary_actuator - DEBUG - String sent: 2PR VI

2023-04-05 15:12:02,332 - rotary_actuator - INFO - Set VI=200[92m -> OK[0m
2023-04-05 15:12:02,433 - rotary_actuator - DEBUG - String sent: 2VM=800

2023-04-05 15:12:02,534 - rotary_actuator - DEBUG - String sent: 2PR VM

2023-04-05 15:12:02,635 - rotary_actuator - INFO - Set VM=800[92m -> OK[0m
2023-04-05 15:12:02,735 - rotary_actuator - DEBUG - String sent: 2HC=5

2023-04-05 15:12:02,837 - rotary_actuator - DEBUG - String sent: 2PR HC

2023-04-05 15:12:02,938 - rotary_actuator - INFO - Set HC=5[92m -> OK[0m
2023-04-05 15:12:03,039 - rotary_actuator - DEBUG - String sent: 2RC=90

2023-04-05 15:12:03,140 - rotary_actuator - DEBUG - String sent: 2PR RC

2023-04-05 15:12:03,241 - rotary_actuator - INFO - Set RC=90[92m -> OK[0m
2023-04-05 15:12:03,342 - rotary_actuator - DEBUG - String sent: 2EE=1

2023-04-05 15:12:03,443 - rotary_actuator - DEBUG - String sent: 2PR EE

2023-04-05 15:12:03,543 - rotary_actuator - INFO - Set EE=1[92m -> OK[0m
2023-04-05 15:12:03,644 - rotary_actuator - DEBUG - String sent: 2S4=0,0,0

2023-04-05 15:12:03,745 - rotary_actuator - DEBUG - String sent: 2PR S4

2023-04-05 15:12:03,847 - rotary_actuator - INFO - Set S4=0,0,0[92m -> OK[0m
2023-04-05 15:12:03,847 - rotary_actuator - INFO - Set S1 and S2 as limit switches
2023-04-05 15:12:03,948 - rotary_actuator - DEBUG - String sent: 2S1=2,0,0

2023-04-05 15:12:04,049 - rotary_actuator - DEBUG - String sent: 2PR S1

2023-04-05 15:12:04,150 - rotary_actuator - INFO - Set S1=2,0,0[92m -> OK[0m
2023-04-05 15:12:04,251 - rotary_actuator - DEBUG - String sent: 2S2=3,0,0

2023-04-05 15:12:04,352 - rotary_actuator - DEBUG - String sent: 2PR S2

2023-04-05 15:12:04,454 - rotary_actuator - INFO - Set S2=3,0,0[92m -> OK[0m
2023-04-05 15:12:14,262 - rotary_actuator - DEBUG - String sent: 2PR P

2023-04-05 15:12:14,363 - rotary_actuator - INFO - Moving 100 microsteps
2023-04-05 15:12:14,464 - rotary_actuator - DEBUG - String sent: 2MR 100

2023-04-05 15:12:19,284 - rotary_actuator - DEBUG - String sent: 2PR P

2023-04-05 15:12:19,385 - rotary_actuator - INFO - Moving 100 microsteps
2023-04-05 15:12:19,486 - rotary_actuator - DEBUG - String sent: 2MR 100

