2023-01-18 14:14:53,806 - rotary_actuator - INFO - started logger
2023-01-18 14:14:53,806 - rotary_actuator - INFO - CAUTION USING NON SPECIFIC CONFIG FILES
2023-01-18 14:14:53,806 - rotary_actuator - INFO - Using config file (/home/shivaraj/Desktop/SBN/Pyhton2_to_3/SBND_laser_control/workspace/RunControl/devices/config/config_rotary_actuator.json)
2023-01-18 14:14:56,458 - rotary_actuator - INFO - CAUTION USING NON SPECIFIC CONFIG FILES
2023-01-18 14:14:56,458 - rotary_actuator - INFO - Using config file (/home/shivaraj/Desktop/SBN/Pyhton2_to_3/SBND_laser_control/workspace/RunControl/devices/config/com_ports.json)
2023-01-18 14:14:57,461 - rotary_actuator - INFO - Com port (/dev/ttyUSB0) opened
2023-01-18 14:14:57,462 - rotary_actuator - INFO - ---------------- init axis -----------------
2023-01-18 14:14:57,462 - rotary_actuator - DEBUG - String sent: 2MS=256

2023-01-18 14:14:57,463 - rotary_actuator - DEBUG - String sent: 2PR MS

2023-01-18 14:14:57,564 - rotary_actuator - INFO - Set MS=256[92m -> OK[0m
2023-01-18 14:14:57,564 - rotary_actuator - DEBUG - String sent: 2A=500

2023-01-18 14:14:57,565 - rotary_actuator - DEBUG - String sent: 2PR A

2023-01-18 14:14:57,666 - rotary_actuator - INFO - Set A=500[92m -> OK[0m
2023-01-18 14:14:57,666 - rotary_actuator - DEBUG - String sent: 2D=500

2023-01-18 14:14:57,667 - rotary_actuator - DEBUG - String sent: 2PR D

2023-01-18 14:14:57,768 - rotary_actuator - INFO - Set D=500[92m -> OK[0m
2023-01-18 14:14:57,768 - rotary_actuator - DEBUG - String sent: 2VI=200

2023-01-18 14:14:57,769 - rotary_actuator - DEBUG - String sent: 2PR VI

2023-01-18 14:14:57,869 - rotary_actuator - INFO - Set VI=200[92m -> OK[0m
2023-01-18 14:14:57,870 - rotary_actuator - DEBUG - String sent: 2VM=800

2023-01-18 14:14:57,870 - rotary_actuator - DEBUG - String sent: 2PR VM

2023-01-18 14:14:57,971 - rotary_actuator - INFO - Set VM=800[92m -> OK[0m
2023-01-18 14:14:57,971 - rotary_actuator - DEBUG - String sent: 2HC=5

2023-01-18 14:14:57,972 - rotary_actuator - DEBUG - String sent: 2PR HC

2023-01-18 14:14:58,073 - rotary_actuator - INFO - Set HC=5[92m -> OK[0m
2023-01-18 14:14:58,073 - rotary_actuator - DEBUG - String sent: 2RC=90

2023-01-18 14:14:58,074 - rotary_actuator - DEBUG - String sent: 2PR RC

2023-01-18 14:14:58,174 - rotary_actuator - INFO - Set RC=90[92m -> OK[0m
2023-01-18 14:14:58,174 - rotary_actuator - DEBUG - String sent: 2EE=1

2023-01-18 14:14:58,174 - rotary_actuator - DEBUG - String sent: 2PR EE

2023-01-18 14:14:58,275 - rotary_actuator - INFO - Set EE=1[92m -> OK[0m
2023-01-18 14:14:58,275 - rotary_actuator - DEBUG - String sent: 2S3=0,0,0

2023-01-18 14:14:58,275 - rotary_actuator - DEBUG - String sent: 2PR S3

2023-01-18 14:14:58,375 - rotary_actuator - INFO - Set S3=0,0,0[92m -> OK[0m
2023-01-18 14:14:58,375 - rotary_actuator - DEBUG - String sent: 2S4=0,0,0

2023-01-18 14:14:58,375 - rotary_actuator - DEBUG - String sent: 2PR S4

2023-01-18 14:14:58,476 - rotary_actuator - INFO - Set S4=0,0,0[92m -> OK[0m
2023-01-18 14:14:58,477 - rotary_actuator - INFO - Set S1 and S2 as limit switches
2023-01-18 14:14:58,477 - rotary_actuator - DEBUG - String sent: 2S1=2,0,0

2023-01-18 14:14:58,477 - rotary_actuator - DEBUG - String sent: 2PR S1

2023-01-18 14:14:58,578 - rotary_actuator - INFO - Set S1=2,0,0[92m -> OK[0m
2023-01-18 14:14:58,578 - rotary_actuator - DEBUG - String sent: 2S2=3,0,0

2023-01-18 14:14:58,578 - rotary_actuator - DEBUG - String sent: 2PR S2

2023-01-18 14:14:58,679 - rotary_actuator - INFO - Set S2=3,0,0[92m -> OK[0m
2023-01-18 14:15:03,799 - rotary_actuator - INFO - Moving 1000 microsteps
2023-01-18 14:15:03,799 - rotary_actuator - DEBUG - String sent: 2MR 1000

