2023-04-03 16:54:06,915 - rotary_actuator - INFO - started logger
2023-04-03 16:54:06,915 - rotary_actuator - INFO - CAUTION USING NON SPECIFIC CONFIG FILES
2023-04-03 16:54:06,915 - rotary_actuator - INFO - Using config file (/home/shivaraj/Desktop/SBN/Pyhton2_to_3/SBND_laser_control/workspace/RunControl/devices/config/config_rotary_actuator.json)
2023-04-03 16:54:12,000 - rotary_actuator - INFO - CAUTION USING NON SPECIFIC CONFIG FILES
2023-04-03 16:54:12,000 - rotary_actuator - INFO - Using config file (/home/shivaraj/Desktop/SBN/Pyhton2_to_3/SBND_laser_control/workspace/RunControl/devices/config/com_ports.json)
2023-04-03 16:54:13,003 - rotary_actuator - INFO - Com port (/dev/ttyUSB0) opened
2023-04-03 16:54:13,003 - rotary_actuator - INFO - ---------------- init axis -----------------
2023-04-03 16:54:13,004 - rotary_actuator - DEBUG - String sent: 2MS=256

2023-04-03 16:54:13,005 - rotary_actuator - DEBUG - String sent: 2PR MS

2023-04-03 16:54:13,106 - rotary_actuator - INFO - Set MS=256[92m -> OK[0m
2023-04-03 16:54:13,106 - rotary_actuator - DEBUG - String sent: 2A=500

2023-04-03 16:54:13,107 - rotary_actuator - DEBUG - String sent: 2PR A

2023-04-03 16:54:13,208 - rotary_actuator - INFO - Set A=500[92m -> OK[0m
2023-04-03 16:54:13,208 - rotary_actuator - DEBUG - String sent: 2D=500

2023-04-03 16:54:13,209 - rotary_actuator - DEBUG - String sent: 2PR D

2023-04-03 16:54:13,310 - rotary_actuator - INFO - Set D=500[92m -> OK[0m
2023-04-03 16:54:13,310 - rotary_actuator - DEBUG - String sent: 2VI=200

2023-04-03 16:54:13,311 - rotary_actuator - DEBUG - String sent: 2PR VI

2023-04-03 16:54:13,411 - rotary_actuator - INFO - Set VI=200[92m -> OK[0m
2023-04-03 16:54:13,412 - rotary_actuator - DEBUG - String sent: 2VM=800

2023-04-03 16:54:13,413 - rotary_actuator - DEBUG - String sent: 2PR VM

2023-04-03 16:54:13,513 - rotary_actuator - INFO - Set VM=800[92m -> OK[0m
2023-04-03 16:54:13,514 - rotary_actuator - DEBUG - String sent: 2HC=5

2023-04-03 16:54:13,515 - rotary_actuator - DEBUG - String sent: 2PR HC

2023-04-03 16:54:13,616 - rotary_actuator - INFO - Set HC=5[92m -> OK[0m
2023-04-03 16:54:13,616 - rotary_actuator - DEBUG - String sent: 2RC=90

2023-04-03 16:54:13,617 - rotary_actuator - DEBUG - String sent: 2PR RC

2023-04-03 16:54:13,717 - rotary_actuator - INFO - Set RC=90[92m -> OK[0m
2023-04-03 16:54:13,718 - rotary_actuator - DEBUG - String sent: 2EE=1

2023-04-03 16:54:13,718 - rotary_actuator - DEBUG - String sent: 2PR EE

2023-04-03 16:54:13,819 - rotary_actuator - INFO - Set EE=1[92m -> OK[0m
2023-04-03 16:54:13,820 - rotary_actuator - DEBUG - String sent: 2S4=0,0,0

2023-04-03 16:54:13,821 - rotary_actuator - DEBUG - String sent: 2PR S4

2023-04-03 16:54:13,921 - rotary_actuator - INFO - Set S4=0,0,0[92m -> OK[0m
2023-04-03 16:54:13,922 - rotary_actuator - INFO - Set S1 and S2 as limit switches
2023-04-03 16:54:13,922 - rotary_actuator - DEBUG - String sent: 2S1=2,0,0

2023-04-03 16:54:13,923 - rotary_actuator - DEBUG - String sent: 2PR S1

2023-04-03 16:54:14,023 - rotary_actuator - INFO - Set S1=2,0,0[92m -> OK[0m
2023-04-03 16:54:14,024 - rotary_actuator - DEBUG - String sent: 2S2=3,0,0

2023-04-03 16:54:14,024 - rotary_actuator - DEBUG - String sent: 2PR S2

2023-04-03 16:54:14,125 - rotary_actuator - INFO - Set S2=3,0,0[92m -> OK[0m
2023-04-03 16:54:19,361 - rotary_actuator - INFO - Moving 100 microsteps
2023-04-03 16:54:19,361 - rotary_actuator - DEBUG - String sent: 2MR 100

