2023-04-05 16:19:28,466 - rotary_actuator - INFO - started logger
2023-04-05 16:19:28,466 - rotary_actuator - INFO - CAUTION USING NON SPECIFIC CONFIG FILES
2023-04-05 16:19:28,466 - rotary_actuator - INFO - Using config file (/home/shivaraj/Desktop/SBN/Pyhton2_to_3/SBND_laser_control/workspace/RunControl/devices/config/config_rotary_actuator.json)
2023-04-05 16:19:30,682 - rotary_actuator - INFO - CAUTION USING NON SPECIFIC CONFIG FILES
2023-04-05 16:19:30,683 - rotary_actuator - INFO - Using config file (/home/shivaraj/Desktop/SBN/Pyhton2_to_3/SBND_laser_control/workspace/RunControl/devices/config/com_ports.json)
2023-04-05 16:19:31,685 - rotary_actuator - INFO - Com port (/dev/ttyUSB0) opened
2023-04-05 16:19:31,685 - rotary_actuator - INFO - ---------------- init axis -----------------
2023-04-05 16:19:31,786 - rotary_actuator - DEBUG - String sent: 2MS=256

2023-04-05 16:19:31,887 - rotary_actuator - DEBUG - String sent: 2PR MS

2023-04-05 16:19:31,988 - rotary_actuator - INFO - Set MS=256[92m -> OK[0m
2023-04-05 16:19:32,089 - rotary_actuator - DEBUG - String sent: 2A=500

2023-04-05 16:19:32,190 - rotary_actuator - DEBUG - String sent: 2PR A

2023-04-05 16:19:32,291 - rotary_actuator - INFO - Set A=500[92m -> OK[0m
2023-04-05 16:19:32,392 - rotary_actuator - DEBUG - String sent: 2D=500

2023-04-05 16:19:32,493 - rotary_actuator - DEBUG - String sent: 2PR D

2023-04-05 16:19:32,594 - rotary_actuator - INFO - Set D=500[92m -> OK[0m
2023-04-05 16:19:32,695 - rotary_actuator - DEBUG - String sent: 2VI=200

2023-04-05 16:19:32,796 - rotary_actuator - DEBUG - String sent: 2PR VI

2023-04-05 16:19:32,897 - rotary_actuator - INFO - Set VI=200[92m -> OK[0m
2023-04-05 16:19:32,998 - rotary_actuator - DEBUG - String sent: 2VM=800

2023-04-05 16:19:33,098 - rotary_actuator - DEBUG - String sent: 2PR VM

2023-04-05 16:19:33,199 - rotary_actuator - INFO - Set VM=800[92m -> OK[0m
2023-04-05 16:19:33,300 - rotary_actuator - DEBUG - String sent: 2HC=5

2023-04-05 16:19:33,401 - rotary_actuator - DEBUG - String sent: 2PR HC

2023-04-05 16:19:33,502 - rotary_actuator - INFO - Set HC=5[92m -> OK[0m
2023-04-05 16:19:33,603 - rotary_actuator - DEBUG - String sent: 2RC=90

2023-04-05 16:19:33,704 - rotary_actuator - DEBUG - String sent: 2PR RC

2023-04-05 16:19:33,806 - rotary_actuator - INFO - Set RC=90[92m -> OK[0m
2023-04-05 16:19:33,907 - rotary_actuator - DEBUG - String sent: 2EE=1

2023-04-05 16:19:34,008 - rotary_actuator - DEBUG - String sent: 2PR EE

2023-04-05 16:19:34,108 - rotary_actuator - INFO - Set EE=1[92m -> OK[0m
2023-04-05 16:19:34,209 - rotary_actuator - DEBUG - String sent: 2S4=0,0,0

2023-04-05 16:19:34,310 - rotary_actuator - DEBUG - String sent: 2PR S4

2023-04-05 16:19:34,412 - rotary_actuator - INFO - Set S4=0,0,0[92m -> OK[0m
2023-04-05 16:19:34,412 - rotary_actuator - INFO - Set S1 and S2 as limit switches
2023-04-05 16:19:34,513 - rotary_actuator - DEBUG - String sent: 2S1=2,0,0

2023-04-05 16:19:34,615 - rotary_actuator - DEBUG - String sent: 2PR S1

2023-04-05 16:19:34,716 - rotary_actuator - INFO - Set S1=2,0,0[92m -> OK[0m
2023-04-05 16:19:34,816 - rotary_actuator - DEBUG - String sent: 2S2=3,0,0

2023-04-05 16:19:34,917 - rotary_actuator - DEBUG - String sent: 2PR S2

2023-04-05 16:19:35,018 - rotary_actuator - INFO - Set S2=3,0,0[92m -> OK[0m
2023-04-05 16:19:49,853 - rotary_actuator - DEBUG - String sent: 2PR P

2023-04-05 16:19:49,954 - rotary_actuator - INFO - Moving 150 microsteps
2023-04-05 16:19:50,055 - rotary_actuator - DEBUG - String sent: 2MR 150

