2023-04-25 14:46:46,032 - rotary_actuator - INFO - started logger
2023-04-25 14:46:46,032 - rotary_actuator - INFO - CAUTION USING NON SPECIFIC CONFIG FILES
2023-04-25 14:46:46,033 - rotary_actuator - INFO - Using config file (/home/shivaraj/Desktop/SBN/Pyhton2_to_3/SBND_laser_control/workspace/RunControl/devices/config/config_rotary_actuator.json)
2023-04-25 14:46:49,747 - rotary_actuator - INFO - CAUTION USING NON SPECIFIC CONFIG FILES
2023-04-25 14:46:49,748 - rotary_actuator - INFO - Using config file (/home/shivaraj/Desktop/SBN/Pyhton2_to_3/SBND_laser_control/workspace/RunControl/devices/config/com_ports.json)
2023-04-25 14:46:50,751 - rotary_actuator - INFO - Com port (/dev/ttyUSB1) opened
2023-04-25 14:46:50,751 - rotary_actuator - INFO - ---------------- init axis -----------------
2023-04-25 14:46:50,752 - rotary_actuator - DEBUG - String sent: 2MS=256

2023-04-25 14:46:50,753 - rotary_actuator - DEBUG - String sent: 2PR MS

2023-04-25 14:46:50,853 - rotary_actuator - INFO - Set MS=256[92m -> OK[0m
2023-04-25 14:46:50,854 - rotary_actuator - DEBUG - String sent: 2A=500

2023-04-25 14:46:50,854 - rotary_actuator - DEBUG - String sent: 2PR A

2023-04-25 14:46:50,955 - rotary_actuator - INFO - Set A=500[92m -> OK[0m
2023-04-25 14:46:50,956 - rotary_actuator - DEBUG - String sent: 2D=500

2023-04-25 14:46:50,956 - rotary_actuator - DEBUG - String sent: 2PR D

2023-04-25 14:46:51,057 - rotary_actuator - INFO - Set D=500[92m -> OK[0m
2023-04-25 14:46:51,057 - rotary_actuator - DEBUG - String sent: 2VI=200

2023-04-25 14:46:51,058 - rotary_actuator - DEBUG - String sent: 2PR VI

2023-04-25 14:46:51,159 - rotary_actuator - INFO - Set VI=200[92m -> OK[0m
2023-04-25 14:46:51,159 - rotary_actuator - DEBUG - String sent: 2VM=800

2023-04-25 14:46:51,159 - rotary_actuator - DEBUG - String sent: 2PR VM

2023-04-25 14:46:51,260 - rotary_actuator - INFO - Set VM=800[92m -> OK[0m
2023-04-25 14:46:51,261 - rotary_actuator - DEBUG - String sent: 2HC=5

2023-04-25 14:46:51,261 - rotary_actuator - DEBUG - String sent: 2PR HC

2023-04-25 14:46:51,362 - rotary_actuator - INFO - Set HC=5[92m -> OK[0m
2023-04-25 14:46:51,363 - rotary_actuator - DEBUG - String sent: 2RC=90

2023-04-25 14:46:51,363 - rotary_actuator - DEBUG - String sent: 2PR RC

2023-04-25 14:46:51,464 - rotary_actuator - INFO - Set RC=90[92m -> OK[0m
2023-04-25 14:46:51,464 - rotary_actuator - DEBUG - String sent: 2EE=1

2023-04-25 14:46:51,465 - rotary_actuator - DEBUG - String sent: 2PR EE

2023-04-25 14:46:51,565 - rotary_actuator - INFO - Set EE=1[92m -> OK[0m
2023-04-25 14:46:51,565 - rotary_actuator - DEBUG - String sent: 2SM=1

2023-04-25 14:46:51,565 - rotary_actuator - DEBUG - String sent: 2PR SM

2023-04-25 14:46:51,666 - rotary_actuator - INFO - Set SM=1[92m -> OK[0m
2023-04-25 14:46:51,667 - rotary_actuator - DEBUG - String sent: 2SF=20

2023-04-25 14:46:51,667 - rotary_actuator - DEBUG - String sent: 2PR SF

2023-04-25 14:46:51,768 - rotary_actuator - INFO - Set SF=20[92m -> OK[0m
2023-04-25 14:46:51,769 - rotary_actuator - DEBUG - String sent: 2S3=0,0,0

2023-04-25 14:46:51,769 - rotary_actuator - DEBUG - String sent: 2PR S3

2023-04-25 14:46:51,870 - rotary_actuator - INFO - Set S3=0,0,0[92m -> OK[0m
2023-04-25 14:46:51,870 - rotary_actuator - DEBUG - String sent: 2S4=0,0,0

2023-04-25 14:46:51,870 - rotary_actuator - DEBUG - String sent: 2PR S4

2023-04-25 14:46:51,971 - rotary_actuator - INFO - Set S4=0,0,0[92m -> OK[0m
2023-04-25 14:46:51,971 - rotary_actuator - INFO - Set S1 and S2 as limit switches
2023-04-25 14:46:51,971 - rotary_actuator - DEBUG - String sent: 2S1=2,0,0

2023-04-25 14:46:51,972 - rotary_actuator - DEBUG - String sent: 2PR S1

2023-04-25 14:46:52,072 - rotary_actuator - INFO - Set S1=2,0,0[92m -> OK[0m
2023-04-25 14:46:52,073 - rotary_actuator - DEBUG - String sent: 2S2=3,0,0

2023-04-25 14:46:52,073 - rotary_actuator - DEBUG - String sent: 2PR S2

2023-04-25 14:46:52,175 - rotary_actuator - INFO - Set S2=3,0,0[92m -> OK[0m
2023-04-25 14:46:57,112 - rotary_actuator - DEBUG - String sent: 2PR I3

