2023-01-18 12:39:28,492 - rotary_actuator - INFO - started logger
2023-01-18 12:39:28,492 - rotary_actuator - INFO - CAUTION USING NON SPECIFIC CONFIG FILES
2023-01-18 12:39:28,493 - rotary_actuator - INFO - Using config file (/home/shivaraj/Desktop/SBN/Pyhton2_to_3/SBND_laser_control/workspace/RunControl/devices/config/config_rotary_actuator.json)
2023-01-18 12:40:00,117 - rotary_actuator - INFO - CAUTION USING NON SPECIFIC CONFIG FILES
2023-01-18 12:40:00,124 - rotary_actuator - INFO - Using config file (/home/shivaraj/Desktop/SBN/Pyhton2_to_3/SBND_laser_control/workspace/RunControl/devices/config/com_ports.json)
2023-01-18 12:40:01,127 - rotary_actuator - INFO - Com port (/dev/ttyUSB1) opened
2023-01-18 12:40:01,128 - rotary_actuator - INFO - ---------------- init axis -----------------
2023-01-18 12:40:01,128 - rotary_actuator - DEBUG - String sent: 2MS=256

2023-01-18 12:40:01,129 - rotary_actuator - DEBUG - String sent: 2PR MS

2023-01-18 12:40:01,230 - rotary_actuator - ERROR - Set MS=256 failed
2023-01-18 12:40:01,230 - rotary_actuator - DEBUG - String sent: 2A=500

2023-01-18 12:40:01,230 - rotary_actuator - DEBUG - String sent: 2PR A

2023-01-18 12:40:01,331 - rotary_actuator - INFO - Set A=500[92m -> OK[0m
2023-01-18 12:40:01,332 - rotary_actuator - DEBUG - String sent: 2D=500

2023-01-18 12:40:01,332 - rotary_actuator - DEBUG - String sent: 2PR D

2023-01-18 12:40:01,433 - rotary_actuator - INFO - Set D=500[92m -> OK[0m
2023-01-18 12:40:01,434 - rotary_actuator - DEBUG - String sent: 2VI=200

2023-01-18 12:40:01,441 - rotary_actuator - DEBUG - String sent: 2PR VI

2023-01-18 12:40:01,542 - rotary_actuator - INFO - Set VI=200[92m -> OK[0m
2023-01-18 12:40:01,543 - rotary_actuator - DEBUG - String sent: 2VM=800

2023-01-18 12:40:01,543 - rotary_actuator - DEBUG - String sent: 2PR VM

2023-01-18 12:40:01,644 - rotary_actuator - INFO - Set VM=800[92m -> OK[0m
2023-01-18 12:40:01,644 - rotary_actuator - DEBUG - String sent: 2HC=5

2023-01-18 12:40:01,645 - rotary_actuator - DEBUG - String sent: 2PR HC

2023-01-18 12:40:01,746 - rotary_actuator - INFO - Set HC=5[92m -> OK[0m
2023-01-18 12:40:01,746 - rotary_actuator - DEBUG - String sent: 2RC=90

2023-01-18 12:40:01,747 - rotary_actuator - DEBUG - String sent: 2PR RC

2023-01-18 12:40:01,847 - rotary_actuator - INFO - Set RC=90[92m -> OK[0m
2023-01-18 12:40:01,848 - rotary_actuator - DEBUG - String sent: 2EE=1

2023-01-18 12:40:01,848 - rotary_actuator - DEBUG - String sent: 2PR EE

2023-01-18 12:40:01,949 - rotary_actuator - INFO - Set EE=1[92m -> OK[0m
2023-01-18 12:40:01,950 - rotary_actuator - DEBUG - String sent: 2S3=0,0,0

2023-01-18 12:40:01,950 - rotary_actuator - DEBUG - String sent: 2PR S3

2023-01-18 12:40:02,051 - rotary_actuator - INFO - Set S3=0,0,0[92m -> OK[0m
2023-01-18 12:40:02,052 - rotary_actuator - DEBUG - String sent: 2S4=0,0,0

2023-01-18 12:40:02,052 - rotary_actuator - DEBUG - String sent: 2PR S4

2023-01-18 12:40:02,153 - rotary_actuator - INFO - Set S4=0,0,0[92m -> OK[0m
2023-01-18 12:40:02,153 - rotary_actuator - INFO - Set S1 and S2 as limit switches
2023-01-18 12:40:02,153 - rotary_actuator - DEBUG - String sent: 2S1=2,0,0

2023-01-18 12:40:02,153 - rotary_actuator - DEBUG - String sent: 2PR S1

2023-01-18 12:40:02,254 - rotary_actuator - INFO - Set S1=2,0,0[92m -> OK[0m
2023-01-18 12:40:02,255 - rotary_actuator - DEBUG - String sent: 2S2=3,0,0

2023-01-18 12:40:02,255 - rotary_actuator - DEBUG - String sent: 2PR S2

2023-01-18 12:40:02,356 - rotary_actuator - INFO - Set S2=3,0,0[92m -> OK[0m
2023-01-18 12:40:19,243 - rotary_actuator - INFO - CAUTION USING NON SPECIFIC CONFIG FILES
2023-01-18 12:40:19,244 - rotary_actuator - INFO - Using config file (/home/shivaraj/Desktop/SBN/Pyhton2_to_3/SBND_laser_control/workspace/RunControl/devices/config/com_ports.json)
2023-01-18 12:40:20,247 - rotary_actuator - INFO - Com port (/dev/ttyUSB1) opened
2023-01-18 12:40:20,247 - rotary_actuator - INFO - ---------------- init axis -----------------
2023-01-18 12:40:20,248 - rotary_actuator - DEBUG - String sent: 2MS=256

2023-01-18 12:40:20,248 - rotary_actuator - DEBUG - String sent: 2PR MS

2023-01-18 12:40:20,349 - rotary_actuator - INFO - Set MS=256[92m -> OK[0m
2023-01-18 12:40:20,350 - rotary_actuator - DEBUG - String sent: 2A=500

2023-01-18 12:40:20,350 - rotary_actuator - DEBUG - String sent: 2PR A

2023-01-18 12:40:20,451 - rotary_actuator - INFO - Set A=500[92m -> OK[0m
2023-01-18 12:40:20,452 - rotary_actuator - DEBUG - String sent: 2D=500

2023-01-18 12:40:20,452 - rotary_actuator - DEBUG - String sent: 2PR D

2023-01-18 12:40:20,553 - rotary_actuator - INFO - Set D=500[92m -> OK[0m
2023-01-18 12:40:20,554 - rotary_actuator - DEBUG - String sent: 2VI=200

2023-01-18 12:40:20,554 - rotary_actuator - DEBUG - String sent: 2PR VI

2023-01-18 12:40:20,655 - rotary_actuator - INFO - Set VI=200[92m -> OK[0m
2023-01-18 12:40:20,655 - rotary_actuator - DEBUG - String sent: 2VM=800

2023-01-18 12:40:20,656 - rotary_actuator - DEBUG - String sent: 2PR VM

2023-01-18 12:40:20,757 - rotary_actuator - INFO - Set VM=800[92m -> OK[0m
2023-01-18 12:40:20,757 - rotary_actuator - DEBUG - String sent: 2HC=5

2023-01-18 12:40:20,758 - rotary_actuator - DEBUG - String sent: 2PR HC

2023-01-18 12:40:20,858 - rotary_actuator - INFO - Set HC=5[92m -> OK[0m
2023-01-18 12:40:20,859 - rotary_actuator - DEBUG - String sent: 2RC=90

2023-01-18 12:40:20,860 - rotary_actuator - DEBUG - String sent: 2PR RC

2023-01-18 12:40:20,960 - rotary_actuator - INFO - Set RC=90[92m -> OK[0m
2023-01-18 12:40:20,961 - rotary_actuator - DEBUG - String sent: 2EE=1

2023-01-18 12:40:20,961 - rotary_actuator - DEBUG - String sent: 2PR EE

2023-01-18 12:40:21,062 - rotary_actuator - INFO - Set EE=1[92m -> OK[0m
2023-01-18 12:40:21,063 - rotary_actuator - DEBUG - String sent: 2S3=0,0,0

2023-01-18 12:40:21,063 - rotary_actuator - DEBUG - String sent: 2PR S3

2023-01-18 12:40:21,164 - rotary_actuator - INFO - Set S3=0,0,0[92m -> OK[0m
2023-01-18 12:40:21,165 - rotary_actuator - DEBUG - String sent: 2S4=0,0,0

2023-01-18 12:40:21,165 - rotary_actuator - DEBUG - String sent: 2PR S4

2023-01-18 12:40:21,266 - rotary_actuator - INFO - Set S4=0,0,0[92m -> OK[0m
2023-01-18 12:40:21,266 - rotary_actuator - INFO - Set S1 and S2 as limit switches
2023-01-18 12:40:21,266 - rotary_actuator - DEBUG - String sent: 2S1=2,0,0

2023-01-18 12:40:21,267 - rotary_actuator - DEBUG - String sent: 2PR S1

2023-01-18 12:40:21,368 - rotary_actuator - INFO - Set S1=2,0,0[92m -> OK[0m
2023-01-18 12:40:21,368 - rotary_actuator - DEBUG - String sent: 2S2=3,0,0

2023-01-18 12:40:21,369 - rotary_actuator - DEBUG - String sent: 2PR S2

2023-01-18 12:40:21,469 - rotary_actuator - INFO - Set S2=3,0,0[92m -> OK[0m
2023-01-18 12:40:37,413 - rotary_actuator - INFO - Moving 100 microsteps
2023-01-18 12:40:37,413 - rotary_actuator - DEBUG - String sent: 2MR 100

2023-01-18 12:40:41,593 - rotary_actuator - INFO - Moving 100 microsteps
2023-01-18 12:40:41,593 - rotary_actuator - DEBUG - String sent: 2MR 100

2023-01-18 12:40:45,134 - rotary_actuator - INFO - Moving 1000 microsteps
2023-01-18 12:40:45,135 - rotary_actuator - DEBUG - String sent: 2MR 1000

2023-01-18 12:41:02,717 - rotary_actuator - INFO - Moving -1000 microsteps
2023-01-18 12:41:02,725 - rotary_actuator - DEBUG - String sent: 2MR -1000

