2023-04-03 16:21:48,329 - rotary_actuator - INFO - started logger
2023-04-03 16:21:48,329 - rotary_actuator - INFO - CAUTION USING NON SPECIFIC CONFIG FILES
2023-04-03 16:21:48,329 - rotary_actuator - INFO - Using config file (/home/shivaraj/Desktop/SBN/Pyhton2_to_3/SBND_laser_control/workspace/RunControl/devices/config/config_rotary_actuator.json)
2023-04-03 16:21:50,715 - rotary_actuator - INFO - CAUTION USING NON SPECIFIC CONFIG FILES
2023-04-03 16:21:50,716 - rotary_actuator - INFO - Using config file (/home/shivaraj/Desktop/SBN/Pyhton2_to_3/SBND_laser_control/workspace/RunControl/devices/config/com_ports.json)
2023-04-03 16:21:51,719 - rotary_actuator - INFO - Com port (/dev/ttyUSB0) opened
2023-04-03 16:21:51,719 - rotary_actuator - INFO - ---------------- init axis -----------------
2023-04-03 16:21:51,720 - rotary_actuator - DEBUG - String sent: b2MS=256

2023-04-03 16:21:51,720 - rotary_actuator - DEBUG - String sent: b2PR MS

2023-04-03 16:21:51,821 - rotary_actuator - ERROR - Set MS=256 failed
2023-04-03 16:21:51,821 - rotary_actuator - DEBUG - String sent: b2A=500

2023-04-03 16:21:51,822 - rotary_actuator - DEBUG - String sent: b2PR A

2023-04-03 16:21:51,923 - rotary_actuator - ERROR - Set A=500 failed
2023-04-03 16:21:51,923 - rotary_actuator - DEBUG - String sent: b2D=500

2023-04-03 16:21:51,923 - rotary_actuator - DEBUG - String sent: b2PR D

2023-04-03 16:21:52,024 - rotary_actuator - ERROR - Set D=500 failed
2023-04-03 16:21:52,025 - rotary_actuator - DEBUG - String sent: b2VI=200

2023-04-03 16:21:52,025 - rotary_actuator - DEBUG - String sent: b2PR VI

2023-04-03 16:21:52,126 - rotary_actuator - ERROR - Set VI=200 failed
2023-04-03 16:21:52,126 - rotary_actuator - DEBUG - String sent: b2VM=800

2023-04-03 16:21:52,127 - rotary_actuator - DEBUG - String sent: b2PR VM

2023-04-03 16:21:52,228 - rotary_actuator - ERROR - Set VM=800 failed
2023-04-03 16:21:52,228 - rotary_actuator - DEBUG - String sent: b2HC=5

2023-04-03 16:21:52,229 - rotary_actuator - DEBUG - String sent: b2PR HC

2023-04-03 16:21:52,330 - rotary_actuator - ERROR - Set HC=5 failed
2023-04-03 16:21:52,330 - rotary_actuator - DEBUG - String sent: b2RC=90

2023-04-03 16:21:52,331 - rotary_actuator - DEBUG - String sent: b2PR RC

2023-04-03 16:21:52,431 - rotary_actuator - ERROR - Set RC=90 failed
2023-04-03 16:21:52,432 - rotary_actuator - DEBUG - String sent: b2EE=1

2023-04-03 16:21:52,432 - rotary_actuator - DEBUG - String sent: b2PR EE

2023-04-03 16:21:52,533 - rotary_actuator - ERROR - Set EE=1 failed
2023-04-03 16:21:52,533 - rotary_actuator - DEBUG - String sent: b2S4=0,0,0

2023-04-03 16:21:52,533 - rotary_actuator - DEBUG - String sent: b2PR S4

2023-04-03 16:21:52,634 - rotary_actuator - ERROR - Set S4=0,0,0 failed
2023-04-03 16:21:52,635 - rotary_actuator - INFO - Set S1 and S2 as limit switches
2023-04-03 16:21:52,635 - rotary_actuator - DEBUG - String sent: b2S1=2,0,0

2023-04-03 16:21:52,635 - rotary_actuator - DEBUG - String sent: b2PR S1

2023-04-03 16:21:52,736 - rotary_actuator - ERROR - Set S1=2,0,0 failed
2023-04-03 16:21:52,737 - rotary_actuator - DEBUG - String sent: b2S2=3,0,0

2023-04-03 16:21:52,737 - rotary_actuator - DEBUG - String sent: b2PR S2

2023-04-03 16:21:52,838 - rotary_actuator - ERROR - Set S2=3,0,0 failed
2023-04-03 16:21:53,339 - rotary_actuator - INFO - limit switches were not set correctly
2023-04-03 16:21:53,340 - rotary_actuator - INFO - Set S1 and S2 as limit switches
2023-04-03 16:21:53,340 - rotary_actuator - DEBUG - String sent: b2S1=2,0,0

2023-04-03 16:21:53,341 - rotary_actuator - DEBUG - String sent: b2PR S1

2023-04-03 16:21:53,441 - rotary_actuator - ERROR - Set S1=2,0,0 failed
2023-04-03 16:21:53,442 - rotary_actuator - DEBUG - String sent: b2S2=3,0,0

2023-04-03 16:21:53,442 - rotary_actuator - DEBUG - String sent: b2PR S2

2023-04-03 16:21:53,542 - rotary_actuator - ERROR - Set S2=3,0,0 failed
2023-04-03 16:21:54,043 - rotary_actuator - INFO - limit switches were not set correctly
2023-04-03 16:21:54,043 - rotary_actuator - INFO - Set S1 and S2 as limit switches
2023-04-03 16:21:54,043 - rotary_actuator - DEBUG - String sent: b2S1=2,0,0

2023-04-03 16:21:54,043 - rotary_actuator - DEBUG - String sent: b2PR S1

2023-04-03 16:21:54,144 - rotary_actuator - ERROR - Set S1=2,0,0 failed
2023-04-03 16:21:54,145 - rotary_actuator - DEBUG - String sent: b2S2=3,0,0

2023-04-03 16:21:54,145 - rotary_actuator - DEBUG - String sent: b2PR S2

2023-04-03 16:21:54,246 - rotary_actuator - ERROR - Set S2=3,0,0 failed
2023-04-03 16:21:54,748 - rotary_actuator - INFO - limit switches were not set correctly
2023-04-03 16:21:54,748 - rotary_actuator - INFO - Set S1 and S2 as limit switches
2023-04-03 16:21:54,749 - rotary_actuator - DEBUG - String sent: b2S1=2,0,0

2023-04-03 16:21:54,749 - rotary_actuator - DEBUG - String sent: b2PR S1

2023-04-03 16:21:54,850 - rotary_actuator - ERROR - Set S1=2,0,0 failed
2023-04-03 16:21:54,851 - rotary_actuator - DEBUG - String sent: b2S2=3,0,0

2023-04-03 16:21:54,851 - rotary_actuator - DEBUG - String sent: b2PR S2

2023-04-03 16:21:54,952 - rotary_actuator - ERROR - Set S2=3,0,0 failed
2023-04-03 16:21:55,454 - rotary_actuator - INFO - limit switches were not set correctly
2023-04-03 16:21:55,455 - rotary_actuator - ERROR - Setting the limit switch failed 5 times -> exiting
