2023-04-25 14:42:46,077 - rotary_actuator - INFO - started logger
2023-04-25 14:42:46,077 - rotary_actuator - INFO - CAUTION USING NON SPECIFIC CONFIG FILES
2023-04-25 14:42:46,077 - rotary_actuator - INFO - Using config file (/home/shivaraj/Desktop/SBN/Pyhton2_to_3/SBND_laser_control/workspace/RunControl/devices/config/config_rotary_actuator.json)
2023-04-25 14:42:52,113 - rotary_actuator - INFO - CAUTION USING NON SPECIFIC CONFIG FILES
2023-04-25 14:42:52,114 - rotary_actuator - INFO - Using config file (/home/shivaraj/Desktop/SBN/Pyhton2_to_3/SBND_laser_control/workspace/RunControl/devices/config/com_ports.json)
2023-04-25 14:42:53,116 - rotary_actuator - INFO - Com port (/dev/ttyUSB1) opened
2023-04-25 14:42:53,117 - rotary_actuator - INFO - ---------------- init axis -----------------
2023-04-25 14:42:53,117 - rotary_actuator - DEBUG - String sent: 2MS=256

2023-04-25 14:42:53,118 - rotary_actuator - DEBUG - String sent: 2PR MS

2023-04-25 14:42:53,218 - rotary_actuator - INFO - Set MS=256[92m -> OK[0m
2023-04-25 14:42:53,219 - rotary_actuator - DEBUG - String sent: 2A=500

2023-04-25 14:42:53,219 - rotary_actuator - DEBUG - String sent: 2PR A

2023-04-25 14:42:53,320 - rotary_actuator - INFO - Set A=500[92m -> OK[0m
2023-04-25 14:42:53,321 - rotary_actuator - DEBUG - String sent: 2D=500

2023-04-25 14:42:53,321 - rotary_actuator - DEBUG - String sent: 2PR D

2023-04-25 14:42:53,422 - rotary_actuator - INFO - Set D=500[92m -> OK[0m
2023-04-25 14:42:53,423 - rotary_actuator - DEBUG - String sent: 2VI=200

2023-04-25 14:42:53,424 - rotary_actuator - DEBUG - String sent: 2PR VI

2023-04-25 14:42:53,524 - rotary_actuator - INFO - Set VI=200[92m -> OK[0m
2023-04-25 14:42:53,525 - rotary_actuator - DEBUG - String sent: 2VM=800

2023-04-25 14:42:53,526 - rotary_actuator - DEBUG - String sent: 2PR VM

2023-04-25 14:42:53,626 - rotary_actuator - INFO - Set VM=800[92m -> OK[0m
2023-04-25 14:42:53,627 - rotary_actuator - DEBUG - String sent: 2HC=5

2023-04-25 14:42:53,627 - rotary_actuator - DEBUG - String sent: 2PR HC

2023-04-25 14:42:53,728 - rotary_actuator - INFO - Set HC=5[92m -> OK[0m
2023-04-25 14:42:53,729 - rotary_actuator - DEBUG - String sent: 2RC=90

2023-04-25 14:42:53,730 - rotary_actuator - DEBUG - String sent: 2PR RC

2023-04-25 14:42:53,830 - rotary_actuator - INFO - Set RC=90[92m -> OK[0m
2023-04-25 14:42:53,830 - rotary_actuator - DEBUG - String sent: 2EE=1

2023-04-25 14:42:53,830 - rotary_actuator - DEBUG - String sent: 2PR EE

2023-04-25 14:42:53,931 - rotary_actuator - INFO - Set EE=1[92m -> OK[0m
2023-04-25 14:42:53,931 - rotary_actuator - DEBUG - String sent: 2SM=1

2023-04-25 14:42:53,939 - rotary_actuator - DEBUG - String sent: 2PR SM

2023-04-25 14:42:54,040 - rotary_actuator - INFO - Set SM=1[92m -> OK[0m
2023-04-25 14:42:54,040 - rotary_actuator - DEBUG - String sent: 2SF=20

2023-04-25 14:42:54,041 - rotary_actuator - DEBUG - String sent: 2PR SF

2023-04-25 14:42:54,142 - rotary_actuator - INFO - Set SF=20[92m -> OK[0m
2023-04-25 14:42:54,142 - rotary_actuator - DEBUG - String sent: 2S3=0,0,0

2023-04-25 14:42:54,143 - rotary_actuator - DEBUG - String sent: 2PR S3

2023-04-25 14:42:54,244 - rotary_actuator - INFO - Set S3=0,0,0[92m -> OK[0m
2023-04-25 14:42:54,244 - rotary_actuator - DEBUG - String sent: 2S4=0,0,0

2023-04-25 14:42:54,245 - rotary_actuator - DEBUG - String sent: 2PR S4

2023-04-25 14:42:54,346 - rotary_actuator - INFO - Set S4=0,0,0[92m -> OK[0m
2023-04-25 14:42:54,346 - rotary_actuator - INFO - Set S1 and S2 as limit switches
2023-04-25 14:42:54,347 - rotary_actuator - DEBUG - String sent: 2S1=2,0,0

2023-04-25 14:42:54,347 - rotary_actuator - DEBUG - String sent: 2PR S1

2023-04-25 14:42:54,448 - rotary_actuator - INFO - Set S1=2,0,0[92m -> OK[0m
2023-04-25 14:42:54,448 - rotary_actuator - DEBUG - String sent: 2S2=3,0,0

2023-04-25 14:42:54,449 - rotary_actuator - DEBUG - String sent: 2PR S2

2023-04-25 14:42:54,550 - rotary_actuator - INFO - Set S2=3,0,0[92m -> OK[0m
2023-04-25 14:45:20,742 - rotary_actuator - DEBUG - String sent: 2PR I3

2023-04-25 14:45:32,342 - rotary_actuator - DEBUG - String sent: 2PR I3

