2023-04-05 16:03:39,635 - rotary_actuator - INFO - started logger
2023-04-05 16:03:39,636 - rotary_actuator - INFO - CAUTION USING NON SPECIFIC CONFIG FILES
2023-04-05 16:03:39,636 - rotary_actuator - INFO - Using config file (/home/shivaraj/Desktop/SBN/Pyhton2_to_3/SBND_laser_control/workspace/RunControl/devices/config/config_rotary_actuator.json)
2023-04-05 16:03:42,318 - rotary_actuator - INFO - CAUTION USING NON SPECIFIC CONFIG FILES
2023-04-05 16:03:42,319 - rotary_actuator - INFO - Using config file (/home/shivaraj/Desktop/SBN/Pyhton2_to_3/SBND_laser_control/workspace/RunControl/devices/config/com_ports.json)
2023-04-05 16:03:43,322 - rotary_actuator - INFO - Com port (/dev/ttyUSB0) opened
2023-04-05 16:03:43,322 - rotary_actuator - INFO - ---------------- init axis -----------------
2023-04-05 16:03:43,423 - rotary_actuator - DEBUG - String sent: 2MS=256

2023-04-05 16:03:43,525 - rotary_actuator - DEBUG - String sent: 2PR MS

2023-04-05 16:03:43,625 - rotary_actuator - INFO - Set MS=256[92m -> OK[0m
2023-04-05 16:03:43,726 - rotary_actuator - DEBUG - String sent: 2A=500

2023-04-05 16:03:43,826 - rotary_actuator - DEBUG - String sent: 2PR A

2023-04-05 16:03:43,927 - rotary_actuator - INFO - Set A=500[92m -> OK[0m
2023-04-05 16:03:44,029 - rotary_actuator - DEBUG - String sent: 2D=500

2023-04-05 16:03:44,130 - rotary_actuator - DEBUG - String sent: 2PR D

2023-04-05 16:03:44,231 - rotary_actuator - INFO - Set D=500[92m -> OK[0m
2023-04-05 16:03:44,332 - rotary_actuator - DEBUG - String sent: 2VI=200

2023-04-05 16:03:44,433 - rotary_actuator - DEBUG - String sent: 2PR VI

2023-04-05 16:03:44,534 - rotary_actuator - INFO - Set VI=200[92m -> OK[0m
2023-04-05 16:03:44,635 - rotary_actuator - DEBUG - String sent: 2VM=800

2023-04-05 16:03:44,736 - rotary_actuator - DEBUG - String sent: 2PR VM

2023-04-05 16:03:44,836 - rotary_actuator - INFO - Set VM=800[92m -> OK[0m
2023-04-05 16:03:44,937 - rotary_actuator - DEBUG - String sent: 2HC=5

2023-04-05 16:03:45,038 - rotary_actuator - DEBUG - String sent: 2PR HC

2023-04-05 16:03:45,139 - rotary_actuator - INFO - Set HC=5[92m -> OK[0m
2023-04-05 16:03:45,240 - rotary_actuator - DEBUG - String sent: 2RC=90

2023-04-05 16:03:45,341 - rotary_actuator - DEBUG - String sent: 2PR RC

2023-04-05 16:03:45,443 - rotary_actuator - INFO - Set RC=90[92m -> OK[0m
2023-04-05 16:03:45,544 - rotary_actuator - DEBUG - String sent: 2EE=1

2023-04-05 16:03:45,645 - rotary_actuator - DEBUG - String sent: 2PR EE

2023-04-05 16:03:45,746 - rotary_actuator - INFO - Set EE=1[92m -> OK[0m
2023-04-05 16:03:45,847 - rotary_actuator - DEBUG - String sent: 2S4=0,0,0

2023-04-05 16:03:45,948 - rotary_actuator - DEBUG - String sent: 2PR S4

2023-04-05 16:03:46,049 - rotary_actuator - INFO - Set S4=0,0,0[92m -> OK[0m
2023-04-05 16:03:46,050 - rotary_actuator - INFO - Set S1 and S2 as limit switches
2023-04-05 16:03:46,151 - rotary_actuator - DEBUG - String sent: 2S1=2,0,0

2023-04-05 16:03:46,252 - rotary_actuator - DEBUG - String sent: 2PR S1

2023-04-05 16:03:46,353 - rotary_actuator - INFO - Set S1=2,0,0[92m -> OK[0m
2023-04-05 16:03:46,454 - rotary_actuator - DEBUG - String sent: 2S2=3,0,0

2023-04-05 16:03:46,555 - rotary_actuator - DEBUG - String sent: 2PR S2

2023-04-05 16:03:46,657 - rotary_actuator - INFO - Set S2=3,0,0[92m -> OK[0m
2023-04-05 16:03:56,058 - rotary_actuator - DEBUG - String sent: 2PR P

2023-04-05 16:03:56,158 - rotary_actuator - INFO - Moving 150 microsteps
2023-04-05 16:03:56,259 - rotary_actuator - DEBUG - String sent: 2MR 150

2023-04-05 16:04:01,525 - rotary_actuator - DEBUG - String sent: 2PR P

2023-04-05 16:04:01,626 - rotary_actuator - INFO - Moving 1500 microsteps
2023-04-05 16:04:01,727 - rotary_actuator - DEBUG - String sent: 2MR 1500

2023-04-05 16:04:52,920 - rotary_actuator - INFO - CAUTION USING NON SPECIFIC CONFIG FILES
2023-04-05 16:04:52,928 - rotary_actuator - INFO - Using config file (/home/shivaraj/Desktop/SBN/Pyhton2_to_3/SBND_laser_control/workspace/RunControl/devices/config/com_ports.json)
2023-04-05 16:04:53,931 - rotary_actuator - INFO - Com port (/dev/ttyUSB0) opened
