2023-01-18 13:39:33,645 - rotary_actuator - INFO - started logger
2023-01-18 13:39:33,646 - rotary_actuator - INFO - CAUTION USING NON SPECIFIC CONFIG FILES
2023-01-18 13:39:33,646 - rotary_actuator - INFO - Using config file (/home/shivaraj/Desktop/SBN/Pyhton2_to_3/SBND_laser_control/workspace/RunControl/devices/config/config_rotary_actuator.json)
2023-01-18 13:39:40,316 - rotary_actuator - INFO - CAUTION USING NON SPECIFIC CONFIG FILES
2023-01-18 13:39:40,316 - rotary_actuator - INFO - Using config file (/home/shivaraj/Desktop/SBN/Pyhton2_to_3/SBND_laser_control/workspace/RunControl/devices/config/com_ports.json)
2023-01-18 13:39:41,319 - rotary_actuator - INFO - Com port (/dev/ttyUSB0) opened
2023-01-18 13:39:41,319 - rotary_actuator - INFO - ---------------- init axis -----------------
2023-01-18 13:39:41,320 - rotary_actuator - DEBUG - String sent: 2MS=256

2023-01-18 13:39:41,320 - rotary_actuator - DEBUG - String sent: 2PR MS

2023-01-18 13:39:41,421 - rotary_actuator - INFO - Set MS=256[92m -> OK[0m
2023-01-18 13:39:41,422 - rotary_actuator - DEBUG - String sent: 2A=500

2023-01-18 13:39:41,422 - rotary_actuator - DEBUG - String sent: 2PR A

2023-01-18 13:39:41,523 - rotary_actuator - INFO - Set A=500[92m -> OK[0m
2023-01-18 13:39:41,523 - rotary_actuator - DEBUG - String sent: 2D=500

2023-01-18 13:39:41,524 - rotary_actuator - DEBUG - String sent: 2PR D

2023-01-18 13:39:41,625 - rotary_actuator - INFO - Set D=500[92m -> OK[0m
2023-01-18 13:39:41,625 - rotary_actuator - DEBUG - String sent: 2VI=200

2023-01-18 13:39:41,626 - rotary_actuator - DEBUG - String sent: 2PR VI

2023-01-18 13:39:41,726 - rotary_actuator - INFO - Set VI=200[92m -> OK[0m
2023-01-18 13:39:41,727 - rotary_actuator - DEBUG - String sent: 2VM=800

2023-01-18 13:39:41,727 - rotary_actuator - DEBUG - String sent: 2PR VM

2023-01-18 13:39:41,828 - rotary_actuator - INFO - Set VM=800[92m -> OK[0m
2023-01-18 13:39:41,829 - rotary_actuator - DEBUG - String sent: 2HC=5

2023-01-18 13:39:41,830 - rotary_actuator - DEBUG - String sent: 2PR HC

2023-01-18 13:39:41,931 - rotary_actuator - INFO - Set HC=5[92m -> OK[0m
2023-01-18 13:39:41,931 - rotary_actuator - DEBUG - String sent: 2RC=90

2023-01-18 13:39:41,932 - rotary_actuator - DEBUG - String sent: 2PR RC

2023-01-18 13:39:42,032 - rotary_actuator - INFO - Set RC=90[92m -> OK[0m
2023-01-18 13:39:42,033 - rotary_actuator - DEBUG - String sent: 2EE=1

2023-01-18 13:39:42,033 - rotary_actuator - DEBUG - String sent: 2PR EE

2023-01-18 13:39:42,134 - rotary_actuator - INFO - Set EE=1[92m -> OK[0m
2023-01-18 13:39:42,135 - rotary_actuator - DEBUG - String sent: 2S3=0,0,0

2023-01-18 13:39:42,135 - rotary_actuator - DEBUG - String sent: 2PR S3

2023-01-18 13:39:42,236 - rotary_actuator - INFO - Set S3=0,0,0[92m -> OK[0m
2023-01-18 13:39:42,236 - rotary_actuator - DEBUG - String sent: 2S4=0,0,0

2023-01-18 13:39:42,237 - rotary_actuator - DEBUG - String sent: 2PR S4

2023-01-18 13:39:42,338 - rotary_actuator - INFO - Set S4=0,0,0[92m -> OK[0m
2023-01-18 13:39:42,338 - rotary_actuator - INFO - Set S1 and S2 as limit switches
2023-01-18 13:39:42,339 - rotary_actuator - DEBUG - String sent: 2S1=2,0,0

2023-01-18 13:39:42,339 - rotary_actuator - DEBUG - String sent: 2PR S1

2023-01-18 13:39:42,440 - rotary_actuator - INFO - Set S1=2,0,0[92m -> OK[0m
2023-01-18 13:39:42,440 - rotary_actuator - DEBUG - String sent: 2S2=3,0,0

2023-01-18 13:39:42,441 - rotary_actuator - DEBUG - String sent: 2PR S2

2023-01-18 13:39:42,542 - rotary_actuator - INFO - Set S2=3,0,0[92m -> OK[0m
