2023-04-05 15:49:19,815 - rotary_actuator - INFO - started logger
2023-04-05 15:49:19,816 - rotary_actuator - INFO - CAUTION USING NON SPECIFIC CONFIG FILES
2023-04-05 15:49:19,816 - rotary_actuator - INFO - Using config file (/home/shivaraj/Desktop/SBN/Pyhton2_to_3/SBND_laser_control/workspace/RunControl/devices/config/config_rotary_actuator.json)
2023-04-05 15:49:21,969 - rotary_actuator - INFO - CAUTION USING NON SPECIFIC CONFIG FILES
2023-04-05 15:49:21,970 - rotary_actuator - INFO - Using config file (/home/shivaraj/Desktop/SBN/Pyhton2_to_3/SBND_laser_control/workspace/RunControl/devices/config/com_ports.json)
2023-04-05 15:49:22,973 - rotary_actuator - INFO - Com port (/dev/ttyUSB0) opened
2023-04-05 15:49:22,973 - rotary_actuator - INFO - ---------------- init axis -----------------
2023-04-05 15:49:23,074 - rotary_actuator - DEBUG - String sent: 2MS=256

2023-04-05 15:49:23,175 - rotary_actuator - DEBUG - String sent: 2PR MS

2023-04-05 15:49:23,276 - rotary_actuator - ERROR - Set MS=256 failed
2023-04-05 15:49:23,377 - rotary_actuator - DEBUG - String sent: 2A=500

2023-04-05 15:49:23,478 - rotary_actuator - DEBUG - String sent: 2PR A

2023-04-05 15:49:23,579 - rotary_actuator - INFO - Set A=500[92m -> OK[0m
2023-04-05 15:49:23,680 - rotary_actuator - DEBUG - String sent: 2D=500

2023-04-05 15:49:23,781 - rotary_actuator - DEBUG - String sent: 2PR D

2023-04-05 15:49:23,881 - rotary_actuator - INFO - Set D=500[92m -> OK[0m
2023-04-05 15:49:23,982 - rotary_actuator - DEBUG - String sent: 2VI=200

2023-04-05 15:49:24,083 - rotary_actuator - DEBUG - String sent: 2PR VI

2023-04-05 15:49:24,184 - rotary_actuator - INFO - Set VI=200[92m -> OK[0m
2023-04-05 15:49:24,285 - rotary_actuator - DEBUG - String sent: 2VM=800

2023-04-05 15:49:24,385 - rotary_actuator - DEBUG - String sent: 2PR VM

2023-04-05 15:49:24,486 - rotary_actuator - INFO - Set VM=800[92m -> OK[0m
2023-04-05 15:49:24,586 - rotary_actuator - DEBUG - String sent: 2HC=5

2023-04-05 15:49:24,687 - rotary_actuator - DEBUG - String sent: 2PR HC

2023-04-05 15:49:24,788 - rotary_actuator - INFO - Set HC=5[92m -> OK[0m
2023-04-05 15:49:24,889 - rotary_actuator - DEBUG - String sent: 2RC=90

2023-04-05 15:49:24,990 - rotary_actuator - DEBUG - String sent: 2PR RC

2023-04-05 15:49:25,090 - rotary_actuator - INFO - Set RC=90[92m -> OK[0m
2023-04-05 15:49:25,191 - rotary_actuator - DEBUG - String sent: 2EE=1

2023-04-05 15:49:25,292 - rotary_actuator - DEBUG - String sent: 2PR EE

2023-04-05 15:49:25,392 - rotary_actuator - INFO - Set EE=1[92m -> OK[0m
2023-04-05 15:49:25,493 - rotary_actuator - DEBUG - String sent: 2S4=0,0,0

2023-04-05 15:49:25,593 - rotary_actuator - DEBUG - String sent: 2PR S4

2023-04-05 15:49:25,694 - rotary_actuator - INFO - Set S4=0,0,0[92m -> OK[0m
2023-04-05 15:49:25,694 - rotary_actuator - INFO - Set S1 and S2 as limit switches
2023-04-05 15:49:25,795 - rotary_actuator - DEBUG - String sent: 2S1=2,0,0

2023-04-05 15:49:25,896 - rotary_actuator - DEBUG - String sent: 2PR S1

2023-04-05 15:49:25,997 - rotary_actuator - INFO - Set S1=2,0,0[92m -> OK[0m
2023-04-05 15:49:26,098 - rotary_actuator - DEBUG - String sent: 2S2=3,0,0

2023-04-05 15:49:26,199 - rotary_actuator - DEBUG - String sent: 2PR S2

2023-04-05 15:49:26,301 - rotary_actuator - INFO - Set S2=3,0,0[92m -> OK[0m
2023-04-05 15:49:37,079 - rotary_actuator - DEBUG - String sent: 2PR P

2023-04-05 15:49:37,180 - rotary_actuator - INFO - Moving 100 microsteps
2023-04-05 15:49:37,281 - rotary_actuator - DEBUG - String sent: 2MR 100

