2023-04-05 14:52:06,757 - rotary_actuator - INFO - started logger
2023-04-05 14:52:06,757 - rotary_actuator - INFO - CAUTION USING NON SPECIFIC CONFIG FILES
2023-04-05 14:52:06,757 - rotary_actuator - INFO - Using config file (/home/shivaraj/Desktop/SBN/Pyhton2_to_3/SBND_laser_control/workspace/RunControl/devices/config/config_rotary_actuator.json)
2023-04-05 14:52:09,306 - rotary_actuator - INFO - CAUTION USING NON SPECIFIC CONFIG FILES
2023-04-05 14:52:09,306 - rotary_actuator - INFO - Using config file (/home/shivaraj/Desktop/SBN/Pyhton2_to_3/SBND_laser_control/workspace/RunControl/devices/config/com_ports.json)
2023-04-05 14:52:10,309 - rotary_actuator - INFO - Com port (/dev/ttyUSB0) opened
2023-04-05 14:52:10,310 - rotary_actuator - INFO - ---------------- init axis -----------------
2023-04-05 14:52:10,511 - rotary_actuator - DEBUG - String sent: 2MS=256

2023-04-05 14:52:10,712 - rotary_actuator - DEBUG - String sent: 2PR MS

2023-04-05 14:52:10,813 - rotary_actuator - ERROR - Set MS=256 failed
2023-04-05 14:52:11,014 - rotary_actuator - DEBUG - String sent: 2A=500

2023-04-05 14:52:11,215 - rotary_actuator - DEBUG - String sent: 2PR A

2023-04-05 14:52:11,316 - rotary_actuator - INFO - Set A=500[92m -> OK[0m
2023-04-05 14:52:11,518 - rotary_actuator - DEBUG - String sent: 2D=500

2023-04-05 14:52:11,719 - rotary_actuator - DEBUG - String sent: 2PR D

2023-04-05 14:52:11,820 - rotary_actuator - INFO - Set D=500[92m -> OK[0m
2023-04-05 14:52:12,021 - rotary_actuator - DEBUG - String sent: 2VI=200

2023-04-05 14:52:12,223 - rotary_actuator - DEBUG - String sent: 2PR VI

2023-04-05 14:52:12,324 - rotary_actuator - INFO - Set VI=200[92m -> OK[0m
2023-04-05 14:52:12,525 - rotary_actuator - DEBUG - String sent: 2VM=800

2023-04-05 14:52:12,726 - rotary_actuator - DEBUG - String sent: 2PR VM

2023-04-05 14:52:12,828 - rotary_actuator - INFO - Set VM=800[92m -> OK[0m
2023-04-05 14:52:13,029 - rotary_actuator - DEBUG - String sent: 2HC=5

2023-04-05 14:52:13,231 - rotary_actuator - DEBUG - String sent: 2PR HC

2023-04-05 14:52:13,332 - rotary_actuator - INFO - Set HC=5[92m -> OK[0m
2023-04-05 14:52:13,533 - rotary_actuator - DEBUG - String sent: 2RC=90

2023-04-05 14:52:13,734 - rotary_actuator - DEBUG - String sent: 2PR RC

2023-04-05 14:52:13,836 - rotary_actuator - INFO - Set RC=90[92m -> OK[0m
2023-04-05 14:52:14,037 - rotary_actuator - DEBUG - String sent: 2EE=1

2023-04-05 14:52:14,239 - rotary_actuator - DEBUG - String sent: 2PR EE

2023-04-05 14:52:14,340 - rotary_actuator - INFO - Set EE=1[92m -> OK[0m
2023-04-05 14:52:14,542 - rotary_actuator - DEBUG - String sent: 2S4=0,0,0

2023-04-05 14:52:14,743 - rotary_actuator - DEBUG - String sent: 2PR S4

2023-04-05 14:52:14,845 - rotary_actuator - INFO - Set S4=0,0,0[92m -> OK[0m
2023-04-05 14:52:14,845 - rotary_actuator - INFO - Set S1 and S2 as limit switches
2023-04-05 14:52:15,047 - rotary_actuator - DEBUG - String sent: 2S1=2,0,0

2023-04-05 14:52:15,248 - rotary_actuator - DEBUG - String sent: 2PR S1

2023-04-05 14:52:15,350 - rotary_actuator - INFO - Set S1=2,0,0[92m -> OK[0m
2023-04-05 14:52:15,552 - rotary_actuator - DEBUG - String sent: 2S2=3,0,0

2023-04-05 14:52:15,753 - rotary_actuator - DEBUG - String sent: 2PR S2

2023-04-05 14:52:15,854 - rotary_actuator - INFO - Set S2=3,0,0[92m -> OK[0m
2023-04-05 14:52:26,477 - rotary_actuator - INFO - CAUTION USING NON SPECIFIC CONFIG FILES
2023-04-05 14:52:26,477 - rotary_actuator - INFO - Using config file (/home/shivaraj/Desktop/SBN/Pyhton2_to_3/SBND_laser_control/workspace/RunControl/devices/config/com_ports.json)
2023-04-05 14:52:27,481 - rotary_actuator - INFO - Com port (/dev/ttyUSB0) opened
2023-04-05 14:52:27,481 - rotary_actuator - INFO - ---------------- init axis -----------------
2023-04-05 14:52:27,682 - rotary_actuator - DEBUG - String sent: 2MS=256

2023-04-05 14:52:27,884 - rotary_actuator - DEBUG - String sent: 2PR MS

2023-04-05 14:52:27,985 - rotary_actuator - INFO - Set MS=256[92m -> OK[0m
2023-04-05 14:52:28,186 - rotary_actuator - DEBUG - String sent: 2A=500

2023-04-05 14:52:28,387 - rotary_actuator - DEBUG - String sent: 2PR A

2023-04-05 14:52:28,488 - rotary_actuator - INFO - Set A=500[92m -> OK[0m
2023-04-05 14:52:28,689 - rotary_actuator - DEBUG - String sent: 2D=500

2023-04-05 14:52:28,891 - rotary_actuator - DEBUG - String sent: 2PR D

2023-04-05 14:52:28,992 - rotary_actuator - INFO - Set D=500[92m -> OK[0m
2023-04-05 14:52:29,193 - rotary_actuator - DEBUG - String sent: 2VI=200

2023-04-05 14:52:29,394 - rotary_actuator - DEBUG - String sent: 2PR VI

2023-04-05 14:52:29,495 - rotary_actuator - INFO - Set VI=200[92m -> OK[0m
2023-04-05 14:52:29,696 - rotary_actuator - DEBUG - String sent: 2VM=800

2023-04-05 14:52:29,898 - rotary_actuator - DEBUG - String sent: 2PR VM

2023-04-05 14:52:29,999 - rotary_actuator - INFO - Set VM=800[92m -> OK[0m
2023-04-05 14:52:30,200 - rotary_actuator - DEBUG - String sent: 2HC=5

2023-04-05 14:52:30,401 - rotary_actuator - DEBUG - String sent: 2PR HC

2023-04-05 14:52:30,502 - rotary_actuator - INFO - Set HC=5[92m -> OK[0m
2023-04-05 14:52:30,704 - rotary_actuator - DEBUG - String sent: 2RC=90

2023-04-05 14:52:30,905 - rotary_actuator - DEBUG - String sent: 2PR RC

2023-04-05 14:52:31,007 - rotary_actuator - INFO - Set RC=90[92m -> OK[0m
2023-04-05 14:52:31,209 - rotary_actuator - DEBUG - String sent: 2EE=1

2023-04-05 14:52:31,410 - rotary_actuator - DEBUG - String sent: 2PR EE

2023-04-05 14:52:31,511 - rotary_actuator - INFO - Set EE=1[92m -> OK[0m
2023-04-05 14:52:31,713 - rotary_actuator - DEBUG - String sent: 2S4=0,0,0

2023-04-05 14:52:31,914 - rotary_actuator - DEBUG - String sent: 2PR S4

2023-04-05 14:52:32,015 - rotary_actuator - INFO - Set S4=0,0,0[92m -> OK[0m
2023-04-05 14:52:32,016 - rotary_actuator - INFO - Set S1 and S2 as limit switches
2023-04-05 14:52:32,219 - rotary_actuator - DEBUG - String sent: 2S1=2,0,0

2023-04-05 14:52:32,420 - rotary_actuator - DEBUG - String sent: 2PR S1

2023-04-05 14:52:32,522 - rotary_actuator - INFO - Set S1=2,0,0[92m -> OK[0m
2023-04-05 14:52:32,723 - rotary_actuator - DEBUG - String sent: 2S2=3,0,0

2023-04-05 14:52:32,924 - rotary_actuator - DEBUG - String sent: 2PR S2

2023-04-05 14:52:33,026 - rotary_actuator - INFO - Set S2=3,0,0[92m -> OK[0m
2023-04-05 14:53:09,076 - rotary_actuator - DEBUG - String sent: 2PR P

2023-04-05 14:53:09,177 - rotary_actuator - INFO - Moving 100 microsteps
2023-04-05 14:53:09,378 - rotary_actuator - DEBUG - String sent: 2MR 100

