2023-02-10 14:26:37,680 - rotary_actuator - INFO - started logger
2023-02-10 14:26:37,680 - rotary_actuator - INFO - CAUTION USING NON SPECIFIC CONFIG FILES
2023-02-10 14:26:37,680 - rotary_actuator - INFO - Using config file (/home/shivaraj/Desktop/SBN/Pyhton2_to_3/SBND_laser_control/workspace/RunControl/devices/config/config_rotary_actuator.json)
2023-02-10 14:26:40,760 - rotary_actuator - INFO - CAUTION USING NON SPECIFIC CONFIG FILES
2023-02-10 14:26:40,761 - rotary_actuator - INFO - Using config file (/home/shivaraj/Desktop/SBN/Pyhton2_to_3/SBND_laser_control/workspace/RunControl/devices/config/com_ports.json)
2023-02-10 14:26:41,763 - rotary_actuator - INFO - Com port (/dev/ttyUSB1) opened
2023-02-10 14:26:41,763 - rotary_actuator - INFO - ---------------- init axis -----------------
2023-02-10 14:26:41,764 - rotary_actuator - DEBUG - String sent: 2MS=256

2023-02-10 14:26:41,764 - rotary_actuator - DEBUG - String sent: 2PR MS

2023-02-10 14:26:41,865 - rotary_actuator - INFO - Set MS=256[92m -> OK[0m
2023-02-10 14:26:41,865 - rotary_actuator - DEBUG - String sent: 2A=500

2023-02-10 14:26:41,866 - rotary_actuator - DEBUG - String sent: 2PR A

2023-02-10 14:26:41,966 - rotary_actuator - INFO - Set A=500[92m -> OK[0m
2023-02-10 14:26:41,967 - rotary_actuator - DEBUG - String sent: 2D=500

2023-02-10 14:26:41,967 - rotary_actuator - DEBUG - String sent: 2PR D

2023-02-10 14:26:42,068 - rotary_actuator - INFO - Set D=500[92m -> OK[0m
2023-02-10 14:26:42,069 - rotary_actuator - DEBUG - String sent: 2VI=200

2023-02-10 14:26:42,069 - rotary_actuator - DEBUG - String sent: 2PR VI

2023-02-10 14:26:42,170 - rotary_actuator - INFO - Set VI=200[92m -> OK[0m
2023-02-10 14:26:42,170 - rotary_actuator - DEBUG - String sent: 2VM=800

2023-02-10 14:26:42,171 - rotary_actuator - DEBUG - String sent: 2PR VM

2023-02-10 14:26:42,272 - rotary_actuator - INFO - Set VM=800[92m -> OK[0m
2023-02-10 14:26:42,272 - rotary_actuator - DEBUG - String sent: 2HC=5

2023-02-10 14:26:42,273 - rotary_actuator - DEBUG - String sent: 2PR HC

2023-02-10 14:26:42,374 - rotary_actuator - INFO - Set HC=5[92m -> OK[0m
2023-02-10 14:26:42,374 - rotary_actuator - DEBUG - String sent: 2RC=90

2023-02-10 14:26:42,375 - rotary_actuator - DEBUG - String sent: 2PR RC

2023-02-10 14:26:42,476 - rotary_actuator - INFO - Set RC=90[92m -> OK[0m
2023-02-10 14:26:42,476 - rotary_actuator - DEBUG - String sent: 2EE=1

2023-02-10 14:26:42,477 - rotary_actuator - DEBUG - String sent: 2PR EE

2023-02-10 14:26:42,577 - rotary_actuator - INFO - Set EE=1[92m -> OK[0m
2023-02-10 14:26:42,578 - rotary_actuator - DEBUG - String sent: 2S4=0,0,0

2023-02-10 14:26:42,578 - rotary_actuator - DEBUG - String sent: 2PR S4

2023-02-10 14:26:42,679 - rotary_actuator - INFO - Set S4=0,0,0[92m -> OK[0m
2023-02-10 14:26:42,680 - rotary_actuator - INFO - Set S1 and S2 as limit switches
2023-02-10 14:26:42,680 - rotary_actuator - DEBUG - String sent: 2S1=2,0,0

2023-02-10 14:26:42,681 - rotary_actuator - DEBUG - String sent: 2PR S1

2023-02-10 14:26:42,781 - rotary_actuator - INFO - Set S1=2,0,0[92m -> OK[0m
2023-02-10 14:26:42,782 - rotary_actuator - DEBUG - String sent: 2S2=3,0,0

2023-02-10 14:26:42,782 - rotary_actuator - DEBUG - String sent: 2PR S2

2023-02-10 14:26:42,883 - rotary_actuator - INFO - Set S2=3,0,0[92m -> OK[0m
