2023-04-05 16:29:46,377 - rotary_actuator - INFO - started logger
2023-04-05 16:29:46,377 - rotary_actuator - INFO - CAUTION USING NON SPECIFIC CONFIG FILES
2023-04-05 16:29:46,377 - rotary_actuator - INFO - Using config file (/home/shivaraj/Desktop/SBN/Pyhton2_to_3/SBND_laser_control/workspace/RunControl/devices/config/config_rotary_actuator.json)
2023-04-05 16:29:49,059 - rotary_actuator - INFO - CAUTION USING NON SPECIFIC CONFIG FILES
2023-04-05 16:29:49,060 - rotary_actuator - INFO - Using config file (/home/shivaraj/Desktop/SBN/Pyhton2_to_3/SBND_laser_control/workspace/RunControl/devices/config/com_ports.json)
2023-04-05 16:29:50,062 - rotary_actuator - INFO - Com port (/dev/ttyUSB0) opened
2023-04-05 16:29:50,062 - rotary_actuator - INFO - ---------------- init axis -----------------
2023-04-05 16:29:50,163 - rotary_actuator - DEBUG - String sent: 2MS=256

2023-04-05 16:29:50,264 - rotary_actuator - DEBUG - String sent: 2PR MS

2023-04-05 16:29:50,767 - rotary_actuator - INFO - Set MS=256[92m -> OK[0m
2023-04-05 16:29:50,868 - rotary_actuator - DEBUG - String sent: 2A=500

2023-04-05 16:29:50,969 - rotary_actuator - DEBUG - String sent: 2PR A

2023-04-05 16:29:51,470 - rotary_actuator - INFO - Set A=500[92m -> OK[0m
2023-04-05 16:29:51,571 - rotary_actuator - DEBUG - String sent: 2D=500

2023-04-05 16:29:51,671 - rotary_actuator - DEBUG - String sent: 2PR D

2023-04-05 16:29:52,173 - rotary_actuator - INFO - Set D=500[92m -> OK[0m
2023-04-05 16:29:52,274 - rotary_actuator - DEBUG - String sent: 2VI=200

2023-04-05 16:29:52,375 - rotary_actuator - DEBUG - String sent: 2PR VI

2023-04-05 16:29:52,877 - rotary_actuator - INFO - Set VI=200[92m -> OK[0m
2023-04-05 16:29:52,978 - rotary_actuator - DEBUG - String sent: 2VM=800

2023-04-05 16:29:53,078 - rotary_actuator - DEBUG - String sent: 2PR VM

2023-04-05 16:29:53,580 - rotary_actuator - INFO - Set VM=800[92m -> OK[0m
2023-04-05 16:29:53,681 - rotary_actuator - DEBUG - String sent: 2HC=5

2023-04-05 16:29:53,782 - rotary_actuator - DEBUG - String sent: 2PR HC

2023-04-05 16:29:54,283 - rotary_actuator - INFO - Set HC=5[92m -> OK[0m
2023-04-05 16:29:54,384 - rotary_actuator - DEBUG - String sent: 2RC=90

2023-04-05 16:29:54,486 - rotary_actuator - DEBUG - String sent: 2PR RC

2023-04-05 16:29:54,987 - rotary_actuator - INFO - Set RC=90[92m -> OK[0m
2023-04-05 16:29:55,088 - rotary_actuator - DEBUG - String sent: 2EE=1

2023-04-05 16:29:55,189 - rotary_actuator - DEBUG - String sent: 2PR EE

2023-04-05 16:29:55,691 - rotary_actuator - INFO - Set EE=1[92m -> OK[0m
2023-04-05 16:29:55,792 - rotary_actuator - DEBUG - String sent: 2S4=0,0,0

2023-04-05 16:29:55,893 - rotary_actuator - DEBUG - String sent: 2PR S4

2023-04-05 16:29:56,395 - rotary_actuator - INFO - Set S4=0,0,0[92m -> OK[0m
2023-04-05 16:29:56,395 - rotary_actuator - INFO - Set S1 and S2 as limit switches
2023-04-05 16:29:56,496 - rotary_actuator - DEBUG - String sent: 2S1=2,0,0

2023-04-05 16:29:56,597 - rotary_actuator - DEBUG - String sent: 2PR S1

2023-04-05 16:29:57,099 - rotary_actuator - INFO - Set S1=2,0,0[92m -> OK[0m
2023-04-05 16:29:57,200 - rotary_actuator - DEBUG - String sent: 2S2=3,0,0

2023-04-05 16:29:57,301 - rotary_actuator - DEBUG - String sent: 2PR S2

2023-04-05 16:29:57,803 - rotary_actuator - INFO - Set S2=3,0,0[92m -> OK[0m
2023-04-05 16:30:11,400 - rotary_actuator - DEBUG - String sent: 2PR P

2023-04-05 16:30:11,902 - rotary_actuator - INFO - Moving 150 microsteps
2023-04-05 16:30:12,003 - rotary_actuator - DEBUG - String sent: 2MR 150

2023-04-05 16:30:15,419 - rotary_actuator - DEBUG - String sent: 2PR P

2023-04-05 16:30:15,926 - rotary_actuator - INFO - Moving 1500 microsteps
2023-04-05 16:30:16,027 - rotary_actuator - DEBUG - String sent: 2MR 1500

2023-04-05 16:33:03,207 - rotary_actuator - DEBUG - String sent: 2PR P

2023-04-05 16:33:03,709 - rotary_actuator - INFO - Moving 1500 microsteps
2023-04-05 16:33:03,810 - rotary_actuator - DEBUG - String sent: 2MR 1500

2023-04-05 16:33:39,179 - rotary_actuator - DEBUG - String sent: 2PR P

2023-04-05 16:33:39,681 - rotary_actuator - INFO - Moving 1500 microsteps
2023-04-05 16:33:39,782 - rotary_actuator - DEBUG - String sent: 2MR 1500

2023-04-05 16:33:46,364 - rotary_actuator - DEBUG - String sent: 2PR P

2023-04-05 16:33:46,865 - rotary_actuator - INFO - Moving 150 microsteps
2023-04-05 16:33:46,966 - rotary_actuator - DEBUG - String sent: 2MR 150

2023-04-05 16:34:03,531 - rotary_actuator - DEBUG - String sent: 2PR P

2023-04-05 16:34:04,033 - rotary_actuator - INFO - Moving 150 microsteps
2023-04-05 16:34:04,134 - rotary_actuator - DEBUG - String sent: 2MR 150

2023-04-05 16:34:35,050 - rotary_actuator - DEBUG - String sent: 2PR P

2023-04-05 16:34:35,551 - rotary_actuator - INFO - Moving 150 microsteps
2023-04-05 16:34:35,652 - rotary_actuator - DEBUG - String sent: 2MR 150

