2023-04-25 16:54:58,225 - laser - INFO - started logger
2023-04-25 16:55:00,353 - laser - INFO - CAUTION USING NON SPECIFIC CONFIG FILES
2023-04-25 16:55:00,354 - laser - INFO - Using config file (/home/shivaraj/Desktop/SBN/Pyhton2_to_3/SBND_laser_control/workspace/RunControl/devices/config/com_ports.json)
2023-04-25 16:55:01,358 - laser - INFO - Com port (/dev/ttyUSB0) opened
2023-04-25 16:55:29,171 - laser - INFO - CAUTION USING NON SPECIFIC CONFIG FILES
2023-04-25 16:55:29,172 - laser - INFO - Using config file (/home/shivaraj/Desktop/SBN/Pyhton2_to_3/SBND_laser_control/workspace/RunControl/devices/config/com_ports.json)
2023-04-25 16:55:30,175 - laser - INFO - Com port (/dev/ttyUSB0) opened
2023-04-25 16:56:49,781 - laser - DEBUG - String sent: SE
2023-04-25 16:56:49,888 - laser - INFO - Laser status is good
2023-04-25 16:56:54,893 - laser - DEBUG - String sent: ST 1
2023-04-25 16:56:54,900 - laser - INFO - Set start=1 -> OK
2023-04-25 17:10:30,132 - laser - DEBUG - String sent: SH 1
2023-04-25 17:10:30,139 - laser - INFO - Set Shutter=1 -> OK
2023-04-25 17:10:33,981 - laser - DEBUG - String sent: SH 1
2023-04-25 17:10:33,987 - laser - INFO - Set Shutter=1 -> OK
2023-04-25 17:10:50,356 - laser - DEBUG - String sent: SS
2023-04-25 17:10:50,360 - laser - INFO - SS
2023-04-25 17:11:13,120 - laser - DEBUG - String sent: PD 1000
2023-04-25 17:11:13,130 - laser - INFO - Set setPulseDivision=1000 -> OK
2023-04-25 17:11:17,822 - laser - DEBUG - String sent: PD 010
2023-04-25 17:11:17,830 - laser - INFO - Set setPulseDivision=010 -> OK
2023-04-25 17:11:20,794 - laser - DEBUG - String sent: PD 000
2023-04-25 17:11:20,803 - laser - INFO - Set setPulseDivision=000 -> OK
2023-04-25 17:11:46,507 - laser - DEBUG - String sent: SE
2023-04-25 17:11:46,614 - laser - INFO - Laser status is good
2023-04-25 17:11:52,602 - laser - DEBUG - String sent: PD 010
2023-04-25 17:11:52,611 - laser - INFO - Set setPulseDivision=010 -> OK
2023-04-25 17:11:55,120 - laser - DEBUG - String sent: PD 000
2023-04-25 17:11:55,129 - laser - INFO - Set setPulseDivision=000 -> OK
2023-04-25 17:15:21,547 - laser - DEBUG - String sent: PD 010
2023-04-25 17:15:21,555 - laser - INFO - Set setPulseDivision=010 -> OK
2023-04-25 17:15:24,850 - laser - DEBUG - String sent: PD 000
2023-04-25 17:15:24,859 - laser - INFO - Set setPulseDivision=000 -> OK
2023-04-25 17:16:29,384 - laser - DEBUG - String sent: PD 010
2023-04-25 17:16:29,392 - laser - INFO - Set setPulseDivision=010 -> OK
2023-04-25 17:16:31,215 - laser - DEBUG - String sent: PD 000
2023-04-25 17:16:31,223 - laser - INFO - Set setPulseDivision=000 -> OK
2023-04-25 17:16:38,456 - laser - DEBUG - String sent: SH 1
2023-04-25 17:16:38,462 - laser - INFO - Set Shutter=1 -> OK
2023-04-25 17:16:40,691 - laser - DEBUG - String sent: PD 010
2023-04-25 17:16:40,700 - laser - INFO - Set setPulseDivision=010 -> OK
2023-04-25 17:16:43,496 - laser - DEBUG - String sent: PD 000
2023-04-25 17:16:43,505 - laser - INFO - Set setPulseDivision=000 -> OK
2023-04-25 17:18:24,958 - laser - DEBUG - String sent: ST 1
2023-04-25 17:18:24,964 - laser - INFO - Set start=1 -> OK
2023-04-25 17:18:28,694 - laser - DEBUG - String sent: PD 010
2023-04-25 17:18:28,703 - laser - INFO - Set setPulseDivision=010 -> OK
2023-04-25 17:18:33,211 - laser - DEBUG - String sent: SH 1
2023-04-25 17:18:33,218 - laser - INFO - Set Shutter=1 -> OK
2023-04-25 17:19:10,794 - laser - DEBUG - String sent: SH 1
2023-04-25 17:19:10,800 - laser - INFO - Set Shutter=1 -> OK
2023-04-25 17:22:00,037 - laser - DEBUG - String sent: SH 1
2023-04-25 17:22:00,043 - laser - INFO - Set Shutter=1 -> OK
2023-04-25 17:22:18,644 - laser - DEBUG - String sent: ST 1
2023-04-25 17:22:18,651 - laser - INFO - Set start=1 -> OK
2023-04-25 17:22:20,519 - laser - DEBUG - String sent: ST 1
2023-04-25 17:22:20,525 - laser - INFO - Set start=1 -> OK
2023-04-25 17:23:13,781 - laser - DEBUG - String sent: ST 1
2023-04-25 17:23:13,788 - laser - INFO - Set start=1 -> OK
2023-04-25 17:26:26,871 - laser - DEBUG - String sent: SH 1
2023-04-25 17:26:26,878 - laser - INFO - Set Shutter=1 -> OK
2023-04-25 17:27:55,194 - laser - DEBUG - String sent: SH 1
2023-04-25 17:27:55,201 - laser - INFO - Set Shutter=1 -> OK
2023-04-25 17:30:19,787 - laser - DEBUG - String sent: SH 1
2023-04-25 17:30:19,793 - laser - INFO - Set Shutter=1 -> OK
2023-04-25 17:30:22,073 - laser - DEBUG - String sent: SH 1
2023-04-25 17:30:22,079 - laser - INFO - Set Shutter=1 -> OK
2023-04-25 17:33:43,203 - laser - DEBUG - String sent: SH 1
2023-04-25 17:33:43,210 - laser - INFO - Set Shutter=1 -> OK
2023-04-25 17:34:50,294 - laser - DEBUG - String sent: SH 1
2023-04-25 17:34:50,301 - laser - INFO - Set Shutter=1 -> OK
2023-04-25 17:34:53,483 - laser - DEBUG - String sent: SH 1
2023-04-25 17:34:53,489 - laser - INFO - Set Shutter=1 -> OK
2023-04-25 17:35:57,325 - laser - DEBUG - String sent: SH 1
2023-04-25 17:35:57,331 - laser - INFO - Set Shutter=1 -> OK
2023-04-25 17:35:59,106 - laser - DEBUG - String sent: SH 1
2023-04-25 17:35:59,113 - laser - INFO - Set Shutter=1 -> OK
2023-04-25 17:36:00,223 - laser - DEBUG - String sent: SH 1
2023-04-25 17:36:00,230 - laser - INFO - Set Shutter=1 -> OK
2023-04-25 17:36:00,975 - laser - DEBUG - String sent: SH 1
2023-04-25 17:36:00,981 - laser - INFO - Set Shutter=1 -> OK
2023-04-25 17:36:01,547 - laser - DEBUG - String sent: SH 1
2023-04-25 17:36:01,554 - laser - INFO - Set Shutter=1 -> OK
2023-04-25 17:36:02,007 - laser - DEBUG - String sent: SH 1
2023-04-25 17:36:02,014 - laser - INFO - Set Shutter=1 -> OK
2023-04-25 17:36:02,413 - laser - DEBUG - String sent: SH 1
2023-04-25 17:36:02,420 - laser - INFO - Set Shutter=1 -> OK
2023-04-25 17:36:04,359 - laser - DEBUG - String sent: SH 1
2023-04-25 17:36:04,366 - laser - INFO - Set Shutter=1 -> OK
2023-04-25 17:38:05,490 - laser - DEBUG - String sent: SH 1
2023-04-25 17:38:05,496 - laser - INFO - Set Shutter=1 -> OK
2023-04-25 17:40:49,068 - laser - DEBUG - String sent: SH 1
2023-04-25 17:40:49,075 - laser - INFO - Set Shutter=1 -> OK
2023-04-25 17:40:54,432 - laser - DEBUG - String sent: PD 010
2023-04-25 17:40:54,441 - laser - INFO - Set setPulseDivision=010 -> OK
2023-04-25 17:40:57,723 - laser - DEBUG - String sent: PD 000
2023-04-25 17:40:57,731 - laser - INFO - Set setPulseDivision=000 -> OK
2023-04-25 17:42:06,739 - laser - DEBUG - String sent: SH 1
2023-04-25 17:42:06,751 - laser - INFO - Set Shutter=1 -> OK
2023-04-25 17:43:02,871 - laser - DEBUG - String sent: SH 1
2023-04-25 17:43:02,878 - laser - INFO - Set Shutter=1 -> OK
2023-04-25 17:43:04,117 - laser - DEBUG - String sent: SH 1
2023-04-25 17:43:04,123 - laser - INFO - Set Shutter=1 -> OK
2023-04-25 17:43:06,709 - laser - DEBUG - String sent: PD 010
2023-04-25 17:43:06,718 - laser - INFO - Set setPulseDivision=010 -> OK
2023-04-25 17:43:10,274 - laser - DEBUG - String sent: PD 000
2023-04-25 17:43:10,282 - laser - INFO - Set setPulseDivision=000 -> OK
2023-04-25 17:48:44,668 - laser - DEBUG - String sent: PD 050
2023-04-25 17:48:44,677 - laser - INFO - Set setPulseDivision=050 -> OK
2023-04-25 17:51:09,536 - laser - DEBUG - String sent: PD 010
2023-04-25 17:51:09,545 - laser - INFO - Set setPulseDivision=010 -> OK
2023-04-25 17:51:47,968 - laser - DEBUG - String sent: PD 005
2023-04-25 17:51:47,977 - laser - INFO - Set setPulseDivision=005 -> OK
2023-04-25 17:52:23,728 - laser - DEBUG - String sent: PD 010
2023-04-25 17:52:23,737 - laser - INFO - Set setPulseDivision=010 -> OK
2023-04-25 17:53:45,108 - laser - DEBUG - String sent: PD 000
2023-04-25 17:53:45,117 - laser - INFO - Set setPulseDivision=000 -> OK
2023-04-25 17:54:06,731 - laser - DEBUG - String sent: ST 0
2023-04-25 17:54:18,735 - laser - DEBUG - String sent: SH 0
2023-04-25 17:54:18,741 - laser - INFO - Set Shutter=0 -> OK
